
                            < M A T L A B (R) >
                  Copyright 1984-2020 The MathWorks, Inc.
              R2020a Update 1 (9.8.0.1359463) 64-bit (glnxa64)
                               April 9, 2020

 
To get started, type doc.
For product information, visit www.mathworks.com.
 


    "---------------------MINTS---------------------"

04-Nov-2020 16:00:20

mintsDefinitions = 

  struct with fields:

                dataFolder: '/AirPool/DISK/share-drive/MINTS/air930/mintsData'
               poolWorkers: 30
                  timeSpan: 30
                  airmarID: '001e0610c0e4'
             binsPerColumn: 600
              numberPerBin: 2
                    pValid: 0.1500
                   nodeIDs: {1x16 cell}
               inputStack1: {1x9 cell}
         mintsInputsStack1: {1x35 cell}
    mintsInputLabelsStack1: {1x35 cell}
               inputStack2: {1x11 cell}
         mintsInputsStack2: {1x35 cell}
    mintsInputLabelsStack2: {1x35 cell}
               inputStack3: {1x10 cell}
         mintsInputsStack3: {1x38 cell}
    mintsInputLabelsStack3: {1x38 cell}
              mintsTargets: {1x10 cell}
         mintsTargetLabels: {1x10 cell}
                     units: {1x10 cell}
               instruments: {1x10 cell}

Starting parallel pool (parpool) using the 'local' profile ...
Connected to the parallel pool (number of workers: 30).

ans = 

 ProcessPool with properties: 

            Connected: true
           NumWorkers: 30
              Cluster: local
        AttachedFiles: {}
    AutoAddClientPath: true
          IdleTimeout: 30 minutes (30 minutes remaining)
          SpmdEnabled: true


airmarFolder = 

    "/AirPool/DISK/share-drive/MINTS/air930/mintsData/referenceMats/airmar"

UTD_Rsl_All_2020_11_04


UTD_Rsl_All_Daily


Super Learner All Inputs




    "Data Folder Located @:/AirPool/DISK/share-drive/MINTS/air930/mintsData"

    "Raw Data Located @: /AirPool/DISK/share-drive/MINTS/air930/mintsData"

    "Raw DotMat Data Located @ :/AirPool/DISK/share-drive/MINTS/air930/mintsData/rawMats"

    "UTD Nodes DotMat Data Located @ :/AirPool/DISK/share-drive/MINTS/air930/mintsData/rawMats/UTDNodes"

    "Reference Data Located @: /AirPool/DISK/share-drive/MINTS/air930/mintsData/reference"

    "Reference DotMat Data Located @ :/AirPool/DISK/share-drive/MINTS/air930/mintsData/referenceMats"

    "Palas Raw Data Located @ :/AirPool/DISK/share-drive/MINTS/air930/mintsData/reference/palasStream"

    "Palas DotMat Data Located @ :/AirPool/DISK/share-drive/MINTS/air930/mintsData/referenceMats/palas"

    "Car GPS Files Located @ :/AirPool/DISK/share-drive/MINTS/air930/mintsData/referenceMats/carMintsGPS"

    "Loading Palas Files"

    "Loading GPS Files"

    "Loading Airmar Files"

    "Aligning GPS data with Palas Data"

    "WSTC Palas Data"

    "Palas With Airmar"

    "Analysis"

    "Save merged data for calibration: 001e063239e6"



    "Creating Training Data Sets for Node: 001e063239e6"



    "Gainin Data set for Node 001e063239e6 with target output pm1_palas @ 04-Nov-2020 16:02:09"

Going through column 1 and choosing a representative sample. Choosing 600 bins for this column. With 2 members per bin.
Going through column 2 and choosing a representative sample. Choosing 600 bins for this column. With 2 members per bin.
Going through column 3 and choosing a representative sample. Choosing 300 bins for this column. With 2 members per bin.
Going through column 4 and choosing a representative sample. Choosing 75 bins for this column. With 2 members per bin.
Going through column 5 and choosing a representative sample. Choosing 1 bins for this column. With 2 members per bin.
Going through column 6 and choosing a representative sample. Choosing 600 bins for this column. With 2 members per bin.
Going through column 7 and choosing a representative sample. Choosing 600 bins for this column. With 2 members per bin.
Going through column 8 and choosing a representative sample. Choosing 600 bins for this column. With 2 members per bin.
Going through column 9 and choosing a representative sample. Choosing 600 bins for this column. With 2 members per bin.
Going through column 10 and choosing a representative sample. Choosing 600 bins for this column. With 2 members per bin.
Going through column 11 and choosing a representative sample. Choosing 600 bins for this column. With 2 members per bin.
Going through column 12 and choosing a representative sample. Choosing 600 bins for this column. With 2 members per bin.
Going through column 13 and choosing a representative sample. Choosing 600 bins for this column. With 2 members per bin.
Going through column 14 and choosing a representative sample. Choosing 143 bins for this column. With 2 members per bin.
Going through column 15 and choosing a representative sample. Choosing 92 bins for this column. With 2 members per bin.
Going through column 16 and choosing a representative sample. Choosing 86 bins for this column. With 2 members per bin.
Going through column 17 and choosing a representative sample. Choosing 62 bins for this column. With 2 members per bin.
Going through column 18 and choosing a representative sample. Choosing 31 bins for this column. With 2 members per bin.
Going through column 19 and choosing a representative sample. Choosing 13 bins for this column. With 2 members per bin.
Going through column 20 and choosing a representative sample. Choosing 4 bins for this column. With 2 members per bin.
Going through column 21 and choosing a representative sample. Choosing 4 bins for this column. With 2 members per bin.
Going through column 22 and choosing a representative sample. Choosing 3 bins for this column. With 2 members per bin.
Going through column 23 and choosing a representative sample. Choosing 3 bins for this column. With 2 members per bin.
Going through column 24 and choosing a representative sample. Choosing 2 bins for this column. With 2 members per bin.
Going through column 25 and choosing a representative sample. Choosing 2 bins for this column. With 2 members per bin.
Going through column 26 and choosing a representative sample. Choosing 2 bins for this column. With 2 members per bin.
Going through column 27 and choosing a representative sample. Choosing 2 bins for this column. With 2 members per bin.
Going through column 28 and choosing a representative sample. Choosing 365 bins for this column. With 2 members per bin.
Going through column 29 and choosing a representative sample. Choosing 392 bins for this column. With 2 members per bin.
Going through column 30 and choosing a representative sample. Choosing 308 bins for this column. With 2 members per bin.
Going through column 31 and choosing a representative sample. Choosing 180 bins for this column. With 2 members per bin.
Going through column 32 and choosing a representative sample. Choosing 2 bins for this column. With 2 members per bin.
Going through column 33 and choosing a representative sample. Choosing 600 bins for this column. With 2 members per bin.
Going through column 34 and choosing a representative sample. Choosing 600 bins for this column. With 2 members per bin.
Going through column 35 and choosing a representative sample. Choosing 600 bins for this column. With 2 members per bin.
Going through column 36 and choosing a representative sample. Choosing 600 bins for this column. With 2 members per bin.
Going through column 37 and choosing a representative sample. Choosing 133 bins for this column. With 2 members per bin.
Going through column 38 and choosing a representative sample. Choosing 261 bins for this column. With 2 members per bin.
Going through column 39 and choosing a representative sample. Choosing 1200 bins for this column. With 4 members per bin.

ans =

       10635


ans =

        1877

    "Running Regression"

Train a hyper-parameter optimized NN model for regression
Copying objective function to workers...
Done copying objective function to workers.
|===============================================================================================================|
| Iter | Active  | Eval   | Objective   | Objective   | BestSoFar   | BestSoFar   | hiddenLayerS-|           lr |
|      | workers | result |             | runtime     | (observed)  | (estim.)    | ize          |              |
|===============================================================================================================|
|    1 |      30 | Best   |      11.893 |      6.0507 |      11.893 |      11.893 |            8 |     0.001979 |
|    2 |       2 | Accept |      73.312 |       7.151 |      6.8772 |      37.029 |           98 |       0.2648 |
|    3 |       2 | Accept |       11.07 |      7.1453 |      6.8772 |      37.029 |           19 |      0.12002 |
|    4 |       2 | Accept |       17.75 |      9.4664 |      6.8772 |      37.029 |           74 |     0.010998 |
|    5 |       2 | Accept |      21.903 |      7.2716 |      6.8772 |      37.029 |           17 |     0.018683 |
|    6 |       2 | Accept |      40.248 |      6.5559 |      6.8772 |      37.029 |            6 |      0.00407 |
|    7 |       2 | Accept |      10.843 |      7.0745 |      6.8772 |      37.029 |           11 |    0.0042808 |
|    8 |       2 | Accept |      48.782 |      6.5367 |      6.8772 |      37.029 |           78 |     0.015398 |
|    9 |       2 | Accept |      19.668 |      7.5997 |      6.8772 |      37.029 |           74 |      0.14814 |
|   10 |       2 | Accept |      11.435 |      6.7604 |      6.8772 |      37.029 |           19 |     0.022483 |
|   11 |       2 | Accept |      47.782 |      9.9674 |      6.8772 |      37.029 |           93 |    0.0022385 |
|   12 |       2 | Accept |      35.729 |      6.4648 |      6.8772 |      37.029 |           55 |     0.011523 |
|   13 |       2 | Accept |      21.421 |      9.5434 |      6.8772 |      37.029 |           44 |    0.0043852 |
|   14 |       2 | Accept |        16.7 |      7.3201 |      6.8772 |      37.029 |           95 |      0.27285 |
|   15 |       2 | Accept |       15.44 |      6.9253 |      6.8772 |      37.029 |           72 |      0.11195 |
|   16 |       2 | Accept |      22.592 |      6.1871 |      6.8772 |      37.029 |            6 |     0.001093 |
|   17 |       2 | Accept |      55.399 |      9.5428 |      6.8772 |      37.029 |           27 |      0.48754 |
|   18 |       2 | Accept |      54.416 |      6.3132 |      6.8772 |      37.029 |           39 |    0.0038027 |
|   19 |       2 | Accept |      18.342 |      10.293 |      6.8772 |      37.029 |           23 |     0.093817 |
|   20 |       2 | Accept |      16.739 |      6.1487 |      6.8772 |      37.029 |           60 |     0.042103 |
|===============================================================================================================|
| Iter | Active  | Eval   | Objective   | Objective   | BestSoFar   | BestSoFar   | hiddenLayerS-|           lr |
|      | workers | result |             | runtime     | (observed)  | (estim.)    | ize          |              |
|===============================================================================================================|
|   21 |       2 | Accept |      84.214 |      7.5694 |      6.8772 |      37.029 |           44 |    0.0017128 |
|   22 |       2 | Accept |      19.837 |      7.3392 |      6.8772 |      37.029 |           92 |    0.0092223 |
|   23 |       2 | Accept |      40.916 |      9.6017 |      6.8772 |      37.029 |            6 |    0.0028186 |
|   24 |       2 | Accept |      59.217 |      6.5981 |      6.8772 |      37.029 |           31 |      0.12069 |
|   25 |       2 | Accept |       18.04 |      7.5485 |      6.8772 |      37.029 |           62 |    0.0015583 |
|   26 |       2 | Accept |       80.91 |      6.9635 |      6.8772 |      37.029 |           87 |     0.063728 |
|   27 |       2 | Accept |      17.365 |      6.2478 |      6.8772 |      37.029 |           64 |     0.036537 |
|   28 |       2 | Accept |      112.88 |       6.657 |      6.8772 |      37.029 |           98 |     0.022459 |
|   29 |       2 | Best   |      6.8772 |      6.8923 |      6.8772 |      37.029 |           18 |     0.023031 |
|   30 |       2 | Accept |      99.158 |      7.4364 |      6.8772 |      37.029 |           65 |      0.11849 |

__________________________________________________________
Optimization completed.
MaxObjectiveEvaluations of 30 reached.
Total function evaluations: 30
Total elapsed time: 32.9202 seconds.
Total objective function evaluation time: 223.1724

Best observed feasible point:
    hiddenLayerSize       lr   
    _______________    ________

          18           0.023031

Observed objective function value = 6.8772
Estimated objective function value = 37.0293
Function evaluation time = 6.8923

Best estimated feasible point (according to models):
    hiddenLayerSize       lr   
    _______________    ________

           6           0.001093

Estimated objective function value = 37.0293
Estimated function evaluation time = 7.3468


T =

  1x2 table

    hiddenLayerSize       lr   
    _______________    ________

           6           0.001093

Elapsed time is 52.703647 seconds.
Train a hyper-parameter optimized GPR model for regression
First Optimize all the GPR parameters
Copying objective function to workers...
Done copying objective function to workers.
|============================================================================================================================================================|
| Iter | Active  | Eval   | Objective:  | Objective   | BestSoFar   | BestSoFar   |        Sigma | BasisFunction| KernelFuncti-|  KernelScale |  Standardize |
|      | workers | result | log(1+loss) | runtime     | (observed)  | (estim.)    |              |              | on           |              |              |
|============================================================================================================================================================|
|    1 |      30 | Best   |      2.9834 |      284.29 |      2.9834 |      2.9834 |       11.466 |         none |  exponential |   7.9515e+10 |        false |
|    2 |      30 | Accept |      10.029 |      358.78 |      2.9834 |      3.2636 |       14.816 | pureQuadrati | squaredexpon |   2.7395e+11 |         true |
|    3 |      30 | Accept |      3.0511 |      366.71 |      2.9834 |       3.128 |      0.82774 |         none | rationalquad |   1.4162e+11 |         true |
|    4 |      30 | Accept |      3.0513 |      376.73 |      2.9834 |      3.0815 |       16.837 |     constant | squaredexpon |   7.2599e+12 |        false |
|    5 |      30 | Accept |      8.4334 |      411.54 |      2.9834 |      3.1133 |       0.1828 | pureQuadrati |     matern52 |   1.0947e+13 |         true |
|    6 |      30 | Error  |         NaN |      430.35 |      2.9834 |      3.1133 |       1.4978 |         none |  exponential |     5.87e+12 |        false |
|    7 |      30 | Accept |      3.0516 |      446.89 |      2.9834 |      3.0881 |       16.458 |     constant |     matern32 |   2.9407e+10 |        false |
|    8 |      29 | Accept |      8.5358 |      452.87 |      2.9834 |      2.9852 |     0.091886 | pureQuadrati | rationalquad |   3.3708e+12 |         true |
|    9 |      29 | Error  |         NaN |      456.28 |      2.9834 |      2.9852 |     0.043839 |       linear |  exponential |   7.8913e+10 |        false |
|   10 |      30 | Accept |       8.202 |      523.28 |      2.9834 |      2.9878 |     0.060288 |       linear |     matern52 |   5.7336e+11 |         true |
|   11 |      30 | Accept |      7.2712 |      533.33 |      2.9834 |       2.987 |     0.098651 |       linear |  exponential |   9.3827e+12 |         true |
|   12 |      30 | Error  |         NaN |      660.64 |      2.9834 |       2.987 |    0.0015188 | pureQuadrati |     matern32 |   2.8638e+12 |        false |
|   13 |      30 | Error  |         NaN |      666.53 |      2.9834 |       2.987 |   0.00024854 |         none |     matern32 |   6.0952e+11 |        false |
|   14 |      30 | Best   |      2.8659 |      265.37 |      2.8659 |      2.9041 |       2.5072 |         none |  exponential |   1.1795e+12 |        false |
|   15 |      30 | Error  |         NaN |      737.42 |      2.8659 |      2.9041 |      0.25556 |       linear |     matern32 |   1.0515e+12 |        false |
|   16 |      29 | Accept |      3.0511 |      364.92 |      2.8659 |      2.8497 |       0.2177 |         none | rationalquad |   3.1164e+12 |         true |
|   17 |      29 | Accept |      3.0511 |      273.92 |      2.8659 |      2.8497 |       10.166 |         none |  exponential |   9.1262e+10 |         true |
|   18 |      30 | Error  |         NaN |      408.49 |      2.8659 |      2.7419 |        0.226 |         none |  exponential |   2.4924e+10 |        false |
|   19 |      30 | Accept |      8.4428 |      789.43 |      2.8659 |      2.7428 |   0.00076575 |         none | squaredexpon |   6.2354e+11 |        false |
|   20 |      30 | Accept |      3.0512 |       416.5 |      2.8659 |      2.7411 |        14.31 |     constant |  exponential |   3.8008e+10 |        false |
|============================================================================================================================================================|
| Iter | Active  | Eval   | Objective:  | Objective   | BestSoFar   | BestSoFar   |        Sigma | BasisFunction| KernelFuncti-|  KernelScale |  Standardize |
|      | workers | result | log(1+loss) | runtime     | (observed)  | (estim.)    |              |              | on           |              |              |
|============================================================================================================================================================|
|   21 |      30 | Accept |      3.0514 |      430.83 |      2.8659 |      2.7398 |       15.627 |     constant |     matern32 |   7.4196e+11 |        false |
|   22 |      30 | Accept |      3.0338 |      245.66 |      2.8659 |       2.738 |        15.71 |         none |     matern32 |   5.3289e+10 |        false |
|   23 |      30 | Accept |      3.0511 |      265.36 |         NaN |      2.9711 |      0.74668 |         none | squaredexpon |    1.597e+11 |         true |
|   24 |      30 | Error  |         NaN |      1028.7 |      2.8659 |      2.7362 |     0.095712 |       linear | rationalquad |   1.4416e+11 |        false |
|   25 |      30 | Accept |      3.0511 |      258.86 |         NaN |      2.9715 |       4.1609 |         none |     matern32 |   2.4511e+10 |         true |
|   26 |      30 | Accept |      3.0517 |      357.37 |         NaN |      2.9719 |       13.585 |     constant | squaredexpon |   9.7265e+12 |         true |
|   27 |      29 | Error  |         NaN |      1120.6 |      2.8659 |      2.8335 |   0.00073768 |         none | rationalquad |   1.0969e+11 |        false |
|   28 |      29 | Accept |      4.9722 |      730.62 |      2.8659 |      2.8335 |     0.020367 |     constant | squaredexpon |   4.1262e+12 |        false |
|   29 |      30 | Accept |      3.0513 |      392.94 |      2.8659 |      2.8334 |       6.5189 |     constant |  exponential |   1.6947e+13 |         true |
|   30 |      30 | Accept |      6.9291 |      1158.4 |      2.8659 |      2.8337 |    0.0058517 |         none | rationalquad |   4.6937e+12 |        false |

__________________________________________________________
Optimization completed.
MaxObjectiveEvaluations of 30 reached.
Total function evaluations: 30
Total elapsed time: 1167.3538 seconds.
Total objective function evaluation time: 15213.6518

Best observed feasible point:
    Sigma     BasisFunction    KernelFunction    KernelScale    Standardize
    ______    _____________    ______________    ___________    ___________

    2.5072        none          exponential      1.1795e+12        false   

Observed objective function value = 2.8659
Estimated objective function value = 2.8671
Function evaluation time = 265.3716

Best estimated feasible point (according to models):
    Sigma     BasisFunction    KernelFunction    KernelScale    Standardize
    ______    _____________    ______________    ___________    ___________

    1.4978        none          exponential       5.87e+12         false   

Estimated objective function value = 2.8337
Estimated function evaluation time = 261.5273

