Running calibration scripts for UTD Node: 15
Running on host: compute-1-1-16

                            < M A T L A B (R) >
                  Copyright 1984-2020 The MathWorks, Inc.
              R2020a Update 1 (9.8.0.1359463) 64-bit (glnxa64)
                               April 9, 2020

 
To get started, type doc.
For product information, visit www.mathworks.com.
 
UTD_Ronn_All_RS_ONN_1_2021_04_04_17_04_49


UTD_Ronn_All_RS_ONN_1_Daily


Optimzed NN All Inputs



globalCSVLabel = 

    "WSPre"



    "---------------------MINTS---------------------"

04-Apr-2021 17:04:50

mintsDefinitions = 

  struct with fields:

                 dataFolder: '/scratch/lhw150030/mintsData'
                poolWorkers: 16
                   timeSpan: 30
                   airmarID: '001e0610c0e4'
              binsPerColumn: 750
               numberPerBin: 3
                     pValid: 0.1500
                    nodeIDs: {1x16 cell}
                inputStack1: {1x9 cell}
          mintsInputsStack1: {1x35 cell}
     mintsInputLabelsStack1: {1x35 cell}
               inputStack20: {1x11 cell}
         mintsInputsStack20: {1x33 cell}
    mintsInputLabelsStack20: {1x33 cell}
         mintsInputsStack21: {1x16 cell}
    mintsInputLabelsStack21: {1x16 cell}
         mintsInputsStack22: {1x22 cell}
    mintsInputLabelsStack22: {1x22 cell}
               latestStack1: {'BME280'  'MGS001'  'OPCN2'}
                inputStack2: {1x11 cell}
               latestStack2: {'BME280'  'MGS001'  'OPCN2'  'SCD30'}
          mintsInputsStack2: {1x35 cell}
     mintsInputLabelsStack2: {1x35 cell}
                inputStack3: {1x10 cell}
               latestStack3: {'BME280'  'MGS001'  'OPCN2'  'SCD30'}
          mintsInputsStack3: {1x38 cell}
     mintsInputLabelsStack3: {1x38 cell}
               mintsTargets: {1x10 cell}
          mintsTargetLabels: {1x10 cell}
                      units: {1x10 cell}
                instruments: {1x10 cell}

Starting parallel pool (parpool) using the 'local' profile ...
Connected to the parallel pool (number of workers: 16).

ans = 

 ProcessPool with properties: 

            Connected: true
           NumWorkers: 16
              Cluster: local
        AttachedFiles: {}
    AutoAddClientPath: true
          IdleTimeout: 30 minutes (30 minutes remaining)
          SpmdEnabled: true


airmarFolder = 

    "/scratch/lhw150030/mintsData/referenceMats/airmar"



    "Data Folder Located @:/scratch/lhw150030/mintsData"

    "Raw Data Located @: /scratch/lhw150030/mintsData"

    "Raw DotMat Data Located @ :/scratch/lhw150030/mintsData/rawMats"

    "UTD Nodes DotMat Data Located @ :/scratch/lhw150030/mintsData/rawMats/UTDNodes"

    "Reference Data Located @: /scratch/lhw150030/mintsData/reference"

    "Reference DotMat Data Located @ :/scratch/lhw150030/mintsData/referenceMats"

    "Palas Raw Data Located @ :/scratch/lhw150030/mintsData/reference/palasStream"

    "Palas DotMat Data Located @ :/scratch/lhw150030/mintsData/referenceMats/palas"

    "Car GPS Files Located @ :/scratch/lhw150030/mintsData/referenceMats/carMintsGPS"

    "Loading Palas Files"

    "Loading GPS Files"

    "Loading Airmar Files"

    "Aligning GPS data with Palas Data"

    "WSTC Palas Data"

    "Palas With Airmar"

    "Analysis"

    "Save merged data for calibration: 001e06318cf1"



    "Creating Training Data Sets for Node: 001e06318cf1"



    "Gainin Data set for Node 001e06318cf1 with target output pm1_palas @ 04-Apr-2021 17:05:28"

Going through column 1 and choosing a representative sample. Choosing 750 bins for this column. With 3 members per bin.
Going through column 2 and choosing a representative sample. Choosing 750 bins for this column. With 3 members per bin.
Going through column 3 and choosing a representative sample. Choosing 318 bins for this column. With 3 members per bin.
Going through column 4 and choosing a representative sample. Choosing 73 bins for this column. With 3 members per bin.
Going through column 5 and choosing a representative sample. Choosing 1 bins for this column. With 3 members per bin.
Going through column 6 and choosing a representative sample. Choosing 750 bins for this column. With 3 members per bin.
Going through column 7 and choosing a representative sample. Choosing 750 bins for this column. With 3 members per bin.
Going through column 8 and choosing a representative sample. Choosing 750 bins for this column. With 3 members per bin.
Going through column 9 and choosing a representative sample. Choosing 750 bins for this column. With 3 members per bin.
Going through column 10 and choosing a representative sample. Choosing 750 bins for this column. With 3 members per bin.
Going through column 11 and choosing a representative sample. Choosing 750 bins for this column. With 3 members per bin.
Going through column 12 and choosing a representative sample. Choosing 750 bins for this column. With 3 members per bin.
Going through column 13 and choosing a representative sample. Choosing 750 bins for this column. With 3 members per bin.
Going through column 14 and choosing a representative sample. Choosing 230 bins for this column. With 3 members per bin.
Going through column 15 and choosing a representative sample. Choosing 150 bins for this column. With 3 members per bin.
Going through column 16 and choosing a representative sample. Choosing 109 bins for this column. With 3 members per bin.
Going through column 17 and choosing a representative sample. Choosing 42 bins for this column. With 3 members per bin.
Going through column 18 and choosing a representative sample. Choosing 25 bins for this column. With 3 members per bin.
Going through column 19 and choosing a representative sample. Choosing 11 bins for this column. With 3 members per bin.
Going through column 20 and choosing a representative sample. Choosing 7 bins for this column. With 3 members per bin.
Going through column 21 and choosing a representative sample. Choosing 4 bins for this column. With 3 members per bin.
Going through column 22 and choosing a representative sample. Choosing 3 bins for this column. With 3 members per bin.
Going through column 23 and choosing a representative sample. Choosing 2 bins for this column. With 3 members per bin.
Going through column 24 and choosing a representative sample. Choosing 2 bins for this column. With 3 members per bin.
Going through column 25 and choosing a representative sample. Choosing 2 bins for this column. With 3 members per bin.
Going through column 26 and choosing a representative sample. Choosing 2 bins for this column. With 3 members per bin.
Going through column 27 and choosing a representative sample. Choosing 2 bins for this column. With 3 members per bin.
Going through column 28 and choosing a representative sample. Choosing 607 bins for this column. With 3 members per bin.
Going through column 29 and choosing a representative sample. Choosing 608 bins for this column. With 3 members per bin.
Going through column 30 and choosing a representative sample. Choosing 457 bins for this column. With 3 members per bin.
Going through column 31 and choosing a representative sample. Choosing 186 bins for this column. With 3 members per bin.
Going through column 32 and choosing a representative sample. Choosing 750 bins for this column. With 3 members per bin.
Going through column 33 and choosing a representative sample. Choosing 750 bins for this column. With 3 members per bin.
Going through column 34 and choosing a representative sample. Choosing 750 bins for this column. With 3 members per bin.
Going through column 35 and choosing a representative sample. Choosing 750 bins for this column. With 3 members per bin.
Going through column 36 and choosing a representative sample. Choosing 750 bins for this column. With 3 members per bin.
Going through column 37 and choosing a representative sample. Choosing 145 bins for this column. With 3 members per bin.
Going through column 38 and choosing a representative sample. Choosing 308 bins for this column. With 3 members per bin.
Going through column 39 and choosing a representative sample. Choosing 1500 bins for this column. With 6 members per bin.

ans =

       17504


ans =

        3089

    "Running Regression"

Copying objective function to workers...
Done copying objective function to workers.
|===============================================================================================================|
| Iter | Active  | Eval   | Objective   | Objective   | BestSoFar   | BestSoFar   | hiddenLayerS-|           lr |
|      | workers | result |             | runtime     | (observed)  | (estim.)    | ize          |              |
|===============================================================================================================|
|    1 |       1 | Accept |      5.1056 |      3.3052 |      5.0429 |      6.2131 |           14 |      0.26651 |
|    2 |       1 | Accept |      12.573 |      3.3773 |      5.0429 |      6.2131 |           14 |    0.0086729 |
|    3 |       1 | Accept |       16.96 |      3.2526 |      5.0429 |      6.2131 |           20 |    0.0016209 |
|    4 |       1 | Accept |      31.596 |      3.3639 |      5.0429 |      6.2131 |           59 |      0.56147 |
|    5 |       1 | Accept |        74.1 |      3.4805 |      5.0429 |      6.2131 |           77 |    0.0092761 |
|    6 |       1 | Accept |      14.973 |      3.5947 |      5.0429 |      6.2131 |           87 |      0.16974 |
|    7 |       1 | Accept |      22.914 |      3.4569 |      5.0429 |      6.2131 |           75 |      0.70672 |
|    8 |       1 | Accept |      27.494 |      3.4705 |      5.0429 |      6.2131 |           91 |      0.17487 |
|    9 |       1 | Accept |      10.022 |      3.4019 |      5.0429 |      6.2131 |           72 |     0.095115 |
|   10 |       1 | Accept |      13.675 |      3.4681 |      5.0429 |      6.2131 |           87 |      0.27076 |
|   11 |       1 | Best   |      5.0429 |      3.2138 |      5.0429 |      6.2131 |            9 |     0.053578 |
|   12 |       1 | Accept |      12.852 |      3.2888 |      5.0429 |      6.2131 |           34 |     0.034594 |
|   13 |       1 | Accept |       5.905 |      3.1933 |      5.0429 |      6.2131 |            5 |        0.247 |
|   14 |       1 | Accept |      21.397 |      3.3141 |      5.0429 |      6.2131 |           54 |     0.044271 |
|   15 |       1 | Accept |      36.286 |      3.2078 |      5.0429 |      6.2131 |           26 |    0.0025064 |
|   16 |       1 | Accept |      43.824 |       3.352 |      5.0429 |      6.2131 |           63 |    0.0022022 |
|   17 |      12 | Accept |      7.5836 |     0.56135 |      5.0429 |      8.3087 |           11 |      0.01367 |
|   18 |      12 | Accept |       13.73 |     0.63883 |      5.0429 |      8.3087 |           22 |      0.11198 |
|   19 |      12 | Accept |      36.588 |     0.57516 |      5.0429 |      8.3087 |           11 |      0.16654 |
|   20 |      12 | Accept |      8.4416 |     0.64533 |      5.0429 |      8.3087 |           36 |     0.037107 |
|===============================================================================================================|
| Iter | Active  | Eval   | Objective   | Objective   | BestSoFar   | BestSoFar   | hiddenLayerS-|           lr |
|      | workers | result |             | runtime     | (observed)  | (estim.)    | ize          |              |
|===============================================================================================================|
|   21 |      12 | Accept |      8.9709 |     0.52931 |      5.0429 |      8.3087 |            6 |     0.025797 |
|   22 |       2 | Accept |      9.2678 |       0.786 |      5.0429 |      10.035 |           78 |      0.33926 |
|   23 |       2 | Accept |      22.863 |     0.79204 |      5.0429 |      10.035 |           76 |     0.001083 |
|   24 |       2 | Accept |      79.427 |      0.7659 |      5.0429 |      10.035 |           73 |     0.014628 |
|   25 |       2 | Accept |      29.524 |     0.80858 |      5.0429 |      10.035 |           91 |     0.008922 |
|   26 |       2 | Accept |      38.913 |     0.79691 |      5.0429 |      10.035 |           79 |      0.14534 |
|   27 |       2 | Accept |      30.692 |     0.84744 |      5.0429 |      10.035 |           98 |    0.0085488 |
|   28 |       2 | Accept |      10.777 |     0.92704 |      5.0429 |      10.035 |           83 |     0.085686 |
|   29 |       2 | Accept |      37.695 |     0.74805 |      5.0429 |      10.035 |           67 |      0.20108 |
|   30 |       2 | Accept |      33.738 |     0.75286 |      5.0429 |      10.035 |           75 |      0.29858 |
|   31 |       2 | Accept |      43.207 |     0.79284 |      5.0429 |      10.035 |           69 |    0.0021435 |
|   32 |       2 | Accept |      23.689 |      0.7349 |      5.0429 |      10.035 |           50 |      0.12528 |

__________________________________________________________
Optimization completed.
MaxObjectiveEvaluations of 30 reached.
Total function evaluations: 32
Total elapsed time: 16.7001 seconds.
Total objective function evaluation time: 65.444

Best observed feasible point:
    hiddenLayerSize       lr   
    _______________    ________

           9           0.053578

Observed objective function value = 5.0429
Estimated objective function value = 9.2839
Function evaluation time = 3.2138

Best estimated feasible point (according to models):
    hiddenLayerSize      lr   
    _______________    _______

          11           0.01367

Estimated objective function value = 10.0346
Estimated function evaluation time = 1.558


T =

  1x2 table

    hiddenLayerSize      lr   
    _______________    _______

          11           0.01367

Elapsed time is 47.532316 seconds.



combinedFigDaily = 

    "/scratch/lhw150030/mintsData/visualAnalysis/UTDNodes/001e06318cf1/UTD_Ronn_All_RS_ONN_1_Daily_001e06318cf1_pm1_palas.png"

    "Creating Folder @: '/scratch/lhw150030/mintsData/visualAnalysis/UTDNodes/001e06318cf1/UTD_Ronn_All_RS_ONN_1_2021_04_04_17_04_49'"


combinedFigTT = 

    "/scratch/lhw150030/mintsData/visualAnalysis/UTDNodes/001e06318cf1/UTD_Ronn_All_RS_ONN_1_2021_04_04_17_04_49/UTD_Ronn_All_RS_ONN_1_2021_04_04_17_04_49_001e06318cf1_pm1_palas_TT.png"


plot3 = 

  Line with properties:

              Color: [0.9290 0.6940 0.1250]
          LineStyle: '-'
          LineWidth: 0.5000
             Marker: 'none'
         MarkerSize: 6
    MarkerFaceColor: 'none'
              XData: [1x17504 double]
              YData: [1x17504 double]
              ZData: [1x0 double]

  Use GET to show all properties


plot4 = 

  Line (fitted curve) with properties:

              Color: [1 0 0]
          LineStyle: '-'
          LineWidth: 0.5000
             Marker: 'none'
         MarkerSize: 6
    MarkerFaceColor: 'none'
              XData: [1x1001 double]
              YData: [1x1001 double]
              ZData: [1x0 double]

  Use GET to show all properties


plot6 = 

  Line (fitted curve) with properties:

              Color: [1 0 0]
          LineStyle: '-'
          LineWidth: 0.5000
             Marker: 'none'
         MarkerSize: 6
    MarkerFaceColor: 'none'
              XData: [1x1001 double]
              YData: [1x1001 double]
              ZData: [1x0 double]

  Use GET to show all properties


plot3 = 

  Line with properties:

              Color: [0.9290 0.6940 0.1250]
          LineStyle: '-'
          LineWidth: 0.5000
             Marker: 'none'
         MarkerSize: 6
    MarkerFaceColor: 'none'
              XData: [1x17504 double]
              YData: [1x17504 double]
              ZData: [1x0 double]

  Use GET to show all properties


plot4 = 

  Line (fitted curve) with properties:

              Color: [1 0 0]
          LineStyle: '-'
          LineWidth: 0.5000
             Marker: 'none'
         MarkerSize: 6
    MarkerFaceColor: 'none'
              XData: [1x1001 double]
              YData: [1x1001 double]
              ZData: [1x0 double]

  Use GET to show all properties


plot6 = 

  Line (fitted curve) with properties:

              Color: [1 0 0]
          LineStyle: '-'
          LineWidth: 0.5000
             Marker: 'none'
         MarkerSize: 6
    MarkerFaceColor: 'none'
              XData: [1x1001 double]
              YData: [1x1001 double]
              ZData: [1x0 double]

  Use GET to show all properties

    "Saving Model Files for Node: 001e06318cf1 & target :PM_{1}"


modelsSaveNameDaily = 

    "/scratch/lhw150030/mintsData/modelsMats/UTDNodes/001e06318cf1/daily_Mdl_001e06318cf1_pm1_palas.mat"


modelsSaveName = 

    "/scratch/lhw150030/mintsData/modelsMats/UTDNodes/001e06318cf1/UTD_Ronn_All_RS_ONN_1_2021_04_04_17_04_49/UTD_Ronn_All_RS_ONN_1_2021_04_04_17_04_49_001e06318cf1_pm1_palas.mat"


resultsSaveName = 

    "/scratch/lhw150030/mintsData/modelsMats/UTDNodes/001e06318cf1/daily_Mdl_001e06318cf1_pm1_palas.csv"

    "Creating Folder @: '/scratch/lhw150030/mintsData/modelsMats/UTDNodes/001e06318cf1/UTD_Ronn_All_RS_ONN_1_2021_04_04_17_04_49'"






trainingSaveNameDaily = 

    "/scratch/lhw150030/mintsData/trainingMats/UTDNodes/001e06318cf1/UTD_Ronn_All_RS_ONN_1_Daily_001e06318cf1_pm1_palas.mat"


trainingSaveName = 

    "/scratch/lhw150030/mintsData/trainingMats/UTDNodes/001e06318cf1/UTD_Ronn_All_RS_ONN_1_2021_04_04_17_04_49/UTD_Ronn_All_RS_ONN_1_2021_04_04_17_04_49_001e06318cf1_pm1_palas.mat"

    "Creating Folder @: '/scratch/lhw150030/mintsData/trainingMats/UTDNodes/001e06318cf1/UTD_Ronn_All_RS_ONN_1_2021_04_04_17_04_49'"



    "Gainin Data set for Node 001e06318cf1 with target output pm2_5_palas @ 04-Apr-2021 17:07:15"

Going through column 1 and choosing a representative sample. Choosing 750 bins for this column. With 3 members per bin.
Going through column 2 and choosing a representative sample. Choosing 750 bins for this column. With 3 members per bin.
Going through column 3 and choosing a representative sample. Choosing 318 bins for this column. With 3 members per bin.
Going through column 4 and choosing a representative sample. Choosing 73 bins for this column. With 3 members per bin.
Going through column 5 and choosing a representative sample. Choosing 1 bins for this column. With 3 members per bin.
Going through column 6 and choosing a representative sample. Choosing 750 bins for this column. With 3 members per bin.
Going through column 7 and choosing a representative sample. Choosing 750 bins for this column. With 3 members per bin.
Going through column 8 and choosing a representative sample. Choosing 750 bins for this column. With 3 members per bin.
Going through column 9 and choosing a representative sample. Choosing 750 bins for this column. With 3 members per bin.
Going through column 10 and choosing a representative sample. Choosing 750 bins for this column. With 3 members per bin.
Going through column 11 and choosing a representative sample. Choosing 750 bins for this column. With 3 members per bin.
Going through column 12 and choosing a representative sample. Choosing 750 bins for this column. With 3 members per bin.
Going through column 13 and choosing a representative sample. Choosing 750 bins for this column. With 3 members per bin.
Going through column 14 and choosing a representative sample. Choosing 230 bins for this column. With 3 members per bin.
Going through column 15 and choosing a representative sample. Choosing 150 bins for this column. With 3 members per bin.
Going through column 16 and choosing a representative sample. Choosing 109 bins for this column. With 3 members per bin.
Going through column 17 and choosing a representative sample. Choosing 42 bins for this column. With 3 members per bin.
Going through column 18 and choosing a representative sample. Choosing 25 bins for this column. With 3 members per bin.
Going through column 19 and choosing a representative sample. Choosing 11 bins for this column. With 3 members per bin.
Going through column 20 and choosing a representative sample. Choosing 7 bins for this column. With 3 members per bin.
Going through column 21 and choosing a representative sample. Choosing 4 bins for this column. With 3 members per bin.
Going through column 22 and choosing a representative sample. Choosing 3 bins for this column. With 3 members per bin.
Going through column 23 and choosing a representative sample. Choosing 2 bins for this column. With 3 members per bin.
Going through column 24 and choosing a representative sample. Choosing 2 bins for this column. With 3 members per bin.
Going through column 25 and choosing a representative sample. Choosing 2 bins for this column. With 3 members per bin.
Going through column 26 and choosing a representative sample. Choosing 2 bins for this column. With 3 members per bin.
Going through column 27 and choosing a representative sample. Choosing 2 bins for this column. With 3 members per bin.
Going through column 28 and choosing a representative sample. Choosing 607 bins for this column. With 3 members per bin.
Going through column 29 and choosing a representative sample. Choosing 608 bins for this column. With 3 members per bin.
Going through column 30 and choosing a representative sample. Choosing 457 bins for this column. With 3 members per bin.
Going through column 31 and choosing a representative sample. Choosing 186 bins for this column. With 3 members per bin.
Going through column 32 and choosing a representative sample. Choosing 750 bins for this column. With 3 members per bin.
Going through column 33 and choosing a representative sample. Choosing 750 bins for this column. With 3 members per bin.
Going through column 34 and choosing a representative sample. Choosing 750 bins for this column. With 3 members per bin.
Going through column 35 and choosing a representative sample. Choosing 750 bins for this column. With 3 members per bin.
Going through column 36 and choosing a representative sample. Choosing 750 bins for this column. With 3 members per bin.
Going through column 37 and choosing a representative sample. Choosing 145 bins for this column. With 3 members per bin.
Going through column 38 and choosing a representative sample. Choosing 308 bins for this column. With 3 members per bin.
Going through column 39 and choosing a representative sample. Choosing 1500 bins for this column. With 6 members per bin.

ans =

       16445


ans =

        2902

    "Running Regression"

Copying objective function to workers...
Done copying objective function to workers.
|===============================================================================================================|
| Iter | Active  | Eval   | Objective   | Objective   | BestSoFar   | BestSoFar   | hiddenLayerS-|           lr |
|      | workers | result |             | runtime     | (observed)  | (estim.)    | ize          |              |
|===============================================================================================================|
|    1 |      16 | Best   |      20.465 |     0.40751 |      20.465 |      20.465 |           40 |     0.028105 |
|    2 |       2 | Accept |      55.127 |     0.81903 |      15.566 |      52.217 |           83 |    0.0018678 |
|    3 |       2 | Accept |      53.895 |     0.64107 |      15.566 |      52.217 |            9 |    0.0021185 |
|    4 |       2 | Accept |      34.621 |     0.81222 |      15.566 |      52.217 |          100 |      0.27171 |
|    5 |       2 | Accept |        25.8 |     0.69847 |      15.566 |      52.217 |           60 |      0.77827 |
|    6 |       2 | Accept |      32.709 |     0.69045 |      15.566 |      52.217 |           53 |     0.062929 |
|    7 |       2 | Accept |      29.915 |     0.71685 |      15.566 |      52.217 |           48 |      0.94765 |
|    8 |       2 | Best   |      15.566 |     0.64994 |      15.566 |      52.217 |           26 |     0.017888 |
|    9 |       2 | Accept |      48.296 |     0.70784 |      15.566 |      52.217 |           45 |    0.0053244 |
|   10 |       2 | Accept |      72.275 |     0.84058 |      15.566 |      52.217 |           98 |      0.73689 |
|   11 |       2 | Accept |      27.301 |     0.62132 |      15.566 |      52.217 |           17 |     0.077052 |
|   12 |       2 | Accept |      153.08 |     0.78787 |      15.566 |      52.217 |           84 |      0.12597 |
|   13 |       2 | Accept |      73.607 |     0.68224 |      15.566 |      52.217 |           26 |     0.017125 |
|   14 |       2 | Accept |      29.042 |     0.67556 |      15.566 |      52.217 |           30 |    0.0011696 |
|   15 |       2 | Accept |      100.01 |     0.65277 |      15.566 |      52.217 |           27 |     0.014603 |
|   16 |       2 | Accept |       63.77 |     0.78741 |      15.566 |      52.217 |           65 |      0.20937 |
|   17 |      16 | Accept |      82.874 |     0.63929 |      15.566 |      50.705 |          100 |      0.42886 |
|   18 |       2 | Accept |      22.888 |     0.30985 |      15.566 |      56.238 |           35 |    0.0010004 |
|   19 |       2 | Accept |      82.896 |     0.29651 |      15.566 |      56.238 |           18 |      0.06143 |
|   20 |       2 | Accept |      44.329 |     0.31864 |      15.566 |      56.238 |           13 |     0.016801 |
|===============================================================================================================|
| Iter | Active  | Eval   | Objective   | Objective   | BestSoFar   | BestSoFar   | hiddenLayerS-|           lr |
|      | workers | result |             | runtime     | (observed)  | (estim.)    | ize          |              |
|===============================================================================================================|
|   21 |       2 | Accept |      25.409 |     0.35775 |      15.566 |      56.238 |           35 |    0.0011408 |
|   22 |       2 | Accept |      161.92 |      0.4081 |      15.566 |      56.238 |           64 |      0.49382 |
|   23 |       2 | Accept |      69.424 |     0.47993 |      15.566 |      56.238 |           73 |     0.045675 |
|   24 |       2 | Accept |      44.788 |     0.37136 |      15.566 |      56.238 |           38 |       0.0957 |
|   25 |       2 | Accept |      22.208 |      0.3868 |      15.566 |      56.238 |           29 |     0.077067 |
|   26 |       2 | Accept |      49.318 |     0.46136 |      15.566 |      56.238 |           60 |    0.0016631 |
|   27 |       2 | Accept |      22.826 |     0.54042 |      15.566 |      56.238 |           85 |    0.0087243 |
|   28 |       2 | Accept |      122.23 |      0.4317 |      15.566 |      56.238 |           54 |    0.0011212 |
|   29 |       2 | Accept |      97.395 |     0.45295 |      15.566 |      56.238 |           45 |      0.66128 |
|   30 |       2 | Accept |      21.816 |     0.30577 |      15.566 |      56.238 |           19 |      0.02619 |
|   31 |       2 | Accept |      46.776 |     0.39317 |      15.566 |      56.238 |           55 |    0.0011578 |
|   32 |       2 | Accept |      47.057 |     0.56303 |      15.566 |      56.238 |           83 |    0.0023353 |

__________________________________________________________
Optimization completed.
MaxObjectiveEvaluations of 30 reached.
Total function evaluations: 32
Total elapsed time: 6.726 seconds.
Total objective function evaluation time: 17.9078

Best observed feasible point:
    hiddenLayerSize       lr   
    _______________    ________

          26           0.017888

Observed objective function value = 15.566
Estimated objective function value = 56.2381
Function evaluation time = 0.64994

Best estimated feasible point (according to models):
    hiddenLayerSize       lr    
    _______________    _________

           9           0.0021185

Estimated objective function value = 56.238
Estimated function evaluation time = 0.48564


T =

  1x2 table

    hiddenLayerSize       lr    
    _______________    _________

           9           0.0021185

Elapsed time is 27.108723 seconds.



combinedFigDaily = 

    "/scratch/lhw150030/mintsData/visualAnalysis/UTDNodes/001e06318cf1/UTD_Ronn_All_RS_ONN_1_Daily_001e06318cf1_pm2_5_palas.png"


combinedFigTT = 

    "/scratch/lhw150030/mintsData/visualAnalysis/UTDNodes/001e06318cf1/UTD_Ronn_All_RS_ONN_1_2021_04_04_17_04_49/UTD_Ronn_All_RS_ONN_1_2021_04_04_17_04_49_001e06318cf1_pm2_5_palas_TT.png"


plot3 = 

  Line with properties:

              Color: [0.9290 0.6940 0.1250]
          LineStyle: '-'
          LineWidth: 0.5000
             Marker: 'none'
         MarkerSize: 6
    MarkerFaceColor: 'none'
              XData: [1x16445 double]
              YData: [1x16445 double]
              ZData: [1x0 double]

  Use GET to show all properties


plot4 = 

  Line (fitted curve) with properties:

              Color: [1 0 0]
          LineStyle: '-'
          LineWidth: 0.5000
             Marker: 'none'
         MarkerSize: 6
    MarkerFaceColor: 'none'
              XData: [1x1001 double]
              YData: [1x1001 double]
              ZData: [1x0 double]

  Use GET to show all properties


plot6 = 

  Line (fitted curve) with properties:

              Color: [1 0 0]
          LineStyle: '-'
          LineWidth: 0.5000
             Marker: 'none'
         MarkerSize: 6
    MarkerFaceColor: 'none'
              XData: [1x1001 double]
              YData: [1x1001 double]
              ZData: [1x0 double]

  Use GET to show all properties


plot3 = 

  Line with properties:

              Color: [0.9290 0.6940 0.1250]
          LineStyle: '-'
          LineWidth: 0.5000
             Marker: 'none'
         MarkerSize: 6
    MarkerFaceColor: 'none'
              XData: [1x16445 double]
              YData: [1x16445 double]
              ZData: [1x0 double]

  Use GET to show all properties


plot4 = 

  Line (fitted curve) with properties:

              Color: [1 0 0]
          LineStyle: '-'
          LineWidth: 0.5000
             Marker: 'none'
         MarkerSize: 6
    MarkerFaceColor: 'none'
              XData: [1x1001 double]
              YData: [1x1001 double]
              ZData: [1x0 double]

  Use GET to show all properties


plot6 = 

  Line (fitted curve) with properties:

              Color: [1 0 0]
          LineStyle: '-'
          LineWidth: 0.5000
             Marker: 'none'
         MarkerSize: 6
    MarkerFaceColor: 'none'
              XData: [1x1001 double]
              YData: [1x1001 double]
              ZData: [1x0 double]

  Use GET to show all properties

    "Saving Model Files for Node: 001e06318cf1 & target :PM_{2.5}"


modelsSaveNameDaily = 

    "/scratch/lhw150030/mintsData/modelsMats/UTDNodes/001e06318cf1/daily_Mdl_001e06318cf1_pm2_5_palas.mat"


modelsSaveName = 

    "/scratch/lhw150030/mintsData/modelsMats/UTDNodes/001e06318cf1/UTD_Ronn_All_RS_ONN_1_2021_04_04_17_04_49/UTD_Ronn_All_RS_ONN_1_2021_04_04_17_04_49_001e06318cf1_pm2_5_palas.mat"


resultsSaveName = 

    "/scratch/lhw150030/mintsData/modelsMats/UTDNodes/001e06318cf1/daily_Mdl_001e06318cf1_pm2_5_palas.csv"






trainingSaveNameDaily = 

    "/scratch/lhw150030/mintsData/trainingMats/UTDNodes/001e06318cf1/UTD_Ronn_All_RS_ONN_1_Daily_001e06318cf1_pm2_5_palas.mat"


trainingSaveName = 

    "/scratch/lhw150030/mintsData/trainingMats/UTDNodes/001e06318cf1/UTD_Ronn_All_RS_ONN_1_2021_04_04_17_04_49/UTD_Ronn_All_RS_ONN_1_2021_04_04_17_04_49_001e06318cf1_pm2_5_palas.mat"



    "Gainin Data set for Node 001e06318cf1 with target output pm4_palas @ 04-Apr-2021 17:08:38"

Going through column 1 and choosing a representative sample. Choosing 750 bins for this column. With 3 members per bin.
Going through column 2 and choosing a representative sample. Choosing 750 bins for this column. With 3 members per bin.
Going through column 3 and choosing a representative sample. Choosing 318 bins for this column. With 3 members per bin.
Going through column 4 and choosing a representative sample. Choosing 73 bins for this column. With 3 members per bin.
Going through column 5 and choosing a representative sample. Choosing 1 bins for this column. With 3 members per bin.
Going through column 6 and choosing a representative sample. Choosing 750 bins for this column. With 3 members per bin.
Going through column 7 and choosing a representative sample. Choosing 750 bins for this column. With 3 members per bin.
Going through column 8 and choosing a representative sample. Choosing 750 bins for this column. With 3 members per bin.
Going through column 9 and choosing a representative sample. Choosing 750 bins for this column. With 3 members per bin.
Going through column 10 and choosing a representative sample. Choosing 750 bins for this column. With 3 members per bin.
Going through column 11 and choosing a representative sample. Choosing 750 bins for this column. With 3 members per bin.
Going through column 12 and choosing a representative sample. Choosing 750 bins for this column. With 3 members per bin.
Going through column 13 and choosing a representative sample. Choosing 750 bins for this column. With 3 members per bin.
Going through column 14 and choosing a representative sample. Choosing 230 bins for this column. With 3 members per bin.
Going through column 15 and choosing a representative sample. Choosing 150 bins for this column. With 3 members per bin.
Going through column 16 and choosing a representative sample. Choosing 109 bins for this column. With 3 members per bin.
Going through column 17 and choosing a representative sample. Choosing 42 bins for this column. With 3 members per bin.
Going through column 18 and choosing a representative sample. Choosing 25 bins for this column. With 3 members per bin.
Going through column 19 and choosing a representative sample. Choosing 11 bins for this column. With 3 members per bin.
Going through column 20 and choosing a representative sample. Choosing 7 bins for this column. With 3 members per bin.
Going through column 21 and choosing a representative sample. Choosing 4 bins for this column. With 3 members per bin.
Going through column 22 and choosing a representative sample. Choosing 3 bins for this column. With 3 members per bin.
Going through column 23 and choosing a representative sample. Choosing 2 bins for this column. With 3 members per bin.
Going through column 24 and choosing a representative sample. Choosing 2 bins for this column. With 3 members per bin.
Going through column 25 and choosing a representative sample. Choosing 2 bins for this column. With 3 members per bin.
Going through column 26 and choosing a representative sample. Choosing 2 bins for this column. With 3 members per bin.
Going through column 27 and choosing a representative sample. Choosing 2 bins for this column. With 3 members per bin.
Going through column 28 and choosing a representative sample. Choosing 607 bins for this column. With 3 members per bin.
Going through column 29 and choosing a representative sample. Choosing 608 bins for this column. With 3 members per bin.
Going through column 30 and choosing a representative sample. Choosing 457 bins for this column. With 3 members per bin.
Going through column 31 and choosing a representative sample. Choosing 186 bins for this column. With 3 members per bin.
Going through column 32 and choosing a representative sample. Choosing 750 bins for this column. With 3 members per bin.
Going through column 33 and choosing a representative sample. Choosing 750 bins for this column. With 3 members per bin.
Going through column 34 and choosing a representative sample. Choosing 750 bins for this column. With 3 members per bin.
Going through column 35 and choosing a representative sample. Choosing 750 bins for this column. With 3 members per bin.
Going through column 36 and choosing a representative sample. Choosing 750 bins for this column. With 3 members per bin.
Going through column 37 and choosing a representative sample. Choosing 145 bins for this column. With 3 members per bin.
Going through column 38 and choosing a representative sample. Choosing 308 bins for this column. With 3 members per bin.
Going through column 39 and choosing a representative sample. Choosing 1500 bins for this column. With 6 members per bin.

ans =

       15976


ans =

        2819

    "Running Regression"

Copying objective function to workers...
Done copying objective function to workers.
|===============================================================================================================|
| Iter | Active  | Eval   | Objective   | Objective   | BestSoFar   | BestSoFar   | hiddenLayerS-|           lr |
|      | workers | result |             | runtime     | (observed)  | (estim.)    | ize          |              |
|===============================================================================================================|
|    1 |      16 | Best   |      181.43 |      0.3688 |      181.43 |      181.43 |           84 |      0.70052 |
|    2 |       2 | Accept |      52.844 |     0.59212 |      22.627 |      23.812 |           30 |      0.12009 |
|    3 |       2 | Accept |      35.077 |     0.74255 |      22.627 |      23.812 |           92 |      0.02732 |
|    4 |       2 | Accept |      29.842 |     0.51183 |      22.627 |      23.812 |           31 |    0.0012943 |
|    5 |       2 | Accept |      31.919 |     0.61216 |      22.627 |      23.812 |           45 |     0.024409 |
|    6 |       2 | Accept |      192.69 |     0.53785 |      22.627 |      23.812 |           37 |     0.041641 |
|    7 |       2 | Accept |      42.928 |     0.60816 |      22.627 |      23.812 |           47 |     0.031131 |
|    8 |       2 | Accept |         231 |     0.69751 |      22.627 |      23.812 |           71 |    0.0018804 |
|    9 |       2 | Accept |      130.57 |     0.71254 |      22.627 |      23.812 |           61 |    0.0021195 |
|   10 |       2 | Accept |      46.966 |     0.65546 |      22.627 |      23.812 |           58 |     0.012438 |
|   11 |       2 | Accept |      47.156 |     0.70899 |      22.627 |      23.812 |           80 |        0.432 |
|   12 |       2 | Accept |      74.657 |     0.63781 |      22.627 |      23.812 |           60 |      0.37195 |
|   13 |       2 | Accept |      266.28 |     0.65625 |      22.627 |      23.812 |           65 |    0.0053261 |
|   14 |       2 | Accept |       114.1 |      0.5946 |      22.627 |      23.812 |           60 |     0.003672 |
|   15 |       2 | Accept |      36.586 |     0.57062 |      22.627 |      23.812 |           51 |      0.10143 |
|   16 |       2 | Best   |      22.627 |     0.42558 |      22.627 |      23.812 |           20 |    0.0087231 |
|   17 |      16 | Accept |      67.746 |     0.18873 |      22.627 |      24.049 |           25 |    0.0025601 |
|   18 |       2 | Accept |      58.428 |     0.28922 |      22.627 |      77.864 |           55 |      0.96398 |
|   19 |       2 | Accept |      65.822 |     0.29359 |      22.627 |      77.864 |           40 |    0.0052774 |
|   20 |       2 | Accept |      190.96 |     0.41945 |      22.627 |      77.864 |           86 |    0.0017911 |
|===============================================================================================================|
| Iter | Active  | Eval   | Objective   | Objective   | BestSoFar   | BestSoFar   | hiddenLayerS-|           lr |
|      | workers | result |             | runtime     | (observed)  | (estim.)    | ize          |              |
|===============================================================================================================|
|   21 |       2 | Accept |      87.508 |      0.4309 |      22.627 |      77.864 |           92 |    0.0046234 |
|   22 |       2 | Accept |      92.333 |     0.42318 |      22.627 |      77.864 |           63 |     0.013824 |
|   23 |       2 | Accept |      37.985 |     0.32854 |      22.627 |      77.864 |           48 |      0.06208 |
|   24 |       2 | Accept |      103.43 |     0.38276 |      22.627 |      77.864 |           48 |     0.026902 |
|   25 |       2 | Accept |      48.296 |     0.43164 |      22.627 |      77.864 |           85 |      0.65176 |
|   26 |       2 | Accept |      181.13 |     0.44252 |      22.627 |      77.864 |           69 |     0.058705 |
|   27 |       2 | Accept |      42.846 |     0.45052 |      22.627 |      77.864 |           71 |     0.044504 |
|   28 |       2 | Accept |      80.025 |     0.22302 |      22.627 |      77.864 |            8 |     0.067471 |
|   29 |       2 | Accept |       67.89 |     0.30104 |      22.627 |      77.864 |           37 |      0.01222 |
|   30 |       2 | Accept |      35.508 |     0.41466 |      22.627 |      77.864 |           68 |      0.57261 |
|   31 |       2 | Accept |      62.177 |     0.36437 |      22.627 |      77.864 |           70 |    0.0020612 |
|   32 |       2 | Accept |      23.549 |     0.29978 |      22.627 |      77.864 |            5 |     0.051692 |

__________________________________________________________
Optimization completed.
MaxObjectiveEvaluations of 30 reached.
Total function evaluations: 32
Total elapsed time: 5.4013 seconds.
Total objective function evaluation time: 15.3168

Best observed feasible point:
    hiddenLayerSize       lr    
    _______________    _________

          20           0.0087231

Observed objective function value = 22.627
Estimated objective function value = 73.652
Function evaluation time = 0.42558

Best estimated feasible point (according to models):
    hiddenLayerSize      lr   
    _______________    _______

          48           0.06208

Estimated objective function value = 77.8644
Estimated function evaluation time = 0.45494


T =

  1x2 table

    hiddenLayerSize      lr   
    _______________    _______

          48           0.06208

Elapsed time is 237.879138 seconds.



combinedFigDaily = 

    "/scratch/lhw150030/mintsData/visualAnalysis/UTDNodes/001e06318cf1/UTD_Ronn_All_RS_ONN_1_Daily_001e06318cf1_pm4_palas.png"


combinedFigTT = 

    "/scratch/lhw150030/mintsData/visualAnalysis/UTDNodes/001e06318cf1/UTD_Ronn_All_RS_ONN_1_2021_04_04_17_04_49/UTD_Ronn_All_RS_ONN_1_2021_04_04_17_04_49_001e06318cf1_pm4_palas_TT.png"


plot3 = 

  Line with properties:

              Color: [0.9290 0.6940 0.1250]
          LineStyle: '-'
          LineWidth: 0.5000
             Marker: 'none'
         MarkerSize: 6
    MarkerFaceColor: 'none'
              XData: [1x15976 double]
              YData: [1x15976 double]
              ZData: [1x0 double]

  Use GET to show all properties


plot4 = 

  Line (fitted curve) with properties:

              Color: [1 0 0]
          LineStyle: '-'
          LineWidth: 0.5000
             Marker: 'none'
         MarkerSize: 6
    MarkerFaceColor: 'none'
              XData: [1x1001 double]
              YData: [1x1001 double]
              ZData: [1x0 double]

  Use GET to show all properties


plot6 = 

  Line (fitted curve) with properties:

              Color: [1 0 0]
          LineStyle: '-'
          LineWidth: 0.5000
             Marker: 'none'
         MarkerSize: 6
    MarkerFaceColor: 'none'
              XData: [1x1001 double]
              YData: [1x1001 double]
              ZData: [1x0 double]

  Use GET to show all properties


plot3 = 

  Line with properties:

              Color: [0.9290 0.6940 0.1250]
          LineStyle: '-'
          LineWidth: 0.5000
             Marker: 'none'
         MarkerSize: 6
    MarkerFaceColor: 'none'
              XData: [1x15976 double]
              YData: [1x15976 double]
              ZData: [1x0 double]

  Use GET to show all properties


plot4 = 

  Line (fitted curve) with properties:

              Color: [1 0 0]
          LineStyle: '-'
          LineWidth: 0.5000
             Marker: 'none'
         MarkerSize: 6
    MarkerFaceColor: 'none'
              XData: [1x1001 double]
              YData: [1x1001 double]
              ZData: [1x0 double]

  Use GET to show all properties


plot6 = 

  Line (fitted curve) with properties:

              Color: [1 0 0]
          LineStyle: '-'
          LineWidth: 0.5000
             Marker: 'none'
         MarkerSize: 6
    MarkerFaceColor: 'none'
              XData: [1x1001 double]
              YData: [1x1001 double]
              ZData: [1x0 double]

  Use GET to show all properties

    "Saving Model Files for Node: 001e06318cf1 & target :PM_{4}"


modelsSaveNameDaily = 

    "/scratch/lhw150030/mintsData/modelsMats/UTDNodes/001e06318cf1/daily_Mdl_001e06318cf1_pm4_palas.mat"


modelsSaveName = 

    "/scratch/lhw150030/mintsData/modelsMats/UTDNodes/001e06318cf1/UTD_Ronn_All_RS_ONN_1_2021_04_04_17_04_49/UTD_Ronn_All_RS_ONN_1_2021_04_04_17_04_49_001e06318cf1_pm4_palas.mat"


resultsSaveName = 

    "/scratch/lhw150030/mintsData/modelsMats/UTDNodes/001e06318cf1/daily_Mdl_001e06318cf1_pm4_palas.csv"






trainingSaveNameDaily = 

    "/scratch/lhw150030/mintsData/trainingMats/UTDNodes/001e06318cf1/UTD_Ronn_All_RS_ONN_1_Daily_001e06318cf1_pm4_palas.mat"


trainingSaveName = 

    "/scratch/lhw150030/mintsData/trainingMats/UTDNodes/001e06318cf1/UTD_Ronn_All_RS_ONN_1_2021_04_04_17_04_49/UTD_Ronn_All_RS_ONN_1_2021_04_04_17_04_49_001e06318cf1_pm4_palas.mat"



    "Gainin Data set for Node 001e06318cf1 with target output pm10_palas @ 04-Apr-2021 17:13:31"

Going through column 1 and choosing a representative sample. Choosing 750 bins for this column. With 3 members per bin.
Going through column 2 and choosing a representative sample. Choosing 750 bins for this column. With 3 members per bin.
Going through column 3 and choosing a representative sample. Choosing 318 bins for this column. With 3 members per bin.
Going through column 4 and choosing a representative sample. Choosing 73 bins for this column. With 3 members per bin.
Going through column 5 and choosing a representative sample. Choosing 1 bins for this column. With 3 members per bin.
Going through column 6 and choosing a representative sample. Choosing 750 bins for this column. With 3 members per bin.
Going through column 7 and choosing a representative sample. Choosing 750 bins for this column. With 3 members per bin.
Going through column 8 and choosing a representative sample. Choosing 750 bins for this column. With 3 members per bin.
Going through column 9 and choosing a representative sample. Choosing 750 bins for this column. With 3 members per bin.
Going through column 10 and choosing a representative sample. Choosing 750 bins for this column. With 3 members per bin.
Going through column 11 and choosing a representative sample. Choosing 750 bins for this column. With 3 members per bin.
Going through column 12 and choosing a representative sample. Choosing 750 bins for this column. With 3 members per bin.
Going through column 13 and choosing a representative sample. Choosing 750 bins for this column. With 3 members per bin.
Going through column 14 and choosing a representative sample. Choosing 230 bins for this column. With 3 members per bin.
Going through column 15 and choosing a representative sample. Choosing 150 bins for this column. With 3 members per bin.
Going through column 16 and choosing a representative sample. Choosing 109 bins for this column. With 3 members per bin.
Going through column 17 and choosing a representative sample. Choosing 42 bins for this column. With 3 members per bin.
Going through column 18 and choosing a representative sample. Choosing 25 bins for this column. With 3 members per bin.
Going through column 19 and choosing a representative sample. Choosing 11 bins for this column. With 3 members per bin.
Going through column 20 and choosing a representative sample. Choosing 7 bins for this column. With 3 members per bin.
Going through column 21 and choosing a representative sample. Choosing 4 bins for this column. With 3 members per bin.
Going through column 22 and choosing a representative sample. Choosing 3 bins for this column. With 3 members per bin.
Going through column 23 and choosing a representative sample. Choosing 2 bins for this column. With 3 members per bin.
Going through column 24 and choosing a representative sample. Choosing 2 bins for this column. With 3 members per bin.
Going through column 25 and choosing a representative sample. Choosing 2 bins for this column. With 3 members per bin.
Going through column 26 and choosing a representative sample. Choosing 2 bins for this column. With 3 members per bin.
Going through column 27 and choosing a representative sample. Choosing 2 bins for this column. With 3 members per bin.
Going through column 28 and choosing a representative sample. Choosing 607 bins for this column. With 3 members per bin.
Going through column 29 and choosing a representative sample. Choosing 608 bins for this column. With 3 members per bin.
Going through column 30 and choosing a representative sample. Choosing 457 bins for this column. With 3 members per bin.
Going through column 31 and choosing a representative sample. Choosing 186 bins for this column. With 3 members per bin.
Going through column 32 and choosing a representative sample. Choosing 750 bins for this column. With 3 members per bin.
Going through column 33 and choosing a representative sample. Choosing 750 bins for this column. With 3 members per bin.
Going through column 34 and choosing a representative sample. Choosing 750 bins for this column. With 3 members per bin.
Going through column 35 and choosing a representative sample. Choosing 750 bins for this column. With 3 members per bin.
Going through column 36 and choosing a representative sample. Choosing 750 bins for this column. With 3 members per bin.
Going through column 37 and choosing a representative sample. Choosing 145 bins for this column. With 3 members per bin.
Going through column 38 and choosing a representative sample. Choosing 308 bins for this column. With 3 members per bin.
Going through column 39 and choosing a representative sample. Choosing 1500 bins for this column. With 6 members per bin.

ans =

       14449


ans =

        2550

    "Running Regression"

Copying objective function to workers...
Done copying objective function to workers.
|===============================================================================================================|
| Iter | Active  | Eval   | Objective   | Objective   | BestSoFar   | BestSoFar   | hiddenLayerS-|           lr |
|      | workers | result |             | runtime     | (observed)  | (estim.)    | ize          |              |
|===============================================================================================================|
|    1 |      15 | Accept |      140.49 |     0.22158 |       74.47 |       83.88 |           29 |     0.038139 |
|    2 |      15 | Best   |       74.47 |     0.23339 |       74.47 |       83.88 |            8 |    0.0056224 |
|    3 |       2 | Accept |      202.63 |     0.41317 |      34.676 |      34.687 |          100 |     0.044076 |
|    4 |       2 | Accept |      285.32 |      0.3965 |      34.676 |      34.687 |           54 |    0.0036761 |
|    5 |       2 | Accept |      119.22 |     0.37262 |      34.676 |      34.687 |           65 |      0.19672 |
|    6 |       2 | Accept |      139.19 |     0.33308 |      34.676 |      34.687 |           58 |       0.1853 |
|    7 |       2 | Accept |       61.27 |     0.34692 |      34.676 |      34.687 |           41 |     0.029263 |
|    8 |       2 | Accept |      354.87 |      0.3066 |      34.676 |      34.687 |           51 |    0.0018762 |
|    9 |       2 | Accept |      78.966 |     0.46582 |      34.676 |      34.687 |           92 |      0.52449 |
|   10 |       2 | Accept |      99.159 |     0.36028 |      34.676 |      34.687 |           86 |      0.24068 |
|   11 |       2 | Accept |      396.99 |     0.44545 |      34.676 |      34.687 |           89 |     0.053196 |
|   12 |       2 | Accept |      252.81 |     0.38186 |      34.676 |      34.687 |           63 |    0.0016176 |
|   13 |       2 | Accept |       47.75 |     0.31624 |      34.676 |      34.687 |           44 |      0.14621 |
|   14 |       2 | Best   |      34.676 |     0.23866 |      34.676 |      34.687 |            9 |    0.0019839 |
|   15 |       2 | Accept |      45.961 |     0.26236 |      34.676 |      34.687 |           24 |      0.18392 |
|   16 |       2 | Accept |      75.115 |     0.63692 |      34.676 |      34.687 |           77 |    0.0074948 |
|   17 |      16 | Accept |      274.95 |     0.14207 |      34.676 |       95.55 |           12 |    0.0056333 |
|   18 |       2 | Accept |      52.706 |     0.23394 |      34.676 |      75.097 |           34 |      0.19078 |
|   19 |       2 | Accept |      249.18 |      0.2457 |      34.676 |      75.097 |           30 |     0.014902 |
|   20 |       2 | Accept |      157.29 |     0.30757 |      34.676 |      75.097 |           61 |      0.21204 |
|===============================================================================================================|
| Iter | Active  | Eval   | Objective   | Objective   | BestSoFar   | BestSoFar   | hiddenLayerS-|           lr |
|      | workers | result |             | runtime     | (observed)  | (estim.)    | ize          |              |
|===============================================================================================================|
|   21 |       2 | Accept |      174.87 |     0.27312 |      34.676 |      75.097 |           45 |     0.077669 |
|   22 |       2 | Accept |      57.931 |     0.17747 |      34.676 |      75.097 |           12 |     0.016617 |
|   23 |       2 | Accept |      209.14 |      0.2247 |      34.676 |      75.097 |           35 |      0.34329 |
|   24 |       2 | Accept |      70.223 |       0.193 |      34.676 |      75.097 |           14 |      0.15146 |
|   25 |       2 | Accept |      106.86 |      0.3955 |      34.676 |      75.097 |           88 |    0.0039442 |
|   26 |       2 | Accept |      114.64 |     0.38055 |      34.676 |      75.097 |           87 |     0.007985 |
|   27 |       2 | Accept |      62.245 |     0.25359 |      34.676 |      75.097 |           39 |       0.2352 |
|   28 |       2 | Accept |      80.728 |     0.29384 |      34.676 |      75.097 |           44 |    0.0010081 |
|   29 |       2 | Accept |      380.12 |     0.39983 |      34.676 |      75.097 |           82 |      0.17965 |
|   30 |       2 | Accept |       147.4 |     0.32664 |      34.676 |      75.097 |           60 |      0.49013 |
|   31 |       2 | Accept |      98.518 |     0.18626 |      34.676 |      75.097 |            6 |      0.14907 |
|   32 |       2 | Accept |      109.68 |     0.30022 |      34.676 |      75.097 |           45 |      0.25053 |

__________________________________________________________
Optimization completed.
MaxObjectiveEvaluations of 30 reached.
Total function evaluations: 32
Total elapsed time: 5.6649 seconds.
Total objective function evaluation time: 10.0655

Best observed feasible point:
    hiddenLayerSize       lr    
    _______________    _________

           9           0.0019839

Observed objective function value = 34.6759
Estimated objective function value = 104.5489
Function evaluation time = 0.23866

Best estimated feasible point (according to models):
    hiddenLayerSize      lr   
    _______________    _______

          34           0.19078

Estimated objective function value = 75.0971
Estimated function evaluation time = 0.25045


T =

  1x2 table

    hiddenLayerSize      lr   
    _______________    _______

          34           0.19078

Elapsed time is 115.906689 seconds.



combinedFigDaily = 

    "/scratch/lhw150030/mintsData/visualAnalysis/UTDNodes/001e06318cf1/UTD_Ronn_All_RS_ONN_1_Daily_001e06318cf1_pm10_palas.png"


combinedFigTT = 

    "/scratch/lhw150030/mintsData/visualAnalysis/UTDNodes/001e06318cf1/UTD_Ronn_All_RS_ONN_1_2021_04_04_17_04_49/UTD_Ronn_All_RS_ONN_1_2021_04_04_17_04_49_001e06318cf1_pm10_palas_TT.png"


plot3 = 

  Line with properties:

              Color: [0.9290 0.6940 0.1250]
          LineStyle: '-'
          LineWidth: 0.5000
             Marker: 'none'
         MarkerSize: 6
    MarkerFaceColor: 'none'
              XData: [1x14449 double]
              YData: [1x14449 double]
              ZData: [1x0 double]

  Use GET to show all properties


plot4 = 

  Line (fitted curve) with properties:

              Color: [1 0 0]
          LineStyle: '-'
          LineWidth: 0.5000
             Marker: 'none'
         MarkerSize: 6
    MarkerFaceColor: 'none'
              XData: [1x1001 double]
              YData: [1x1001 double]
              ZData: [1x0 double]

  Use GET to show all properties


plot6 = 

  Line (fitted curve) with properties:

              Color: [1 0 0]
          LineStyle: '-'
          LineWidth: 0.5000
             Marker: 'none'
         MarkerSize: 6
    MarkerFaceColor: 'none'
              XData: [1x1001 double]
              YData: [1x1001 double]
              ZData: [1x0 double]

  Use GET to show all properties


plot3 = 

  Line with properties:

              Color: [0.9290 0.6940 0.1250]
          LineStyle: '-'
          LineWidth: 0.5000
             Marker: 'none'
         MarkerSize: 6
    MarkerFaceColor: 'none'
              XData: [1x14449 double]
              YData: [1x14449 double]
              ZData: [1x0 double]

  Use GET to show all properties


plot4 = 

  Line (fitted curve) with properties:

              Color: [1 0 0]
          LineStyle: '-'
          LineWidth: 0.5000
             Marker: 'none'
         MarkerSize: 6
    MarkerFaceColor: 'none'
              XData: [1x1001 double]
              YData: [1x1001 double]
              ZData: [1x0 double]

  Use GET to show all properties


plot6 = 

  Line (fitted curve) with properties:

              Color: [1 0 0]
          LineStyle: '-'
          LineWidth: 0.5000
             Marker: 'none'
         MarkerSize: 6
    MarkerFaceColor: 'none'
              XData: [1x1001 double]
              YData: [1x1001 double]
              ZData: [1x0 double]

  Use GET to show all properties

    "Saving Model Files for Node: 001e06318cf1 & target :PM_{10}"


modelsSaveNameDaily = 

    "/scratch/lhw150030/mintsData/modelsMats/UTDNodes/001e06318cf1/daily_Mdl_001e06318cf1_pm10_palas.mat"


modelsSaveName = 

    "/scratch/lhw150030/mintsData/modelsMats/UTDNodes/001e06318cf1/UTD_Ronn_All_RS_ONN_1_2021_04_04_17_04_49/UTD_Ronn_All_RS_ONN_1_2021_04_04_17_04_49_001e06318cf1_pm10_palas.mat"


resultsSaveName = 

    "/scratch/lhw150030/mintsData/modelsMats/UTDNodes/001e06318cf1/daily_Mdl_001e06318cf1_pm10_palas.csv"






trainingSaveNameDaily = 

    "/scratch/lhw150030/mintsData/trainingMats/UTDNodes/001e06318cf1/UTD_Ronn_All_RS_ONN_1_Daily_001e06318cf1_pm10_palas.mat"


trainingSaveName = 

    "/scratch/lhw150030/mintsData/trainingMats/UTDNodes/001e06318cf1/UTD_Ronn_All_RS_ONN_1_2021_04_04_17_04_49/UTD_Ronn_All_RS_ONN_1_2021_04_04_17_04_49_001e06318cf1_pm10_palas.mat"



    "Gainin Data set for Node 001e06318cf1 with target output pmTotal_palas @ 04-Apr-2021 17:16:20"

Going through column 1 and choosing a representative sample. Choosing 750 bins for this column. With 3 members per bin.
Going through column 2 and choosing a representative sample. Choosing 750 bins for this column. With 3 members per bin.
Going through column 3 and choosing a representative sample. Choosing 318 bins for this column. With 3 members per bin.
Going through column 4 and choosing a representative sample. Choosing 73 bins for this column. With 3 members per bin.
Going through column 5 and choosing a representative sample. Choosing 1 bins for this column. With 3 members per bin.
Going through column 6 and choosing a representative sample. Choosing 750 bins for this column. With 3 members per bin.
Going through column 7 and choosing a representative sample. Choosing 750 bins for this column. With 3 members per bin.
Going through column 8 and choosing a representative sample. Choosing 750 bins for this column. With 3 members per bin.
Going through column 9 and choosing a representative sample. Choosing 750 bins for this column. With 3 members per bin.
Going through column 10 and choosing a representative sample. Choosing 750 bins for this column. With 3 members per bin.
Going through column 11 and choosing a representative sample. Choosing 750 bins for this column. With 3 members per bin.
Going through column 12 and choosing a representative sample. Choosing 750 bins for this column. With 3 members per bin.
Going through column 13 and choosing a representative sample. Choosing 750 bins for this column. With 3 members per bin.
Going through column 14 and choosing a representative sample. Choosing 230 bins for this column. With 3 members per bin.
Going through column 15 and choosing a representative sample. Choosing 150 bins for this column. With 3 members per bin.
Going through column 16 and choosing a representative sample. Choosing 109 bins for this column. With 3 members per bin.
Going through column 17 and choosing a representative sample. Choosing 42 bins for this column. With 3 members per bin.
Going through column 18 and choosing a representative sample. Choosing 25 bins for this column. With 3 members per bin.
Going through column 19 and choosing a representative sample. Choosing 11 bins for this column. With 3 members per bin.
Going through column 20 and choosing a representative sample. Choosing 7 bins for this column. With 3 members per bin.
Going through column 21 and choosing a representative sample. Choosing 4 bins for this column. With 3 members per bin.
Going through column 22 and choosing a representative sample. Choosing 3 bins for this column. With 3 members per bin.
Going through column 23 and choosing a representative sample. Choosing 2 bins for this column. With 3 members per bin.
Going through column 24 and choosing a representative sample. Choosing 2 bins for this column. With 3 members per bin.
Going through column 25 and choosing a representative sample. Choosing 2 bins for this column. With 3 members per bin.
Going through column 26 and choosing a representative sample. Choosing 2 bins for this column. With 3 members per bin.
Going through column 27 and choosing a representative sample. Choosing 2 bins for this column. With 3 members per bin.
Going through column 28 and choosing a representative sample. Choosing 607 bins for this column. With 3 members per bin.
Going through column 29 and choosing a representative sample. Choosing 608 bins for this column. With 3 members per bin.
Going through column 30 and choosing a representative sample. Choosing 457 bins for this column. With 3 members per bin.
Going through column 31 and choosing a representative sample. Choosing 186 bins for this column. With 3 members per bin.
Going through column 32 and choosing a representative sample. Choosing 750 bins for this column. With 3 members per bin.
Going through column 33 and choosing a representative sample. Choosing 750 bins for this column. With 3 members per bin.
Going through column 34 and choosing a representative sample. Choosing 750 bins for this column. With 3 members per bin.
Going through column 35 and choosing a representative sample. Choosing 750 bins for this column. With 3 members per bin.
Going through column 36 and choosing a representative sample. Choosing 750 bins for this column. With 3 members per bin.
Going through column 37 and choosing a representative sample. Choosing 145 bins for this column. With 3 members per bin.
Going through column 38 and choosing a representative sample. Choosing 308 bins for this column. With 3 members per bin.
Going through column 39 and choosing a representative sample. Choosing 1500 bins for this column. With 6 members per bin.

ans =

       13589


ans =

        2398

    "Running Regression"

Copying objective function to workers...
Done copying objective function to workers.
|===============================================================================================================|
| Iter | Active  | Eval   | Objective   | Objective   | BestSoFar   | BestSoFar   | hiddenLayerS-|           lr |
|      | workers | result |             | runtime     | (observed)  | (estim.)    | ize          |              |
|===============================================================================================================|
|    1 |       1 | Best   |      173.74 |     0.20504 |      173.74 |      625.85 |           24 |      0.51062 |
|    2 |       1 | Accept |      1014.2 |     0.21524 |      173.74 |      625.85 |           29 |    0.0029259 |
|    3 |       1 | Accept |      379.09 |     0.22808 |      173.74 |      625.85 |           34 |    0.0054779 |
|    4 |       1 | Accept |      676.48 |     0.27103 |      173.74 |      625.85 |           48 |      0.71455 |
|    5 |       1 | Accept |       918.3 |       0.246 |      173.74 |      625.85 |           41 |    0.0031077 |
|    6 |       1 | Accept |       659.1 |     0.36002 |      173.74 |      625.85 |           93 |    0.0019512 |
|    7 |       1 | Accept |      566.23 |     0.35051 |      173.74 |      625.85 |           91 |      0.15365 |
|    8 |       1 | Accept |      2036.4 |     0.33733 |      173.74 |      625.85 |           86 |    0.0040395 |
|    9 |       1 | Accept |      1318.6 |     0.35509 |      173.74 |      625.85 |           96 |     0.083388 |
|   10 |       1 | Accept |      927.26 |     0.34079 |      173.74 |      625.85 |           79 |      0.77634 |
|   11 |       1 | Accept |       484.2 |     0.31545 |      173.74 |      625.85 |           76 |      0.04581 |
|   12 |       1 | Accept |      1313.4 |     0.36702 |      173.74 |      625.85 |           84 |     0.011459 |
|   13 |       1 | Accept |      202.97 |     0.22708 |      173.74 |      625.85 |           31 |    0.0070977 |
|   14 |       1 | Accept |      1803.9 |     0.35838 |      173.74 |      625.85 |           88 |     0.059554 |
|   15 |       1 | Accept |      1193.1 |     0.30568 |      173.74 |      625.85 |           69 |     0.045312 |
|   16 |       1 | Accept |      383.23 |     0.24171 |      173.74 |      625.85 |           15 |      0.22948 |
|   17 |       2 | Best   |      115.91 |     0.19043 |      115.91 |       578.3 |            5 |      0.96647 |
|   18 |       2 | Accept |        1125 |     0.21236 |      115.91 |       578.3 |           24 |      0.83456 |
|   19 |       2 | Accept |        1370 |      0.2251 |      115.91 |       578.3 |           23 |     0.020762 |
|   20 |       2 | Accept |      1039.4 |     0.20628 |      115.91 |       578.3 |           30 |     0.044503 |
|===============================================================================================================|
| Iter | Active  | Eval   | Objective   | Objective   | BestSoFar   | BestSoFar   | hiddenLayerS-|           lr |
|      | workers | result |             | runtime     | (observed)  | (estim.)    | ize          |              |
|===============================================================================================================|
|   21 |       2 | Accept |      374.25 |     0.19718 |      115.91 |       578.3 |           13 |      0.10994 |
|   22 |       2 | Accept |      1393.8 |     0.25448 |      115.91 |       578.3 |           47 |       0.1635 |
|   23 |       2 | Accept |      330.67 |     0.29917 |      115.91 |       578.3 |           29 |    0.0016631 |
|   24 |       2 | Accept |      1788.5 |     0.34976 |      115.91 |       578.3 |           98 |     0.016585 |
|   25 |       2 | Accept |      1816.6 |     0.35428 |      115.91 |       578.3 |           83 |    0.0088876 |
|   26 |       2 | Accept |         752 |     0.30399 |      115.91 |       578.3 |           67 |      0.11201 |
|   27 |       2 | Accept |      1074.8 |     0.25263 |      115.91 |       578.3 |           44 |     0.014801 |
|   28 |       2 | Accept |       154.3 |     0.22972 |      115.91 |       578.3 |            8 |     0.014094 |
|   29 |       2 | Accept |      837.44 |     0.33016 |      115.91 |       578.3 |           72 |      0.20745 |
|   30 |       2 | Accept |      954.83 |     0.26469 |      115.91 |       578.3 |           26 |    0.0016861 |
|   31 |       2 | Accept |      1511.5 |     0.32069 |      115.91 |       578.3 |           62 |     0.024901 |

__________________________________________________________
Optimization completed.
MaxObjectiveEvaluations of 30 reached.
Total function evaluations: 31
Total elapsed time: 3.1693 seconds.
Total objective function evaluation time: 8.7154

Best observed feasible point:
    hiddenLayerSize      lr   
    _______________    _______

           5           0.96647

Observed objective function value = 115.9127
Estimated objective function value = 531.0354
Function evaluation time = 0.19043

Best estimated feasible point (according to models):
    hiddenLayerSize      lr   
    _______________    _______

          13           0.10994

Estimated objective function value = 578.3015
Estimated function evaluation time = 0.21162


T =

  1x2 table

    hiddenLayerSize      lr   
    _______________    _______

          13           0.10994

Elapsed time is 32.163930 seconds.



combinedFigDaily = 

    "/scratch/lhw150030/mintsData/visualAnalysis/UTDNodes/001e06318cf1/UTD_Ronn_All_RS_ONN_1_Daily_001e06318cf1_pmTotal_palas.png"


combinedFigTT = 

    "/scratch/lhw150030/mintsData/visualAnalysis/UTDNodes/001e06318cf1/UTD_Ronn_All_RS_ONN_1_2021_04_04_17_04_49/UTD_Ronn_All_RS_ONN_1_2021_04_04_17_04_49_001e06318cf1_pmTotal_palas_TT.png"


plot3 = 

  Line with properties:

              Color: [0.9290 0.6940 0.1250]
          LineStyle: '-'
          LineWidth: 0.5000
             Marker: 'none'
         MarkerSize: 6
    MarkerFaceColor: 'none'
              XData: [1x13589 double]
              YData: [1x13589 double]
              ZData: [1x0 double]

  Use GET to show all properties


plot4 = 

  Line (fitted curve) with properties:

              Color: [1 0 0]
          LineStyle: '-'
          LineWidth: 0.5000
             Marker: 'none'
         MarkerSize: 6
    MarkerFaceColor: 'none'
              XData: [1x1001 double]
              YData: [1x1001 double]
              ZData: [1x0 double]

  Use GET to show all properties


plot6 = 

  Line (fitted curve) with properties:

              Color: [1 0 0]
          LineStyle: '-'
          LineWidth: 0.5000
             Marker: 'none'
         MarkerSize: 6
    MarkerFaceColor: 'none'
              XData: [1x1001 double]
              YData: [1x1001 double]
              ZData: [1x0 double]

  Use GET to show all properties


plot3 = 

  Line with properties:

              Color: [0.9290 0.6940 0.1250]
          LineStyle: '-'
          LineWidth: 0.5000
             Marker: 'none'
         MarkerSize: 6
    MarkerFaceColor: 'none'
              XData: [1x13589 double]
              YData: [1x13589 double]
              ZData: [1x0 double]

  Use GET to show all properties


plot4 = 

  Line (fitted curve) with properties:

              Color: [1 0 0]
          LineStyle: '-'
          LineWidth: 0.5000
             Marker: 'none'
         MarkerSize: 6
    MarkerFaceColor: 'none'
              XData: [1x1001 double]
              YData: [1x1001 double]
              ZData: [1x0 double]

  Use GET to show all properties


plot6 = 

  Line (fitted curve) with properties:

              Color: [1 0 0]
          LineStyle: '-'
          LineWidth: 0.5000
             Marker: 'none'
         MarkerSize: 6
    MarkerFaceColor: 'none'
              XData: [1x1001 double]
              YData: [1x1001 double]
              ZData: [1x0 double]

  Use GET to show all properties

    "Saving Model Files for Node: 001e06318cf1 & target :PM_{Total}"


modelsSaveNameDaily = 

    "/scratch/lhw150030/mintsData/modelsMats/UTDNodes/001e06318cf1/daily_Mdl_001e06318cf1_pmTotal_palas.mat"


modelsSaveName = 

    "/scratch/lhw150030/mintsData/modelsMats/UTDNodes/001e06318cf1/UTD_Ronn_All_RS_ONN_1_2021_04_04_17_04_49/UTD_Ronn_All_RS_ONN_1_2021_04_04_17_04_49_001e06318cf1_pmTotal_palas.mat"


resultsSaveName = 

    "/scratch/lhw150030/mintsData/modelsMats/UTDNodes/001e06318cf1/daily_Mdl_001e06318cf1_pmTotal_palas.csv"






trainingSaveNameDaily = 

    "/scratch/lhw150030/mintsData/trainingMats/UTDNodes/001e06318cf1/UTD_Ronn_All_RS_ONN_1_Daily_001e06318cf1_pmTotal_palas.mat"


trainingSaveName = 

    "/scratch/lhw150030/mintsData/trainingMats/UTDNodes/001e06318cf1/UTD_Ronn_All_RS_ONN_1_2021_04_04_17_04_49/UTD_Ronn_All_RS_ONN_1_2021_04_04_17_04_49_001e06318cf1_pmTotal_palas.mat"



    "Gainin Data set for Node 001e06318cf1 with target output dCn_palas @ 04-Apr-2021 17:17:46"

Going through column 1 and choosing a representative sample. Choosing 750 bins for this column. With 3 members per bin.
Going through column 2 and choosing a representative sample. Choosing 750 bins for this column. With 3 members per bin.
Going through column 3 and choosing a representative sample. Choosing 318 bins for this column. With 3 members per bin.
Going through column 4 and choosing a representative sample. Choosing 73 bins for this column. With 3 members per bin.
Going through column 5 and choosing a representative sample. Choosing 1 bins for this column. With 3 members per bin.
Going through column 6 and choosing a representative sample. Choosing 750 bins for this column. With 3 members per bin.
Going through column 7 and choosing a representative sample. Choosing 750 bins for this column. With 3 members per bin.
Going through column 8 and choosing a representative sample. Choosing 750 bins for this column. With 3 members per bin.
Going through column 9 and choosing a representative sample. Choosing 750 bins for this column. With 3 members per bin.
Going through column 10 and choosing a representative sample. Choosing 750 bins for this column. With 3 members per bin.
Going through column 11 and choosing a representative sample. Choosing 750 bins for this column. With 3 members per bin.
Going through column 12 and choosing a representative sample. Choosing 750 bins for this column. With 3 members per bin.
Going through column 13 and choosing a representative sample. Choosing 750 bins for this column. With 3 members per bin.
Going through column 14 and choosing a representative sample. Choosing 230 bins for this column. With 3 members per bin.
Going through column 15 and choosing a representative sample. Choosing 150 bins for this column. With 3 members per bin.
Going through column 16 and choosing a representative sample. Choosing 109 bins for this column. With 3 members per bin.
Going through column 17 and choosing a representative sample. Choosing 42 bins for this column. With 3 members per bin.
Going through column 18 and choosing a representative sample. Choosing 25 bins for this column. With 3 members per bin.
Going through column 19 and choosing a representative sample. Choosing 11 bins for this column. With 3 members per bin.
Going through column 20 and choosing a representative sample. Choosing 7 bins for this column. With 3 members per bin.
Going through column 21 and choosing a representative sample. Choosing 4 bins for this column. With 3 members per bin.
Going through column 22 and choosing a representative sample. Choosing 3 bins for this column. With 3 members per bin.
Going through column 23 and choosing a representative sample. Choosing 2 bins for this column. With 3 members per bin.
Going through column 24 and choosing a representative sample. Choosing 2 bins for this column. With 3 members per bin.
Going through column 25 and choosing a representative sample. Choosing 2 bins for this column. With 3 members per bin.
Going through column 26 and choosing a representative sample. Choosing 2 bins for this column. With 3 members per bin.
Going through column 27 and choosing a representative sample. Choosing 2 bins for this column. With 3 members per bin.
Going through column 28 and choosing a representative sample. Choosing 607 bins for this column. With 3 members per bin.
Going through column 29 and choosing a representative sample. Choosing 608 bins for this column. With 3 members per bin.
Going through column 30 and choosing a representative sample. Choosing 457 bins for this column. With 3 members per bin.
Going through column 31 and choosing a representative sample. Choosing 186 bins for this column. With 3 members per bin.
Going through column 32 and choosing a representative sample. Choosing 750 bins for this column. With 3 members per bin.
Going through column 33 and choosing a representative sample. Choosing 750 bins for this column. With 3 members per bin.
Going through column 34 and choosing a representative sample. Choosing 750 bins for this column. With 3 members per bin.
Going through column 35 and choosing a representative sample. Choosing 750 bins for this column. With 3 members per bin.
Going through column 36 and choosing a representative sample. Choosing 750 bins for this column. With 3 members per bin.
Going through column 37 and choosing a representative sample. Choosing 145 bins for this column. With 3 members per bin.
Going through column 38 and choosing a representative sample. Choosing 308 bins for this column. With 3 members per bin.
Going through column 39 and choosing a representative sample. Choosing 1500 bins for this column. With 6 members per bin.

ans =

       17581


ans =

        3102

    "Running Regression"

Copying objective function to workers...
Done copying objective function to workers.
|===============================================================================================================|
| Iter | Active  | Eval   | Objective   | Objective   | BestSoFar   | BestSoFar   | hiddenLayerS-|           lr |
|      | workers | result |             | runtime     | (observed)  | (estim.)    | ize          |              |
|===============================================================================================================|
|    1 |       4 | Best   |      147.45 |     0.20103 |      147.45 |      147.54 |            8 |     0.027346 |
|    2 |       4 | Accept |      671.92 |      0.2302 |      147.45 |      147.54 |            6 |    0.0012066 |
|    3 |       4 | Accept |       664.7 |     0.20208 |      147.45 |      147.54 |           13 |      0.53469 |
|    4 |       4 | Accept |      1149.6 |     0.22978 |      147.45 |      147.54 |           17 |    0.0010726 |
|    5 |       4 | Accept |      905.49 |     0.32447 |      147.45 |      147.54 |           56 |    0.0013098 |
|    6 |       4 | Accept |      1562.8 |     0.32061 |      147.45 |      147.54 |           57 |      0.16849 |
|    7 |       4 | Accept |      212.96 |     0.37058 |      147.45 |      147.54 |           69 |      0.26104 |
|    8 |       4 | Accept |      1734.2 |     0.33509 |      147.45 |      147.54 |           62 |     0.012516 |
|    9 |       4 | Accept |      2267.9 |     0.32631 |      147.45 |      147.54 |           57 |      0.03625 |
|   10 |       4 | Accept |      1533.4 |     0.36326 |      147.45 |      147.54 |           72 |     0.021226 |
|   11 |       4 | Accept |      561.06 |     0.41275 |      147.45 |      147.54 |           88 |      0.12967 |
|   12 |       4 | Accept |      471.86 |     0.37982 |      147.45 |      147.54 |           65 |    0.0011727 |
|   13 |       4 | Accept |      1138.5 |     0.24228 |      147.45 |      147.54 |           27 |     0.026733 |
|   14 |      14 | Accept |       868.9 |     0.45005 |      147.45 |      147.53 |           99 |     0.040659 |
|   15 |      14 | Accept |      666.81 |       0.437 |      147.45 |      147.53 |           95 |    0.0054755 |
|   16 |      14 | Accept |      422.43 |     0.38035 |      147.45 |      147.53 |           61 |        0.601 |
|   17 |       2 | Accept |      331.24 |     0.38144 |      147.45 |      653.78 |           75 |      0.54059 |
|   18 |       2 | Accept |        2218 |     0.22323 |      147.45 |      653.78 |           24 |     0.038514 |
|   19 |       2 | Accept |      444.32 |     0.38444 |      147.45 |      653.78 |           76 |      0.10677 |
|   20 |       2 | Accept |      1386.5 |     0.34443 |      147.45 |      653.78 |           68 |    0.0041291 |
|===============================================================================================================|
| Iter | Active  | Eval   | Objective   | Objective   | BestSoFar   | BestSoFar   | hiddenLayerS-|           lr |
|      | workers | result |             | runtime     | (observed)  | (estim.)    | ize          |              |
|===============================================================================================================|
|   21 |       2 | Accept |      795.02 |     0.21515 |      147.45 |      653.78 |           19 |     0.095393 |
|   22 |       2 | Accept |      633.81 |     0.24004 |      147.45 |      653.78 |           28 |      0.29886 |
|   23 |       2 | Accept |      325.97 |     0.34509 |      147.45 |      653.78 |           63 |    0.0041582 |
|   24 |       2 | Accept |      1463.8 |     0.35339 |      147.45 |      653.78 |           66 |     0.020337 |
|   25 |       2 | Accept |       562.5 |     0.22945 |      147.45 |      653.78 |           22 |     0.057266 |
|   26 |       2 | Accept |      204.39 |     0.31388 |      147.45 |      653.78 |           52 |    0.0021843 |
|   27 |       2 | Accept |      1662.9 |     0.38548 |      147.45 |      653.78 |           70 |     0.006321 |
|   28 |       2 | Accept |       272.6 |     0.34764 |      147.45 |      653.78 |           65 |      0.00457 |
|   29 |       2 | Accept |      805.84 |     0.33496 |      147.45 |      653.78 |           49 |     0.043823 |
|   30 |      16 | Accept |         712 |     0.36929 |      147.45 |      650.95 |           85 |    0.0010026 |

__________________________________________________________
Optimization completed.
MaxObjectiveEvaluations of 30 reached.
Total function evaluations: 30
Total elapsed time: 6.5617 seconds.
Total objective function evaluation time: 9.6736

Best observed feasible point:
    hiddenLayerSize       lr   
    _______________    ________

           8           0.027346

Observed objective function value = 147.4497
Estimated objective function value = 885.9341
Function evaluation time = 0.20103

Best estimated feasible point (according to models):
    hiddenLayerSize      lr   
    _______________    _______

          75           0.54059

Estimated objective function value = 650.9481
Estimated function evaluation time = 0.38726


T =

  1x2 table

    hiddenLayerSize      lr   
    _______________    _______

          75           0.54059

