Running calibration scripts for UTD Node: 14
Running on host: compute-1-6-28

                            < M A T L A B (R) >
                  Copyright 1984-2020 The MathWorks, Inc.
              R2020a Update 1 (9.8.0.1359463) 64-bit (glnxa64)
                               April 9, 2020

 
To get started, type doc.
For product information, visit www.mathworks.com.
 
UTD_Ronn_All_RS_ONN_1_2021_03_31_08_19_05


UTD_Ronn_All_RS_ONN_1_Daily


Optimzed NN All Inputs



globalCSVLabel = 

    "WSPre"



    "---------------------MINTS---------------------"

31-Mar-2021 08:19:16

mintsDefinitions = 

  struct with fields:

                 dataFolder: '/scratch/lhw150030/mintsData'
                poolWorkers: 16
                   timeSpan: 30
                   airmarID: '001e0610c0e4'
              binsPerColumn: 750
               numberPerBin: 3
                     pValid: 0.1500
                    nodeIDs: {1x16 cell}
                inputStack1: {1x9 cell}
          mintsInputsStack1: {1x35 cell}
     mintsInputLabelsStack1: {1x35 cell}
               inputStack20: {1x11 cell}
         mintsInputsStack20: {1x33 cell}
    mintsInputLabelsStack20: {1x33 cell}
         mintsInputsStack21: {1x16 cell}
    mintsInputLabelsStack21: {1x16 cell}
               latestStack1: {'BME280'  'MGS001'  'OPCN2'}
                inputStack2: {1x11 cell}
               latestStack2: {'BME280'  'MGS001'  'OPCN2'  'SCD30'}
          mintsInputsStack2: {1x35 cell}
     mintsInputLabelsStack2: {1x35 cell}
                inputStack3: {1x10 cell}
               latestStack3: {'BME280'  'MGS001'  'OPCN2'  'SCD30'}
          mintsInputsStack3: {1x38 cell}
     mintsInputLabelsStack3: {1x38 cell}
               mintsTargets: {1x10 cell}
          mintsTargetLabels: {1x10 cell}
                      units: {1x10 cell}
                instruments: {1x10 cell}

Starting parallel pool (parpool) using the 'local' profile ...
Connected to the parallel pool (number of workers: 16).

ans = 

 ProcessPool with properties: 

            Connected: true
           NumWorkers: 16
              Cluster: local
        AttachedFiles: {}
    AutoAddClientPath: true
          IdleTimeout: 30 minutes (30 minutes remaining)
          SpmdEnabled: true


airmarFolder = 

    "/scratch/lhw150030/mintsData/referenceMats/airmar"



    "Data Folder Located @:/scratch/lhw150030/mintsData"

    "Raw Data Located @: /scratch/lhw150030/mintsData"

    "Raw DotMat Data Located @ :/scratch/lhw150030/mintsData/rawMats"

    "UTD Nodes DotMat Data Located @ :/scratch/lhw150030/mintsData/rawMats/UTDNodes"

    "Reference Data Located @: /scratch/lhw150030/mintsData/reference"

    "Reference DotMat Data Located @ :/scratch/lhw150030/mintsData/referenceMats"

    "Palas Raw Data Located @ :/scratch/lhw150030/mintsData/reference/palasStream"

    "Palas DotMat Data Located @ :/scratch/lhw150030/mintsData/referenceMats/palas"

    "Car GPS Files Located @ :/scratch/lhw150030/mintsData/referenceMats/carMintsGPS"

    "Loading Palas Files"

    "Loading GPS Files"

    "Loading Airmar Files"

    "Aligning GPS data with Palas Data"

    "WSTC Palas Data"

    "Palas With Airmar"

    "Analysis"

    "Save merged data for calibration: 001e06318cee"



    "Creating Training Data Sets for Node: 001e06318cee"



    "Gainin Data set for Node 001e06318cee with target output pm1_palas @ 31-Mar-2021 11:13:05"

Going through column 1 and choosing a representative sample. Choosing 750 bins for this column. With 3 members per bin.
Going through column 2 and choosing a representative sample. Choosing 750 bins for this column. With 3 members per bin.
Going through column 3 and choosing a representative sample. Choosing 334 bins for this column. With 3 members per bin.
Going through column 4 and choosing a representative sample. Choosing 76 bins for this column. With 3 members per bin.
Going through column 5 and choosing a representative sample. Choosing 1 bins for this column. With 3 members per bin.
Going through column 6 and choosing a representative sample. Choosing 750 bins for this column. With 3 members per bin.
Going through column 7 and choosing a representative sample. Choosing 750 bins for this column. With 3 members per bin.
Going through column 8 and choosing a representative sample. Choosing 750 bins for this column. With 3 members per bin.
Going through column 9 and choosing a representative sample. Choosing 750 bins for this column. With 3 members per bin.
Going through column 10 and choosing a representative sample. Choosing 750 bins for this column. With 3 members per bin.
Going through column 11 and choosing a representative sample. Choosing 750 bins for this column. With 3 members per bin.
Going through column 12 and choosing a representative sample. Choosing 750 bins for this column. With 3 members per bin.
Going through column 13 and choosing a representative sample. Choosing 750 bins for this column. With 3 members per bin.
Going through column 14 and choosing a representative sample. Choosing 667 bins for this column. With 3 members per bin.
Going through column 15 and choosing a representative sample. Choosing 397 bins for this column. With 3 members per bin.
Going through column 16 and choosing a representative sample. Choosing 321 bins for this column. With 3 members per bin.
Going through column 17 and choosing a representative sample. Choosing 194 bins for this column. With 3 members per bin.
Going through column 18 and choosing a representative sample. Choosing 86 bins for this column. With 3 members per bin.
Going through column 19 and choosing a representative sample. Choosing 36 bins for this column. With 3 members per bin.
Going through column 20 and choosing a representative sample. Choosing 20 bins for this column. With 3 members per bin.
Going through column 21 and choosing a representative sample. Choosing 12 bins for this column. With 3 members per bin.
Going through column 22 and choosing a representative sample. Choosing 9 bins for this column. With 3 members per bin.
Going through column 23 and choosing a representative sample. Choosing 6 bins for this column. With 3 members per bin.
Going through column 24 and choosing a representative sample. Choosing 5 bins for this column. With 3 members per bin.
Going through column 25 and choosing a representative sample. Choosing 4 bins for this column. With 3 members per bin.
Going through column 26 and choosing a representative sample. Choosing 3 bins for this column. With 3 members per bin.
Going through column 27 and choosing a representative sample. Choosing 5 bins for this column. With 3 members per bin.
Going through column 28 and choosing a representative sample. Choosing 247 bins for this column. With 3 members per bin.
Going through column 29 and choosing a representative sample. Choosing 298 bins for this column. With 3 members per bin.
Going through column 30 and choosing a representative sample. Choosing 298 bins for this column. With 3 members per bin.
Going through column 31 and choosing a representative sample. Choosing 228 bins for this column. With 3 members per bin.
Going through column 32 and choosing a representative sample. Choosing 750 bins for this column. With 3 members per bin.
Going through column 33 and choosing a representative sample. Choosing 750 bins for this column. With 3 members per bin.
Going through column 34 and choosing a representative sample. Choosing 750 bins for this column. With 3 members per bin.
Going through column 35 and choosing a representative sample. Choosing 750 bins for this column. With 3 members per bin.
Going through column 36 and choosing a representative sample. Choosing 750 bins for this column. With 3 members per bin.
Going through column 37 and choosing a representative sample. Choosing 185 bins for this column. With 3 members per bin.
Going through column 38 and choosing a representative sample. Choosing 304 bins for this column. With 3 members per bin.
Going through column 39 and choosing a representative sample. Choosing 1500 bins for this column. With 6 members per bin.

ans =

       19593


ans =

        3458

    "Running Regression"

Copying objective function to workers...
Done copying objective function to workers.
|===============================================================================================================|
| Iter | Active  | Eval   | Objective   | Objective   | BestSoFar   | BestSoFar   | hiddenLayerS-|           lr |
|      | workers | result |             | runtime     | (observed)  | (estim.)    | ize          |              |
|===============================================================================================================|
|    1 |       1 | Accept |      15.343 |      831.41 |      6.7909 |      18.296 |           58 |    0.0098583 |
|    2 |       1 | Accept |      15.519 |      828.82 |      6.7909 |      18.296 |           91 |     0.094776 |
|    3 |       1 | Accept |      26.784 |      829.79 |      6.7909 |      18.296 |           21 |      0.18082 |
|    4 |       1 | Accept |      28.916 |      829.19 |      6.7909 |      18.296 |           22 |    0.0090454 |
|    5 |       1 | Accept |      8.8774 |      828.83 |      6.7909 |      18.296 |            5 |    0.0020605 |
|    6 |       1 | Accept |      19.823 |      835.77 |      6.7909 |      18.296 |           88 |    0.0038136 |
|    7 |       1 | Accept |      35.702 |      829.33 |      6.7909 |      18.296 |           88 |      0.48227 |
|    8 |       1 | Best   |      6.7909 |      829.49 |      6.7909 |      18.296 |           12 |    0.0017394 |
|    9 |       1 | Accept |      10.362 |      829.74 |      6.7909 |      18.296 |           36 |     0.015629 |
|   10 |       1 | Accept |      37.441 |       829.6 |      6.7909 |      18.296 |           84 |      0.11311 |
|   11 |       1 | Accept |      18.549 |      829.06 |      6.7909 |      18.296 |           70 |      0.83108 |
|   12 |       1 | Accept |      26.778 |      829.65 |      6.7909 |      18.296 |           79 |     0.020135 |
|   13 |       1 | Accept |      41.865 |      829.29 |      6.7909 |      18.296 |           16 |      0.18496 |
|   14 |       1 | Accept |      28.716 |      829.34 |      6.7909 |      18.296 |           84 |     0.005268 |
|   15 |       1 | Accept |      26.526 |      829.61 |      6.7909 |      18.296 |           27 |     0.038158 |
|   16 |       1 | Accept |      24.502 |       829.3 |      6.7909 |      18.296 |           17 |     0.040109 |
|   17 |      16 | Accept |      14.576 |      7.9483 |      6.7909 |      17.233 |           57 |     0.005607 |
|   18 |       2 | Accept |      62.965 |      8.0789 |      6.7909 |      15.873 |           75 |    0.0010001 |
|   19 |       2 | Accept |      14.283 |      8.3297 |      6.7909 |      15.873 |           11 |    0.0039415 |
|   20 |       2 | Accept |      12.902 |      8.6176 |      6.7909 |      15.873 |           66 |      0.16587 |
|===============================================================================================================|
| Iter | Active  | Eval   | Objective   | Objective   | BestSoFar   | BestSoFar   | hiddenLayerS-|           lr |
|      | workers | result |             | runtime     | (observed)  | (estim.)    | ize          |              |
|===============================================================================================================|
|   21 |       2 | Accept |      24.844 |      8.5849 |      6.7909 |      15.873 |           24 |    0.0020748 |
|   22 |       2 | Accept |      61.917 |      8.8442 |      6.7909 |      15.873 |           91 |      0.48313 |
|   23 |       2 | Accept |      32.019 |        8.67 |      6.7909 |      15.873 |           38 |    0.0088325 |
|   24 |       2 | Accept |       77.81 |      8.0111 |      6.7909 |      15.873 |           87 |      0.24265 |
|   25 |       2 | Accept |      11.576 |      8.0238 |      6.7909 |      15.873 |           75 |      0.16793 |
|   26 |       2 | Accept |      17.608 |       8.065 |      6.7909 |      15.873 |           88 |      0.01766 |
|   27 |       2 | Accept |      22.263 |      8.0859 |      6.7909 |      15.873 |           37 |      0.46717 |
|   28 |       2 | Accept |      37.996 |      8.2305 |      6.7909 |      15.873 |           80 |     0.022758 |
|   29 |       2 | Accept |      47.533 |      8.2438 |      6.7909 |      15.873 |           48 |       0.3483 |
|   30 |       2 | Accept |      37.306 |      8.3846 |      6.7909 |      15.873 |           75 |    0.0048997 |
|   31 |       2 | Accept |      26.096 |      8.2723 |      6.7909 |      15.873 |           37 |    0.0073943 |
|   32 |       2 | Accept |      29.594 |      8.3875 |      6.7909 |      15.873 |           46 |    0.0017303 |

__________________________________________________________
Optimization completed.
MaxObjectiveEvaluations of 30 reached.
Total function evaluations: 32
Total elapsed time: 1106.3506 seconds.
Total objective function evaluation time: 13410.9977

Best observed feasible point:
    hiddenLayerSize       lr    
    _______________    _________

          12           0.0017394

Observed objective function value = 6.7909
Estimated objective function value = 15.873
Function evaluation time = 829.4863

Best estimated feasible point (according to models):
    hiddenLayerSize       lr    
    _______________    _________

          12           0.0017394

Estimated objective function value = 15.873
Estimated function evaluation time = 82.9675


T =

  1x2 table

    hiddenLayerSize       lr    
    _______________    _________

          12           0.0017394

Elapsed time is 1311.911040 seconds.



combinedFigDaily = 

    "/scratch/lhw150030/mintsData/visualAnalysis/UTDNodes/001e06318cee/UTD_Ronn_All_RS_ONN_1_Daily_001e06318cee_pm1_palas.png"

    "Creating Folder @: '/scratch/lhw150030/mintsData/visualAnalysis/UTDNodes/001e06318cee/UTD_Ronn_All_RS_ONN_1_2021_03_31_08_19_05'"


combinedFigTT = 

    "/scratch/lhw150030/mintsData/visualAnalysis/UTDNodes/001e06318cee/UTD_Ronn_All_RS_ONN_1_2021_03_31_08_19_05/UTD_Ronn_All_RS_ONN_1_2021_03_31_08_19_05_001e06318cee_pm1_palas_TT.png"


plot3 = 

  Line with properties:

              Color: [0.9290 0.6940 0.1250]
          LineStyle: '-'
          LineWidth: 0.5000
             Marker: 'none'
         MarkerSize: 6
    MarkerFaceColor: 'none'
              XData: [1x19593 double]
              YData: [1x19593 double]
              ZData: [1x0 double]

  Use GET to show all properties


plot4 = 

  Line (fitted curve) with properties:

              Color: [1 0 0]
          LineStyle: '-'
          LineWidth: 0.5000
             Marker: 'none'
         MarkerSize: 6
    MarkerFaceColor: 'none'
              XData: [1x1001 double]
              YData: [1x1001 double]
              ZData: [1x0 double]

  Use GET to show all properties


plot6 = 

  Line (fitted curve) with properties:

              Color: [1 0 0]
          LineStyle: '-'
          LineWidth: 0.5000
             Marker: 'none'
         MarkerSize: 6
    MarkerFaceColor: 'none'
              XData: [1x1001 double]
              YData: [1x1001 double]
              ZData: [1x0 double]

  Use GET to show all properties


plot3 = 

  Line with properties:

              Color: [0.9290 0.6940 0.1250]
          LineStyle: '-'
          LineWidth: 0.5000
             Marker: 'none'
         MarkerSize: 6
    MarkerFaceColor: 'none'
              XData: [1x19593 double]
              YData: [1x19593 double]
              ZData: [1x0 double]

  Use GET to show all properties


plot4 = 

  Line (fitted curve) with properties:

              Color: [1 0 0]
          LineStyle: '-'
          LineWidth: 0.5000
             Marker: 'none'
         MarkerSize: 6
    MarkerFaceColor: 'none'
              XData: [1x1001 double]
              YData: [1x1001 double]
              ZData: [1x0 double]

  Use GET to show all properties


plot6 = 

  Line (fitted curve) with properties:

              Color: [1 0 0]
          LineStyle: '-'
          LineWidth: 0.5000
             Marker: 'none'
         MarkerSize: 6
    MarkerFaceColor: 'none'
              XData: [1x1001 double]
              YData: [1x1001 double]
              ZData: [1x0 double]

  Use GET to show all properties

    "Saving Model Files for Node: 001e06318cee & target :PM_{1}"


modelsSaveNameDaily = 

    "/scratch/lhw150030/mintsData/modelsMats/UTDNodes/001e06318cee/daily_Mdl_001e06318cee_pm1_palas.mat"


modelsSaveName = 

    "/scratch/lhw150030/mintsData/modelsMats/UTDNodes/001e06318cee/UTD_Ronn_All_RS_ONN_1_2021_03_31_08_19_05/UTD_Ronn_All_RS_ONN_1_2021_03_31_08_19_05_001e06318cee_pm1_palas.mat"


resultsSaveName = 

    "/scratch/lhw150030/mintsData/modelsMats/UTDNodes/001e06318cee/daily_Mdl_001e06318cee_pm1_palas.csv"

    "Creating Folder @: '/scratch/lhw150030/mintsData/modelsMats/UTDNodes/001e06318cee/UTD_Ronn_All_RS_ONN_1_2021_03_31_08_19_05'"






trainingSaveNameDaily = 

    "/scratch/lhw150030/mintsData/trainingMats/UTDNodes/001e06318cee/UTD_Ronn_All_RS_ONN_1_Daily_001e06318cee_pm1_palas.mat"


trainingSaveName = 

    "/scratch/lhw150030/mintsData/trainingMats/UTDNodes/001e06318cee/UTD_Ronn_All_RS_ONN_1_2021_03_31_08_19_05/UTD_Ronn_All_RS_ONN_1_2021_03_31_08_19_05_001e06318cee_pm1_palas.mat"

    "Creating Folder @: '/scratch/lhw150030/mintsData/trainingMats/UTDNodes/001e06318cee/UTD_Ronn_All_RS_ONN_1_2021_03_31_08_19_05'"



    "Gainin Data set for Node 001e06318cee with target output pm2_5_palas @ 31-Mar-2021 11:38:01"

Going through column 1 and choosing a representative sample. Choosing 750 bins for this column. With 3 members per bin.
Going through column 2 and choosing a representative sample. Choosing 750 bins for this column. With 3 members per bin.
Going through column 3 and choosing a representative sample. Choosing 334 bins for this column. With 3 members per bin.
Going through column 4 and choosing a representative sample. Choosing 76 bins for this column. With 3 members per bin.
Going through column 5 and choosing a representative sample. Choosing 1 bins for this column. With 3 members per bin.
Going through column 6 and choosing a representative sample. Choosing 750 bins for this column. With 3 members per bin.
Going through column 7 and choosing a representative sample. Choosing 750 bins for this column. With 3 members per bin.
Going through column 8 and choosing a representative sample. Choosing 750 bins for this column. With 3 members per bin.
Going through column 9 and choosing a representative sample. Choosing 750 bins for this column. With 3 members per bin.
Going through column 10 and choosing a representative sample. Choosing 750 bins for this column. With 3 members per bin.
Going through column 11 and choosing a representative sample. Choosing 750 bins for this column. With 3 members per bin.
Going through column 12 and choosing a representative sample. Choosing 750 bins for this column. With 3 members per bin.
Going through column 13 and choosing a representative sample. Choosing 750 bins for this column. With 3 members per bin.
Going through column 14 and choosing a representative sample. Choosing 667 bins for this column. With 3 members per bin.
Going through column 15 and choosing a representative sample. Choosing 397 bins for this column. With 3 members per bin.
Going through column 16 and choosing a representative sample. Choosing 321 bins for this column. With 3 members per bin.
Going through column 17 and choosing a representative sample. Choosing 194 bins for this column. With 3 members per bin.
Going through column 18 and choosing a representative sample. Choosing 86 bins for this column. With 3 members per bin.
Going through column 19 and choosing a representative sample. Choosing 36 bins for this column. With 3 members per bin.
Going through column 20 and choosing a representative sample. Choosing 20 bins for this column. With 3 members per bin.
Going through column 21 and choosing a representative sample. Choosing 12 bins for this column. With 3 members per bin.
Going through column 22 and choosing a representative sample. Choosing 9 bins for this column. With 3 members per bin.
Going through column 23 and choosing a representative sample. Choosing 6 bins for this column. With 3 members per bin.
Going through column 24 and choosing a representative sample. Choosing 5 bins for this column. With 3 members per bin.
Going through column 25 and choosing a representative sample. Choosing 4 bins for this column. With 3 members per bin.
Going through column 26 and choosing a representative sample. Choosing 3 bins for this column. With 3 members per bin.
Going through column 27 and choosing a representative sample. Choosing 5 bins for this column. With 3 members per bin.
Going through column 28 and choosing a representative sample. Choosing 247 bins for this column. With 3 members per bin.
Going through column 29 and choosing a representative sample. Choosing 298 bins for this column. With 3 members per bin.
Going through column 30 and choosing a representative sample. Choosing 298 bins for this column. With 3 members per bin.
Going through column 31 and choosing a representative sample. Choosing 228 bins for this column. With 3 members per bin.
Going through column 32 and choosing a representative sample. Choosing 750 bins for this column. With 3 members per bin.
Going through column 33 and choosing a representative sample. Choosing 750 bins for this column. With 3 members per bin.
Going through column 34 and choosing a representative sample. Choosing 750 bins for this column. With 3 members per bin.
Going through column 35 and choosing a representative sample. Choosing 750 bins for this column. With 3 members per bin.
Going through column 36 and choosing a representative sample. Choosing 750 bins for this column. With 3 members per bin.
Going through column 37 and choosing a representative sample. Choosing 185 bins for this column. With 3 members per bin.
Going through column 38 and choosing a representative sample. Choosing 304 bins for this column. With 3 members per bin.
Going through column 39 and choosing a representative sample. Choosing 1500 bins for this column. With 6 members per bin.

ans =

       19586


ans =

        3456

    "Running Regression"

Copying objective function to workers...
Done copying objective function to workers.
|===============================================================================================================|
| Iter | Active  | Eval   | Objective   | Objective   | BestSoFar   | BestSoFar   | hiddenLayerS-|           lr |
|      | workers | result |             | runtime     | (observed)  | (estim.)    | ize          |              |
|===============================================================================================================|
|    1 |      16 | Best   |       19.95 |       6.964 |       19.95 |       19.95 |           25 |        0.129 |
|    2 |       2 | Best   |       8.108 |      7.8506 |       8.108 |      18.589 |           12 |    0.0010567 |
|    3 |       2 | Accept |       16.48 |      8.2972 |       8.108 |      18.589 |           71 |      0.55898 |
|    4 |       2 | Accept |      63.794 |      8.1737 |       8.108 |      18.589 |           68 |     0.010452 |
|    5 |       2 | Accept |      18.425 |      8.0386 |       8.108 |      18.589 |           29 |      0.05008 |
|    6 |       2 | Accept |       16.44 |      8.1771 |       8.108 |      18.589 |           30 |     0.027179 |
|    7 |       2 | Accept |       33.73 |      8.3315 |       8.108 |      18.589 |           77 |    0.0010916 |
|    8 |       2 | Accept |      35.794 |      8.2538 |       8.108 |      18.589 |           42 |    0.0010202 |
|    9 |       2 | Accept |      22.131 |      8.1055 |       8.108 |      18.589 |           28 |     0.012341 |
|   10 |       2 | Accept |      14.567 |      8.0695 |       8.108 |      18.589 |           42 |     0.056947 |
|   11 |       2 | Accept |      89.616 |      8.3342 |       8.108 |      18.589 |           61 |     0.045116 |
|   12 |       2 | Accept |      20.835 |      8.1803 |       8.108 |      18.589 |           69 |    0.0012257 |
|   13 |       2 | Accept |      21.919 |      8.2077 |       8.108 |      18.589 |           64 |      0.21047 |
|   14 |       2 | Accept |      19.808 |      8.2978 |       8.108 |      18.589 |           18 |      0.24969 |
|   15 |       2 | Accept |      101.38 |      8.1612 |       8.108 |      18.589 |           47 |      0.11139 |
|   16 |       2 | Accept |      91.807 |      8.2832 |       8.108 |      18.589 |           72 |     0.031176 |
|   17 |      16 | Accept |      81.225 |       0.678 |       8.108 |      18.799 |           98 |     0.086115 |
|   18 |       2 | Accept |      44.246 |     0.21761 |       8.108 |      19.867 |           13 |    0.0016244 |
|   19 |       2 | Accept |       63.45 |     0.33419 |       8.108 |      19.867 |           29 |     0.007241 |
|   20 |       2 | Accept |       20.04 |      0.4629 |       8.108 |      19.867 |           57 |      0.11038 |
|===============================================================================================================|
| Iter | Active  | Eval   | Objective   | Objective   | BestSoFar   | BestSoFar   | hiddenLayerS-|           lr |
|      | workers | result |             | runtime     | (observed)  | (estim.)    | ize          |              |
|===============================================================================================================|
|   21 |       2 | Accept |      22.452 |     0.43236 |       8.108 |      19.867 |           44 |    0.0016845 |
|   22 |       2 | Accept |      90.765 |     0.53712 |       8.108 |      19.867 |           93 |      0.86661 |
|   23 |       2 | Accept |       162.8 |     0.51939 |       8.108 |      19.867 |           89 |      0.88505 |
|   24 |       2 | Accept |      16.061 |     0.33925 |       8.108 |      19.867 |           22 |      0.78749 |
|   25 |       2 | Accept |      45.075 |     0.28525 |       8.108 |      19.867 |            6 |    0.0029373 |
|   26 |       2 | Accept |      19.459 |     0.55061 |       8.108 |      19.867 |           80 |      0.17792 |
|   27 |       2 | Accept |      94.819 |     0.51496 |       8.108 |      19.867 |           73 |     0.012214 |
|   28 |       2 | Accept |      18.899 |     0.50497 |       8.108 |      19.867 |           61 |     0.004454 |
|   29 |       2 | Accept |      111.74 |     0.41881 |       8.108 |      19.867 |           56 |      0.03257 |
|   30 |       2 | Accept |       59.88 |     0.30621 |       8.108 |      19.867 |           23 |     0.071488 |
|   31 |       2 | Accept |      14.871 |     0.45348 |       8.108 |      19.867 |           38 |      0.17793 |
|   32 |       2 | Accept |      34.756 |     0.38466 |       8.108 |      19.867 |           21 |     0.026765 |

__________________________________________________________
Optimization completed.
MaxObjectiveEvaluations of 30 reached.
Total function evaluations: 32
Total elapsed time: 14.7489 seconds.
Total objective function evaluation time: 136.6656

Best observed feasible point:
    hiddenLayerSize       lr    
    _______________    _________

          12           0.0010567

Observed objective function value = 8.108
Estimated objective function value = 23.0268
Function evaluation time = 7.8506

Best estimated feasible point (according to models):
    hiddenLayerSize       lr   
    _______________    ________

          30           0.027179

Estimated objective function value = 19.8669
Estimated function evaluation time = 1.8391


T =

  1x2 table

    hiddenLayerSize       lr   
    _______________    ________

          30           0.027179

Elapsed time is 164.265421 seconds.



combinedFigDaily = 

    "/scratch/lhw150030/mintsData/visualAnalysis/UTDNodes/001e06318cee/UTD_Ronn_All_RS_ONN_1_Daily_001e06318cee_pm2_5_palas.png"


combinedFigTT = 

    "/scratch/lhw150030/mintsData/visualAnalysis/UTDNodes/001e06318cee/UTD_Ronn_All_RS_ONN_1_2021_03_31_08_19_05/UTD_Ronn_All_RS_ONN_1_2021_03_31_08_19_05_001e06318cee_pm2_5_palas_TT.png"


plot3 = 

  Line with properties:

              Color: [0.9290 0.6940 0.1250]
          LineStyle: '-'
          LineWidth: 0.5000
             Marker: 'none'
         MarkerSize: 6
    MarkerFaceColor: 'none'
              XData: [1x19586 double]
              YData: [1x19586 double]
              ZData: [1x0 double]

  Use GET to show all properties


plot4 = 

  Line (fitted curve) with properties:

              Color: [1 0 0]
          LineStyle: '-'
          LineWidth: 0.5000
             Marker: 'none'
         MarkerSize: 6
    MarkerFaceColor: 'none'
              XData: [1x1001 double]
              YData: [1x1001 double]
              ZData: [1x0 double]

  Use GET to show all properties


plot6 = 

  Line (fitted curve) with properties:

              Color: [1 0 0]
          LineStyle: '-'
          LineWidth: 0.5000
             Marker: 'none'
         MarkerSize: 6
    MarkerFaceColor: 'none'
              XData: [1x1001 double]
              YData: [1x1001 double]
              ZData: [1x0 double]

  Use GET to show all properties


plot3 = 

  Line with properties:

              Color: [0.9290 0.6940 0.1250]
          LineStyle: '-'
          LineWidth: 0.5000
             Marker: 'none'
         MarkerSize: 6
    MarkerFaceColor: 'none'
              XData: [1x19586 double]
              YData: [1x19586 double]
              ZData: [1x0 double]

  Use GET to show all properties


plot4 = 

  Line (fitted curve) with properties:

              Color: [1 0 0]
          LineStyle: '-'
          LineWidth: 0.5000
             Marker: 'none'
         MarkerSize: 6
    MarkerFaceColor: 'none'
              XData: [1x1001 double]
              YData: [1x1001 double]
              ZData: [1x0 double]

  Use GET to show all properties


plot6 = 

  Line (fitted curve) with properties:

              Color: [1 0 0]
          LineStyle: '-'
          LineWidth: 0.5000
             Marker: 'none'
         MarkerSize: 6
    MarkerFaceColor: 'none'
              XData: [1x1001 double]
              YData: [1x1001 double]
              ZData: [1x0 double]

  Use GET to show all properties

    "Saving Model Files for Node: 001e06318cee & target :PM_{2.5}"


modelsSaveNameDaily = 

    "/scratch/lhw150030/mintsData/modelsMats/UTDNodes/001e06318cee/daily_Mdl_001e06318cee_pm2_5_palas.mat"


modelsSaveName = 

    "/scratch/lhw150030/mintsData/modelsMats/UTDNodes/001e06318cee/UTD_Ronn_All_RS_ONN_1_2021_03_31_08_19_05/UTD_Ronn_All_RS_ONN_1_2021_03_31_08_19_05_001e06318cee_pm2_5_palas.mat"


resultsSaveName = 

    "/scratch/lhw150030/mintsData/modelsMats/UTDNodes/001e06318cee/daily_Mdl_001e06318cee_pm2_5_palas.csv"






trainingSaveNameDaily = 

    "/scratch/lhw150030/mintsData/trainingMats/UTDNodes/001e06318cee/UTD_Ronn_All_RS_ONN_1_Daily_001e06318cee_pm2_5_palas.mat"


trainingSaveName = 

    "/scratch/lhw150030/mintsData/trainingMats/UTDNodes/001e06318cee/UTD_Ronn_All_RS_ONN_1_2021_03_31_08_19_05/UTD_Ronn_All_RS_ONN_1_2021_03_31_08_19_05_001e06318cee_pm2_5_palas.mat"



    "Gainin Data set for Node 001e06318cee with target output pm4_palas @ 31-Mar-2021 11:42:01"

Going through column 1 and choosing a representative sample. Choosing 750 bins for this column. With 3 members per bin.
Going through column 2 and choosing a representative sample. Choosing 750 bins for this column. With 3 members per bin.
Going through column 3 and choosing a representative sample. Choosing 334 bins for this column. With 3 members per bin.
Going through column 4 and choosing a representative sample. Choosing 76 bins for this column. With 3 members per bin.
Going through column 5 and choosing a representative sample. Choosing 1 bins for this column. With 3 members per bin.
Going through column 6 and choosing a representative sample. Choosing 750 bins for this column. With 3 members per bin.
Going through column 7 and choosing a representative sample. Choosing 750 bins for this column. With 3 members per bin.
Going through column 8 and choosing a representative sample. Choosing 750 bins for this column. With 3 members per bin.
Going through column 9 and choosing a representative sample. Choosing 750 bins for this column. With 3 members per bin.
Going through column 10 and choosing a representative sample. Choosing 750 bins for this column. With 3 members per bin.
Going through column 11 and choosing a representative sample. Choosing 750 bins for this column. With 3 members per bin.
Going through column 12 and choosing a representative sample. Choosing 750 bins for this column. With 3 members per bin.
Going through column 13 and choosing a representative sample. Choosing 750 bins for this column. With 3 members per bin.
Going through column 14 and choosing a representative sample. Choosing 667 bins for this column. With 3 members per bin.
Going through column 15 and choosing a representative sample. Choosing 397 bins for this column. With 3 members per bin.
Going through column 16 and choosing a representative sample. Choosing 321 bins for this column. With 3 members per bin.
Going through column 17 and choosing a representative sample. Choosing 194 bins for this column. With 3 members per bin.
Going through column 18 and choosing a representative sample. Choosing 86 bins for this column. With 3 members per bin.
Going through column 19 and choosing a representative sample. Choosing 36 bins for this column. With 3 members per bin.
Going through column 20 and choosing a representative sample. Choosing 20 bins for this column. With 3 members per bin.
Going through column 21 and choosing a representative sample. Choosing 12 bins for this column. With 3 members per bin.
Going through column 22 and choosing a representative sample. Choosing 9 bins for this column. With 3 members per bin.
Going through column 23 and choosing a representative sample. Choosing 6 bins for this column. With 3 members per bin.
Going through column 24 and choosing a representative sample. Choosing 5 bins for this column. With 3 members per bin.
Going through column 25 and choosing a representative sample. Choosing 4 bins for this column. With 3 members per bin.
Going through column 26 and choosing a representative sample. Choosing 3 bins for this column. With 3 members per bin.
Going through column 27 and choosing a representative sample. Choosing 5 bins for this column. With 3 members per bin.
Going through column 28 and choosing a representative sample. Choosing 247 bins for this column. With 3 members per bin.
Going through column 29 and choosing a representative sample. Choosing 298 bins for this column. With 3 members per bin.
Going through column 30 and choosing a representative sample. Choosing 298 bins for this column. With 3 members per bin.
Going through column 31 and choosing a representative sample. Choosing 228 bins for this column. With 3 members per bin.
Going through column 32 and choosing a representative sample. Choosing 750 bins for this column. With 3 members per bin.
Going through column 33 and choosing a representative sample. Choosing 750 bins for this column. With 3 members per bin.
Going through column 34 and choosing a representative sample. Choosing 750 bins for this column. With 3 members per bin.
Going through column 35 and choosing a representative sample. Choosing 750 bins for this column. With 3 members per bin.
Going through column 36 and choosing a representative sample. Choosing 750 bins for this column. With 3 members per bin.
Going through column 37 and choosing a representative sample. Choosing 185 bins for this column. With 3 members per bin.
Going through column 38 and choosing a representative sample. Choosing 304 bins for this column. With 3 members per bin.
Going through column 39 and choosing a representative sample. Choosing 1500 bins for this column. With 6 members per bin.

ans =

       18947


ans =

        3344

    "Running Regression"

Copying objective function to workers...
Done copying objective function to workers.
|===============================================================================================================|
| Iter | Active  | Eval   | Objective   | Objective   | BestSoFar   | BestSoFar   | hiddenLayerS-|           lr |
|      | workers | result |             | runtime     | (observed)  | (estim.)    | ize          |              |
|===============================================================================================================|
|    1 |      16 | Best   |      203.39 |      5.5723 |      203.39 |      203.39 |           67 |      0.17211 |
|    2 |       3 | Accept |      149.12 |      5.6886 |      43.397 |      115.01 |           11 |      0.76311 |
|    3 |       3 | Accept |      213.39 |      5.9735 |      43.397 |      115.01 |           77 |      0.01726 |
|    4 |       3 | Accept |       85.71 |      6.0271 |      43.397 |      115.01 |           50 |    0.0029523 |
|    5 |       3 | Accept |      45.101 |      6.0556 |      43.397 |      115.01 |           59 |    0.0022328 |
|    6 |       3 | Accept |       80.86 |      6.2448 |      43.397 |      115.01 |           83 |     0.095562 |
|    7 |       3 | Best   |      43.397 |      6.2453 |      43.397 |      115.01 |           84 |      0.22863 |
|    8 |       3 | Accept |      168.37 |      6.1511 |      43.397 |      115.01 |           52 |      0.93568 |
|    9 |       3 | Accept |       85.28 |      6.1966 |      43.397 |      115.01 |           41 |     0.017326 |
|   10 |       3 | Accept |      83.833 |       6.313 |      43.397 |      115.01 |           76 |      0.11384 |
|   11 |       3 | Accept |      121.82 |      6.3428 |      43.397 |      115.01 |           67 |      0.95096 |
|   12 |       3 | Accept |      132.46 |      6.4716 |      43.397 |      115.01 |           91 |     0.013748 |
|   13 |       3 | Accept |      150.11 |      5.6459 |      43.397 |      115.01 |           37 |    0.0055687 |
|   14 |       3 | Accept |      110.14 |      6.4946 |      43.397 |      115.01 |           78 |    0.0012992 |
|   15 |       3 | Accept |      52.111 |      6.4385 |      43.397 |      115.01 |           92 |     0.014489 |
|   16 |      15 | Accept |      156.08 |      6.5819 |      43.397 |      126.65 |           77 |     0.011612 |
|   17 |      15 | Accept |      271.89 |     0.35646 |      43.397 |      126.65 |           69 |    0.0010607 |
|   18 |       2 | Accept |      170.14 |      0.4968 |      17.278 |      112.38 |          100 |      0.93961 |
|   19 |       2 | Accept |      100.58 |     0.36615 |      17.278 |      112.38 |           50 |      0.16619 |
|   20 |       2 | Accept |      32.293 |     0.44993 |      17.278 |      112.38 |           81 |      0.44528 |
|===============================================================================================================|
| Iter | Active  | Eval   | Objective   | Objective   | BestSoFar   | BestSoFar   | hiddenLayerS-|           lr |
|      | workers | result |             | runtime     | (observed)  | (estim.)    | ize          |              |
|===============================================================================================================|
|   21 |       2 | Accept |      43.902 |     0.22384 |      17.278 |      112.38 |           15 |      0.80583 |
|   22 |       2 | Accept |      38.726 |     0.23552 |      17.278 |      112.38 |           14 |      0.32225 |
|   23 |       2 | Accept |      96.443 |      0.2865 |      17.278 |      112.38 |           29 |     0.056098 |
|   24 |       2 | Best   |      17.278 |     0.21103 |      17.278 |      112.38 |           11 |     0.040395 |
|   25 |       2 | Accept |      103.09 |     0.40714 |      17.278 |      112.38 |           67 |     0.044538 |
|   26 |       2 | Accept |      205.96 |     0.34741 |      17.278 |      112.38 |           36 |      0.53474 |
|   27 |       2 | Accept |      84.927 |     0.37779 |      17.278 |      112.38 |           58 |      0.56179 |
|   28 |       2 | Accept |       109.1 |       0.355 |      17.278 |      112.38 |           46 |     0.027217 |
|   29 |       2 | Accept |       166.9 |     0.39338 |      17.278 |      112.38 |           60 |     0.050284 |
|   30 |       2 | Accept |       25.26 |     0.23827 |      17.278 |      112.38 |           10 |      0.00548 |
|   31 |       2 | Accept |      136.12 |     0.37684 |      17.278 |      112.38 |           52 |     0.068877 |

__________________________________________________________
Optimization completed.
MaxObjectiveEvaluations of 30 reached.
Total function evaluations: 31
Total elapsed time: 10.0994 seconds.
Total objective function evaluation time: 103.5654

Best observed feasible point:
    hiddenLayerSize       lr   
    _______________    ________

          11           0.040395

Observed objective function value = 17.2784
Estimated objective function value = 112.3765
Function evaluation time = 0.21103

Best estimated feasible point (according to models):
    hiddenLayerSize      lr   
    _______________    _______

          10           0.00548

Estimated objective function value = 112.3765
Estimated function evaluation time = 0.73745


T =

  1x2 table

    hiddenLayerSize      lr   
    _______________    _______

          10           0.00548

Elapsed time is 50.684689 seconds.



combinedFigDaily = 

    "/scratch/lhw150030/mintsData/visualAnalysis/UTDNodes/001e06318cee/UTD_Ronn_All_RS_ONN_1_Daily_001e06318cee_pm4_palas.png"


combinedFigTT = 

    "/scratch/lhw150030/mintsData/visualAnalysis/UTDNodes/001e06318cee/UTD_Ronn_All_RS_ONN_1_2021_03_31_08_19_05/UTD_Ronn_All_RS_ONN_1_2021_03_31_08_19_05_001e06318cee_pm4_palas_TT.png"


plot3 = 

  Line with properties:

              Color: [0.9290 0.6940 0.1250]
          LineStyle: '-'
          LineWidth: 0.5000
             Marker: 'none'
         MarkerSize: 6
    MarkerFaceColor: 'none'
              XData: [1x18947 double]
              YData: [1x18947 double]
              ZData: [1x0 double]

  Use GET to show all properties


plot4 = 

  Line (fitted curve) with properties:

              Color: [1 0 0]
          LineStyle: '-'
          LineWidth: 0.5000
             Marker: 'none'
         MarkerSize: 6
    MarkerFaceColor: 'none'
              XData: [1x1001 double]
              YData: [1x1001 double]
              ZData: [1x0 double]

  Use GET to show all properties


plot6 = 

  Line (fitted curve) with properties:

              Color: [1 0 0]
          LineStyle: '-'
          LineWidth: 0.5000
             Marker: 'none'
         MarkerSize: 6
    MarkerFaceColor: 'none'
              XData: [1x1001 double]
              YData: [1x1001 double]
              ZData: [1x0 double]

  Use GET to show all properties


plot3 = 

  Line with properties:

              Color: [0.9290 0.6940 0.1250]
          LineStyle: '-'
          LineWidth: 0.5000
             Marker: 'none'
         MarkerSize: 6
    MarkerFaceColor: 'none'
              XData: [1x18947 double]
              YData: [1x18947 double]
              ZData: [1x0 double]

  Use GET to show all properties


plot4 = 

  Line (fitted curve) with properties:

              Color: [1 0 0]
          LineStyle: '-'
          LineWidth: 0.5000
             Marker: 'none'
         MarkerSize: 6
    MarkerFaceColor: 'none'
              XData: [1x1001 double]
              YData: [1x1001 double]
              ZData: [1x0 double]

  Use GET to show all properties


plot6 = 

  Line (fitted curve) with properties:

              Color: [1 0 0]
          LineStyle: '-'
          LineWidth: 0.5000
             Marker: 'none'
         MarkerSize: 6
    MarkerFaceColor: 'none'
              XData: [1x1001 double]
              YData: [1x1001 double]
              ZData: [1x0 double]

  Use GET to show all properties

    "Saving Model Files for Node: 001e06318cee & target :PM_{4}"


modelsSaveNameDaily = 

    "/scratch/lhw150030/mintsData/modelsMats/UTDNodes/001e06318cee/daily_Mdl_001e06318cee_pm4_palas.mat"


modelsSaveName = 

    "/scratch/lhw150030/mintsData/modelsMats/UTDNodes/001e06318cee/UTD_Ronn_All_RS_ONN_1_2021_03_31_08_19_05/UTD_Ronn_All_RS_ONN_1_2021_03_31_08_19_05_001e06318cee_pm4_palas.mat"


resultsSaveName = 

    "/scratch/lhw150030/mintsData/modelsMats/UTDNodes/001e06318cee/daily_Mdl_001e06318cee_pm4_palas.csv"






trainingSaveNameDaily = 

    "/scratch/lhw150030/mintsData/trainingMats/UTDNodes/001e06318cee/UTD_Ronn_All_RS_ONN_1_Daily_001e06318cee_pm4_palas.mat"


trainingSaveName = 

    "/scratch/lhw150030/mintsData/trainingMats/UTDNodes/001e06318cee/UTD_Ronn_All_RS_ONN_1_2021_03_31_08_19_05/UTD_Ronn_All_RS_ONN_1_2021_03_31_08_19_05_001e06318cee_pm4_palas.mat"



    "Gainin Data set for Node 001e06318cee with target output pm10_palas @ 31-Mar-2021 11:44:07"

Going through column 1 and choosing a representative sample. Choosing 750 bins for this column. With 3 members per bin.
Going through column 2 and choosing a representative sample. Choosing 750 bins for this column. With 3 members per bin.
Going through column 3 and choosing a representative sample. Choosing 334 bins for this column. With 3 members per bin.
Going through column 4 and choosing a representative sample. Choosing 76 bins for this column. With 3 members per bin.
Going through column 5 and choosing a representative sample. Choosing 1 bins for this column. With 3 members per bin.
Going through column 6 and choosing a representative sample. Choosing 750 bins for this column. With 3 members per bin.
Going through column 7 and choosing a representative sample. Choosing 750 bins for this column. With 3 members per bin.
Going through column 8 and choosing a representative sample. Choosing 750 bins for this column. With 3 members per bin.
Going through column 9 and choosing a representative sample. Choosing 750 bins for this column. With 3 members per bin.
Going through column 10 and choosing a representative sample. Choosing 750 bins for this column. With 3 members per bin.
Going through column 11 and choosing a representative sample. Choosing 750 bins for this column. With 3 members per bin.
Going through column 12 and choosing a representative sample. Choosing 750 bins for this column. With 3 members per bin.
Going through column 13 and choosing a representative sample. Choosing 750 bins for this column. With 3 members per bin.
Going through column 14 and choosing a representative sample. Choosing 667 bins for this column. With 3 members per bin.
Going through column 15 and choosing a representative sample. Choosing 397 bins for this column. With 3 members per bin.
Going through column 16 and choosing a representative sample. Choosing 321 bins for this column. With 3 members per bin.
Going through column 17 and choosing a representative sample. Choosing 194 bins for this column. With 3 members per bin.
Going through column 18 and choosing a representative sample. Choosing 86 bins for this column. With 3 members per bin.
Going through column 19 and choosing a representative sample. Choosing 36 bins for this column. With 3 members per bin.
Going through column 20 and choosing a representative sample. Choosing 20 bins for this column. With 3 members per bin.
Going through column 21 and choosing a representative sample. Choosing 12 bins for this column. With 3 members per bin.
Going through column 22 and choosing a representative sample. Choosing 9 bins for this column. With 3 members per bin.
Going through column 23 and choosing a representative sample. Choosing 6 bins for this column. With 3 members per bin.
Going through column 24 and choosing a representative sample. Choosing 5 bins for this column. With 3 members per bin.
Going through column 25 and choosing a representative sample. Choosing 4 bins for this column. With 3 members per bin.
Going through column 26 and choosing a representative sample. Choosing 3 bins for this column. With 3 members per bin.
Going through column 27 and choosing a representative sample. Choosing 5 bins for this column. With 3 members per bin.
Going through column 28 and choosing a representative sample. Choosing 247 bins for this column. With 3 members per bin.
Going through column 29 and choosing a representative sample. Choosing 298 bins for this column. With 3 members per bin.
Going through column 30 and choosing a representative sample. Choosing 298 bins for this column. With 3 members per bin.
Going through column 31 and choosing a representative sample. Choosing 228 bins for this column. With 3 members per bin.
Going through column 32 and choosing a representative sample. Choosing 750 bins for this column. With 3 members per bin.
Going through column 33 and choosing a representative sample. Choosing 750 bins for this column. With 3 members per bin.
Going through column 34 and choosing a representative sample. Choosing 750 bins for this column. With 3 members per bin.
Going through column 35 and choosing a representative sample. Choosing 750 bins for this column. With 3 members per bin.
Going through column 36 and choosing a representative sample. Choosing 750 bins for this column. With 3 members per bin.
Going through column 37 and choosing a representative sample. Choosing 185 bins for this column. With 3 members per bin.
Going through column 38 and choosing a representative sample. Choosing 304 bins for this column. With 3 members per bin.
Going through column 39 and choosing a representative sample. Choosing 1500 bins for this column. With 6 members per bin.

ans =

       17280


ans =

        3050

    "Running Regression"

Copying objective function to workers...
Done copying objective function to workers.
|===============================================================================================================|
| Iter | Active  | Eval   | Objective   | Objective   | BestSoFar   | BestSoFar   | hiddenLayerS-|           lr |
|      | workers | result |             | runtime     | (observed)  | (estim.)    | ize          |              |
|===============================================================================================================|
|    1 |      16 | Best   |      399.98 |      5.0505 |      399.98 |      399.98 |            7 |    0.0026299 |
|    2 |       5 | Accept |      332.27 |      5.3498 |      80.129 |      132.78 |           84 |    0.0040212 |
|    3 |       5 | Accept |      150.51 |      5.4471 |      80.129 |      132.78 |           94 |     0.062159 |
|    4 |       5 | Accept |      196.67 |      5.4916 |      80.129 |      132.78 |           51 |      0.51604 |
|    5 |       5 | Accept |      447.09 |      5.4816 |      80.129 |      132.78 |           37 |     0.012254 |
|    6 |       5 | Accept |      582.56 |      5.5116 |      80.129 |      132.78 |           37 |    0.0099368 |
|    7 |       5 | Accept |      650.44 |      5.4921 |      80.129 |      132.78 |           30 |    0.0011653 |
|    8 |       5 | Best   |      80.129 |      5.5757 |      80.129 |      132.78 |           48 |    0.0014729 |
|    9 |       5 | Accept |      155.67 |      5.5395 |      80.129 |      132.78 |           27 |      0.16616 |
|   10 |       5 | Accept |      622.23 |      5.8852 |      80.129 |      132.78 |           34 |     0.028065 |
|   11 |       5 | Accept |      294.62 |      5.8359 |      80.129 |      132.78 |           17 |     0.057499 |
|   12 |       5 | Accept |      154.46 |      5.1577 |      80.129 |      132.78 |           89 |      0.38622 |
|   13 |       5 | Accept |      504.55 |       5.308 |      80.129 |      132.78 |           25 |     0.013772 |
|   14 |      13 | Accept |       444.7 |      5.9772 |      34.625 |      150.61 |           90 |    0.0090028 |
|   15 |      13 | Accept |      413.54 |      5.9394 |      34.625 |      150.61 |           54 |    0.0088362 |
|   16 |      13 | Best   |      34.625 |      5.9889 |      34.625 |      150.61 |           21 |     0.026748 |
|   17 |      13 | Accept |      133.81 |     0.37979 |      34.625 |      150.61 |           96 |     0.015376 |
|   18 |       2 | Accept |      569.02 |      0.2906 |      34.625 |      230.88 |           51 |    0.0010016 |
|   19 |       2 | Accept |      218.92 |     0.19627 |      34.625 |      230.88 |           15 |      0.91369 |
|   20 |       2 | Accept |      213.58 |     0.27002 |      34.625 |      230.88 |           44 |      0.03976 |
|===============================================================================================================|
| Iter | Active  | Eval   | Objective   | Objective   | BestSoFar   | BestSoFar   | hiddenLayerS-|           lr |
|      | workers | result |             | runtime     | (observed)  | (estim.)    | ize          |              |
|===============================================================================================================|
|   21 |       2 | Accept |      209.23 |     0.29386 |      34.625 |      230.88 |           54 |      0.55961 |
|   22 |       2 | Accept |      55.937 |     0.27455 |      34.625 |      230.88 |           43 |     0.016364 |
|   23 |       2 | Accept |      344.17 |     0.26391 |      34.625 |      230.88 |           34 |     0.022949 |
|   24 |       2 | Accept |      317.45 |     0.16301 |      34.625 |      230.88 |            8 |     0.098375 |
|   25 |       2 | Accept |      227.32 |     0.35167 |      34.625 |      230.88 |           73 |     0.068293 |
|   26 |       2 | Accept |      141.68 |     0.39956 |      34.625 |      230.88 |           91 |      0.14473 |
|   27 |       2 | Accept |      320.07 |     0.21242 |      34.625 |      230.88 |           20 |       0.1005 |
|   28 |       2 | Accept |      541.62 |      0.3949 |      34.625 |      230.88 |           92 |    0.0098912 |
|   29 |       2 | Accept |      119.84 |     0.39269 |      34.625 |      230.88 |           85 |     0.061018 |
|   30 |      16 | Accept |      59.659 |     0.17543 |      34.625 |      219.48 |           20 |     0.021528 |

__________________________________________________________
Optimization completed.
MaxObjectiveEvaluations of 30 reached.
Total function evaluations: 30
Total elapsed time: 10.9874 seconds.
Total objective function evaluation time: 93.0906

Best observed feasible point:
    hiddenLayerSize       lr   
    _______________    ________

          21           0.026748

Observed objective function value = 34.6252
Estimated objective function value = 297.4419
Function evaluation time = 5.9889

Best estimated feasible point (according to models):
    hiddenLayerSize       lr   
    _______________    ________

          94           0.062159

Estimated objective function value = 219.476
Estimated function evaluation time = 1.3735


T =

  1x2 table

    hiddenLayerSize       lr   
    _______________    ________

          94           0.062159

Elapsed time is 1425.904408 seconds.



combinedFigDaily = 

    "/scratch/lhw150030/mintsData/visualAnalysis/UTDNodes/001e06318cee/UTD_Ronn_All_RS_ONN_1_Daily_001e06318cee_pm10_palas.png"


combinedFigTT = 

    "/scratch/lhw150030/mintsData/visualAnalysis/UTDNodes/001e06318cee/UTD_Ronn_All_RS_ONN_1_2021_03_31_08_19_05/UTD_Ronn_All_RS_ONN_1_2021_03_31_08_19_05_001e06318cee_pm10_palas_TT.png"


plot3 = 

  Line with properties:

              Color: [0.9290 0.6940 0.1250]
          LineStyle: '-'
          LineWidth: 0.5000
             Marker: 'none'
         MarkerSize: 6
    MarkerFaceColor: 'none'
              XData: [1x17280 double]
              YData: [1x17280 double]
              ZData: [1x0 double]

  Use GET to show all properties


plot4 = 

  Line (fitted curve) with properties:

              Color: [1 0 0]
          LineStyle: '-'
          LineWidth: 0.5000
             Marker: 'none'
         MarkerSize: 6
    MarkerFaceColor: 'none'
              XData: [1x1001 double]
              YData: [1x1001 double]
              ZData: [1x0 double]

  Use GET to show all properties


plot6 = 

  Line (fitted curve) with properties:

              Color: [1 0 0]
          LineStyle: '-'
          LineWidth: 0.5000
             Marker: 'none'
         MarkerSize: 6
    MarkerFaceColor: 'none'
              XData: [1x1001 double]
              YData: [1x1001 double]
              ZData: [1x0 double]

  Use GET to show all properties


plot3 = 

  Line with properties:

              Color: [0.9290 0.6940 0.1250]
          LineStyle: '-'
          LineWidth: 0.5000
             Marker: 'none'
         MarkerSize: 6
    MarkerFaceColor: 'none'
              XData: [1x17280 double]
              YData: [1x17280 double]
              ZData: [1x0 double]

  Use GET to show all properties


plot4 = 

  Line (fitted curve) with properties:

              Color: [1 0 0]
          LineStyle: '-'
          LineWidth: 0.5000
             Marker: 'none'
         MarkerSize: 6
    MarkerFaceColor: 'none'
              XData: [1x1001 double]
              YData: [1x1001 double]
              ZData: [1x0 double]

  Use GET to show all properties


plot6 = 

  Line (fitted curve) with properties:

              Color: [1 0 0]
          LineStyle: '-'
          LineWidth: 0.5000
             Marker: 'none'
         MarkerSize: 6
    MarkerFaceColor: 'none'
              XData: [1x1001 double]
              YData: [1x1001 double]
              ZData: [1x0 double]

  Use GET to show all properties

    "Saving Model Files for Node: 001e06318cee & target :PM_{10}"


modelsSaveNameDaily = 

    "/scratch/lhw150030/mintsData/modelsMats/UTDNodes/001e06318cee/daily_Mdl_001e06318cee_pm10_palas.mat"


modelsSaveName = 

    "/scratch/lhw150030/mintsData/modelsMats/UTDNodes/001e06318cee/UTD_Ronn_All_RS_ONN_1_2021_03_31_08_19_05/UTD_Ronn_All_RS_ONN_1_2021_03_31_08_19_05_001e06318cee_pm10_palas.mat"


resultsSaveName = 

    "/scratch/lhw150030/mintsData/modelsMats/UTDNodes/001e06318cee/daily_Mdl_001e06318cee_pm10_palas.csv"






trainingSaveNameDaily = 

    "/scratch/lhw150030/mintsData/trainingMats/UTDNodes/001e06318cee/UTD_Ronn_All_RS_ONN_1_Daily_001e06318cee_pm10_palas.mat"


trainingSaveName = 

    "/scratch/lhw150030/mintsData/trainingMats/UTDNodes/001e06318cee/UTD_Ronn_All_RS_ONN_1_2021_03_31_08_19_05/UTD_Ronn_All_RS_ONN_1_2021_03_31_08_19_05_001e06318cee_pm10_palas.mat"



    "Gainin Data set for Node 001e06318cee with target output pmTotal_palas @ 31-Mar-2021 12:09:04"

Going through column 1 and choosing a representative sample. Choosing 750 bins for this column. With 3 members per bin.
Going through column 2 and choosing a representative sample. Choosing 750 bins for this column. With 3 members per bin.
Going through column 3 and choosing a representative sample. Choosing 334 bins for this column. With 3 members per bin.
Going through column 4 and choosing a representative sample. Choosing 76 bins for this column. With 3 members per bin.
Going through column 5 and choosing a representative sample. Choosing 1 bins for this column. With 3 members per bin.
Going through column 6 and choosing a representative sample. Choosing 750 bins for this column. With 3 members per bin.
Going through column 7 and choosing a representative sample. Choosing 750 bins for this column. With 3 members per bin.
Going through column 8 and choosing a representative sample. Choosing 750 bins for this column. With 3 members per bin.
Going through column 9 and choosing a representative sample. Choosing 750 bins for this column. With 3 members per bin.
Going through column 10 and choosing a representative sample. Choosing 750 bins for this column. With 3 members per bin.
Going through column 11 and choosing a representative sample. Choosing 750 bins for this column. With 3 members per bin.
Going through column 12 and choosing a representative sample. Choosing 750 bins for this column. With 3 members per bin.
Going through column 13 and choosing a representative sample. Choosing 750 bins for this column. With 3 members per bin.
Going through column 14 and choosing a representative sample. Choosing 667 bins for this column. With 3 members per bin.
Going through column 15 and choosing a representative sample. Choosing 397 bins for this column. With 3 members per bin.
Going through column 16 and choosing a representative sample. Choosing 321 bins for this column. With 3 members per bin.
Going through column 17 and choosing a representative sample. Choosing 194 bins for this column. With 3 members per bin.
Going through column 18 and choosing a representative sample. Choosing 86 bins for this column. With 3 members per bin.
Going through column 19 and choosing a representative sample. Choosing 36 bins for this column. With 3 members per bin.
Going through column 20 and choosing a representative sample. Choosing 20 bins for this column. With 3 members per bin.
Going through column 21 and choosing a representative sample. Choosing 12 bins for this column. With 3 members per bin.
Going through column 22 and choosing a representative sample. Choosing 9 bins for this column. With 3 members per bin.
Going through column 23 and choosing a representative sample. Choosing 6 bins for this column. With 3 members per bin.
Going through column 24 and choosing a representative sample. Choosing 5 bins for this column. With 3 members per bin.
Going through column 25 and choosing a representative sample. Choosing 4 bins for this column. With 3 members per bin.
Going through column 26 and choosing a representative sample. Choosing 3 bins for this column. With 3 members per bin.
Going through column 27 and choosing a representative sample. Choosing 5 bins for this column. With 3 members per bin.
Going through column 28 and choosing a representative sample. Choosing 247 bins for this column. With 3 members per bin.
Going through column 29 and choosing a representative sample. Choosing 298 bins for this column. With 3 members per bin.
Going through column 30 and choosing a representative sample. Choosing 298 bins for this column. With 3 members per bin.
Going through column 31 and choosing a representative sample. Choosing 228 bins for this column. With 3 members per bin.
Going through column 32 and choosing a representative sample. Choosing 750 bins for this column. With 3 members per bin.
Going through column 33 and choosing a representative sample. Choosing 750 bins for this column. With 3 members per bin.
Going through column 34 and choosing a representative sample. Choosing 750 bins for this column. With 3 members per bin.
Going through column 35 and choosing a representative sample. Choosing 750 bins for this column. With 3 members per bin.
Going through column 36 and choosing a representative sample. Choosing 750 bins for this column. With 3 members per bin.
Going through column 37 and choosing a representative sample. Choosing 185 bins for this column. With 3 members per bin.
Going through column 38 and choosing a representative sample. Choosing 304 bins for this column. With 3 members per bin.
Going through column 39 and choosing a representative sample. Choosing 1500 bins for this column. With 6 members per bin.

ans =

       16330


ans =

        2882

    "Running Regression"

Copying objective function to workers...
The identifier was:
parallel:cluster:CouldNotOpenFileThere was an error! The message was:
Could not open file "/home/lhw150030/.matlab/local_cluster_jobs/R2020a/Job2.in.mat", the error returned was: Unable to read file '/home/lhw150030/.matlab/local_cluster_jobs/R2020a/Job2.in.mat'. No such file or directory..

    "Gainin Data set for Node 001e06318cee with target output dCn_palas @ 31-Mar-2021 12:09:52"

Going through column 1 and choosing a representative sample. Choosing 750 bins for this column. With 3 members per bin.
Going through column 2 and choosing a representative sample. Choosing 750 bins for this column. With 3 members per bin.
Going through column 3 and choosing a representative sample. Choosing 334 bins for this column. With 3 members per bin.
Going through column 4 and choosing a representative sample. Choosing 76 bins for this column. With 3 members per bin.
Going through column 5 and choosing a representative sample. Choosing 1 bins for this column. With 3 members per bin.
Going through column 6 and choosing a representative sample. Choosing 750 bins for this column. With 3 members per bin.
Going through column 7 and choosing a representative sample. Choosing 750 bins for this column. With 3 members per bin.
Going through column 8 and choosing a representative sample. Choosing 750 bins for this column. With 3 members per bin.
Going through column 9 and choosing a representative sample. Choosing 750 bins for this column. With 3 members per bin.
Going through column 10 and choosing a representative sample. Choosing 750 bins for this column. With 3 members per bin.
Going through column 11 and choosing a representative sample. Choosing 750 bins for this column. With 3 members per bin.
Going through column 12 and choosing a representative sample. Choosing 750 bins for this column. With 3 members per bin.
Going through column 13 and choosing a representative sample. Choosing 750 bins for this column. With 3 members per bin.
Going through column 14 and choosing a representative sample. Choosing 667 bins for this column. With 3 members per bin.
Going through column 15 and choosing a representative sample. Choosing 397 bins for this column. With 3 members per bin.
Going through column 16 and choosing a representative sample. Choosing 321 bins for this column. With 3 members per bin.
Going through column 17 and choosing a representative sample. Choosing 194 bins for this column. With 3 members per bin.
Going through column 18 and choosing a representative sample. Choosing 86 bins for this column. With 3 members per bin.
Going through column 19 and choosing a representative sample. Choosing 36 bins for this column. With 3 members per bin.
Going through column 20 and choosing a representative sample. Choosing 20 bins for this column. With 3 members per bin.
Going through column 21 and choosing a representative sample. Choosing 12 bins for this column. With 3 members per bin.
Going through column 22 and choosing a representative sample. Choosing 9 bins for this column. With 3 members per bin.
Going through column 23 and choosing a representative sample. Choosing 6 bins for this column. With 3 members per bin.
Going through column 24 and choosing a representative sample. Choosing 5 bins for this column. With 3 members per bin.
Going through column 25 and choosing a representative sample. Choosing 4 bins for this column. With 3 members per bin.
Going through column 26 and choosing a representative sample. Choosing 3 bins for this column. With 3 members per bin.
Going through column 27 and choosing a representative sample. Choosing 5 bins for this column. With 3 members per bin.
Going through column 28 and choosing a representative sample. Choosing 247 bins for this column. With 3 members per bin.
Going through column 29 and choosing a representative sample. Choosing 298 bins for this column. With 3 members per bin.
Going through column 30 and choosing a representative sample. Choosing 298 bins for this column. With 3 members per bin.
Going through column 31 and choosing a representative sample. Choosing 228 bins for this column. With 3 members per bin.
Going through column 32 and choosing a representative sample. Choosing 750 bins for this column. With 3 members per bin.
Going through column 33 and choosing a representative sample. Choosing 750 bins for this column. With 3 members per bin.
Going through column 34 and choosing a representative sample. Choosing 750 bins for this column. With 3 members per bin.
Going through column 35 and choosing a representative sample. Choosing 750 bins for this column. With 3 members per bin.
Going through column 36 and choosing a representative sample. Choosing 750 bins for this column. With 3 members per bin.
Going through column 37 and choosing a representative sample. Choosing 185 bins for this column. With 3 members per bin.
Going through column 38 and choosing a representative sample. Choosing 304 bins for this column. With 3 members per bin.
Going through column 39 and choosing a representative sample. Choosing 1500 bins for this column. With 6 members per bin.

ans =

       20521


ans =

        3621

    "Running Regression"

Copying objective function to workers...
The identifier was:
parallel:cluster:CouldNotOpenFileThere was an error! The message was:
Could not open file "/home/lhw150030/.matlab/local_cluster_jobs/R2020a/Job2.in.mat", the error returned was: Unable to read file '/home/lhw150030/.matlab/local_cluster_jobs/R2020a/Job2.in.mat'. No such file or directory..

    "Gainin Data set for Node 001e06318cee with target output temperatureAirmar @ 31-Mar-2021 12:10:44"

Going through column 1 and choosing a representative sample. Choosing 750 bins for this column. With 3 members per bin.
Going through column 2 and choosing a representative sample. Choosing 750 bins for this column. With 3 members per bin.
Going through column 3 and choosing a representative sample. Choosing 334 bins for this column. With 3 members per bin.
Going through column 4 and choosing a representative sample. Choosing 76 bins for this column. With 3 members per bin.
Going through column 5 and choosing a representative sample. Choosing 1 bins for this column. With 3 members per bin.
Going through column 6 and choosing a representative sample. Choosing 750 bins for this column. With 3 members per bin.
Going through column 7 and choosing a representative sample. Choosing 750 bins for this column. With 3 members per bin.
Going through column 8 and choosing a representative sample. Choosing 750 bins for this column. With 3 members per bin.
Going through column 9 and choosing a representative sample. Choosing 750 bins for this column. With 3 members per bin.
Going through column 10 and choosing a representative sample. Choosing 750 bins for this column. With 3 members per bin.
Going through column 11 and choosing a representative sample. Choosing 750 bins for this column. With 3 members per bin.
Going through column 12 and choosing a representative sample. Choosing 750 bins for this column. With 3 members per bin.
Going through column 13 and choosing a representative sample. Choosing 750 bins for this column. With 3 members per bin.
Going through column 14 and choosing a representative sample. Choosing 667 bins for this column. With 3 members per bin.
Going through column 15 and choosing a representative sample. Choosing 397 bins for this column. With 3 members per bin.
Going through column 16 and choosing a representative sample. Choosing 321 bins for this column. With 3 members per bin.
Going through column 17 and choosing a representative sample. Choosing 194 bins for this column. With 3 members per bin.
Going through column 18 and choosing a representative sample. Choosing 86 bins for this column. With 3 members per bin.
Going through column 19 and choosing a representative sample. Choosing 36 bins for this column. With 3 members per bin.
Going through column 20 and choosing a representative sample. Choosing 20 bins for this column. With 3 members per bin.
Going through column 21 and choosing a representative sample. Choosing 12 bins for this column. With 3 members per bin.
Going through column 22 and choosing a representative sample. Choosing 9 bins for this column. With 3 members per bin.
Going through column 23 and choosing a representative sample. Choosing 6 bins for this column. With 3 members per bin.
Going through column 24 and choosing a representative sample. Choosing 5 bins for this column. With 3 members per bin.
Going through column 25 and choosing a representative sample. Choosing 4 bins for this column. With 3 members per bin.
Going through column 26 and choosing a representative sample. Choosing 3 bins for this column. With 3 members per bin.
Going through column 27 and choosing a representative sample. Choosing 5 bins for this column. With 3 members per bin.
Going through column 28 and choosing a representative sample. Choosing 247 bins for this column. With 3 members per bin.
Going through column 29 and choosing a representative sample. Choosing 298 bins for this column. With 3 members per bin.
Going through column 30 and choosing a representative sample. Choosing 298 bins for this column. With 3 members per bin.
Going through column 31 and choosing a representative sample. Choosing 228 bins for this column. With 3 members per bin.
Going through column 32 and choosing a representative sample. Choosing 750 bins for this column. With 3 members per bin.
Going through column 33 and choosing a representative sample. Choosing 750 bins for this column. With 3 members per bin.
Going through column 34 and choosing a representative sample. Choosing 750 bins for this column. With 3 members per bin.
Going through column 35 and choosing a representative sample. Choosing 750 bins for this column. With 3 members per bin.
Going through column 36 and choosing a representative sample. Choosing 750 bins for this column. With 3 members per bin.
Going through column 37 and choosing a representative sample. Choosing 185 bins for this column. With 3 members per bin.
Going through column 38 and choosing a representative sample. Choosing 304 bins for this column. With 3 members per bin.
Going through column 39 and choosing a representative sample. Choosing 1500 bins for this column. With 6 members per bin.

ans =

       21598


ans =

        3811

    "Running Regression"

Copying objective function to workers...
The identifier was:
parallel:cluster:CouldNotOpenFileThere was an error! The message was:
Could not open file "/home/lhw150030/.matlab/local_cluster_jobs/R2020a/Job2.in.mat", the error returned was: Unable to read file '/home/lhw150030/.matlab/local_cluster_jobs/R2020a/Job2.in.mat'. No such file or directory..

    "Gainin Data set for Node 001e06318cee with target output humidityAirmar @ 31-Mar-2021 12:11:35"

Going through column 1 and choosing a representative sample. Choosing 750 bins for this column. With 3 members per bin.
Going through column 2 and choosing a representative sample. Choosing 750 bins for this column. With 3 members per bin.
Going through column 3 and choosing a representative sample. Choosing 334 bins for this column. With 3 members per bin.
Going through column 4 and choosing a representative sample. Choosing 76 bins for this column. With 3 members per bin.
Going through column 5 and choosing a representative sample. Choosing 1 bins for this column. With 3 members per bin.
Going through column 6 and choosing a representative sample. Choosing 750 bins for this column. With 3 members per bin.
Going through column 7 and choosing a representative sample. Choosing 750 bins for this column. With 3 members per bin.
Going through column 8 and choosing a representative sample. Choosing 750 bins for this column. With 3 members per bin.
Going through column 9 and choosing a representative sample. Choosing 750 bins for this column. With 3 members per bin.
Going through column 10 and choosing a representative sample. Choosing 750 bins for this column. With 3 members per bin.
Going through column 11 and choosing a representative sample. Choosing 750 bins for this column. With 3 members per bin.
Going through column 12 and choosing a representative sample. Choosing 750 bins for this column. With 3 members per bin.
Going through column 13 and choosing a representative sample. Choosing 750 bins for this column. With 3 members per bin.
Going through column 14 and choosing a representative sample. Choosing 667 bins for this column. With 3 members per bin.
Going through column 15 and choosing a representative sample. Choosing 397 bins for this column. With 3 members per bin.
Going through column 16 and choosing a representative sample. Choosing 321 bins for this column. With 3 members per bin.
Going through column 17 and choosing a representative sample. Choosing 194 bins for this column. With 3 members per bin.
Going through column 18 and choosing a representative sample. Choosing 86 bins for this column. With 3 members per bin.
Going through column 19 and choosing a representative sample. Choosing 36 bins for this column. With 3 members per bin.
Going through column 20 and choosing a representative sample. Choosing 20 bins for this column. With 3 members per bin.
Going through column 21 and choosing a representative sample. Choosing 12 bins for this column. With 3 members per bin.
Going through column 22 and choosing a representative sample. Choosing 9 bins for this column. With 3 members per bin.
Going through column 23 and choosing a representative sample. Choosing 6 bins for this column. With 3 members per bin.
Going through column 24 and choosing a representative sample. Choosing 5 bins for this column. With 3 members per bin.
Going through column 25 and choosing a representative sample. Choosing 4 bins for this column. With 3 members per bin.
Going through column 26 and choosing a representative sample. Choosing 3 bins for this column. With 3 members per bin.
Going through column 27 and choosing a representative sample. Choosing 5 bins for this column. With 3 members per bin.
Going through column 28 and choosing a representative sample. Choosing 247 bins for this column. With 3 members per bin.
Going through column 29 and choosing a representative sample. Choosing 298 bins for this column. With 3 members per bin.
Going through column 30 and choosing a representative sample. Choosing 298 bins for this column. With 3 members per bin.
Going through column 31 and choosing a representative sample. Choosing 228 bins for this column. With 3 members per bin.
Going through column 32 and choosing a representative sample. Choosing 750 bins for this column. With 3 members per bin.
Going through column 33 and choosing a representative sample. Choosing 750 bins for this column. With 3 members per bin.
Going through column 34 and choosing a representative sample. Choosing 750 bins for this column. With 3 members per bin.
Going through column 35 and choosing a representative sample. Choosing 750 bins for this column. With 3 members per bin.
Going through column 36 and choosing a representative sample. Choosing 750 bins for this column. With 3 members per bin.
Going through column 37 and choosing a representative sample. Choosing 185 bins for this column. With 3 members per bin.
Going through column 38 and choosing a representative sample. Choosing 304 bins for this column. With 3 members per bin.
Going through column 39 and choosing a representative sample. Choosing 1500 bins for this column. With 6 members per bin.

ans =

       22408


ans =

        3954

    "Running Regression"

Copying objective function to workers...
The identifier was:
parallel:cluster:CouldNotOpenFileThere was an error! The message was:
Could not open file "/home/lhw150030/.matlab/local_cluster_jobs/R2020a/Job2.in.mat", the error returned was: Unable to read file '/home/lhw150030/.matlab/local_cluster_jobs/R2020a/Job2.in.mat'. No such file or directory..

    "Gainin Data set for Node 001e06318cee with target output dewPointAirmar @ 31-Mar-2021 12:12:22"

Going through column 1 and choosing a representative sample. Choosing 750 bins for this column. With 3 members per bin.
Going through column 2 and choosing a representative sample. Choosing 750 bins for this column. With 3 members per bin.
Going through column 3 and choosing a representative sample. Choosing 334 bins for this column. With 3 members per bin.
Going through column 4 and choosing a representative sample. Choosing 76 bins for this column. With 3 members per bin.
Going through column 5 and choosing a representative sample. Choosing 1 bins for this column. With 3 members per bin.
Going through column 6 and choosing a representative sample. Choosing 750 bins for this column. With 3 members per bin.
Going through column 7 and choosing a representative sample. Choosing 750 bins for this column. With 3 members per bin.
Going through column 8 and choosing a representative sample. Choosing 750 bins for this column. With 3 members per bin.
Going through column 9 and choosing a representative sample. Choosing 750 bins for this column. With 3 members per bin.
Going through column 10 and choosing a representative sample. Choosing 750 bins for this column. With 3 members per bin.
Going through column 11 and choosing a representative sample. Choosing 750 bins for this column. With 3 members per bin.
Going through column 12 and choosing a representative sample. Choosing 750 bins for this column. With 3 members per bin.
Going through column 13 and choosing a representative sample. Choosing 750 bins for this column. With 3 members per bin.
Going through column 14 and choosing a representative sample. Choosing 667 bins for this column. With 3 members per bin.
Going through column 15 and choosing a representative sample. Choosing 397 bins for this column. With 3 members per bin.
Going through column 16 and choosing a representative sample. Choosing 321 bins for this column. With 3 members per bin.
Going through column 17 and choosing a representative sample. Choosing 194 bins for this column. With 3 members per bin.
Going through column 18 and choosing a representative sample. Choosing 86 bins for this column. With 3 members per bin.
Going through column 19 and choosing a representative sample. Choosing 36 bins for this column. With 3 members per bin.
Going through column 20 and choosing a representative sample. Choosing 20 bins for this column. With 3 members per bin.
Going through column 21 and choosing a representative sample. Choosing 12 bins for this column. With 3 members per bin.
Going through column 22 and choosing a representative sample. Choosing 9 bins for this column. With 3 members per bin.
Going through column 23 and choosing a representative sample. Choosing 6 bins for this column. With 3 members per bin.
Going through column 24 and choosing a representative sample. Choosing 5 bins for this column. With 3 members per bin.
Going through column 25 and choosing a representative sample. Choosing 4 bins for this column. With 3 members per bin.
Going through column 26 and choosing a representative sample. Choosing 3 bins for this column. With 3 members per bin.
Going through column 27 and choosing a representative sample. Choosing 5 bins for this column. With 3 members per bin.
Going through column 28 and choosing a representative sample. Choosing 247 bins for this column. With 3 members per bin.
Going through column 29 and choosing a representative sample. Choosing 298 bins for this column. With 3 members per bin.
Going through column 30 and choosing a representative sample. Choosing 298 bins for this column. With 3 members per bin.
Going through column 31 and choosing a representative sample. Choosing 228 bins for this column. With 3 members per bin.
Going through column 32 and choosing a representative sample. Choosing 750 bins for this column. With 3 members per bin.
Going through column 33 and choosing a representative sample. Choosing 750 bins for this column. With 3 members per bin.
Going through column 34 and choosing a representative sample. Choosing 750 bins for this column. With 3 members per bin.
Going through column 35 and choosing a representative sample. Choosing 750 bins for this column. With 3 members per bin.
Going through column 36 and choosing a representative sample. Choosing 750 bins for this column. With 3 members per bin.
Going through column 37 and choosing a representative sample. Choosing 185 bins for this column. With 3 members per bin.
Going through column 38 and choosing a representative sample. Choosing 304 bins for this column. With 3 members per bin.
Going through column 39 and choosing a representative sample. Choosing 1500 bins for this column. With 6 members per bin.

ans =

       21686


ans =

        3827

    "Running Regression"

Copying objective function to workers...
The identifier was:
parallel:cluster:CouldNotOpenFileThere was an error! The message was:
Could not open file "/home/lhw150030/.matlab/local_cluster_jobs/R2020a/Job2.in.mat", the error returned was: Unable to read file '/home/lhw150030/.matlab/local_cluster_jobs/R2020a/Job2.in.mat'. No such file or directory..

    "Gainin Data set for Node 001e06318cee with target output pressureAirmar @ 31-Mar-2021 12:13:10"

Going through column 1 and choosing a representative sample. Choosing 750 bins for this column. With 3 members per bin.
Going through column 2 and choosing a representative sample. Choosing 750 bins for this column. With 3 members per bin.
Going through column 3 and choosing a representative sample. Choosing 334 bins for this column. With 3 members per bin.
Going through column 4 and choosing a representative sample. Choosing 76 bins for this column. With 3 members per bin.
Going through column 5 and choosing a representative sample. Choosing 1 bins for this column. With 3 members per bin.
Going through column 6 and choosing a representative sample. Choosing 750 bins for this column. With 3 members per bin.
Going through column 7 and choosing a representative sample. Choosing 750 bins for this column. With 3 members per bin.
Going through column 8 and choosing a representative sample. Choosing 750 bins for this column. With 3 members per bin.
Going through column 9 and choosing a representative sample. Choosing 750 bins for this column. With 3 members per bin.
Going through column 10 and choosing a representative sample. Choosing 750 bins for this column. With 3 members per bin.
Going through column 11 and choosing a representative sample. Choosing 750 bins for this column. With 3 members per bin.
Going through column 12 and choosing a representative sample. Choosing 750 bins for this column. With 3 members per bin.
Going through column 13 and choosing a representative sample. Choosing 750 bins for this column. With 3 members per bin.
Going through column 14 and choosing a representative sample. Choosing 667 bins for this column. With 3 members per bin.
Going through column 15 and choosing a representative sample. Choosing 397 bins for this column. With 3 members per bin.
Going through column 16 and choosing a representative sample. Choosing 321 bins for this column. With 3 members per bin.
Going through column 17 and choosing a representative sample. Choosing 194 bins for this column. With 3 members per bin.
Going through column 18 and choosing a representative sample. Choosing 86 bins for this column. With 3 members per bin.
Going through column 19 and choosing a representative sample. Choosing 36 bins for this column. With 3 members per bin.
Going through column 20 and choosing a representative sample. Choosing 20 bins for this column. With 3 members per bin.
Going through column 21 and choosing a representative sample. Choosing 12 bins for this column. With 3 members per bin.
Going through column 22 and choosing a representative sample. Choosing 9 bins for this column. With 3 members per bin.
Going through column 23 and choosing a representative sample. Choosing 6 bins for this column. With 3 members per bin.
Going through column 24 and choosing a representative sample. Choosing 5 bins for this column. With 3 members per bin.
Going through column 25 and choosing a representative sample. Choosing 4 bins for this column. With 3 members per bin.
Going through column 26 and choosing a representative sample. Choosing 3 bins for this column. With 3 members per bin.
Going through column 27 and choosing a representative sample. Choosing 5 bins for this column. With 3 members per bin.
Going through column 28 and choosing a representative sample. Choosing 247 bins for this column. With 3 members per bin.
Going through column 29 and choosing a representative sample. Choosing 298 bins for this column. With 3 members per bin.
Going through column 30 and choosing a representative sample. Choosing 298 bins for this column. With 3 members per bin.
Going through column 31 and choosing a representative sample. Choosing 228 bins for this column. With 3 members per bin.
Going through column 32 and choosing a representative sample. Choosing 750 bins for this column. With 3 members per bin.
Going through column 33 and choosing a representative sample. Choosing 750 bins for this column. With 3 members per bin.
Going through column 34 and choosing a representative sample. Choosing 750 bins for this column. With 3 members per bin.
Going through column 35 and choosing a representative sample. Choosing 750 bins for this column. With 3 members per bin.
Going through column 36 and choosing a representative sample. Choosing 750 bins for this column. With 3 members per bin.
Going through column 37 and choosing a representative sample. Choosing 185 bins for this column. With 3 members per bin.
Going through column 38 and choosing a representative sample. Choosing 304 bins for this column. With 3 members per bin.
Going through column 39 and choosing a representative sample. Choosing 1500 bins for this column. With 6 members per bin.

ans =

       22053


ans =

        3892

    "Running Regression"

Copying objective function to workers...
The identifier was:
parallel:cluster:CouldNotOpenFileThere was an error! The message was:
Could not open file "/home/lhw150030/.matlab/local_cluster_jobs/R2020a/Job2.in.mat", the error returned was: Unable to read file '/home/lhw150030/.matlab/local_cluster_jobs/R2020a/Job2.in.mat'. No such file or directory..

