Running calibration scripts for UTD Node: 15
Running on host: compute-1-1-16

                            < M A T L A B (R) >
                  Copyright 1984-2020 The MathWorks, Inc.
              R2020a Update 1 (9.8.0.1359463) 64-bit (glnxa64)
                               April 9, 2020

 
To get started, type doc.
For product information, visit www.mathworks.com.
 
UTD_Ronn_All_RS_ONN_1_2021_04_04_16_00_46


UTD_Ronn_All_RS_ONN_1_Daily


Optimzed NN All Inputs



globalCSVLabel = 

    "WSPre"



    "---------------------MINTS---------------------"

04-Apr-2021 16:00:46

mintsDefinitions = 

  struct with fields:

                 dataFolder: '/scratch/lhw150030/mintsData'
                poolWorkers: 16
                   timeSpan: 30
                   airmarID: '001e0610c0e4'
              binsPerColumn: 750
               numberPerBin: 3
                     pValid: 0.1500
                    nodeIDs: {1x16 cell}
                inputStack1: {1x9 cell}
          mintsInputsStack1: {1x35 cell}
     mintsInputLabelsStack1: {1x35 cell}
               inputStack20: {1x11 cell}
         mintsInputsStack20: {1x33 cell}
    mintsInputLabelsStack20: {1x33 cell}
         mintsInputsStack21: {1x16 cell}
    mintsInputLabelsStack21: {1x16 cell}
               latestStack1: {'BME280'  'MGS001'  'OPCN2'}
                inputStack2: {1x11 cell}
               latestStack2: {'BME280'  'MGS001'  'OPCN2'  'SCD30'}
          mintsInputsStack2: {1x35 cell}
     mintsInputLabelsStack2: {1x35 cell}
                inputStack3: {1x10 cell}
               latestStack3: {'BME280'  'MGS001'  'OPCN2'  'SCD30'}
          mintsInputsStack3: {1x38 cell}
     mintsInputLabelsStack3: {1x38 cell}
               mintsTargets: {1x10 cell}
          mintsTargetLabels: {1x10 cell}
                      units: {1x10 cell}
                instruments: {1x10 cell}

Starting parallel pool (parpool) using the 'local' profile ...
Connected to the parallel pool (number of workers: 16).

ans = 

 ProcessPool with properties: 

            Connected: true
           NumWorkers: 16
              Cluster: local
        AttachedFiles: {}
    AutoAddClientPath: true
          IdleTimeout: 30 minutes (30 minutes remaining)
          SpmdEnabled: true


airmarFolder = 

    "/scratch/lhw150030/mintsData/referenceMats/airmar"



    "Data Folder Located @:/scratch/lhw150030/mintsData"

    "Raw Data Located @: /scratch/lhw150030/mintsData"

    "Raw DotMat Data Located @ :/scratch/lhw150030/mintsData/rawMats"

    "UTD Nodes DotMat Data Located @ :/scratch/lhw150030/mintsData/rawMats/UTDNodes"

    "Reference Data Located @: /scratch/lhw150030/mintsData/reference"

    "Reference DotMat Data Located @ :/scratch/lhw150030/mintsData/referenceMats"

    "Palas Raw Data Located @ :/scratch/lhw150030/mintsData/reference/palasStream"

    "Palas DotMat Data Located @ :/scratch/lhw150030/mintsData/referenceMats/palas"

    "Car GPS Files Located @ :/scratch/lhw150030/mintsData/referenceMats/carMintsGPS"

    "Loading Palas Files"

    "Loading GPS Files"

    "Loading Airmar Files"

    "Aligning GPS data with Palas Data"

    "WSTC Palas Data"

    "Palas With Airmar"

    "Analysis"

    "Save merged data for calibration: 001e06318cf1"



    "Creating Training Data Sets for Node: 001e06318cf1"



    "Gainin Data set for Node 001e06318cf1 with target output pm1_palas @ 04-Apr-2021 16:01:24"

Going through column 1 and choosing a representative sample. Choosing 750 bins for this column. With 3 members per bin.
Going through column 2 and choosing a representative sample. Choosing 750 bins for this column. With 3 members per bin.
Going through column 3 and choosing a representative sample. Choosing 318 bins for this column. With 3 members per bin.
Going through column 4 and choosing a representative sample. Choosing 73 bins for this column. With 3 members per bin.
Going through column 5 and choosing a representative sample. Choosing 1 bins for this column. With 3 members per bin.
Going through column 6 and choosing a representative sample. Choosing 750 bins for this column. With 3 members per bin.
Going through column 7 and choosing a representative sample. Choosing 750 bins for this column. With 3 members per bin.
Going through column 8 and choosing a representative sample. Choosing 750 bins for this column. With 3 members per bin.
Going through column 9 and choosing a representative sample. Choosing 750 bins for this column. With 3 members per bin.
Going through column 10 and choosing a representative sample. Choosing 750 bins for this column. With 3 members per bin.
Going through column 11 and choosing a representative sample. Choosing 750 bins for this column. With 3 members per bin.
Going through column 12 and choosing a representative sample. Choosing 750 bins for this column. With 3 members per bin.
Going through column 13 and choosing a representative sample. Choosing 750 bins for this column. With 3 members per bin.
Going through column 14 and choosing a representative sample. Choosing 230 bins for this column. With 3 members per bin.
Going through column 15 and choosing a representative sample. Choosing 150 bins for this column. With 3 members per bin.
Going through column 16 and choosing a representative sample. Choosing 109 bins for this column. With 3 members per bin.
Going through column 17 and choosing a representative sample. Choosing 42 bins for this column. With 3 members per bin.
Going through column 18 and choosing a representative sample. Choosing 25 bins for this column. With 3 members per bin.
Going through column 19 and choosing a representative sample. Choosing 11 bins for this column. With 3 members per bin.
Going through column 20 and choosing a representative sample. Choosing 7 bins for this column. With 3 members per bin.
Going through column 21 and choosing a representative sample. Choosing 4 bins for this column. With 3 members per bin.
Going through column 22 and choosing a representative sample. Choosing 3 bins for this column. With 3 members per bin.
Going through column 23 and choosing a representative sample. Choosing 2 bins for this column. With 3 members per bin.
Going through column 24 and choosing a representative sample. Choosing 2 bins for this column. With 3 members per bin.
Going through column 25 and choosing a representative sample. Choosing 2 bins for this column. With 3 members per bin.
Going through column 26 and choosing a representative sample. Choosing 2 bins for this column. With 3 members per bin.
Going through column 27 and choosing a representative sample. Choosing 2 bins for this column. With 3 members per bin.
Going through column 28 and choosing a representative sample. Choosing 607 bins for this column. With 3 members per bin.
Going through column 29 and choosing a representative sample. Choosing 608 bins for this column. With 3 members per bin.
Going through column 30 and choosing a representative sample. Choosing 457 bins for this column. With 3 members per bin.
Going through column 31 and choosing a representative sample. Choosing 186 bins for this column. With 3 members per bin.
Going through column 32 and choosing a representative sample. Choosing 750 bins for this column. With 3 members per bin.
Going through column 33 and choosing a representative sample. Choosing 750 bins for this column. With 3 members per bin.
Going through column 34 and choosing a representative sample. Choosing 750 bins for this column. With 3 members per bin.
Going through column 35 and choosing a representative sample. Choosing 750 bins for this column. With 3 members per bin.
Going through column 36 and choosing a representative sample. Choosing 750 bins for this column. With 3 members per bin.
Going through column 37 and choosing a representative sample. Choosing 145 bins for this column. With 3 members per bin.
Going through column 38 and choosing a representative sample. Choosing 308 bins for this column. With 3 members per bin.
Going through column 39 and choosing a representative sample. Choosing 1500 bins for this column. With 6 members per bin.

ans =

       17504


ans =

        3089

    "Running Regression"

Copying objective function to workers...
Done copying objective function to workers.
|===============================================================================================================|
| Iter | Active  | Eval   | Objective   | Objective   | BestSoFar   | BestSoFar   | hiddenLayerS-|           lr |
|      | workers | result |             | runtime     | (observed)  | (estim.)    | ize          |              |
|===============================================================================================================|
|    1 |       1 | Accept |      23.667 |      3.2091 |      4.3072 |      12.125 |           14 |    0.0086729 |
|    2 |       1 | Best   |      4.3072 |      3.1627 |      4.3072 |      12.125 |           14 |      0.26651 |
|    3 |       1 | Accept |      6.5599 |      3.1396 |      4.3072 |      12.125 |           20 |    0.0016209 |
|    4 |       1 | Accept |      32.613 |      3.2478 |      4.3072 |      12.125 |           59 |      0.56147 |
|    5 |       1 | Accept |      73.071 |      3.3011 |      4.3072 |      12.125 |           75 |      0.70672 |
|    6 |       1 | Accept |      66.412 |      3.4481 |      4.3072 |      12.125 |           87 |      0.16974 |
|    7 |       1 | Accept |      28.821 |      3.3476 |      4.3072 |      12.125 |           77 |    0.0092761 |
|    8 |       1 | Accept |      28.458 |      3.2695 |      4.3072 |      12.125 |           91 |      0.17487 |
|    9 |       1 | Accept |      21.062 |      3.2647 |      4.3072 |      12.125 |           72 |     0.095115 |
|   10 |       1 | Accept |      73.647 |      3.2196 |      4.3072 |      12.125 |           87 |      0.27076 |
|   11 |       1 | Accept |      21.028 |       3.077 |      4.3072 |      12.125 |            9 |     0.053578 |
|   12 |       1 | Accept |      16.956 |      3.0797 |      4.3072 |      12.125 |           34 |     0.034594 |
|   13 |       1 | Accept |      10.584 |      3.0647 |      4.3072 |      12.125 |            5 |        0.247 |
|   14 |       1 | Accept |      15.395 |      3.1957 |      4.3072 |      12.125 |           54 |     0.044271 |
|   15 |       1 | Accept |      7.4713 |      3.0483 |      4.3072 |      12.125 |           26 |    0.0025064 |
|   16 |       1 | Accept |      10.756 |      3.1549 |      4.3072 |      12.125 |           63 |    0.0022022 |
|   17 |      11 | Accept |       21.97 |     0.59008 |      4.3072 |      12.562 |           11 |      0.01367 |
|   18 |      11 | Accept |      5.8276 |     0.65477 |      4.3072 |      12.562 |           42 |    0.0010011 |
|   19 |      11 | Accept |      50.596 |     0.59898 |      4.3072 |      12.562 |           11 |      0.16654 |
|   20 |      11 | Accept |      37.817 |     0.65374 |      4.3072 |      12.562 |           36 |     0.037107 |
|===============================================================================================================|
| Iter | Active  | Eval   | Objective   | Objective   | BestSoFar   | BestSoFar   | hiddenLayerS-|           lr |
|      | workers | result |             | runtime     | (observed)  | (estim.)    | ize          |              |
|===============================================================================================================|
|   21 |      11 | Accept |       5.749 |     0.56668 |      4.3072 |      12.562 |            6 |     0.025797 |
|   22 |      11 | Accept |      28.584 |     0.72596 |      4.3072 |      12.562 |           73 |     0.014628 |
|   23 |       7 | Accept |       43.64 |     0.88123 |      4.3072 |      15.178 |           78 |      0.33926 |
|   24 |       7 | Accept |      32.301 |     0.77092 |      4.3072 |      15.178 |           76 |     0.001083 |
|   25 |       7 | Accept |      29.537 |     0.82845 |      4.3072 |      15.178 |           91 |     0.008922 |
|   26 |       7 | Accept |      23.431 |     0.85547 |      4.3072 |      15.178 |           79 |      0.14534 |
|   27 |       7 | Accept |      66.681 |     0.86832 |      4.3072 |      15.178 |           98 |    0.0085488 |
|   28 |       7 | Accept |      77.399 |     0.75873 |      4.3072 |      15.178 |           83 |     0.085686 |
|   29 |       7 | Accept |      13.943 |     0.74944 |      4.3072 |      15.178 |           67 |      0.20108 |
|   30 |       7 | Accept |      25.652 |     0.78187 |      4.3072 |      15.178 |           75 |      0.29858 |
|   31 |       7 | Accept |      16.615 |     0.73041 |      4.3072 |      15.178 |           69 |    0.0021435 |
|   32 |       7 | Accept |      40.266 |     0.71342 |      4.3072 |      15.178 |           50 |      0.12528 |

__________________________________________________________
Optimization completed.
MaxObjectiveEvaluations of 30 reached.
Total function evaluations: 32
Total elapsed time: 17.2459 seconds.
Total objective function evaluation time: 62.9587

Best observed feasible point:
    hiddenLayerSize      lr   
    _______________    _______

          14           0.26651

Observed objective function value = 4.3072
Estimated objective function value = 21.8962
Function evaluation time = 3.1627

Best estimated feasible point (according to models):
    hiddenLayerSize       lr    
    _______________    _________

          26           0.0025064

Estimated objective function value = 15.1785
Estimated function evaluation time = 1.5248


T =

  1x2 table

    hiddenLayerSize       lr    
    _______________    _________

          26           0.0025064

Elapsed time is 117.125605 seconds.



combinedFigDaily = 

    "/scratch/lhw150030/mintsData/visualAnalysis/UTDNodes/001e06318cf1/UTD_Ronn_All_RS_ONN_1_Daily_001e06318cf1_pm1_palas.png"

    "Creating Folder @: '/scratch/lhw150030/mintsData/visualAnalysis/UTDNodes/001e06318cf1/UTD_Ronn_All_RS_ONN_1_2021_04_04_16_00_46'"


combinedFigTT = 

    "/scratch/lhw150030/mintsData/visualAnalysis/UTDNodes/001e06318cf1/UTD_Ronn_All_RS_ONN_1_2021_04_04_16_00_46/UTD_Ronn_All_RS_ONN_1_2021_04_04_16_00_46_001e06318cf1_pm1_palas_TT.png"


plot3 = 

  Line with properties:

              Color: [0.9290 0.6940 0.1250]
          LineStyle: '-'
          LineWidth: 0.5000
             Marker: 'none'
         MarkerSize: 6
    MarkerFaceColor: 'none'
              XData: [1x17504 double]
              YData: [1x17504 double]
              ZData: [1x0 double]

  Use GET to show all properties


plot4 = 

  Line (fitted curve) with properties:

              Color: [1 0 0]
          LineStyle: '-'
          LineWidth: 0.5000
             Marker: 'none'
         MarkerSize: 6
    MarkerFaceColor: 'none'
              XData: [1x1001 double]
              YData: [1x1001 double]
              ZData: [1x0 double]

  Use GET to show all properties


plot6 = 

  Line (fitted curve) with properties:

              Color: [1 0 0]
          LineStyle: '-'
          LineWidth: 0.5000
             Marker: 'none'
         MarkerSize: 6
    MarkerFaceColor: 'none'
              XData: [1x1001 double]
              YData: [1x1001 double]
              ZData: [1x0 double]

  Use GET to show all properties


plot3 = 

  Line with properties:

              Color: [0.9290 0.6940 0.1250]
          LineStyle: '-'
          LineWidth: 0.5000
             Marker: 'none'
         MarkerSize: 6
    MarkerFaceColor: 'none'
              XData: [1x17504 double]
              YData: [1x17504 double]
              ZData: [1x0 double]

  Use GET to show all properties


plot4 = 

  Line (fitted curve) with properties:

              Color: [1 0 0]
          LineStyle: '-'
          LineWidth: 0.5000
             Marker: 'none'
         MarkerSize: 6
    MarkerFaceColor: 'none'
              XData: [1x1001 double]
              YData: [1x1001 double]
              ZData: [1x0 double]

  Use GET to show all properties


plot6 = 

  Line (fitted curve) with properties:

              Color: [1 0 0]
          LineStyle: '-'
          LineWidth: 0.5000
             Marker: 'none'
         MarkerSize: 6
    MarkerFaceColor: 'none'
              XData: [1x1001 double]
              YData: [1x1001 double]
              ZData: [1x0 double]

  Use GET to show all properties

    "Saving Model Files for Node: 001e06318cf1 & target :PM_{1}"


modelsSaveNameDaily = 

    "/scratch/lhw150030/mintsData/modelsMats/UTDNodes/001e06318cf1/daily_Mdl_001e06318cf1_pm1_palas.mat"


modelsSaveName = 

    "/scratch/lhw150030/mintsData/modelsMats/UTDNodes/001e06318cf1/UTD_Ronn_All_RS_ONN_1_2021_04_04_16_00_46/UTD_Ronn_All_RS_ONN_1_2021_04_04_16_00_46_001e06318cf1_pm1_palas.mat"


resultsSaveName = 

    "/scratch/lhw150030/mintsData/modelsMats/UTDNodes/001e06318cf1/daily_Mdl_001e06318cf1_pm1_palas.csv"

    "Creating Folder @: '/scratch/lhw150030/mintsData/modelsMats/UTDNodes/001e06318cf1/UTD_Ronn_All_RS_ONN_1_2021_04_04_16_00_46'"






trainingSaveNameDaily = 

    "/scratch/lhw150030/mintsData/trainingMats/UTDNodes/001e06318cf1/UTD_Ronn_All_RS_ONN_1_Daily_001e06318cf1_pm1_palas.mat"


trainingSaveName = 

    "/scratch/lhw150030/mintsData/trainingMats/UTDNodes/001e06318cf1/UTD_Ronn_All_RS_ONN_1_2021_04_04_16_00_46/UTD_Ronn_All_RS_ONN_1_2021_04_04_16_00_46_001e06318cf1_pm1_palas.mat"

    "Creating Folder @: '/scratch/lhw150030/mintsData/trainingMats/UTDNodes/001e06318cf1/UTD_Ronn_All_RS_ONN_1_2021_04_04_16_00_46'"



    "Gainin Data set for Node 001e06318cf1 with target output pm2_5_palas @ 04-Apr-2021 16:04:21"

Going through column 1 and choosing a representative sample. Choosing 750 bins for this column. With 3 members per bin.
Going through column 2 and choosing a representative sample. Choosing 750 bins for this column. With 3 members per bin.
Going through column 3 and choosing a representative sample. Choosing 318 bins for this column. With 3 members per bin.
Going through column 4 and choosing a representative sample. Choosing 73 bins for this column. With 3 members per bin.
Going through column 5 and choosing a representative sample. Choosing 1 bins for this column. With 3 members per bin.
Going through column 6 and choosing a representative sample. Choosing 750 bins for this column. With 3 members per bin.
Going through column 7 and choosing a representative sample. Choosing 750 bins for this column. With 3 members per bin.
Going through column 8 and choosing a representative sample. Choosing 750 bins for this column. With 3 members per bin.
Going through column 9 and choosing a representative sample. Choosing 750 bins for this column. With 3 members per bin.
Going through column 10 and choosing a representative sample. Choosing 750 bins for this column. With 3 members per bin.
Going through column 11 and choosing a representative sample. Choosing 750 bins for this column. With 3 members per bin.
Going through column 12 and choosing a representative sample. Choosing 750 bins for this column. With 3 members per bin.
Going through column 13 and choosing a representative sample. Choosing 750 bins for this column. With 3 members per bin.
Going through column 14 and choosing a representative sample. Choosing 230 bins for this column. With 3 members per bin.
Going through column 15 and choosing a representative sample. Choosing 150 bins for this column. With 3 members per bin.
Going through column 16 and choosing a representative sample. Choosing 109 bins for this column. With 3 members per bin.
Going through column 17 and choosing a representative sample. Choosing 42 bins for this column. With 3 members per bin.
Going through column 18 and choosing a representative sample. Choosing 25 bins for this column. With 3 members per bin.
Going through column 19 and choosing a representative sample. Choosing 11 bins for this column. With 3 members per bin.
Going through column 20 and choosing a representative sample. Choosing 7 bins for this column. With 3 members per bin.
Going through column 21 and choosing a representative sample. Choosing 4 bins for this column. With 3 members per bin.
Going through column 22 and choosing a representative sample. Choosing 3 bins for this column. With 3 members per bin.
Going through column 23 and choosing a representative sample. Choosing 2 bins for this column. With 3 members per bin.
Going through column 24 and choosing a representative sample. Choosing 2 bins for this column. With 3 members per bin.
Going through column 25 and choosing a representative sample. Choosing 2 bins for this column. With 3 members per bin.
Going through column 26 and choosing a representative sample. Choosing 2 bins for this column. With 3 members per bin.
Going through column 27 and choosing a representative sample. Choosing 2 bins for this column. With 3 members per bin.
Going through column 28 and choosing a representative sample. Choosing 607 bins for this column. With 3 members per bin.
Going through column 29 and choosing a representative sample. Choosing 608 bins for this column. With 3 members per bin.
Going through column 30 and choosing a representative sample. Choosing 457 bins for this column. With 3 members per bin.
Going through column 31 and choosing a representative sample. Choosing 186 bins for this column. With 3 members per bin.
Going through column 32 and choosing a representative sample. Choosing 750 bins for this column. With 3 members per bin.
Going through column 33 and choosing a representative sample. Choosing 750 bins for this column. With 3 members per bin.
Going through column 34 and choosing a representative sample. Choosing 750 bins for this column. With 3 members per bin.
Going through column 35 and choosing a representative sample. Choosing 750 bins for this column. With 3 members per bin.
Going through column 36 and choosing a representative sample. Choosing 750 bins for this column. With 3 members per bin.
Going through column 37 and choosing a representative sample. Choosing 145 bins for this column. With 3 members per bin.
Going through column 38 and choosing a representative sample. Choosing 308 bins for this column. With 3 members per bin.
Going through column 39 and choosing a representative sample. Choosing 1500 bins for this column. With 6 members per bin.

ans =

       16455


ans =

        2904

    "Running Regression"

Copying objective function to workers...
Done copying objective function to workers.
|===============================================================================================================|
| Iter | Active  | Eval   | Objective   | Objective   | BestSoFar   | BestSoFar   | hiddenLayerS-|           lr |
|      | workers | result |             | runtime     | (observed)  | (estim.)    | ize          |              |
|===============================================================================================================|
|    1 |      12 | Best   |      13.344 |     0.29713 |      13.344 |      13.349 |           16 |    0.0058479 |
|    2 |      12 | Accept |      53.816 |     0.31578 |      13.344 |      13.349 |           29 |       0.1806 |
|    3 |      12 | Accept |      52.382 |     0.34896 |      13.344 |      13.349 |           37 |      0.49968 |
|    4 |      12 | Accept |      19.638 |     0.25917 |      13.344 |      13.349 |           10 |    0.0018076 |
|    5 |      12 | Accept |      28.553 |      0.4396 |      13.344 |      13.349 |           63 |    0.0026413 |
|    6 |       2 | Accept |      49.872 |     0.46764 |      13.344 |      42.454 |           80 |      0.51873 |
|    7 |       2 | Accept |      61.108 |     0.57344 |      13.344 |      42.454 |           10 |    0.0014106 |
|    8 |       2 | Accept |      15.152 |     0.62045 |      13.344 |      42.454 |           23 |    0.0014158 |
|    9 |       2 | Accept |      15.738 |     0.68553 |      13.344 |      42.454 |           44 |    0.0011735 |
|   10 |       2 | Accept |      30.633 |     0.64752 |      13.344 |      42.454 |           20 |      0.22306 |
|   11 |       2 | Accept |      64.801 |     0.88667 |      13.344 |      42.454 |           95 |    0.0038018 |
|   12 |       2 | Accept |      113.76 |     0.68046 |      13.344 |      42.454 |           44 |    0.0054342 |
|   13 |       2 | Accept |       24.56 |     0.68913 |      13.344 |      42.454 |           49 |      0.14379 |
|   14 |       2 | Accept |      44.387 |     0.76603 |      13.344 |      42.454 |           74 |       0.0216 |
|   15 |       2 | Accept |      33.554 |     0.65833 |      13.344 |      42.454 |           45 |      0.19155 |
|   16 |       2 | Accept |      57.967 |     0.75815 |      13.344 |      42.454 |           73 |    0.0090314 |
|   17 |      16 | Accept |      29.919 |     0.39058 |      13.344 |      41.716 |            5 |    0.0056558 |
|   18 |       2 | Accept |      46.929 |     0.48801 |      11.536 |      35.773 |          100 |      0.10674 |
|   19 |       2 | Accept |      48.238 |     0.44394 |      11.536 |      35.773 |            9 |     0.063411 |
|   20 |       2 | Accept |      21.424 |     0.66626 |      11.536 |      35.773 |           52 |    0.0082261 |
|===============================================================================================================|
| Iter | Active  | Eval   | Objective   | Objective   | BestSoFar   | BestSoFar   | hiddenLayerS-|           lr |
|      | workers | result |             | runtime     | (observed)  | (estim.)    | ize          |              |
|===============================================================================================================|
|   21 |       2 | Accept |       69.03 |     0.64688 |      11.536 |      35.773 |           70 |     0.013926 |
|   22 |       2 | Accept |      77.218 |     0.73905 |      11.536 |      35.773 |           74 |     0.066083 |
|   23 |       2 | Accept |      36.827 |      0.5351 |      11.536 |      35.773 |           24 |     0.016309 |
|   24 |       2 | Accept |      120.94 |     0.49505 |      11.536 |      35.773 |           93 |     0.085137 |
|   25 |       2 | Accept |      12.541 |      0.3462 |      11.536 |      35.773 |           24 |    0.0082153 |
|   26 |       2 | Accept |      48.258 |      0.5711 |      11.536 |      35.773 |           74 |       0.4175 |
|   27 |       2 | Accept |      153.54 |     0.50853 |      11.536 |      35.773 |           65 |       0.1807 |
|   28 |       2 | Best   |      11.536 |     0.50278 |      11.536 |      35.773 |           57 |      0.00546 |
|   29 |       2 | Accept |      112.02 |     0.47792 |      11.536 |      35.773 |           66 |      0.15644 |
|   30 |       2 | Accept |      172.28 |     0.59046 |      11.536 |      35.773 |           97 |     0.003989 |
|   31 |       2 | Accept |      94.868 |      0.4207 |      11.536 |      35.773 |           48 |      0.19172 |
|   32 |       2 | Accept |      22.867 |     0.36543 |      11.536 |      35.773 |           52 |    0.0065876 |

__________________________________________________________
Optimization completed.
MaxObjectiveEvaluations of 30 reached.
Total function evaluations: 32
Total elapsed time: 7.0358 seconds.
Total objective function evaluation time: 17.282

Best observed feasible point:
    hiddenLayerSize      lr   
    _______________    _______

          57           0.00546

Observed objective function value = 11.5365
Estimated objective function value = 48.5795
Function evaluation time = 0.50278

Best estimated feasible point (according to models):
    hiddenLayerSize       lr    
    _______________    _________

          16           0.0058479

Estimated objective function value = 35.7732
Estimated function evaluation time = 0.45082


T =

  1x2 table

    hiddenLayerSize       lr    
    _______________    _________

          16           0.0058479

Elapsed time is 50.972906 seconds.



combinedFigDaily = 

    "/scratch/lhw150030/mintsData/visualAnalysis/UTDNodes/001e06318cf1/UTD_Ronn_All_RS_ONN_1_Daily_001e06318cf1_pm2_5_palas.png"


combinedFigTT = 

    "/scratch/lhw150030/mintsData/visualAnalysis/UTDNodes/001e06318cf1/UTD_Ronn_All_RS_ONN_1_2021_04_04_16_00_46/UTD_Ronn_All_RS_ONN_1_2021_04_04_16_00_46_001e06318cf1_pm2_5_palas_TT.png"


plot3 = 

  Line with properties:

              Color: [0.9290 0.6940 0.1250]
          LineStyle: '-'
          LineWidth: 0.5000
             Marker: 'none'
         MarkerSize: 6
    MarkerFaceColor: 'none'
              XData: [1x16455 double]
              YData: [1x16455 double]
              ZData: [1x0 double]

  Use GET to show all properties


plot4 = 

  Line (fitted curve) with properties:

              Color: [1 0 0]
          LineStyle: '-'
          LineWidth: 0.5000
             Marker: 'none'
         MarkerSize: 6
    MarkerFaceColor: 'none'
              XData: [1x1001 double]
              YData: [1x1001 double]
              ZData: [1x0 double]

  Use GET to show all properties


plot6 = 

  Line (fitted curve) with properties:

              Color: [1 0 0]
          LineStyle: '-'
          LineWidth: 0.5000
             Marker: 'none'
         MarkerSize: 6
    MarkerFaceColor: 'none'
              XData: [1x1001 double]
              YData: [1x1001 double]
              ZData: [1x0 double]

  Use GET to show all properties


plot3 = 

  Line with properties:

              Color: [0.9290 0.6940 0.1250]
          LineStyle: '-'
          LineWidth: 0.5000
             Marker: 'none'
         MarkerSize: 6
    MarkerFaceColor: 'none'
              XData: [1x16455 double]
              YData: [1x16455 double]
              ZData: [1x0 double]

  Use GET to show all properties


plot4 = 

  Line (fitted curve) with properties:

              Color: [1 0 0]
          LineStyle: '-'
          LineWidth: 0.5000
             Marker: 'none'
         MarkerSize: 6
    MarkerFaceColor: 'none'
              XData: [1x1001 double]
              YData: [1x1001 double]
              ZData: [1x0 double]

  Use GET to show all properties


plot6 = 

  Line (fitted curve) with properties:

              Color: [1 0 0]
          LineStyle: '-'
          LineWidth: 0.5000
             Marker: 'none'
         MarkerSize: 6
    MarkerFaceColor: 'none'
              XData: [1x1001 double]
              YData: [1x1001 double]
              ZData: [1x0 double]

  Use GET to show all properties

    "Saving Model Files for Node: 001e06318cf1 & target :PM_{2.5}"


modelsSaveNameDaily = 

    "/scratch/lhw150030/mintsData/modelsMats/UTDNodes/001e06318cf1/daily_Mdl_001e06318cf1_pm2_5_palas.mat"


modelsSaveName = 

    "/scratch/lhw150030/mintsData/modelsMats/UTDNodes/001e06318cf1/UTD_Ronn_All_RS_ONN_1_2021_04_04_16_00_46/UTD_Ronn_All_RS_ONN_1_2021_04_04_16_00_46_001e06318cf1_pm2_5_palas.mat"


resultsSaveName = 

    "/scratch/lhw150030/mintsData/modelsMats/UTDNodes/001e06318cf1/daily_Mdl_001e06318cf1_pm2_5_palas.csv"






trainingSaveNameDaily = 

    "/scratch/lhw150030/mintsData/trainingMats/UTDNodes/001e06318cf1/UTD_Ronn_All_RS_ONN_1_Daily_001e06318cf1_pm2_5_palas.mat"


trainingSaveName = 

    "/scratch/lhw150030/mintsData/trainingMats/UTDNodes/001e06318cf1/UTD_Ronn_All_RS_ONN_1_2021_04_04_16_00_46/UTD_Ronn_All_RS_ONN_1_2021_04_04_16_00_46_001e06318cf1_pm2_5_palas.mat"



    "Gainin Data set for Node 001e06318cf1 with target output pm4_palas @ 04-Apr-2021 16:06:09"

Going through column 1 and choosing a representative sample. Choosing 750 bins for this column. With 3 members per bin.
Going through column 2 and choosing a representative sample. Choosing 750 bins for this column. With 3 members per bin.
Going through column 3 and choosing a representative sample. Choosing 318 bins for this column. With 3 members per bin.
Going through column 4 and choosing a representative sample. Choosing 73 bins for this column. With 3 members per bin.
Going through column 5 and choosing a representative sample. Choosing 1 bins for this column. With 3 members per bin.
Going through column 6 and choosing a representative sample. Choosing 750 bins for this column. With 3 members per bin.
Going through column 7 and choosing a representative sample. Choosing 750 bins for this column. With 3 members per bin.
Going through column 8 and choosing a representative sample. Choosing 750 bins for this column. With 3 members per bin.
Going through column 9 and choosing a representative sample. Choosing 750 bins for this column. With 3 members per bin.
Going through column 10 and choosing a representative sample. Choosing 750 bins for this column. With 3 members per bin.
Going through column 11 and choosing a representative sample. Choosing 750 bins for this column. With 3 members per bin.
Going through column 12 and choosing a representative sample. Choosing 750 bins for this column. With 3 members per bin.
Going through column 13 and choosing a representative sample. Choosing 750 bins for this column. With 3 members per bin.
Going through column 14 and choosing a representative sample. Choosing 230 bins for this column. With 3 members per bin.
Going through column 15 and choosing a representative sample. Choosing 150 bins for this column. With 3 members per bin.
Going through column 16 and choosing a representative sample. Choosing 109 bins for this column. With 3 members per bin.
Going through column 17 and choosing a representative sample. Choosing 42 bins for this column. With 3 members per bin.
Going through column 18 and choosing a representative sample. Choosing 25 bins for this column. With 3 members per bin.
Going through column 19 and choosing a representative sample. Choosing 11 bins for this column. With 3 members per bin.
Going through column 20 and choosing a representative sample. Choosing 7 bins for this column. With 3 members per bin.
Going through column 21 and choosing a representative sample. Choosing 4 bins for this column. With 3 members per bin.
Going through column 22 and choosing a representative sample. Choosing 3 bins for this column. With 3 members per bin.
Going through column 23 and choosing a representative sample. Choosing 2 bins for this column. With 3 members per bin.
Going through column 24 and choosing a representative sample. Choosing 2 bins for this column. With 3 members per bin.
Going through column 25 and choosing a representative sample. Choosing 2 bins for this column. With 3 members per bin.
Going through column 26 and choosing a representative sample. Choosing 2 bins for this column. With 3 members per bin.
Going through column 27 and choosing a representative sample. Choosing 2 bins for this column. With 3 members per bin.
Going through column 28 and choosing a representative sample. Choosing 607 bins for this column. With 3 members per bin.
Going through column 29 and choosing a representative sample. Choosing 608 bins for this column. With 3 members per bin.
Going through column 30 and choosing a representative sample. Choosing 457 bins for this column. With 3 members per bin.
Going through column 31 and choosing a representative sample. Choosing 186 bins for this column. With 3 members per bin.
Going through column 32 and choosing a representative sample. Choosing 750 bins for this column. With 3 members per bin.
Going through column 33 and choosing a representative sample. Choosing 750 bins for this column. With 3 members per bin.
Going through column 34 and choosing a representative sample. Choosing 750 bins for this column. With 3 members per bin.
Going through column 35 and choosing a representative sample. Choosing 750 bins for this column. With 3 members per bin.
Going through column 36 and choosing a representative sample. Choosing 750 bins for this column. With 3 members per bin.
Going through column 37 and choosing a representative sample. Choosing 145 bins for this column. With 3 members per bin.
Going through column 38 and choosing a representative sample. Choosing 308 bins for this column. With 3 members per bin.
Going through column 39 and choosing a representative sample. Choosing 1500 bins for this column. With 6 members per bin.

ans =

       16017


ans =

        2826

    "Running Regression"

Copying objective function to workers...
Done copying objective function to workers.
|===============================================================================================================|
| Iter | Active  | Eval   | Objective   | Objective   | BestSoFar   | BestSoFar   | hiddenLayerS-|           lr |
|      | workers | result |             | runtime     | (observed)  | (estim.)    | ize          |              |
|===============================================================================================================|
|    1 |      16 | Best   |      70.487 |     0.19516 |      70.487 |      70.487 |           10 |      0.33462 |
|    2 |       2 | Accept |      454.07 |     0.34672 |      37.649 |      37.663 |           72 |      0.57089 |
|    3 |       2 | Accept |      154.75 |     0.27402 |      37.649 |      37.663 |           38 |    0.0020206 |
|    4 |       2 | Accept |      410.12 |     0.43581 |      37.649 |      37.663 |           89 |    0.0027849 |
|    5 |       2 | Accept |      50.886 |     0.43567 |      37.649 |      37.663 |           91 |      0.18536 |
|    6 |       2 | Accept |      114.75 |     0.48671 |      37.649 |      37.663 |           96 |      0.12488 |
|    7 |       2 | Accept |      119.05 |     0.70599 |      37.649 |      37.663 |           97 |    0.0072877 |
|    8 |       2 | Accept |      267.54 |     0.60011 |      37.649 |      37.663 |           66 |      0.11674 |
|    9 |       2 | Accept |      123.55 |     0.54922 |      37.649 |      37.663 |           37 |     0.076321 |
|   10 |       2 | Accept |      96.169 |     0.49428 |      37.649 |      37.663 |           13 |      0.13639 |
|   11 |       2 | Accept |      123.05 |     0.61437 |      37.649 |      37.663 |           57 |      0.97523 |
|   12 |       2 | Accept |      140.58 |     0.57011 |      37.649 |      37.663 |           35 |    0.0060782 |
|   13 |       2 | Accept |      163.49 |     0.63936 |      37.649 |      37.663 |           65 |       0.8051 |
|   14 |       2 | Accept |      88.192 |     0.54863 |      37.649 |      37.663 |           26 |      0.18619 |
|   15 |       2 | Accept |      119.43 |     0.51398 |      37.649 |      37.663 |           21 |    0.0019782 |
|   16 |       2 | Best   |      37.649 |     0.28186 |      37.649 |      37.663 |           15 |      0.65543 |
|   17 |      16 | Best   |      29.534 |     0.25296 |      29.534 |      29.551 |           52 |      0.77535 |
|   18 |       2 | Accept |       46.84 |     0.44065 |      16.618 |      68.522 |           91 |       0.9952 |
|   19 |       2 | Accept |      209.28 |     0.42079 |      16.618 |      68.522 |           62 |    0.0032415 |
|   20 |       2 | Accept |      16.749 |      0.2663 |      16.618 |      68.522 |           35 |     0.097898 |
|===============================================================================================================|
| Iter | Active  | Eval   | Objective   | Objective   | BestSoFar   | BestSoFar   | hiddenLayerS-|           lr |
|      | workers | result |             | runtime     | (observed)  | (estim.)    | ize          |              |
|===============================================================================================================|
|   21 |       2 | Accept |      221.11 |     0.26268 |      16.618 |      68.522 |           34 |     0.017819 |
|   22 |       2 | Accept |       97.95 |     0.40965 |      16.618 |      68.522 |           48 |      0.04573 |
|   23 |       2 | Accept |      75.155 |     0.40942 |      16.618 |      68.522 |           84 |     0.001964 |
|   24 |       2 | Accept |      70.814 |     0.39153 |      16.618 |      68.522 |           60 |      0.86757 |
|   25 |       2 | Accept |      35.288 |     0.32068 |      16.618 |      68.522 |           37 |      0.19135 |
|   26 |       2 | Accept |      149.79 |     0.49686 |      16.618 |      68.522 |           90 |     0.033685 |
|   27 |       2 | Accept |      41.908 |     0.34047 |      16.618 |      68.522 |           29 |     0.021186 |
|   28 |       2 | Accept |      86.635 |      0.2821 |      16.618 |      68.522 |           22 |      0.17336 |
|   29 |       2 | Accept |      22.155 |     0.24112 |      16.618 |      68.522 |           26 |    0.0011973 |
|   30 |       2 | Accept |      220.65 |     0.49222 |      16.618 |      68.522 |           95 |     0.015717 |
|   31 |       2 | Accept |      242.61 |     0.44268 |      16.618 |      68.522 |           97 |      0.14278 |
|   32 |       2 | Best   |      16.618 |     0.36779 |      16.618 |      68.522 |           46 |      0.65734 |

__________________________________________________________
Optimization completed.
MaxObjectiveEvaluations of 30 reached.
Total function evaluations: 32
Total elapsed time: 5.4476 seconds.
Total objective function evaluation time: 13.5299

Best observed feasible point:
    hiddenLayerSize      lr   
    _______________    _______

          46           0.65734

Observed objective function value = 16.6176
Estimated objective function value = 50.145
Function evaluation time = 0.36779

Best estimated feasible point (according to models):
    hiddenLayerSize      lr   
    _______________    _______

          37           0.19135

Estimated objective function value = 68.5221
Estimated function evaluation time = 0.37472


T =

  1x2 table

    hiddenLayerSize      lr   
    _______________    _______

          37           0.19135

Elapsed time is 140.028187 seconds.



combinedFigDaily = 

    "/scratch/lhw150030/mintsData/visualAnalysis/UTDNodes/001e06318cf1/UTD_Ronn_All_RS_ONN_1_Daily_001e06318cf1_pm4_palas.png"


combinedFigTT = 

    "/scratch/lhw150030/mintsData/visualAnalysis/UTDNodes/001e06318cf1/UTD_Ronn_All_RS_ONN_1_2021_04_04_16_00_46/UTD_Ronn_All_RS_ONN_1_2021_04_04_16_00_46_001e06318cf1_pm4_palas_TT.png"


plot3 = 

  Line with properties:

              Color: [0.9290 0.6940 0.1250]
          LineStyle: '-'
          LineWidth: 0.5000
             Marker: 'none'
         MarkerSize: 6
    MarkerFaceColor: 'none'
              XData: [1x16017 double]
              YData: [1x16017 double]
              ZData: [1x0 double]

  Use GET to show all properties


plot4 = 

  Line (fitted curve) with properties:

              Color: [1 0 0]
          LineStyle: '-'
          LineWidth: 0.5000
             Marker: 'none'
         MarkerSize: 6
    MarkerFaceColor: 'none'
              XData: [1x1001 double]
              YData: [1x1001 double]
              ZData: [1x0 double]

  Use GET to show all properties


plot6 = 

  Line (fitted curve) with properties:

              Color: [1 0 0]
          LineStyle: '-'
          LineWidth: 0.5000
             Marker: 'none'
         MarkerSize: 6
    MarkerFaceColor: 'none'
              XData: [1x1001 double]
              YData: [1x1001 double]
              ZData: [1x0 double]

  Use GET to show all properties


plot3 = 

  Line with properties:

              Color: [0.9290 0.6940 0.1250]
          LineStyle: '-'
          LineWidth: 0.5000
             Marker: 'none'
         MarkerSize: 6
    MarkerFaceColor: 'none'
              XData: [1x16017 double]
              YData: [1x16017 double]
              ZData: [1x0 double]

  Use GET to show all properties


plot4 = 

  Line (fitted curve) with properties:

              Color: [1 0 0]
          LineStyle: '-'
          LineWidth: 0.5000
             Marker: 'none'
         MarkerSize: 6
    MarkerFaceColor: 'none'
              XData: [1x1001 double]
              YData: [1x1001 double]
              ZData: [1x0 double]

  Use GET to show all properties


plot6 = 

  Line (fitted curve) with properties:

              Color: [1 0 0]
          LineStyle: '-'
          LineWidth: 0.5000
             Marker: 'none'
         MarkerSize: 6
    MarkerFaceColor: 'none'
              XData: [1x1001 double]
              YData: [1x1001 double]
              ZData: [1x0 double]

  Use GET to show all properties

    "Saving Model Files for Node: 001e06318cf1 & target :PM_{4}"


modelsSaveNameDaily = 

    "/scratch/lhw150030/mintsData/modelsMats/UTDNodes/001e06318cf1/daily_Mdl_001e06318cf1_pm4_palas.mat"


modelsSaveName = 

    "/scratch/lhw150030/mintsData/modelsMats/UTDNodes/001e06318cf1/UTD_Ronn_All_RS_ONN_1_2021_04_04_16_00_46/UTD_Ronn_All_RS_ONN_1_2021_04_04_16_00_46_001e06318cf1_pm4_palas.mat"


resultsSaveName = 

    "/scratch/lhw150030/mintsData/modelsMats/UTDNodes/001e06318cf1/daily_Mdl_001e06318cf1_pm4_palas.csv"






trainingSaveNameDaily = 

    "/scratch/lhw150030/mintsData/trainingMats/UTDNodes/001e06318cf1/UTD_Ronn_All_RS_ONN_1_Daily_001e06318cf1_pm4_palas.mat"


trainingSaveName = 

    "/scratch/lhw150030/mintsData/trainingMats/UTDNodes/001e06318cf1/UTD_Ronn_All_RS_ONN_1_2021_04_04_16_00_46/UTD_Ronn_All_RS_ONN_1_2021_04_04_16_00_46_001e06318cf1_pm4_palas.mat"



    "Gainin Data set for Node 001e06318cf1 with target output pm10_palas @ 04-Apr-2021 16:09:23"

Going through column 1 and choosing a representative sample. Choosing 750 bins for this column. With 3 members per bin.
Going through column 2 and choosing a representative sample. Choosing 750 bins for this column. With 3 members per bin.
Going through column 3 and choosing a representative sample. Choosing 318 bins for this column. With 3 members per bin.
Going through column 4 and choosing a representative sample. Choosing 73 bins for this column. With 3 members per bin.
Going through column 5 and choosing a representative sample. Choosing 1 bins for this column. With 3 members per bin.
Going through column 6 and choosing a representative sample. Choosing 750 bins for this column. With 3 members per bin.
Going through column 7 and choosing a representative sample. Choosing 750 bins for this column. With 3 members per bin.
Going through column 8 and choosing a representative sample. Choosing 750 bins for this column. With 3 members per bin.
Going through column 9 and choosing a representative sample. Choosing 750 bins for this column. With 3 members per bin.
Going through column 10 and choosing a representative sample. Choosing 750 bins for this column. With 3 members per bin.
Going through column 11 and choosing a representative sample. Choosing 750 bins for this column. With 3 members per bin.
Going through column 12 and choosing a representative sample. Choosing 750 bins for this column. With 3 members per bin.
Going through column 13 and choosing a representative sample. Choosing 750 bins for this column. With 3 members per bin.
Going through column 14 and choosing a representative sample. Choosing 230 bins for this column. With 3 members per bin.
Going through column 15 and choosing a representative sample. Choosing 150 bins for this column. With 3 members per bin.
Going through column 16 and choosing a representative sample. Choosing 109 bins for this column. With 3 members per bin.
Going through column 17 and choosing a representative sample. Choosing 42 bins for this column. With 3 members per bin.
Going through column 18 and choosing a representative sample. Choosing 25 bins for this column. With 3 members per bin.
Going through column 19 and choosing a representative sample. Choosing 11 bins for this column. With 3 members per bin.
Going through column 20 and choosing a representative sample. Choosing 7 bins for this column. With 3 members per bin.
Going through column 21 and choosing a representative sample. Choosing 4 bins for this column. With 3 members per bin.
Going through column 22 and choosing a representative sample. Choosing 3 bins for this column. With 3 members per bin.
Going through column 23 and choosing a representative sample. Choosing 2 bins for this column. With 3 members per bin.
Going through column 24 and choosing a representative sample. Choosing 2 bins for this column. With 3 members per bin.
Going through column 25 and choosing a representative sample. Choosing 2 bins for this column. With 3 members per bin.
Going through column 26 and choosing a representative sample. Choosing 2 bins for this column. With 3 members per bin.
Going through column 27 and choosing a representative sample. Choosing 2 bins for this column. With 3 members per bin.
Going through column 28 and choosing a representative sample. Choosing 607 bins for this column. With 3 members per bin.
Going through column 29 and choosing a representative sample. Choosing 608 bins for this column. With 3 members per bin.
Going through column 30 and choosing a representative sample. Choosing 457 bins for this column. With 3 members per bin.
Going through column 31 and choosing a representative sample. Choosing 186 bins for this column. With 3 members per bin.
Going through column 32 and choosing a representative sample. Choosing 750 bins for this column. With 3 members per bin.
Going through column 33 and choosing a representative sample. Choosing 750 bins for this column. With 3 members per bin.
Going through column 34 and choosing a representative sample. Choosing 750 bins for this column. With 3 members per bin.
Going through column 35 and choosing a representative sample. Choosing 750 bins for this column. With 3 members per bin.
Going through column 36 and choosing a representative sample. Choosing 750 bins for this column. With 3 members per bin.
Going through column 37 and choosing a representative sample. Choosing 145 bins for this column. With 3 members per bin.
Going through column 38 and choosing a representative sample. Choosing 308 bins for this column. With 3 members per bin.
Going through column 39 and choosing a representative sample. Choosing 1500 bins for this column. With 6 members per bin.

ans =

       14457


ans =

        2551

    "Running Regression"

Copying objective function to workers...
Done copying objective function to workers.
|===============================================================================================================|
| Iter | Active  | Eval   | Objective   | Objective   | BestSoFar   | BestSoFar   | hiddenLayerS-|           lr |
|      | workers | result |             | runtime     | (observed)  | (estim.)    | ize          |              |
|===============================================================================================================|
|    1 |      16 | Best   |      76.639 |     0.21054 |      76.639 |      76.639 |           21 |    0.0068467 |
|    2 |       2 | Accept |      237.96 |     0.41171 |      40.719 |       40.73 |          100 |     0.099214 |
|    3 |       2 | Accept |      124.62 |     0.43003 |      40.719 |       40.73 |           81 |    0.0030745 |
|    4 |       2 | Accept |      120.37 |     0.32137 |      40.719 |       40.73 |           57 |      0.99798 |
|    5 |       2 | Accept |      363.13 |     0.42108 |      40.719 |       40.73 |           89 |     0.043451 |
|    6 |       2 | Accept |      76.749 |     0.30164 |      40.719 |       40.73 |           39 |     0.015922 |
|    7 |       2 | Accept |      47.697 |     0.26364 |      40.719 |       40.73 |           26 |      0.24968 |
|    8 |       2 | Accept |      140.94 |     0.36413 |      40.719 |       40.73 |           69 |       0.1393 |
|    9 |       2 | Accept |      93.046 |     0.28211 |      40.719 |       40.73 |           53 |     0.066218 |
|   10 |       2 | Accept |      321.65 |     0.29265 |      40.719 |       40.73 |           39 |    0.0040012 |
|   11 |       2 | Accept |      266.26 |     0.29047 |      40.719 |       40.73 |           52 |     0.016447 |
|   12 |       2 | Accept |      201.92 |     0.34982 |      40.719 |       40.73 |           64 |     0.018533 |
|   13 |       2 | Accept |      220.61 |     0.35243 |      40.719 |       40.73 |           27 |      0.57332 |
|   14 |       2 | Accept |      188.78 |     0.37075 |      40.719 |       40.73 |           69 |     0.017083 |
|   15 |       2 | Best   |      40.719 |     0.21908 |      40.719 |       40.73 |           11 |      0.18397 |
|   16 |       2 | Accept |       95.58 |     0.66198 |      40.719 |       40.73 |           97 |      0.18621 |
|   17 |      16 | Accept |      130.69 |      0.1936 |      40.719 |      161.61 |           36 |     0.039527 |
|   18 |       2 | Accept |      39.635 |     0.19135 |      28.785 |      99.748 |           18 |      0.21103 |
|   19 |       2 | Accept |      387.04 |     0.29227 |      28.785 |      99.748 |           54 |    0.0078144 |
|   20 |       2 | Accept |      124.39 |     0.23969 |      28.785 |      99.748 |           31 |    0.0012975 |
|===============================================================================================================|
| Iter | Active  | Eval   | Objective   | Objective   | BestSoFar   | BestSoFar   | hiddenLayerS-|           lr |
|      | workers | result |             | runtime     | (observed)  | (estim.)    | ize          |              |
|===============================================================================================================|
|   21 |       2 | Accept |      154.81 |     0.36825 |      28.785 |      99.748 |           88 |      0.80193 |
|   22 |       2 | Accept |      53.368 |     0.20864 |      28.785 |      99.748 |           20 |      0.77518 |
|   23 |       2 | Accept |      209.92 |     0.34943 |      28.785 |      99.748 |           69 |      0.11173 |
|   24 |       2 | Accept |      146.31 |     0.31861 |      28.785 |      99.748 |           66 |    0.0056827 |
|   25 |       2 | Accept |      348.23 |     0.29081 |      28.785 |      99.748 |           56 |    0.0099169 |
|   26 |       2 | Accept |       144.4 |     0.25741 |      28.785 |      99.748 |           39 |     0.016101 |
|   27 |       2 | Accept |      50.688 |     0.21334 |      28.785 |      99.748 |           15 |      0.71467 |
|   28 |       2 | Accept |      180.17 |     0.20427 |      28.785 |      99.748 |           19 |      0.06923 |
|   29 |       2 | Accept |      51.983 |     0.23553 |      28.785 |      99.748 |           11 |    0.0066798 |
|   30 |       2 | Accept |      409.84 |     0.32409 |      28.785 |      99.748 |           53 |       0.1544 |
|   31 |       2 | Best   |      28.785 |      0.2381 |      28.785 |      99.748 |           29 |     0.025724 |
|   32 |       2 | Accept |      51.709 |     0.28729 |      28.785 |      99.748 |           48 |    0.0017289 |

__________________________________________________________
Optimization completed.
MaxObjectiveEvaluations of 30 reached.
Total function evaluations: 32
Total elapsed time: 5.2793 seconds.
Total objective function evaluation time: 9.7561

Best observed feasible point:
    hiddenLayerSize       lr   
    _______________    ________

          29           0.025724

Observed objective function value = 28.7849
Estimated objective function value = 124.3852
Function evaluation time = 0.2381

Best estimated feasible point (according to models):
    hiddenLayerSize      lr   
    _______________    _______

          18           0.21103

Estimated objective function value = 99.7477
Estimated function evaluation time = 0.22448


T =

  1x2 table

    hiddenLayerSize      lr   
    _______________    _______

          18           0.21103

Elapsed time is 50.655458 seconds.



combinedFigDaily = 

    "/scratch/lhw150030/mintsData/visualAnalysis/UTDNodes/001e06318cf1/UTD_Ronn_All_RS_ONN_1_Daily_001e06318cf1_pm10_palas.png"


combinedFigTT = 

    "/scratch/lhw150030/mintsData/visualAnalysis/UTDNodes/001e06318cf1/UTD_Ronn_All_RS_ONN_1_2021_04_04_16_00_46/UTD_Ronn_All_RS_ONN_1_2021_04_04_16_00_46_001e06318cf1_pm10_palas_TT.png"


plot3 = 

  Line with properties:

              Color: [0.9290 0.6940 0.1250]
          LineStyle: '-'
          LineWidth: 0.5000
             Marker: 'none'
         MarkerSize: 6
    MarkerFaceColor: 'none'
              XData: [1x14457 double]
              YData: [1x14457 double]
              ZData: [1x0 double]

  Use GET to show all properties


plot4 = 

  Line (fitted curve) with properties:

              Color: [1 0 0]
          LineStyle: '-'
          LineWidth: 0.5000
             Marker: 'none'
         MarkerSize: 6
    MarkerFaceColor: 'none'
              XData: [1x1001 double]
              YData: [1x1001 double]
              ZData: [1x0 double]

  Use GET to show all properties


plot6 = 

  Line (fitted curve) with properties:

              Color: [1 0 0]
          LineStyle: '-'
          LineWidth: 0.5000
             Marker: 'none'
         MarkerSize: 6
    MarkerFaceColor: 'none'
              XData: [1x1001 double]
              YData: [1x1001 double]
              ZData: [1x0 double]

  Use GET to show all properties


plot3 = 

  Line with properties:

              Color: [0.9290 0.6940 0.1250]
          LineStyle: '-'
          LineWidth: 0.5000
             Marker: 'none'
         MarkerSize: 6
    MarkerFaceColor: 'none'
              XData: [1x14457 double]
              YData: [1x14457 double]
              ZData: [1x0 double]

  Use GET to show all properties


plot4 = 

  Line (fitted curve) with properties:

              Color: [1 0 0]
          LineStyle: '-'
          LineWidth: 0.5000
             Marker: 'none'
         MarkerSize: 6
    MarkerFaceColor: 'none'
              XData: [1x1001 double]
              YData: [1x1001 double]
              ZData: [1x0 double]

  Use GET to show all properties


plot6 = 

  Line (fitted curve) with properties:

              Color: [1 0 0]
          LineStyle: '-'
          LineWidth: 0.5000
             Marker: 'none'
         MarkerSize: 6
    MarkerFaceColor: 'none'
              XData: [1x1001 double]
              YData: [1x1001 double]
              ZData: [1x0 double]

  Use GET to show all properties

    "Saving Model Files for Node: 001e06318cf1 & target :PM_{10}"


modelsSaveNameDaily = 

    "/scratch/lhw150030/mintsData/modelsMats/UTDNodes/001e06318cf1/daily_Mdl_001e06318cf1_pm10_palas.mat"


modelsSaveName = 

    "/scratch/lhw150030/mintsData/modelsMats/UTDNodes/001e06318cf1/UTD_Ronn_All_RS_ONN_1_2021_04_04_16_00_46/UTD_Ronn_All_RS_ONN_1_2021_04_04_16_00_46_001e06318cf1_pm10_palas.mat"


resultsSaveName = 

    "/scratch/lhw150030/mintsData/modelsMats/UTDNodes/001e06318cf1/daily_Mdl_001e06318cf1_pm10_palas.csv"






trainingSaveNameDaily = 

    "/scratch/lhw150030/mintsData/trainingMats/UTDNodes/001e06318cf1/UTD_Ronn_All_RS_ONN_1_Daily_001e06318cf1_pm10_palas.mat"


trainingSaveName = 

    "/scratch/lhw150030/mintsData/trainingMats/UTDNodes/001e06318cf1/UTD_Ronn_All_RS_ONN_1_2021_04_04_16_00_46/UTD_Ronn_All_RS_ONN_1_2021_04_04_16_00_46_001e06318cf1_pm10_palas.mat"



    "Gainin Data set for Node 001e06318cf1 with target output pmTotal_palas @ 04-Apr-2021 16:11:07"

Going through column 1 and choosing a representative sample. Choosing 750 bins for this column. With 3 members per bin.
Going through column 2 and choosing a representative sample. Choosing 750 bins for this column. With 3 members per bin.
Going through column 3 and choosing a representative sample. Choosing 318 bins for this column. With 3 members per bin.
Going through column 4 and choosing a representative sample. Choosing 73 bins for this column. With 3 members per bin.
Going through column 5 and choosing a representative sample. Choosing 1 bins for this column. With 3 members per bin.
Going through column 6 and choosing a representative sample. Choosing 750 bins for this column. With 3 members per bin.
Going through column 7 and choosing a representative sample. Choosing 750 bins for this column. With 3 members per bin.
Going through column 8 and choosing a representative sample. Choosing 750 bins for this column. With 3 members per bin.
Going through column 9 and choosing a representative sample. Choosing 750 bins for this column. With 3 members per bin.
Going through column 10 and choosing a representative sample. Choosing 750 bins for this column. With 3 members per bin.
Going through column 11 and choosing a representative sample. Choosing 750 bins for this column. With 3 members per bin.
Going through column 12 and choosing a representative sample. Choosing 750 bins for this column. With 3 members per bin.
Going through column 13 and choosing a representative sample. Choosing 750 bins for this column. With 3 members per bin.
Going through column 14 and choosing a representative sample. Choosing 230 bins for this column. With 3 members per bin.
Going through column 15 and choosing a representative sample. Choosing 150 bins for this column. With 3 members per bin.
Going through column 16 and choosing a representative sample. Choosing 109 bins for this column. With 3 members per bin.
Going through column 17 and choosing a representative sample. Choosing 42 bins for this column. With 3 members per bin.
Going through column 18 and choosing a representative sample. Choosing 25 bins for this column. With 3 members per bin.
Going through column 19 and choosing a representative sample. Choosing 11 bins for this column. With 3 members per bin.
Going through column 20 and choosing a representative sample. Choosing 7 bins for this column. With 3 members per bin.
Going through column 21 and choosing a representative sample. Choosing 4 bins for this column. With 3 members per bin.
Going through column 22 and choosing a representative sample. Choosing 3 bins for this column. With 3 members per bin.
Going through column 23 and choosing a representative sample. Choosing 2 bins for this column. With 3 members per bin.
Going through column 24 and choosing a representative sample. Choosing 2 bins for this column. With 3 members per bin.
Going through column 25 and choosing a representative sample. Choosing 2 bins for this column. With 3 members per bin.
Going through column 26 and choosing a representative sample. Choosing 2 bins for this column. With 3 members per bin.
Going through column 27 and choosing a representative sample. Choosing 2 bins for this column. With 3 members per bin.
Going through column 28 and choosing a representative sample. Choosing 607 bins for this column. With 3 members per bin.
Going through column 29 and choosing a representative sample. Choosing 608 bins for this column. With 3 members per bin.
Going through column 30 and choosing a representative sample. Choosing 457 bins for this column. With 3 members per bin.
Going through column 31 and choosing a representative sample. Choosing 186 bins for this column. With 3 members per bin.
Going through column 32 and choosing a representative sample. Choosing 750 bins for this column. With 3 members per bin.
Going through column 33 and choosing a representative sample. Choosing 750 bins for this column. With 3 members per bin.
Going through column 34 and choosing a representative sample. Choosing 750 bins for this column. With 3 members per bin.
Going through column 35 and choosing a representative sample. Choosing 750 bins for this column. With 3 members per bin.
Going through column 36 and choosing a representative sample. Choosing 750 bins for this column. With 3 members per bin.
Going through column 37 and choosing a representative sample. Choosing 145 bins for this column. With 3 members per bin.
Going through column 38 and choosing a representative sample. Choosing 308 bins for this column. With 3 members per bin.
Going through column 39 and choosing a representative sample. Choosing 1500 bins for this column. With 6 members per bin.

ans =

       13545


ans =

        2390

    "Running Regression"

Copying objective function to workers...
Done copying objective function to workers.
|===============================================================================================================|
| Iter | Active  | Eval   | Objective   | Objective   | BestSoFar   | BestSoFar   | hiddenLayerS-|           lr |
|      | workers | result |             | runtime     | (observed)  | (estim.)    | ize          |              |
|===============================================================================================================|
|    1 |      16 | Best   |       51.84 |     0.17422 |       51.84 |       51.84 |           10 |     0.001297 |
|    2 |       2 | Accept |      442.12 |     0.37028 |       51.84 |      218.85 |           95 |      0.11313 |
|    3 |       2 | Accept |      488.16 |     0.37366 |       51.84 |      218.85 |           99 |    0.0025575 |
|    4 |       2 | Accept |      65.001 |     0.25587 |       51.84 |      218.85 |           43 |     0.011185 |
|    5 |       2 | Accept |       561.1 |     0.25691 |       51.84 |      218.85 |           43 |     0.052416 |
|    6 |       2 | Accept |      178.46 |     0.28522 |       51.84 |      218.85 |           59 |     0.062444 |
|    7 |       2 | Accept |      230.37 |     0.30925 |       51.84 |      218.85 |           60 |      0.16769 |
|    8 |       2 | Accept |      262.49 |     0.27488 |       51.84 |      218.85 |           43 |      0.13358 |
|    9 |       2 | Accept |      306.92 |     0.37363 |       51.84 |      218.85 |           90 |    0.0012863 |
|   10 |       2 | Accept |      127.37 |     0.30732 |       51.84 |      218.85 |           61 |     0.002831 |
|   11 |       2 | Accept |      153.01 |     0.35793 |       51.84 |      218.85 |           78 |     0.045731 |
|   12 |       2 | Accept |      238.72 |     0.21501 |       51.84 |      218.85 |           17 |    0.0047565 |
|   13 |       2 | Accept |      86.609 |     0.36799 |       51.84 |      218.85 |           95 |     0.024462 |
|   14 |       2 | Accept |      128.71 |     0.35791 |       51.84 |      218.85 |           88 |    0.0030368 |
|   15 |       2 | Accept |      89.347 |     0.21713 |       51.84 |      218.85 |           28 |      0.13654 |
|   16 |       2 | Accept |      91.374 |     0.34296 |       51.84 |      218.85 |           76 |      0.10721 |
|   17 |      16 | Accept |      279.45 |     0.18106 |       51.84 |      222.41 |           31 |     0.014919 |
|   18 |       2 | Accept |      89.197 |     0.16155 |       51.84 |       246.4 |            5 |      0.97391 |
|   19 |       2 | Accept |      351.93 |     0.35918 |       51.84 |       246.4 |           74 |     0.003453 |
|   20 |       2 | Accept |       811.8 |     0.24297 |       51.84 |       246.4 |           41 |     0.002167 |
|===============================================================================================================|
| Iter | Active  | Eval   | Objective   | Objective   | BestSoFar   | BestSoFar   | hiddenLayerS-|           lr |
|      | workers | result |             | runtime     | (observed)  | (estim.)    | ize          |              |
|===============================================================================================================|
|   21 |       2 | Accept |      446.76 |     0.28494 |       51.84 |       246.4 |           54 |      0.19457 |
|   22 |       2 | Accept |      148.56 |     0.24957 |       51.84 |       246.4 |           44 |     0.077784 |
|   23 |       2 | Accept |      453.77 |     0.23143 |       51.84 |       246.4 |           34 |    0.0028351 |
|   24 |       2 | Accept |      154.61 |     0.28621 |       51.84 |       246.4 |           54 |      0.40826 |
|   25 |       2 | Accept |      116.81 |      0.2874 |       51.84 |       246.4 |           61 |     0.013629 |
|   26 |       2 | Accept |      352.62 |     0.27969 |       51.84 |       246.4 |           57 |      0.02229 |
|   27 |       2 | Accept |      103.73 |     0.34648 |       51.84 |       246.4 |           71 |     0.057923 |
|   28 |       2 | Accept |      115.39 |     0.36891 |       51.84 |       246.4 |           52 |     0.045547 |
|   29 |       2 | Accept |      395.36 |     0.33306 |       51.84 |       246.4 |           75 |      0.11184 |
|   30 |       2 | Accept |      242.96 |     0.40085 |       51.84 |       246.4 |           73 |      0.34599 |
|   31 |       2 | Accept |      120.94 |      0.2376 |       51.84 |       246.4 |           35 |     0.017827 |
|   32 |       2 | Accept |      199.45 |     0.28648 |       51.84 |       246.4 |           27 |      0.54374 |

__________________________________________________________
Optimization completed.
MaxObjectiveEvaluations of 30 reached.
Total function evaluations: 32
Total elapsed time: 5.3614 seconds.
Total objective function evaluation time: 9.3776

Best observed feasible point:
    hiddenLayerSize       lr   
    _______________    ________

          10           0.001297

Observed objective function value = 51.8404
Estimated objective function value = 246.4056
Function evaluation time = 0.17422

Best estimated feasible point (according to models):
    hiddenLayerSize      lr   
    _______________    _______

           5           0.97391

Estimated objective function value = 246.4046
Estimated function evaluation time = 0.17707


T =

  1x2 table

    hiddenLayerSize      lr   
    _______________    _______

           5           0.97391

Elapsed time is 15.456465 seconds.



combinedFigDaily = 

    "/scratch/lhw150030/mintsData/visualAnalysis/UTDNodes/001e06318cf1/UTD_Ronn_All_RS_ONN_1_Daily_001e06318cf1_pmTotal_palas.png"


combinedFigTT = 

    "/scratch/lhw150030/mintsData/visualAnalysis/UTDNodes/001e06318cf1/UTD_Ronn_All_RS_ONN_1_2021_04_04_16_00_46/UTD_Ronn_All_RS_ONN_1_2021_04_04_16_00_46_001e06318cf1_pmTotal_palas_TT.png"


plot3 = 

  Line with properties:

              Color: [0.9290 0.6940 0.1250]
          LineStyle: '-'
          LineWidth: 0.5000
             Marker: 'none'
         MarkerSize: 6
    MarkerFaceColor: 'none'
              XData: [1x13545 double]
              YData: [1x13545 double]
              ZData: [1x0 double]

  Use GET to show all properties


plot4 = 

  Line (fitted curve) with properties:

              Color: [1 0 0]
          LineStyle: '-'
          LineWidth: 0.5000
             Marker: 'none'
         MarkerSize: 6
    MarkerFaceColor: 'none'
              XData: [1x1001 double]
              YData: [1x1001 double]
              ZData: [1x0 double]

  Use GET to show all properties


plot6 = 

  Line (fitted curve) with properties:

              Color: [1 0 0]
          LineStyle: '-'
          LineWidth: 0.5000
             Marker: 'none'
         MarkerSize: 6
    MarkerFaceColor: 'none'
              XData: [1x1001 double]
              YData: [1x1001 double]
              ZData: [1x0 double]

  Use GET to show all properties


plot3 = 

  Line with properties:

              Color: [0.9290 0.6940 0.1250]
          LineStyle: '-'
          LineWidth: 0.5000
             Marker: 'none'
         MarkerSize: 6
    MarkerFaceColor: 'none'
              XData: [1x13545 double]
              YData: [1x13545 double]
              ZData: [1x0 double]

  Use GET to show all properties


plot4 = 

  Line (fitted curve) with properties:

              Color: [1 0 0]
          LineStyle: '-'
          LineWidth: 0.5000
             Marker: 'none'
         MarkerSize: 6
    MarkerFaceColor: 'none'
              XData: [1x1001 double]
              YData: [1x1001 double]
              ZData: [1x0 double]

  Use GET to show all properties


plot6 = 

  Line (fitted curve) with properties:

              Color: [1 0 0]
          LineStyle: '-'
          LineWidth: 0.5000
             Marker: 'none'
         MarkerSize: 6
    MarkerFaceColor: 'none'
              XData: [1x1001 double]
              YData: [1x1001 double]
              ZData: [1x0 double]

  Use GET to show all properties

    "Saving Model Files for Node: 001e06318cf1 & target :PM_{Total}"


modelsSaveNameDaily = 

    "/scratch/lhw150030/mintsData/modelsMats/UTDNodes/001e06318cf1/daily_Mdl_001e06318cf1_pmTotal_palas.mat"


modelsSaveName = 

    "/scratch/lhw150030/mintsData/modelsMats/UTDNodes/001e06318cf1/UTD_Ronn_All_RS_ONN_1_2021_04_04_16_00_46/UTD_Ronn_All_RS_ONN_1_2021_04_04_16_00_46_001e06318cf1_pmTotal_palas.mat"


resultsSaveName = 

    "/scratch/lhw150030/mintsData/modelsMats/UTDNodes/001e06318cf1/daily_Mdl_001e06318cf1_pmTotal_palas.csv"






trainingSaveNameDaily = 

    "/scratch/lhw150030/mintsData/trainingMats/UTDNodes/001e06318cf1/UTD_Ronn_All_RS_ONN_1_Daily_001e06318cf1_pmTotal_palas.mat"


trainingSaveName = 

    "/scratch/lhw150030/mintsData/trainingMats/UTDNodes/001e06318cf1/UTD_Ronn_All_RS_ONN_1_2021_04_04_16_00_46/UTD_Ronn_All_RS_ONN_1_2021_04_04_16_00_46_001e06318cf1_pmTotal_palas.mat"



    "Gainin Data set for Node 001e06318cf1 with target output dCn_palas @ 04-Apr-2021 16:12:15"

Going through column 1 and choosing a representative sample. Choosing 750 bins for this column. With 3 members per bin.
Going through column 2 and choosing a representative sample. Choosing 750 bins for this column. With 3 members per bin.
Going through column 3 and choosing a representative sample. Choosing 318 bins for this column. With 3 members per bin.
Going through column 4 and choosing a representative sample. Choosing 73 bins for this column. With 3 members per bin.
Going through column 5 and choosing a representative sample. Choosing 1 bins for this column. With 3 members per bin.
Going through column 6 and choosing a representative sample. Choosing 750 bins for this column. With 3 members per bin.
Going through column 7 and choosing a representative sample. Choosing 750 bins for this column. With 3 members per bin.
Going through column 8 and choosing a representative sample. Choosing 750 bins for this column. With 3 members per bin.
Going through column 9 and choosing a representative sample. Choosing 750 bins for this column. With 3 members per bin.
Going through column 10 and choosing a representative sample. Choosing 750 bins for this column. With 3 members per bin.
Going through column 11 and choosing a representative sample. Choosing 750 bins for this column. With 3 members per bin.
Going through column 12 and choosing a representative sample. Choosing 750 bins for this column. With 3 members per bin.
Going through column 13 and choosing a representative sample. Choosing 750 bins for this column. With 3 members per bin.
Going through column 14 and choosing a representative sample. Choosing 230 bins for this column. With 3 members per bin.
Going through column 15 and choosing a representative sample. Choosing 150 bins for this column. With 3 members per bin.
Going through column 16 and choosing a representative sample. Choosing 109 bins for this column. With 3 members per bin.
Going through column 17 and choosing a representative sample. Choosing 42 bins for this column. With 3 members per bin.
Going through column 18 and choosing a representative sample. Choosing 25 bins for this column. With 3 members per bin.
Going through column 19 and choosing a representative sample. Choosing 11 bins for this column. With 3 members per bin.
Going through column 20 and choosing a representative sample. Choosing 7 bins for this column. With 3 members per bin.
Going through column 21 and choosing a representative sample. Choosing 4 bins for this column. With 3 members per bin.
Going through column 22 and choosing a representative sample. Choosing 3 bins for this column. With 3 members per bin.
Going through column 23 and choosing a representative sample. Choosing 2 bins for this column. With 3 members per bin.
Going through column 24 and choosing a representative sample. Choosing 2 bins for this column. With 3 members per bin.
Going through column 25 and choosing a representative sample. Choosing 2 bins for this column. With 3 members per bin.
Going through column 26 and choosing a representative sample. Choosing 2 bins for this column. With 3 members per bin.
Going through column 27 and choosing a representative sample. Choosing 2 bins for this column. With 3 members per bin.
Going through column 28 and choosing a representative sample. Choosing 607 bins for this column. With 3 members per bin.
Going through column 29 and choosing a representative sample. Choosing 608 bins for this column. With 3 members per bin.
Going through column 30 and choosing a representative sample. Choosing 457 bins for this column. With 3 members per bin.
Going through column 31 and choosing a representative sample. Choosing 186 bins for this column. With 3 members per bin.
Going through column 32 and choosing a representative sample. Choosing 750 bins for this column. With 3 members per bin.
Going through column 33 and choosing a representative sample. Choosing 750 bins for this column. With 3 members per bin.
Going through column 34 and choosing a representative sample. Choosing 750 bins for this column. With 3 members per bin.
Going through column 35 and choosing a representative sample. Choosing 750 bins for this column. With 3 members per bin.
Going through column 36 and choosing a representative sample. Choosing 750 bins for this column. With 3 members per bin.
Going through column 37 and choosing a representative sample. Choosing 145 bins for this column. With 3 members per bin.
Going through column 38 and choosing a representative sample. Choosing 308 bins for this column. With 3 members per bin.
Going through column 39 and choosing a representative sample. Choosing 1500 bins for this column. With 6 members per bin.
