Running calibration scripts for UTD Node: 4
Running on host: compute-1-1-5

                            < M A T L A B (R) >
                  Copyright 1984-2020 The MathWorks, Inc.
              R2020a Update 1 (9.8.0.1359463) 64-bit (glnxa64)
                               April 9, 2020

 
To get started, type doc.
For product information, visit www.mathworks.com.
 
UTD_Ronn_All_RS_ONN_1_2021_04_04_16_00_46


UTD_Ronn_All_RS_ONN_1_Daily


Optimzed NN All Inputs



globalCSVLabel = 

    "WSPre"



    "---------------------MINTS---------------------"

04-Apr-2021 16:00:46

mintsDefinitions = 

  struct with fields:

                 dataFolder: '/scratch/lhw150030/mintsData'
                poolWorkers: 16
                   timeSpan: 30
                   airmarID: '001e0610c0e4'
              binsPerColumn: 750
               numberPerBin: 3
                     pValid: 0.1500
                    nodeIDs: {1x16 cell}
                inputStack1: {1x9 cell}
          mintsInputsStack1: {1x35 cell}
     mintsInputLabelsStack1: {1x35 cell}
               inputStack20: {1x11 cell}
         mintsInputsStack20: {1x33 cell}
    mintsInputLabelsStack20: {1x33 cell}
         mintsInputsStack21: {1x16 cell}
    mintsInputLabelsStack21: {1x16 cell}
               latestStack1: {'BME280'  'MGS001'  'OPCN2'}
                inputStack2: {1x11 cell}
               latestStack2: {'BME280'  'MGS001'  'OPCN2'  'SCD30'}
          mintsInputsStack2: {1x35 cell}
     mintsInputLabelsStack2: {1x35 cell}
                inputStack3: {1x10 cell}
               latestStack3: {'BME280'  'MGS001'  'OPCN2'  'SCD30'}
          mintsInputsStack3: {1x38 cell}
     mintsInputLabelsStack3: {1x38 cell}
               mintsTargets: {1x10 cell}
          mintsTargetLabels: {1x10 cell}
                      units: {1x10 cell}
                instruments: {1x10 cell}

Starting parallel pool (parpool) using the 'local' profile ...
Connected to the parallel pool (number of workers: 16).

ans = 

 ProcessPool with properties: 

            Connected: true
           NumWorkers: 16
              Cluster: local
        AttachedFiles: {}
    AutoAddClientPath: true
          IdleTimeout: 30 minutes (30 minutes remaining)
          SpmdEnabled: true


airmarFolder = 

    "/scratch/lhw150030/mintsData/referenceMats/airmar"



    "Data Folder Located @:/scratch/lhw150030/mintsData"

    "Raw Data Located @: /scratch/lhw150030/mintsData"

    "Raw DotMat Data Located @ :/scratch/lhw150030/mintsData/rawMats"

    "UTD Nodes DotMat Data Located @ :/scratch/lhw150030/mintsData/rawMats/UTDNodes"

    "Reference Data Located @: /scratch/lhw150030/mintsData/reference"

    "Reference DotMat Data Located @ :/scratch/lhw150030/mintsData/referenceMats"

    "Palas Raw Data Located @ :/scratch/lhw150030/mintsData/reference/palasStream"

    "Palas DotMat Data Located @ :/scratch/lhw150030/mintsData/referenceMats/palas"

    "Car GPS Files Located @ :/scratch/lhw150030/mintsData/referenceMats/carMintsGPS"

    "Loading Palas Files"

    "Loading GPS Files"

    "Loading Airmar Files"

    "Aligning GPS data with Palas Data"

    "WSTC Palas Data"

    "Palas With Airmar"

    "Analysis"

    "Save merged data for calibration: 001e06305a61"



    "Creating Training Data Sets for Node: 001e06305a61"



    "Gainin Data set for Node 001e06305a61 with target output pm1_palas @ 04-Apr-2021 16:01:30"

Going through column 1 and choosing a representative sample. Choosing 750 bins for this column. With 3 members per bin.
Going through column 2 and choosing a representative sample. Choosing 750 bins for this column. With 3 members per bin.
Going through column 3 and choosing a representative sample. Choosing 339 bins for this column. With 3 members per bin.
Going through column 4 and choosing a representative sample. Choosing 75 bins for this column. With 3 members per bin.
Going through column 5 and choosing a representative sample. Choosing 1 bins for this column. With 3 members per bin.
Going through column 6 and choosing a representative sample. Choosing 750 bins for this column. With 3 members per bin.
Going through column 7 and choosing a representative sample. Choosing 750 bins for this column. With 3 members per bin.
Going through column 8 and choosing a representative sample. Choosing 750 bins for this column. With 3 members per bin.
Going through column 9 and choosing a representative sample. Choosing 750 bins for this column. With 3 members per bin.
Going through column 10 and choosing a representative sample. Choosing 750 bins for this column. With 3 members per bin.
Going through column 11 and choosing a representative sample. Choosing 750 bins for this column. With 3 members per bin.
Going through column 12 and choosing a representative sample. Choosing 750 bins for this column. With 3 members per bin.
Going through column 13 and choosing a representative sample. Choosing 750 bins for this column. With 3 members per bin.
Going through column 14 and choosing a representative sample. Choosing 440 bins for this column. With 3 members per bin.
Going through column 15 and choosing a representative sample. Choosing 240 bins for this column. With 3 members per bin.
Going through column 16 and choosing a representative sample. Choosing 144 bins for this column. With 3 members per bin.
Going through column 17 and choosing a representative sample. Choosing 63 bins for this column. With 3 members per bin.
Going through column 18 and choosing a representative sample. Choosing 23 bins for this column. With 3 members per bin.
Going through column 19 and choosing a representative sample. Choosing 11 bins for this column. With 3 members per bin.
Going through column 20 and choosing a representative sample. Choosing 8 bins for this column. With 3 members per bin.
Going through column 21 and choosing a representative sample. Choosing 5 bins for this column. With 3 members per bin.
Going through column 22 and choosing a representative sample. Choosing 5 bins for this column. With 3 members per bin.
Going through column 23 and choosing a representative sample. Choosing 4 bins for this column. With 3 members per bin.
Going through column 24 and choosing a representative sample. Choosing 4 bins for this column. With 3 members per bin.
Going through column 25 and choosing a representative sample. Choosing 4 bins for this column. With 3 members per bin.
Going through column 26 and choosing a representative sample. Choosing 3 bins for this column. With 3 members per bin.
Going through column 27 and choosing a representative sample. Choosing 3 bins for this column. With 3 members per bin.
Going through column 28 and choosing a representative sample. Choosing 313 bins for this column. With 3 members per bin.
Going through column 29 and choosing a representative sample. Choosing 350 bins for this column. With 3 members per bin.
Going through column 30 and choosing a representative sample. Choosing 291 bins for this column. With 3 members per bin.
Going through column 31 and choosing a representative sample. Choosing 210 bins for this column. With 3 members per bin.
Going through column 32 and choosing a representative sample. Choosing 750 bins for this column. With 3 members per bin.
Going through column 33 and choosing a representative sample. Choosing 750 bins for this column. With 3 members per bin.
Going through column 34 and choosing a representative sample. Choosing 750 bins for this column. With 3 members per bin.
Going through column 35 and choosing a representative sample. Choosing 750 bins for this column. With 3 members per bin.
Going through column 36 and choosing a representative sample. Choosing 1500 bins for this column. With 6 members per bin.

ans =

       17706


ans =

        3125

    "Running Regression"

Copying objective function to workers...
Done copying objective function to workers.
|===============================================================================================================|
| Iter | Active  | Eval   | Objective   | Objective   | BestSoFar   | BestSoFar   | hiddenLayerS-|           lr |
|      | workers | result |             | runtime     | (observed)  | (estim.)    | ize          |              |
|===============================================================================================================|
|    1 |       2 | Accept |      22.053 |       3.311 |      7.1843 |      25.875 |           13 |      0.48296 |
|    2 |       2 | Accept |      24.249 |      3.1492 |      7.1843 |      25.875 |            6 |      0.42441 |
|    3 |       2 | Accept |      11.206 |      3.3641 |      7.1843 |      25.875 |           49 |     0.043819 |
|    4 |       2 | Accept |      34.403 |      3.2298 |      7.1843 |      25.875 |           58 |      0.10313 |
|    5 |       2 | Accept |      47.665 |      3.3173 |      7.1843 |      25.875 |           63 |     0.090875 |
|    6 |       2 | Best   |      7.1843 |      3.2029 |      7.1843 |      25.875 |           28 |      0.45043 |
|    7 |       2 | Accept |       41.33 |      3.4277 |      7.1843 |      25.875 |           92 |      0.68143 |
|    8 |       2 | Accept |      20.805 |      3.4033 |      7.1843 |      25.875 |           90 |    0.0058561 |
|    9 |       2 | Accept |       59.81 |      3.4397 |      7.1843 |      25.875 |           96 |     0.013005 |
|   10 |       2 | Accept |       37.47 |      3.3736 |      7.1843 |      25.875 |           78 |    0.0016513 |
|   11 |       2 | Accept |      56.534 |      3.2378 |      7.1843 |      25.875 |           70 |     0.014524 |
|   12 |       2 | Accept |      35.948 |      3.2091 |      7.1843 |      25.875 |           28 |    0.0065398 |
|   13 |       2 | Accept |      24.296 |      3.0977 |      7.1843 |      25.875 |            6 |    0.0054759 |
|   14 |       2 | Accept |      62.628 |      3.2407 |      7.1843 |      25.875 |           46 |    0.0036528 |
|   15 |       2 | Accept |      21.002 |      3.0991 |      7.1843 |      25.875 |           17 |     0.083702 |
|   16 |      16 | Accept |       44.78 |      3.4143 |      7.1843 |      25.283 |           97 |    0.0036747 |
|   17 |       2 | Accept |      55.058 |     0.76847 |      6.3136 |      21.261 |           49 |      0.99996 |
|   18 |       2 | Accept |      19.153 |     0.73474 |      6.3136 |      21.261 |           28 |      0.29828 |
|   19 |       2 | Best   |      6.3136 |     0.59922 |      6.3136 |      21.261 |            9 |      0.03792 |
|   20 |       2 | Accept |      17.436 |      0.7067 |      6.3136 |      21.261 |           42 |     0.002906 |
|===============================================================================================================|
| Iter | Active  | Eval   | Objective   | Objective   | BestSoFar   | BestSoFar   | hiddenLayerS-|           lr |
|      | workers | result |             | runtime     | (observed)  | (estim.)    | ize          |              |
|===============================================================================================================|
|   21 |       2 | Accept |      46.445 |     0.84647 |      6.3136 |      21.261 |           86 |     0.077237 |
|   22 |       2 | Accept |          12 |      0.6933 |      6.3136 |      21.261 |           18 |      0.15618 |
|   23 |       2 | Accept |      12.737 |     0.81035 |      6.3136 |      21.261 |           78 |    0.0024306 |
|   24 |       2 | Accept |      37.487 |     0.58372 |      6.3136 |      21.261 |           16 |    0.0011804 |
|   25 |       2 | Accept |      8.5521 |     0.73442 |      6.3136 |      21.261 |           65 |      0.30146 |
|   26 |       2 | Accept |      80.314 |      1.0343 |      6.3136 |      21.261 |           91 |     0.028374 |
|   27 |       2 | Accept |      16.614 |      0.8438 |      6.3136 |      21.261 |           80 |      0.09564 |
|   28 |       2 | Accept |      66.129 |      0.8079 |      6.3136 |      21.261 |           62 |     0.015431 |
|   29 |       2 | Accept |      8.9419 |      0.6256 |      6.3136 |      21.261 |            6 |    0.0081749 |
|   30 |       2 | Accept |      28.897 |     0.64397 |      6.3136 |      21.261 |           27 |     0.071906 |
|   31 |       2 | Accept |       38.09 |      0.8237 |      6.3136 |      21.261 |           75 |      0.26272 |

__________________________________________________________
Optimization completed.
MaxObjectiveEvaluations of 30 reached.
Total function evaluations: 31
Total elapsed time: 16.8972 seconds.
Total objective function evaluation time: 63.7742

Best observed feasible point:
    hiddenLayerSize      lr   
    _______________    _______

           9           0.03792

Observed objective function value = 6.3136
Estimated objective function value = 21.1893
Function evaluation time = 0.59922

Best estimated feasible point (according to models):
    hiddenLayerSize      lr   
    _______________    _______

          28           0.29828

Estimated objective function value = 21.2607
Estimated function evaluation time = 1.5981


T =

  1x2 table

    hiddenLayerSize      lr   
    _______________    _______

          28           0.29828

Elapsed time is 119.469410 seconds.



combinedFigDaily = 

    "/scratch/lhw150030/mintsData/visualAnalysis/UTDNodes/001e06305a61/UTD_Ronn_All_RS_ONN_1_Daily_001e06305a61_pm1_palas.png"

    "Creating Folder @: '/scratch/lhw150030/mintsData/visualAnalysis/UTDNodes/001e06305a61/UTD_Ronn_All_RS_ONN_1_2021_04_04_16_00_46'"


combinedFigTT = 

    "/scratch/lhw150030/mintsData/visualAnalysis/UTDNodes/001e06305a61/UTD_Ronn_All_RS_ONN_1_2021_04_04_16_00_46/UTD_Ronn_All_RS_ONN_1_2021_04_04_16_00_46_001e06305a61_pm1_palas_TT.png"


plot3 = 

  Line with properties:

              Color: [0.9290 0.6940 0.1250]
          LineStyle: '-'
          LineWidth: 0.5000
             Marker: 'none'
         MarkerSize: 6
    MarkerFaceColor: 'none'
              XData: [1x17706 double]
              YData: [1x17706 double]
              ZData: [1x0 double]

  Use GET to show all properties


plot4 = 

  Line (fitted curve) with properties:

              Color: [1 0 0]
          LineStyle: '-'
          LineWidth: 0.5000
             Marker: 'none'
         MarkerSize: 6
    MarkerFaceColor: 'none'
              XData: [1x1001 double]
              YData: [1x1001 double]
              ZData: [1x0 double]

  Use GET to show all properties


plot6 = 

  Line (fitted curve) with properties:

              Color: [1 0 0]
          LineStyle: '-'
          LineWidth: 0.5000
             Marker: 'none'
         MarkerSize: 6
    MarkerFaceColor: 'none'
              XData: [1x1001 double]
              YData: [1x1001 double]
              ZData: [1x0 double]

  Use GET to show all properties


plot3 = 

  Line with properties:

              Color: [0.9290 0.6940 0.1250]
          LineStyle: '-'
          LineWidth: 0.5000
             Marker: 'none'
         MarkerSize: 6
    MarkerFaceColor: 'none'
              XData: [1x17706 double]
              YData: [1x17706 double]
              ZData: [1x0 double]

  Use GET to show all properties


plot4 = 

  Line (fitted curve) with properties:

              Color: [1 0 0]
          LineStyle: '-'
          LineWidth: 0.5000
             Marker: 'none'
         MarkerSize: 6
    MarkerFaceColor: 'none'
              XData: [1x1001 double]
              YData: [1x1001 double]
              ZData: [1x0 double]

  Use GET to show all properties


plot6 = 

  Line (fitted curve) with properties:

              Color: [1 0 0]
          LineStyle: '-'
          LineWidth: 0.5000
             Marker: 'none'
         MarkerSize: 6
    MarkerFaceColor: 'none'
              XData: [1x1001 double]
              YData: [1x1001 double]
              ZData: [1x0 double]

  Use GET to show all properties

    "Saving Model Files for Node: 001e06305a61 & target :PM_{1}"


modelsSaveNameDaily = 

    "/scratch/lhw150030/mintsData/modelsMats/UTDNodes/001e06305a61/daily_Mdl_001e06305a61_pm1_palas.mat"


modelsSaveName = 

    "/scratch/lhw150030/mintsData/modelsMats/UTDNodes/001e06305a61/UTD_Ronn_All_RS_ONN_1_2021_04_04_16_00_46/UTD_Ronn_All_RS_ONN_1_2021_04_04_16_00_46_001e06305a61_pm1_palas.mat"


resultsSaveName = 

    "/scratch/lhw150030/mintsData/modelsMats/UTDNodes/001e06305a61/daily_Mdl_001e06305a61_pm1_palas.csv"

    "Creating Folder @: '/scratch/lhw150030/mintsData/modelsMats/UTDNodes/001e06305a61/UTD_Ronn_All_RS_ONN_1_2021_04_04_16_00_46'"






trainingSaveNameDaily = 

    "/scratch/lhw150030/mintsData/trainingMats/UTDNodes/001e06305a61/UTD_Ronn_All_RS_ONN_1_Daily_001e06305a61_pm1_palas.mat"


trainingSaveName = 

    "/scratch/lhw150030/mintsData/trainingMats/UTDNodes/001e06305a61/UTD_Ronn_All_RS_ONN_1_2021_04_04_16_00_46/UTD_Ronn_All_RS_ONN_1_2021_04_04_16_00_46_001e06305a61_pm1_palas.mat"

    "Creating Folder @: '/scratch/lhw150030/mintsData/trainingMats/UTDNodes/001e06305a61/UTD_Ronn_All_RS_ONN_1_2021_04_04_16_00_46'"



    "Gainin Data set for Node 001e06305a61 with target output pm2_5_palas @ 04-Apr-2021 16:04:27"

Going through column 1 and choosing a representative sample. Choosing 750 bins for this column. With 3 members per bin.
Going through column 2 and choosing a representative sample. Choosing 750 bins for this column. With 3 members per bin.
Going through column 3 and choosing a representative sample. Choosing 339 bins for this column. With 3 members per bin.
Going through column 4 and choosing a representative sample. Choosing 75 bins for this column. With 3 members per bin.
Going through column 5 and choosing a representative sample. Choosing 1 bins for this column. With 3 members per bin.
Going through column 6 and choosing a representative sample. Choosing 750 bins for this column. With 3 members per bin.
Going through column 7 and choosing a representative sample. Choosing 750 bins for this column. With 3 members per bin.
Going through column 8 and choosing a representative sample. Choosing 750 bins for this column. With 3 members per bin.
Going through column 9 and choosing a representative sample. Choosing 750 bins for this column. With 3 members per bin.
Going through column 10 and choosing a representative sample. Choosing 750 bins for this column. With 3 members per bin.
Going through column 11 and choosing a representative sample. Choosing 750 bins for this column. With 3 members per bin.
Going through column 12 and choosing a representative sample. Choosing 750 bins for this column. With 3 members per bin.
Going through column 13 and choosing a representative sample. Choosing 750 bins for this column. With 3 members per bin.
Going through column 14 and choosing a representative sample. Choosing 440 bins for this column. With 3 members per bin.
Going through column 15 and choosing a representative sample. Choosing 240 bins for this column. With 3 members per bin.
Going through column 16 and choosing a representative sample. Choosing 144 bins for this column. With 3 members per bin.
Going through column 17 and choosing a representative sample. Choosing 63 bins for this column. With 3 members per bin.
Going through column 18 and choosing a representative sample. Choosing 23 bins for this column. With 3 members per bin.
Going through column 19 and choosing a representative sample. Choosing 11 bins for this column. With 3 members per bin.
Going through column 20 and choosing a representative sample. Choosing 8 bins for this column. With 3 members per bin.
Going through column 21 and choosing a representative sample. Choosing 5 bins for this column. With 3 members per bin.
Going through column 22 and choosing a representative sample. Choosing 5 bins for this column. With 3 members per bin.
Going through column 23 and choosing a representative sample. Choosing 4 bins for this column. With 3 members per bin.
Going through column 24 and choosing a representative sample. Choosing 4 bins for this column. With 3 members per bin.
Going through column 25 and choosing a representative sample. Choosing 4 bins for this column. With 3 members per bin.
Going through column 26 and choosing a representative sample. Choosing 3 bins for this column. With 3 members per bin.
Going through column 27 and choosing a representative sample. Choosing 3 bins for this column. With 3 members per bin.
Going through column 28 and choosing a representative sample. Choosing 313 bins for this column. With 3 members per bin.
Going through column 29 and choosing a representative sample. Choosing 350 bins for this column. With 3 members per bin.
Going through column 30 and choosing a representative sample. Choosing 291 bins for this column. With 3 members per bin.
Going through column 31 and choosing a representative sample. Choosing 210 bins for this column. With 3 members per bin.
Going through column 32 and choosing a representative sample. Choosing 750 bins for this column. With 3 members per bin.
Going through column 33 and choosing a representative sample. Choosing 750 bins for this column. With 3 members per bin.
Going through column 34 and choosing a representative sample. Choosing 750 bins for this column. With 3 members per bin.
Going through column 35 and choosing a representative sample. Choosing 750 bins for this column. With 3 members per bin.
Going through column 36 and choosing a representative sample. Choosing 1500 bins for this column. With 6 members per bin.

ans =

       16708


ans =

        2949

    "Running Regression"

Copying objective function to workers...
Done copying objective function to workers.
|===============================================================================================================|
| Iter | Active  | Eval   | Objective   | Objective   | BestSoFar   | BestSoFar   | hiddenLayerS-|           lr |
|      | workers | result |             | runtime     | (observed)  | (estim.)    | ize          |              |
|===============================================================================================================|
|    1 |      16 | Best   |      30.324 |     0.27185 |      30.324 |      30.324 |           14 |     0.012002 |
|    2 |       2 | Accept |      20.446 |     0.62405 |      17.463 |      17.468 |            6 |      0.23974 |
|    3 |       2 | Accept |      33.776 |     0.70908 |      17.463 |      17.468 |           57 |     0.026562 |
|    4 |       2 | Accept |       64.32 |      0.8225 |      17.463 |      17.468 |           96 |      0.11798 |
|    5 |       2 | Accept |      18.316 |     0.61339 |      17.463 |      17.468 |            8 |      0.22367 |
|    6 |       2 | Accept |      73.777 |     0.71802 |      17.463 |      17.468 |           35 |      0.93435 |
|    7 |       2 | Accept |      39.639 |     0.80137 |      17.463 |      17.468 |           73 |    0.0035856 |
|    8 |       2 | Accept |      40.151 |     0.76684 |      17.463 |      17.468 |           65 |     0.078813 |
|    9 |       2 | Accept |      69.773 |     0.68564 |      17.463 |      17.468 |           56 |     0.017933 |
|   10 |       2 | Accept |      54.097 |     0.80728 |      17.463 |      17.468 |           87 |     0.098613 |
|   11 |       2 | Accept |         105 |     0.76618 |      17.463 |      17.468 |           62 |      0.01177 |
|   12 |       2 | Accept |      92.378 |     0.83641 |      17.463 |      17.468 |           98 |     0.026087 |
|   13 |       2 | Accept |      43.324 |     0.68351 |      17.463 |      17.468 |           44 |      0.43584 |
|   14 |       2 | Accept |      17.852 |     0.57691 |      17.463 |      17.468 |           11 |      0.21006 |
|   15 |       2 | Accept |      92.168 |     0.84266 |      17.463 |      17.468 |           84 |     0.013932 |
|   16 |       2 | Best   |      17.463 |     0.63232 |      17.463 |      17.468 |           40 |      0.12834 |
|   17 |      16 | Accept |      27.595 |     0.43113 |      17.463 |      17.468 |           13 |     0.043677 |
|   18 |       2 | Accept |      52.246 |     0.18597 |      10.885 |      28.822 |            6 |      0.12237 |
|   19 |       2 | Accept |      133.59 |     0.47109 |      10.885 |      28.822 |           84 |    0.0047797 |
|   20 |       2 | Accept |      125.99 |     0.50107 |      10.885 |      28.822 |           83 |    0.0014383 |
|===============================================================================================================|
| Iter | Active  | Eval   | Objective   | Objective   | BestSoFar   | BestSoFar   | hiddenLayerS-|           lr |
|      | workers | result |             | runtime     | (observed)  | (estim.)    | ize          |              |
|===============================================================================================================|
|   21 |       2 | Accept |      34.056 |     0.29402 |      10.885 |      28.822 |           11 |    0.0059871 |
|   22 |       2 | Accept |      132.75 |     0.49016 |      10.885 |      28.822 |           91 |    0.0021093 |
|   23 |       2 | Accept |      79.715 |     0.42857 |      10.885 |      28.822 |           70 |    0.0050528 |
|   24 |       2 | Accept |      21.844 |     0.46207 |      10.885 |      28.822 |           67 |      0.48444 |
|   25 |       2 | Accept |      15.352 |     0.41683 |      10.885 |      28.822 |           71 |     0.026402 |
|   26 |       2 | Best   |      10.885 |     0.29436 |      10.885 |      28.822 |           11 |    0.0040519 |
|   27 |       2 | Accept |      24.259 |     0.43694 |      10.885 |      28.822 |           76 |     0.019147 |
|   28 |       2 | Accept |      121.71 |     0.45172 |      10.885 |      28.822 |           41 |    0.0090877 |
|   29 |       2 | Accept |      34.688 |     0.43035 |      10.885 |      28.822 |           63 |    0.0087641 |
|   30 |       2 | Accept |      56.799 |     0.40944 |      10.885 |      28.822 |           62 |    0.0079798 |
|   31 |       2 | Accept |      21.311 |     0.33867 |      10.885 |      28.822 |           36 |     0.054552 |
|   32 |       2 | Accept |      125.12 |     0.51649 |      10.885 |      28.822 |           81 |     0.013619 |

__________________________________________________________
Optimization completed.
MaxObjectiveEvaluations of 30 reached.
Total function evaluations: 32
Total elapsed time: 5.5793 seconds.
Total objective function evaluation time: 17.7169

Best observed feasible point:
    hiddenLayerSize       lr    
    _______________    _________

          11           0.0040519

Observed objective function value = 10.885
Estimated objective function value = 29.7088
Function evaluation time = 0.29436

Best estimated feasible point (according to models):
    hiddenLayerSize      lr   
    _______________    _______

           8           0.22367

Estimated objective function value = 28.8216
Estimated function evaluation time = 0.46918


T =

  1x2 table

    hiddenLayerSize      lr   
    _______________    _______

           8           0.22367

Elapsed time is 23.428928 seconds.



combinedFigDaily = 

    "/scratch/lhw150030/mintsData/visualAnalysis/UTDNodes/001e06305a61/UTD_Ronn_All_RS_ONN_1_Daily_001e06305a61_pm2_5_palas.png"


combinedFigTT = 

    "/scratch/lhw150030/mintsData/visualAnalysis/UTDNodes/001e06305a61/UTD_Ronn_All_RS_ONN_1_2021_04_04_16_00_46/UTD_Ronn_All_RS_ONN_1_2021_04_04_16_00_46_001e06305a61_pm2_5_palas_TT.png"


plot3 = 

  Line with properties:

              Color: [0.9290 0.6940 0.1250]
          LineStyle: '-'
          LineWidth: 0.5000
             Marker: 'none'
         MarkerSize: 6
    MarkerFaceColor: 'none'
              XData: [1x16708 double]
              YData: [1x16708 double]
              ZData: [1x0 double]

  Use GET to show all properties


plot4 = 

  Line (fitted curve) with properties:

              Color: [1 0 0]
          LineStyle: '-'
          LineWidth: 0.5000
             Marker: 'none'
         MarkerSize: 6
    MarkerFaceColor: 'none'
              XData: [1x1001 double]
              YData: [1x1001 double]
              ZData: [1x0 double]

  Use GET to show all properties


plot6 = 

  Line (fitted curve) with properties:

              Color: [1 0 0]
          LineStyle: '-'
          LineWidth: 0.5000
             Marker: 'none'
         MarkerSize: 6
    MarkerFaceColor: 'none'
              XData: [1x1001 double]
              YData: [1x1001 double]
              ZData: [1x0 double]

  Use GET to show all properties


plot3 = 

  Line with properties:

              Color: [0.9290 0.6940 0.1250]
          LineStyle: '-'
          LineWidth: 0.5000
             Marker: 'none'
         MarkerSize: 6
    MarkerFaceColor: 'none'
              XData: [1x16708 double]
              YData: [1x16708 double]
              ZData: [1x0 double]

  Use GET to show all properties


plot4 = 

  Line (fitted curve) with properties:

              Color: [1 0 0]
          LineStyle: '-'
          LineWidth: 0.5000
             Marker: 'none'
         MarkerSize: 6
    MarkerFaceColor: 'none'
              XData: [1x1001 double]
              YData: [1x1001 double]
              ZData: [1x0 double]

  Use GET to show all properties


plot6 = 

  Line (fitted curve) with properties:

              Color: [1 0 0]
          LineStyle: '-'
          LineWidth: 0.5000
             Marker: 'none'
         MarkerSize: 6
    MarkerFaceColor: 'none'
              XData: [1x1001 double]
              YData: [1x1001 double]
              ZData: [1x0 double]

  Use GET to show all properties

    "Saving Model Files for Node: 001e06305a61 & target :PM_{2.5}"


modelsSaveNameDaily = 

    "/scratch/lhw150030/mintsData/modelsMats/UTDNodes/001e06305a61/daily_Mdl_001e06305a61_pm2_5_palas.mat"


modelsSaveName = 

    "/scratch/lhw150030/mintsData/modelsMats/UTDNodes/001e06305a61/UTD_Ronn_All_RS_ONN_1_2021_04_04_16_00_46/UTD_Ronn_All_RS_ONN_1_2021_04_04_16_00_46_001e06305a61_pm2_5_palas.mat"


resultsSaveName = 

    "/scratch/lhw150030/mintsData/modelsMats/UTDNodes/001e06305a61/daily_Mdl_001e06305a61_pm2_5_palas.csv"






trainingSaveNameDaily = 

    "/scratch/lhw150030/mintsData/trainingMats/UTDNodes/001e06305a61/UTD_Ronn_All_RS_ONN_1_Daily_001e06305a61_pm2_5_palas.mat"


trainingSaveName = 

    "/scratch/lhw150030/mintsData/trainingMats/UTDNodes/001e06305a61/UTD_Ronn_All_RS_ONN_1_2021_04_04_16_00_46/UTD_Ronn_All_RS_ONN_1_2021_04_04_16_00_46_001e06305a61_pm2_5_palas.mat"



    "Gainin Data set for Node 001e06305a61 with target output pm4_palas @ 04-Apr-2021 16:05:45"

Going through column 1 and choosing a representative sample. Choosing 750 bins for this column. With 3 members per bin.
Going through column 2 and choosing a representative sample. Choosing 750 bins for this column. With 3 members per bin.
Going through column 3 and choosing a representative sample. Choosing 339 bins for this column. With 3 members per bin.
Going through column 4 and choosing a representative sample. Choosing 75 bins for this column. With 3 members per bin.
Going through column 5 and choosing a representative sample. Choosing 1 bins for this column. With 3 members per bin.
Going through column 6 and choosing a representative sample. Choosing 750 bins for this column. With 3 members per bin.
Going through column 7 and choosing a representative sample. Choosing 750 bins for this column. With 3 members per bin.
Going through column 8 and choosing a representative sample. Choosing 750 bins for this column. With 3 members per bin.
Going through column 9 and choosing a representative sample. Choosing 750 bins for this column. With 3 members per bin.
Going through column 10 and choosing a representative sample. Choosing 750 bins for this column. With 3 members per bin.
Going through column 11 and choosing a representative sample. Choosing 750 bins for this column. With 3 members per bin.
Going through column 12 and choosing a representative sample. Choosing 750 bins for this column. With 3 members per bin.
Going through column 13 and choosing a representative sample. Choosing 750 bins for this column. With 3 members per bin.
Going through column 14 and choosing a representative sample. Choosing 440 bins for this column. With 3 members per bin.
Going through column 15 and choosing a representative sample. Choosing 240 bins for this column. With 3 members per bin.
Going through column 16 and choosing a representative sample. Choosing 144 bins for this column. With 3 members per bin.
Going through column 17 and choosing a representative sample. Choosing 63 bins for this column. With 3 members per bin.
Going through column 18 and choosing a representative sample. Choosing 23 bins for this column. With 3 members per bin.
Going through column 19 and choosing a representative sample. Choosing 11 bins for this column. With 3 members per bin.
Going through column 20 and choosing a representative sample. Choosing 8 bins for this column. With 3 members per bin.
Going through column 21 and choosing a representative sample. Choosing 5 bins for this column. With 3 members per bin.
Going through column 22 and choosing a representative sample. Choosing 5 bins for this column. With 3 members per bin.
Going through column 23 and choosing a representative sample. Choosing 4 bins for this column. With 3 members per bin.
Going through column 24 and choosing a representative sample. Choosing 4 bins for this column. With 3 members per bin.
Going through column 25 and choosing a representative sample. Choosing 4 bins for this column. With 3 members per bin.
Going through column 26 and choosing a representative sample. Choosing 3 bins for this column. With 3 members per bin.
Going through column 27 and choosing a representative sample. Choosing 3 bins for this column. With 3 members per bin.
Going through column 28 and choosing a representative sample. Choosing 313 bins for this column. With 3 members per bin.
Going through column 29 and choosing a representative sample. Choosing 350 bins for this column. With 3 members per bin.
Going through column 30 and choosing a representative sample. Choosing 291 bins for this column. With 3 members per bin.
Going through column 31 and choosing a representative sample. Choosing 210 bins for this column. With 3 members per bin.
Going through column 32 and choosing a representative sample. Choosing 750 bins for this column. With 3 members per bin.
Going through column 33 and choosing a representative sample. Choosing 750 bins for this column. With 3 members per bin.
Going through column 34 and choosing a representative sample. Choosing 750 bins for this column. With 3 members per bin.
Going through column 35 and choosing a representative sample. Choosing 750 bins for this column. With 3 members per bin.
Going through column 36 and choosing a representative sample. Choosing 1500 bins for this column. With 6 members per bin.

ans =

       16001


ans =

        2824

    "Running Regression"

Copying objective function to workers...
Done copying objective function to workers.
|===============================================================================================================|
| Iter | Active  | Eval   | Objective   | Objective   | BestSoFar   | BestSoFar   | hiddenLayerS-|           lr |
|      | workers | result |             | runtime     | (observed)  | (estim.)    | ize          |              |
|===============================================================================================================|
|    1 |      16 | Best   |      92.737 |     0.37226 |      92.737 |      92.737 |           88 |      0.28873 |
|    2 |       2 | Accept |      141.18 |     0.70461 |      13.581 |      25.628 |           89 |    0.0065784 |
|    3 |       2 | Accept |      276.28 |     0.59841 |      13.581 |      25.628 |           30 |      0.01005 |
|    4 |       2 | Accept |       125.7 |     0.53699 |      13.581 |      25.628 |           20 |      0.87451 |
|    5 |       2 | Accept |      242.87 |     0.76593 |      13.581 |      25.628 |           97 |      0.57156 |
|    6 |       2 | Accept |      106.66 |     0.48825 |      13.581 |      25.628 |            8 |      0.42581 |
|    7 |       2 | Best   |      13.581 |     0.51169 |      13.581 |      25.628 |           17 |      0.23392 |
|    8 |       2 | Accept |      281.49 |      0.7392 |      13.581 |      25.628 |          100 |      0.89764 |
|    9 |       2 | Accept |      18.849 |     0.50986 |      13.581 |      25.628 |           32 |      0.77777 |
|   10 |       2 | Accept |       53.07 |     0.64758 |      13.581 |      25.628 |           65 |       0.1879 |
|   11 |       2 | Accept |      111.11 |     0.46214 |      13.581 |      25.628 |            8 |    0.0038972 |
|   12 |       2 | Accept |      144.88 |      0.7189 |      13.581 |      25.628 |          100 |      0.31891 |
|   13 |       2 | Accept |      76.823 |     0.65869 |      13.581 |      25.628 |           79 |      0.30414 |
|   14 |       2 | Accept |      22.928 |     0.57384 |      13.581 |      25.628 |           56 |      0.48333 |
|   15 |       2 | Accept |      83.463 |     0.53362 |      13.581 |      25.628 |           40 |     0.020561 |
|   16 |       2 | Accept |      25.051 |      0.7116 |      13.581 |      25.628 |           41 |     0.020392 |
|   17 |      16 | Accept |       70.32 |     0.24339 |      13.581 |      25.883 |           48 |     0.022076 |
|   18 |       2 | Accept |      95.849 |     0.26732 |      13.581 |      84.896 |           39 |      0.38325 |
|   19 |       2 | Accept |      204.44 |     0.42616 |      13.581 |      84.896 |           98 |     0.044689 |
|   20 |       2 | Accept |      36.524 |     0.45935 |      13.581 |      84.896 |           89 |    0.0027843 |
|===============================================================================================================|
| Iter | Active  | Eval   | Objective   | Objective   | BestSoFar   | BestSoFar   | hiddenLayerS-|           lr |
|      | workers | result |             | runtime     | (observed)  | (estim.)    | ize          |              |
|===============================================================================================================|
|   21 |       2 | Accept |      93.668 |     0.28632 |      13.581 |      84.896 |           22 |     0.026365 |
|   22 |       2 | Accept |      188.44 |      0.3918 |      13.581 |      84.896 |           30 |      0.10636 |
|   23 |       2 | Accept |      169.24 |     0.47422 |      13.581 |      84.896 |           90 |       0.1653 |
|   24 |       2 | Accept |      70.022 |     0.42526 |      13.581 |      84.896 |           81 |    0.0073278 |
|   25 |       2 | Accept |      36.811 |     0.27355 |      13.581 |      84.896 |           34 |      0.45535 |
|   26 |       2 | Accept |      332.96 |     0.45937 |      13.581 |      84.896 |           87 |    0.0086404 |
|   27 |       2 | Accept |      102.92 |     0.43406 |      13.581 |      84.896 |           98 |     0.095937 |
|   28 |       2 | Accept |      26.956 |     0.29887 |      13.581 |      84.896 |           44 |    0.0091029 |
|   29 |       2 | Accept |      164.09 |     0.26465 |      13.581 |      84.896 |           36 |     0.072852 |
|   30 |       2 | Accept |      52.017 |     0.19394 |      13.581 |      84.896 |            7 |     0.001785 |
|   31 |       2 | Accept |      89.065 |     0.28207 |      13.581 |      84.896 |           26 |      0.60319 |
|   32 |       2 | Accept |       123.6 |     0.51228 |      13.581 |      84.896 |           81 |    0.0069365 |

__________________________________________________________
Optimization completed.
MaxObjectiveEvaluations of 30 reached.
Total function evaluations: 32
Total elapsed time: 5.3757 seconds.
Total objective function evaluation time: 15.2262

Best observed feasible point:
    hiddenLayerSize      lr   
    _______________    _______

          17           0.23392

Observed objective function value = 13.581
Estimated objective function value = 101.5355
Function evaluation time = 0.51169

Best estimated feasible point (according to models):
    hiddenLayerSize       lr    
    _______________    _________

          44           0.0091029

Estimated objective function value = 84.8964
Estimated function evaluation time = 0.41912


T =

  1x2 table

    hiddenLayerSize       lr    
    _______________    _________

          44           0.0091029

Elapsed time is 172.650026 seconds.



combinedFigDaily = 

    "/scratch/lhw150030/mintsData/visualAnalysis/UTDNodes/001e06305a61/UTD_Ronn_All_RS_ONN_1_Daily_001e06305a61_pm4_palas.png"


combinedFigTT = 

    "/scratch/lhw150030/mintsData/visualAnalysis/UTDNodes/001e06305a61/UTD_Ronn_All_RS_ONN_1_2021_04_04_16_00_46/UTD_Ronn_All_RS_ONN_1_2021_04_04_16_00_46_001e06305a61_pm4_palas_TT.png"


plot3 = 

  Line with properties:

              Color: [0.9290 0.6940 0.1250]
          LineStyle: '-'
          LineWidth: 0.5000
             Marker: 'none'
         MarkerSize: 6
    MarkerFaceColor: 'none'
              XData: [1x16001 double]
              YData: [1x16001 double]
              ZData: [1x0 double]

  Use GET to show all properties


plot4 = 

  Line (fitted curve) with properties:

              Color: [1 0 0]
          LineStyle: '-'
          LineWidth: 0.5000
             Marker: 'none'
         MarkerSize: 6
    MarkerFaceColor: 'none'
              XData: [1x1001 double]
              YData: [1x1001 double]
              ZData: [1x0 double]

  Use GET to show all properties


plot6 = 

  Line (fitted curve) with properties:

              Color: [1 0 0]
          LineStyle: '-'
          LineWidth: 0.5000
             Marker: 'none'
         MarkerSize: 6
    MarkerFaceColor: 'none'
              XData: [1x1001 double]
              YData: [1x1001 double]
              ZData: [1x0 double]

  Use GET to show all properties


plot3 = 

  Line with properties:

              Color: [0.9290 0.6940 0.1250]
          LineStyle: '-'
          LineWidth: 0.5000
             Marker: 'none'
         MarkerSize: 6
    MarkerFaceColor: 'none'
              XData: [1x16001 double]
              YData: [1x16001 double]
              ZData: [1x0 double]

  Use GET to show all properties


plot4 = 

  Line (fitted curve) with properties:

              Color: [1 0 0]
          LineStyle: '-'
          LineWidth: 0.5000
             Marker: 'none'
         MarkerSize: 6
    MarkerFaceColor: 'none'
              XData: [1x1001 double]
              YData: [1x1001 double]
              ZData: [1x0 double]

  Use GET to show all properties


plot6 = 

  Line (fitted curve) with properties:

              Color: [1 0 0]
          LineStyle: '-'
          LineWidth: 0.5000
             Marker: 'none'
         MarkerSize: 6
    MarkerFaceColor: 'none'
              XData: [1x1001 double]
              YData: [1x1001 double]
              ZData: [1x0 double]

  Use GET to show all properties

    "Saving Model Files for Node: 001e06305a61 & target :PM_{4}"


modelsSaveNameDaily = 

    "/scratch/lhw150030/mintsData/modelsMats/UTDNodes/001e06305a61/daily_Mdl_001e06305a61_pm4_palas.mat"


modelsSaveName = 

    "/scratch/lhw150030/mintsData/modelsMats/UTDNodes/001e06305a61/UTD_Ronn_All_RS_ONN_1_2021_04_04_16_00_46/UTD_Ronn_All_RS_ONN_1_2021_04_04_16_00_46_001e06305a61_pm4_palas.mat"


resultsSaveName = 

    "/scratch/lhw150030/mintsData/modelsMats/UTDNodes/001e06305a61/daily_Mdl_001e06305a61_pm4_palas.csv"






trainingSaveNameDaily = 

    "/scratch/lhw150030/mintsData/trainingMats/UTDNodes/001e06305a61/UTD_Ronn_All_RS_ONN_1_Daily_001e06305a61_pm4_palas.mat"


trainingSaveName = 

    "/scratch/lhw150030/mintsData/trainingMats/UTDNodes/001e06305a61/UTD_Ronn_All_RS_ONN_1_2021_04_04_16_00_46/UTD_Ronn_All_RS_ONN_1_2021_04_04_16_00_46_001e06305a61_pm4_palas.mat"



    "Gainin Data set for Node 001e06305a61 with target output pm10_palas @ 04-Apr-2021 16:09:30"

Going through column 1 and choosing a representative sample. Choosing 750 bins for this column. With 3 members per bin.
Going through column 2 and choosing a representative sample. Choosing 750 bins for this column. With 3 members per bin.
Going through column 3 and choosing a representative sample. Choosing 339 bins for this column. With 3 members per bin.
Going through column 4 and choosing a representative sample. Choosing 75 bins for this column. With 3 members per bin.
Going through column 5 and choosing a representative sample. Choosing 1 bins for this column. With 3 members per bin.
Going through column 6 and choosing a representative sample. Choosing 750 bins for this column. With 3 members per bin.
Going through column 7 and choosing a representative sample. Choosing 750 bins for this column. With 3 members per bin.
Going through column 8 and choosing a representative sample. Choosing 750 bins for this column. With 3 members per bin.
Going through column 9 and choosing a representative sample. Choosing 750 bins for this column. With 3 members per bin.
Going through column 10 and choosing a representative sample. Choosing 750 bins for this column. With 3 members per bin.
Going through column 11 and choosing a representative sample. Choosing 750 bins for this column. With 3 members per bin.
Going through column 12 and choosing a representative sample. Choosing 750 bins for this column. With 3 members per bin.
Going through column 13 and choosing a representative sample. Choosing 750 bins for this column. With 3 members per bin.
Going through column 14 and choosing a representative sample. Choosing 440 bins for this column. With 3 members per bin.
Going through column 15 and choosing a representative sample. Choosing 240 bins for this column. With 3 members per bin.
Going through column 16 and choosing a representative sample. Choosing 144 bins for this column. With 3 members per bin.
Going through column 17 and choosing a representative sample. Choosing 63 bins for this column. With 3 members per bin.
Going through column 18 and choosing a representative sample. Choosing 23 bins for this column. With 3 members per bin.
Going through column 19 and choosing a representative sample. Choosing 11 bins for this column. With 3 members per bin.
Going through column 20 and choosing a representative sample. Choosing 8 bins for this column. With 3 members per bin.
Going through column 21 and choosing a representative sample. Choosing 5 bins for this column. With 3 members per bin.
Going through column 22 and choosing a representative sample. Choosing 5 bins for this column. With 3 members per bin.
Going through column 23 and choosing a representative sample. Choosing 4 bins for this column. With 3 members per bin.
Going through column 24 and choosing a representative sample. Choosing 4 bins for this column. With 3 members per bin.
Going through column 25 and choosing a representative sample. Choosing 4 bins for this column. With 3 members per bin.
Going through column 26 and choosing a representative sample. Choosing 3 bins for this column. With 3 members per bin.
Going through column 27 and choosing a representative sample. Choosing 3 bins for this column. With 3 members per bin.
Going through column 28 and choosing a representative sample. Choosing 313 bins for this column. With 3 members per bin.
Going through column 29 and choosing a representative sample. Choosing 350 bins for this column. With 3 members per bin.
Going through column 30 and choosing a representative sample. Choosing 291 bins for this column. With 3 members per bin.
Going through column 31 and choosing a representative sample. Choosing 210 bins for this column. With 3 members per bin.
Going through column 32 and choosing a representative sample. Choosing 750 bins for this column. With 3 members per bin.
Going through column 33 and choosing a representative sample. Choosing 750 bins for this column. With 3 members per bin.
Going through column 34 and choosing a representative sample. Choosing 750 bins for this column. With 3 members per bin.
Going through column 35 and choosing a representative sample. Choosing 750 bins for this column. With 3 members per bin.
Going through column 36 and choosing a representative sample. Choosing 1500 bins for this column. With 6 members per bin.

ans =

       14337


ans =

        2530

    "Running Regression"

Copying objective function to workers...
Done copying objective function to workers.
|===============================================================================================================|
| Iter | Active  | Eval   | Objective   | Objective   | BestSoFar   | BestSoFar   | hiddenLayerS-|           lr |
|      | workers | result |             | runtime     | (observed)  | (estim.)    | ize          |              |
|===============================================================================================================|
|    1 |       3 | Accept |      174.78 |     0.28581 |       43.09 |      47.112 |           45 |      0.65871 |
|    2 |       3 | Accept |      346.65 |     0.30628 |       43.09 |      47.112 |           52 |     0.021184 |
|    3 |       3 | Accept |         150 |     0.22534 |       43.09 |      47.112 |           24 |    0.0020142 |
|    4 |       3 | Accept |      263.38 |     0.37768 |       43.09 |      47.112 |           78 |      0.23763 |
|    5 |       3 | Accept |      226.61 |     0.40607 |       43.09 |      47.112 |           91 |    0.0016145 |
|    6 |       3 | Accept |      271.63 |     0.41321 |       43.09 |      47.112 |           99 |      0.30328 |
|    7 |       3 | Accept |      367.77 |     0.39141 |       43.09 |      47.112 |           94 |    0.0031588 |
|    8 |       3 | Accept |      531.72 |     0.44116 |       43.09 |      47.112 |           98 |     0.036839 |
|    9 |       3 | Accept |       94.22 |      0.4295 |       43.09 |      47.112 |           97 |    0.0071697 |
|   10 |       3 | Accept |      288.53 |     0.34716 |       43.09 |      47.112 |           42 |     0.011465 |
|   11 |       3 | Accept |      853.18 |     0.41616 |       43.09 |      47.112 |           79 |     0.071776 |
|   12 |       3 | Accept |      105.62 |     0.38723 |       43.09 |      47.112 |           58 |    0.0028653 |
|   13 |       3 | Accept |      45.007 |     0.31076 |       43.09 |      47.112 |           27 |      0.66674 |
|   14 |       3 | Best   |       43.09 |     0.21138 |       43.09 |      47.112 |           12 |      0.23775 |
|   15 |       4 | Accept |      146.55 |     0.44243 |      39.389 |      80.186 |           93 |      0.83296 |
|   16 |       4 | Accept |      303.84 |     0.40392 |      39.389 |      80.186 |           59 |    0.0017389 |
|   17 |       4 | Accept |      63.768 |     0.14813 |      39.389 |      80.186 |            5 |      0.43807 |
|   18 |       4 | Accept |      201.97 |      0.1936 |      39.389 |      80.186 |           21 |      0.86661 |
|   19 |       4 | Accept |      165.83 |     0.17435 |      39.389 |      80.186 |           15 |      0.85636 |
|   20 |       4 | Best   |      39.389 |     0.20126 |      39.389 |      80.186 |           23 |    0.0077686 |
|===============================================================================================================|
| Iter | Active  | Eval   | Objective   | Objective   | BestSoFar   | BestSoFar   | hiddenLayerS-|           lr |
|      | workers | result |             | runtime     | (observed)  | (estim.)    | ize          |              |
|===============================================================================================================|
|   21 |       4 | Accept |      289.26 |     0.26824 |      39.389 |      80.186 |           57 |      0.48679 |
|   22 |       4 | Accept |      424.16 |     0.25588 |      39.389 |      80.186 |           50 |      0.04871 |
|   23 |       4 | Accept |      250.03 |     0.28223 |      39.389 |      80.186 |           61 |    0.0052417 |
|   24 |       4 | Accept |      82.435 |     0.19704 |      39.389 |      80.186 |           24 |     0.042778 |
|   25 |       4 | Accept |      93.105 |     0.18985 |      39.389 |      80.186 |           15 |     0.041547 |
|   26 |       4 | Accept |      91.054 |     0.30656 |      39.389 |      80.186 |           60 |    0.0014953 |
|   27 |       4 | Accept |      182.74 |     0.31178 |      39.389 |      80.186 |           71 |     0.011293 |
|   28 |      13 | Accept |      176.36 |     0.31536 |      39.389 |      112.39 |           70 |     0.016734 |
|   29 |      13 | Accept |      170.33 |     0.40232 |      39.389 |      112.39 |          100 |     0.044028 |
|   30 |      13 | Accept |      236.92 |     0.30273 |      39.389 |      112.39 |           54 |    0.0094406 |
|   31 |      13 | Accept |      131.73 |     0.14791 |      39.389 |      112.39 |            5 |      0.11146 |

__________________________________________________________
Optimization completed.
MaxObjectiveEvaluations of 30 reached.
Total function evaluations: 31
Total elapsed time: 4.4238 seconds.
Total objective function evaluation time: 9.4928

Best observed feasible point:
    hiddenLayerSize       lr    
    _______________    _________

          23           0.0077686

Observed objective function value = 39.3894
Estimated objective function value = 147.1806
Function evaluation time = 0.20126

Best estimated feasible point (according to models):
    hiddenLayerSize      lr   
    _______________    _______

          12           0.23775

Estimated objective function value = 112.3932
Estimated function evaluation time = 0.18013


T =

  1x2 table

    hiddenLayerSize      lr   
    _______________    _______

          12           0.23775

Elapsed time is 28.390636 seconds.



combinedFigDaily = 

    "/scratch/lhw150030/mintsData/visualAnalysis/UTDNodes/001e06305a61/UTD_Ronn_All_RS_ONN_1_Daily_001e06305a61_pm10_palas.png"


combinedFigTT = 

    "/scratch/lhw150030/mintsData/visualAnalysis/UTDNodes/001e06305a61/UTD_Ronn_All_RS_ONN_1_2021_04_04_16_00_46/UTD_Ronn_All_RS_ONN_1_2021_04_04_16_00_46_001e06305a61_pm10_palas_TT.png"


plot3 = 

  Line with properties:

              Color: [0.9290 0.6940 0.1250]
          LineStyle: '-'
          LineWidth: 0.5000
             Marker: 'none'
         MarkerSize: 6
    MarkerFaceColor: 'none'
              XData: [1x14337 double]
              YData: [1x14337 double]
              ZData: [1x0 double]

  Use GET to show all properties


plot4 = 

  Line (fitted curve) with properties:

              Color: [1 0 0]
          LineStyle: '-'
          LineWidth: 0.5000
             Marker: 'none'
         MarkerSize: 6
    MarkerFaceColor: 'none'
              XData: [1x1001 double]
              YData: [1x1001 double]
              ZData: [1x0 double]

  Use GET to show all properties


plot6 = 

  Line (fitted curve) with properties:

              Color: [1 0 0]
          LineStyle: '-'
          LineWidth: 0.5000
             Marker: 'none'
         MarkerSize: 6
    MarkerFaceColor: 'none'
              XData: [1x1001 double]
              YData: [1x1001 double]
              ZData: [1x0 double]

  Use GET to show all properties


plot3 = 

  Line with properties:

              Color: [0.9290 0.6940 0.1250]
          LineStyle: '-'
          LineWidth: 0.5000
             Marker: 'none'
         MarkerSize: 6
    MarkerFaceColor: 'none'
              XData: [1x14337 double]
              YData: [1x14337 double]
              ZData: [1x0 double]

  Use GET to show all properties


plot4 = 

  Line (fitted curve) with properties:

              Color: [1 0 0]
          LineStyle: '-'
          LineWidth: 0.5000
             Marker: 'none'
         MarkerSize: 6
    MarkerFaceColor: 'none'
              XData: [1x1001 double]
              YData: [1x1001 double]
              ZData: [1x0 double]

  Use GET to show all properties


plot6 = 

  Line (fitted curve) with properties:

              Color: [1 0 0]
          LineStyle: '-'
          LineWidth: 0.5000
             Marker: 'none'
         MarkerSize: 6
    MarkerFaceColor: 'none'
              XData: [1x1001 double]
              YData: [1x1001 double]
              ZData: [1x0 double]

  Use GET to show all properties

    "Saving Model Files for Node: 001e06305a61 & target :PM_{10}"


modelsSaveNameDaily = 

    "/scratch/lhw150030/mintsData/modelsMats/UTDNodes/001e06305a61/daily_Mdl_001e06305a61_pm10_palas.mat"


modelsSaveName = 

    "/scratch/lhw150030/mintsData/modelsMats/UTDNodes/001e06305a61/UTD_Ronn_All_RS_ONN_1_2021_04_04_16_00_46/UTD_Ronn_All_RS_ONN_1_2021_04_04_16_00_46_001e06305a61_pm10_palas.mat"


resultsSaveName = 

    "/scratch/lhw150030/mintsData/modelsMats/UTDNodes/001e06305a61/daily_Mdl_001e06305a61_pm10_palas.csv"






trainingSaveNameDaily = 

    "/scratch/lhw150030/mintsData/trainingMats/UTDNodes/001e06305a61/UTD_Ronn_All_RS_ONN_1_Daily_001e06305a61_pm10_palas.mat"


trainingSaveName = 

    "/scratch/lhw150030/mintsData/trainingMats/UTDNodes/001e06305a61/UTD_Ronn_All_RS_ONN_1_2021_04_04_16_00_46/UTD_Ronn_All_RS_ONN_1_2021_04_04_16_00_46_001e06305a61_pm10_palas.mat"



    "Gainin Data set for Node 001e06305a61 with target output pmTotal_palas @ 04-Apr-2021 16:10:49"

Going through column 1 and choosing a representative sample. Choosing 750 bins for this column. With 3 members per bin.
Going through column 2 and choosing a representative sample. Choosing 750 bins for this column. With 3 members per bin.
Going through column 3 and choosing a representative sample. Choosing 339 bins for this column. With 3 members per bin.
Going through column 4 and choosing a representative sample. Choosing 75 bins for this column. With 3 members per bin.
Going through column 5 and choosing a representative sample. Choosing 1 bins for this column. With 3 members per bin.
Going through column 6 and choosing a representative sample. Choosing 750 bins for this column. With 3 members per bin.
Going through column 7 and choosing a representative sample. Choosing 750 bins for this column. With 3 members per bin.
Going through column 8 and choosing a representative sample. Choosing 750 bins for this column. With 3 members per bin.
Going through column 9 and choosing a representative sample. Choosing 750 bins for this column. With 3 members per bin.
Going through column 10 and choosing a representative sample. Choosing 750 bins for this column. With 3 members per bin.
Going through column 11 and choosing a representative sample. Choosing 750 bins for this column. With 3 members per bin.
Going through column 12 and choosing a representative sample. Choosing 750 bins for this column. With 3 members per bin.
Going through column 13 and choosing a representative sample. Choosing 750 bins for this column. With 3 members per bin.
Going through column 14 and choosing a representative sample. Choosing 440 bins for this column. With 3 members per bin.
Going through column 15 and choosing a representative sample. Choosing 240 bins for this column. With 3 members per bin.
Going through column 16 and choosing a representative sample. Choosing 144 bins for this column. With 3 members per bin.
Going through column 17 and choosing a representative sample. Choosing 63 bins for this column. With 3 members per bin.
Going through column 18 and choosing a representative sample. Choosing 23 bins for this column. With 3 members per bin.
Going through column 19 and choosing a representative sample. Choosing 11 bins for this column. With 3 members per bin.
Going through column 20 and choosing a representative sample. Choosing 8 bins for this column. With 3 members per bin.
Going through column 21 and choosing a representative sample. Choosing 5 bins for this column. With 3 members per bin.
Going through column 22 and choosing a representative sample. Choosing 5 bins for this column. With 3 members per bin.
Going through column 23 and choosing a representative sample. Choosing 4 bins for this column. With 3 members per bin.
Going through column 24 and choosing a representative sample. Choosing 4 bins for this column. With 3 members per bin.
Going through column 25 and choosing a representative sample. Choosing 4 bins for this column. With 3 members per bin.
Going through column 26 and choosing a representative sample. Choosing 3 bins for this column. With 3 members per bin.
Going through column 27 and choosing a representative sample. Choosing 3 bins for this column. With 3 members per bin.
Going through column 28 and choosing a representative sample. Choosing 313 bins for this column. With 3 members per bin.
Going through column 29 and choosing a representative sample. Choosing 350 bins for this column. With 3 members per bin.
Going through column 30 and choosing a representative sample. Choosing 291 bins for this column. With 3 members per bin.
Going through column 31 and choosing a representative sample. Choosing 210 bins for this column. With 3 members per bin.
Going through column 32 and choosing a representative sample. Choosing 750 bins for this column. With 3 members per bin.
Going through column 33 and choosing a representative sample. Choosing 750 bins for this column. With 3 members per bin.
Going through column 34 and choosing a representative sample. Choosing 750 bins for this column. With 3 members per bin.
Going through column 35 and choosing a representative sample. Choosing 750 bins for this column. With 3 members per bin.
Going through column 36 and choosing a representative sample. Choosing 1500 bins for this column. With 6 members per bin.

ans =

       13483


ans =

        2379

    "Running Regression"

Copying objective function to workers...
Done copying objective function to workers.
|===============================================================================================================|
| Iter | Active  | Eval   | Objective   | Objective   | BestSoFar   | BestSoFar   | hiddenLayerS-|           lr |
|      | workers | result |             | runtime     | (observed)  | (estim.)    | ize          |              |
|===============================================================================================================|
|    1 |       2 | Accept |      435.32 |     0.24215 |      142.77 |       695.3 |           36 |     0.011598 |
|    2 |       2 | Accept |      1202.7 |     0.21993 |      142.77 |       695.3 |           20 |      0.77474 |
|    3 |       2 | Accept |      209.96 |     0.31185 |      142.77 |       695.3 |           75 |     0.062663 |
|    4 |       2 | Accept |      188.89 |     0.32433 |      142.77 |       695.3 |           49 |      0.89716 |
|    5 |       2 | Accept |       338.9 |     0.33588 |      142.77 |       695.3 |           79 |    0.0020528 |
|    6 |       2 | Accept |      869.94 |     0.36352 |      142.77 |       695.3 |           98 |    0.0016318 |
|    7 |       2 | Accept |      1446.3 |     0.31593 |      142.77 |       695.3 |           73 |      0.07322 |
|    8 |       2 | Accept |      226.21 |     0.31209 |      142.77 |       695.3 |           62 |    0.0018211 |
|    9 |       2 | Accept |      1316.5 |     0.34551 |      142.77 |       695.3 |           90 |     0.069321 |
|   10 |       2 | Accept |      1620.7 |     0.36155 |      142.77 |       695.3 |           89 |    0.0048884 |
|   11 |       2 | Best   |      142.77 |     0.29554 |      142.77 |       695.3 |           45 |    0.0019599 |
|   12 |       2 | Accept |      328.05 |     0.29204 |      142.77 |       695.3 |           25 |      0.10629 |
|   13 |       2 | Accept |      259.74 |     0.25347 |      142.77 |       695.3 |           46 |    0.0077064 |
|   14 |       2 | Accept |      386.23 |     0.18095 |      142.77 |       695.3 |            6 |    0.0011304 |
|   15 |       2 | Accept |      1457.4 |     0.34511 |      142.77 |       695.3 |           59 |      0.10414 |
|   16 |      16 | Accept |      281.12 |      0.6118 |      142.77 |      669.42 |           90 |     0.041705 |
|   17 |       2 | Accept |         149 |     0.14362 |      142.77 |      555.53 |            5 |     0.017703 |
|   18 |       2 | Accept |      2210.1 |      0.2747 |      142.77 |      555.53 |           65 |      0.34682 |
|   19 |       2 | Accept |      496.01 |     0.37034 |      142.77 |      555.53 |           94 |     0.039813 |
|   20 |       2 | Accept |       546.9 |     0.27056 |      142.77 |      555.53 |           21 |     0.035922 |
|===============================================================================================================|
| Iter | Active  | Eval   | Objective   | Objective   | BestSoFar   | BestSoFar   | hiddenLayerS-|           lr |
|      | workers | result |             | runtime     | (observed)  | (estim.)    | ize          |              |
|===============================================================================================================|
|   21 |       2 | Accept |      352.33 |     0.30547 |      142.77 |      555.53 |           62 |     0.010119 |
|   22 |       2 | Accept |      218.35 |     0.32702 |      142.77 |      555.53 |           74 |    0.0053555 |
|   23 |       2 | Accept |        1097 |     0.22472 |      142.77 |      555.53 |           26 |     0.046303 |
|   24 |       2 | Accept |      663.25 |     0.26457 |      142.77 |      555.53 |           40 |      0.20037 |
|   25 |       2 | Accept |      455.24 |     0.23301 |      142.77 |      555.53 |           25 |     0.024709 |
|   26 |       2 | Accept |      218.89 |     0.19866 |      142.77 |      555.53 |           26 |      0.25319 |
|   27 |       2 | Accept |      712.49 |     0.17826 |      142.77 |      555.53 |           17 |    0.0020596 |
|   28 |       2 | Accept |      836.95 |     0.40017 |      142.77 |      555.53 |           92 |     0.019022 |
|   29 |       2 | Accept |      172.07 |     0.22033 |      142.77 |      555.53 |           24 |      0.78828 |
|   30 |       2 | Accept |      364.57 |     0.20961 |      142.77 |      555.53 |           24 |      0.54788 |
|   31 |       2 | Accept |      575.42 |     0.35203 |      142.77 |      555.53 |           58 |    0.0074223 |

__________________________________________________________
Optimization completed.
MaxObjectiveEvaluations of 30 reached.
Total function evaluations: 31
Total elapsed time: 5.6587 seconds.
Total objective function evaluation time: 9.0847

Best observed feasible point:
    hiddenLayerSize       lr    
    _______________    _________

          45           0.0019599

Observed objective function value = 142.7694
Estimated objective function value = 514.2437
Function evaluation time = 0.29554

Best estimated feasible point (according to models):
    hiddenLayerSize      lr   
    _______________    _______

          26           0.25319

Estimated objective function value = 555.5271
Estimated function evaluation time = 0.22715


T =

  1x2 table

    hiddenLayerSize      lr   
    _______________    _______

          26           0.25319

