Running calibration scripts for UTD Node: 14
Running on host: compute-1-1-15

                            < M A T L A B (R) >
                  Copyright 1984-2020 The MathWorks, Inc.
              R2020a Update 1 (9.8.0.1359463) 64-bit (glnxa64)
                               April 9, 2020

 
To get started, type doc.
For product information, visit www.mathworks.com.
 
UTD_Ronn_All_RS_ONN_1_2021_04_04_16_00_46


UTD_Ronn_All_RS_ONN_1_Daily


Optimzed NN All Inputs



globalCSVLabel = 

    "WSPre"



    "---------------------MINTS---------------------"

04-Apr-2021 16:00:46

mintsDefinitions = 

  struct with fields:

                 dataFolder: '/scratch/lhw150030/mintsData'
                poolWorkers: 16
                   timeSpan: 30
                   airmarID: '001e0610c0e4'
              binsPerColumn: 750
               numberPerBin: 3
                     pValid: 0.1500
                    nodeIDs: {1x16 cell}
                inputStack1: {1x9 cell}
          mintsInputsStack1: {1x35 cell}
     mintsInputLabelsStack1: {1x35 cell}
               inputStack20: {1x11 cell}
         mintsInputsStack20: {1x33 cell}
    mintsInputLabelsStack20: {1x33 cell}
         mintsInputsStack21: {1x16 cell}
    mintsInputLabelsStack21: {1x16 cell}
               latestStack1: {'BME280'  'MGS001'  'OPCN2'}
                inputStack2: {1x11 cell}
               latestStack2: {'BME280'  'MGS001'  'OPCN2'  'SCD30'}
          mintsInputsStack2: {1x35 cell}
     mintsInputLabelsStack2: {1x35 cell}
                inputStack3: {1x10 cell}
               latestStack3: {'BME280'  'MGS001'  'OPCN2'  'SCD30'}
          mintsInputsStack3: {1x38 cell}
     mintsInputLabelsStack3: {1x38 cell}
               mintsTargets: {1x10 cell}
          mintsTargetLabels: {1x10 cell}
                      units: {1x10 cell}
                instruments: {1x10 cell}

Starting parallel pool (parpool) using the 'local' profile ...
Connected to the parallel pool (number of workers: 16).

ans = 

 ProcessPool with properties: 

            Connected: true
           NumWorkers: 16
              Cluster: local
        AttachedFiles: {}
    AutoAddClientPath: true
          IdleTimeout: 30 minutes (30 minutes remaining)
          SpmdEnabled: true


airmarFolder = 

    "/scratch/lhw150030/mintsData/referenceMats/airmar"



    "Data Folder Located @:/scratch/lhw150030/mintsData"

    "Raw Data Located @: /scratch/lhw150030/mintsData"

    "Raw DotMat Data Located @ :/scratch/lhw150030/mintsData/rawMats"

    "UTD Nodes DotMat Data Located @ :/scratch/lhw150030/mintsData/rawMats/UTDNodes"

    "Reference Data Located @: /scratch/lhw150030/mintsData/reference"

    "Reference DotMat Data Located @ :/scratch/lhw150030/mintsData/referenceMats"

    "Palas Raw Data Located @ :/scratch/lhw150030/mintsData/reference/palasStream"

    "Palas DotMat Data Located @ :/scratch/lhw150030/mintsData/referenceMats/palas"

    "Car GPS Files Located @ :/scratch/lhw150030/mintsData/referenceMats/carMintsGPS"

    "Loading Palas Files"

    "Loading GPS Files"

    "Loading Airmar Files"

    "Aligning GPS data with Palas Data"

    "WSTC Palas Data"

    "Palas With Airmar"

    "Analysis"

    "Save merged data for calibration: 001e06318cee"



    "Creating Training Data Sets for Node: 001e06318cee"



    "Gainin Data set for Node 001e06318cee with target output pm1_palas @ 04-Apr-2021 16:01:25"

Going through column 1 and choosing a representative sample. Choosing 750 bins for this column. With 3 members per bin.
Going through column 2 and choosing a representative sample. Choosing 750 bins for this column. With 3 members per bin.
Going through column 3 and choosing a representative sample. Choosing 335 bins for this column. With 3 members per bin.
Going through column 4 and choosing a representative sample. Choosing 76 bins for this column. With 3 members per bin.
Going through column 5 and choosing a representative sample. Choosing 1 bins for this column. With 3 members per bin.
Going through column 6 and choosing a representative sample. Choosing 750 bins for this column. With 3 members per bin.
Going through column 7 and choosing a representative sample. Choosing 750 bins for this column. With 3 members per bin.
Going through column 8 and choosing a representative sample. Choosing 750 bins for this column. With 3 members per bin.
Going through column 9 and choosing a representative sample. Choosing 750 bins for this column. With 3 members per bin.
Going through column 10 and choosing a representative sample. Choosing 750 bins for this column. With 3 members per bin.
Going through column 11 and choosing a representative sample. Choosing 750 bins for this column. With 3 members per bin.
Going through column 12 and choosing a representative sample. Choosing 750 bins for this column. With 3 members per bin.
Going through column 13 and choosing a representative sample. Choosing 750 bins for this column. With 3 members per bin.
Going through column 14 and choosing a representative sample. Choosing 667 bins for this column. With 3 members per bin.
Going through column 15 and choosing a representative sample. Choosing 397 bins for this column. With 3 members per bin.
Going through column 16 and choosing a representative sample. Choosing 321 bins for this column. With 3 members per bin.
Going through column 17 and choosing a representative sample. Choosing 194 bins for this column. With 3 members per bin.
Going through column 18 and choosing a representative sample. Choosing 86 bins for this column. With 3 members per bin.
Going through column 19 and choosing a representative sample. Choosing 36 bins for this column. With 3 members per bin.
Going through column 20 and choosing a representative sample. Choosing 20 bins for this column. With 3 members per bin.
Going through column 21 and choosing a representative sample. Choosing 12 bins for this column. With 3 members per bin.
Going through column 22 and choosing a representative sample. Choosing 9 bins for this column. With 3 members per bin.
Going through column 23 and choosing a representative sample. Choosing 6 bins for this column. With 3 members per bin.
Going through column 24 and choosing a representative sample. Choosing 5 bins for this column. With 3 members per bin.
Going through column 25 and choosing a representative sample. Choosing 4 bins for this column. With 3 members per bin.
Going through column 26 and choosing a representative sample. Choosing 3 bins for this column. With 3 members per bin.
Going through column 27 and choosing a representative sample. Choosing 5 bins for this column. With 3 members per bin.
Going through column 28 and choosing a representative sample. Choosing 247 bins for this column. With 3 members per bin.
Going through column 29 and choosing a representative sample. Choosing 298 bins for this column. With 3 members per bin.
Going through column 30 and choosing a representative sample. Choosing 298 bins for this column. With 3 members per bin.
Going through column 31 and choosing a representative sample. Choosing 228 bins for this column. With 3 members per bin.
Going through column 32 and choosing a representative sample. Choosing 750 bins for this column. With 3 members per bin.
Going through column 33 and choosing a representative sample. Choosing 750 bins for this column. With 3 members per bin.
Going through column 34 and choosing a representative sample. Choosing 750 bins for this column. With 3 members per bin.
Going through column 35 and choosing a representative sample. Choosing 750 bins for this column. With 3 members per bin.
Going through column 36 and choosing a representative sample. Choosing 750 bins for this column. With 3 members per bin.
Going through column 37 and choosing a representative sample. Choosing 185 bins for this column. With 3 members per bin.
Going through column 38 and choosing a representative sample. Choosing 305 bins for this column. With 3 members per bin.
Going through column 39 and choosing a representative sample. Choosing 1500 bins for this column. With 6 members per bin.

ans =

       19706


ans =

        3478

    "Running Regression"

Copying objective function to workers...
Done copying objective function to workers.
|===============================================================================================================|
| Iter | Active  | Eval   | Objective   | Objective   | BestSoFar   | BestSoFar   | hiddenLayerS-|           lr |
|      | workers | result |             | runtime     | (observed)  | (estim.)    | ize          |              |
|===============================================================================================================|
|    1 |       1 | Accept |        25.2 |      3.1902 |      14.686 |      28.313 |           12 |      0.19231 |
|    2 |       1 | Accept |      22.098 |      3.3382 |      14.686 |      28.313 |           29 |    0.0040152 |
|    3 |       1 | Accept |      68.091 |      3.2254 |      14.686 |      28.313 |           31 |       0.5344 |
|    4 |       1 | Accept |      28.964 |      3.2609 |      14.686 |      28.313 |           51 |    0.0022599 |
|    5 |       1 | Best   |      14.686 |      3.3565 |      14.686 |      28.313 |           66 |      0.21184 |
|    6 |       1 | Accept |      50.796 |      3.3068 |      14.686 |      28.313 |           58 |     0.092115 |
|    7 |       1 | Accept |      20.283 |      3.2863 |      14.686 |      28.313 |           36 |     0.064271 |
|    8 |       1 | Accept |      42.838 |      3.5491 |      14.686 |      28.313 |           93 |      0.76059 |
|    9 |       1 | Accept |       20.84 |      3.2431 |      14.686 |      28.313 |           38 |      0.84809 |
|   10 |       1 | Accept |      26.761 |      3.2081 |      14.686 |      28.313 |           22 |    0.0027561 |
|   11 |       1 | Accept |       22.13 |      3.3168 |      14.686 |      28.313 |           76 |      0.01736 |
|   12 |       1 | Accept |      24.253 |       3.222 |      14.686 |      28.313 |           42 |    0.0050307 |
|   13 |       1 | Accept |      17.748 |      3.1722 |      14.686 |      28.313 |           26 |     0.022448 |
|   14 |       1 | Accept |      32.932 |      3.1203 |      14.686 |      28.313 |           25 |    0.0051772 |
|   15 |       1 | Accept |      19.947 |      3.3062 |      14.686 |      28.313 |           77 |    0.0048116 |
|   16 |       1 | Accept |      15.448 |      3.4971 |      14.686 |      28.313 |           99 |    0.0049902 |
|   17 |       5 | Accept |      25.635 |     0.59481 |      7.9756 |        7.98 |           15 |     0.083397 |
|   18 |       5 | Accept |      30.743 |     0.67763 |      7.9756 |        7.98 |           31 |    0.0050483 |
|   19 |       5 | Accept |      15.061 |     0.59443 |      7.9756 |        7.98 |           17 |    0.0044715 |
|   20 |       5 | Accept |      74.585 |     0.71709 |      7.9756 |        7.98 |           52 |      0.11333 |
|===============================================================================================================|
| Iter | Active  | Eval   | Objective   | Objective   | BestSoFar   | BestSoFar   | hiddenLayerS-|           lr |
|      | workers | result |             | runtime     | (observed)  | (estim.)    | ize          |              |
|===============================================================================================================|
|   21 |       5 | Accept |      16.399 |     0.66191 |      7.9756 |        7.98 |           31 |     0.058999 |
|   22 |       5 | Accept |      20.765 |     0.71844 |      7.9756 |        7.98 |           21 |    0.0027359 |
|   23 |       5 | Accept |      13.867 |     0.65408 |      7.9756 |        7.98 |           32 |     0.022061 |
|   24 |       5 | Accept |      81.858 |     0.73883 |      7.9756 |        7.98 |           52 |     0.036492 |
|   25 |       5 | Accept |      12.157 |     0.58876 |      7.9756 |        7.98 |           11 |     0.071287 |
|   26 |       5 | Best   |      7.9756 |     0.63695 |      7.9756 |        7.98 |           28 |      0.31768 |
|   27 |       5 | Accept |      16.946 |     0.84544 |      7.9756 |        7.98 |           63 |    0.0063458 |
|   28 |       5 | Accept |      18.049 |     0.89222 |      7.9756 |        7.98 |          100 |     0.001005 |
|   29 |      13 | Accept |      9.8711 |     0.88976 |      7.9756 |      7.9803 |           97 |     0.001036 |
|   30 |      13 | Accept |      57.303 |      0.8876 |      7.9756 |      7.9803 |           81 |      0.33425 |
|   31 |      13 | Accept |      37.296 |     0.89995 |      7.9756 |      7.9803 |           80 |    0.0021892 |
|   32 |      13 | Accept |      41.515 |     0.79584 |      7.9756 |      7.9803 |           60 |     0.010393 |

__________________________________________________________
Optimization completed.
MaxObjectiveEvaluations of 30 reached.
Total function evaluations: 32
Total elapsed time: 18.0057 seconds.
Total objective function evaluation time: 64.393

Best observed feasible point:
    hiddenLayerSize      lr   
    _______________    _______

          28           0.31768

Observed objective function value = 7.9756
Estimated objective function value = 7.9803
Function evaluation time = 0.63695

Best estimated feasible point (according to models):
    hiddenLayerSize      lr   
    _______________    _______

          28           0.31768

Estimated objective function value = 7.9803
Estimated function evaluation time = 1.5473


T =

  1x2 table

    hiddenLayerSize      lr   
    _______________    _______

          28           0.31768

Elapsed time is 141.566524 seconds.



combinedFigDaily = 

    "/scratch/lhw150030/mintsData/visualAnalysis/UTDNodes/001e06318cee/UTD_Ronn_All_RS_ONN_1_Daily_001e06318cee_pm1_palas.png"

    "Creating Folder @: '/scratch/lhw150030/mintsData/visualAnalysis/UTDNodes/001e06318cee/UTD_Ronn_All_RS_ONN_1_2021_04_04_16_00_46'"


combinedFigTT = 

    "/scratch/lhw150030/mintsData/visualAnalysis/UTDNodes/001e06318cee/UTD_Ronn_All_RS_ONN_1_2021_04_04_16_00_46/UTD_Ronn_All_RS_ONN_1_2021_04_04_16_00_46_001e06318cee_pm1_palas_TT.png"


plot3 = 

  Line with properties:

              Color: [0.9290 0.6940 0.1250]
          LineStyle: '-'
          LineWidth: 0.5000
             Marker: 'none'
         MarkerSize: 6
    MarkerFaceColor: 'none'
              XData: [1x19706 double]
              YData: [1x19706 double]
              ZData: [1x0 double]

  Use GET to show all properties


plot4 = 

  Line (fitted curve) with properties:

              Color: [1 0 0]
          LineStyle: '-'
          LineWidth: 0.5000
             Marker: 'none'
         MarkerSize: 6
    MarkerFaceColor: 'none'
              XData: [1x1001 double]
              YData: [1x1001 double]
              ZData: [1x0 double]

  Use GET to show all properties


plot6 = 

  Line (fitted curve) with properties:

              Color: [1 0 0]
          LineStyle: '-'
          LineWidth: 0.5000
             Marker: 'none'
         MarkerSize: 6
    MarkerFaceColor: 'none'
              XData: [1x1001 double]
              YData: [1x1001 double]
              ZData: [1x0 double]

  Use GET to show all properties


plot3 = 

  Line with properties:

              Color: [0.9290 0.6940 0.1250]
          LineStyle: '-'
          LineWidth: 0.5000
             Marker: 'none'
         MarkerSize: 6
    MarkerFaceColor: 'none'
              XData: [1x19706 double]
              YData: [1x19706 double]
              ZData: [1x0 double]

  Use GET to show all properties


plot4 = 

  Line (fitted curve) with properties:

              Color: [1 0 0]
          LineStyle: '-'
          LineWidth: 0.5000
             Marker: 'none'
         MarkerSize: 6
    MarkerFaceColor: 'none'
              XData: [1x1001 double]
              YData: [1x1001 double]
              ZData: [1x0 double]

  Use GET to show all properties


plot6 = 

  Line (fitted curve) with properties:

              Color: [1 0 0]
          LineStyle: '-'
          LineWidth: 0.5000
             Marker: 'none'
         MarkerSize: 6
    MarkerFaceColor: 'none'
              XData: [1x1001 double]
              YData: [1x1001 double]
              ZData: [1x0 double]

  Use GET to show all properties

    "Saving Model Files for Node: 001e06318cee & target :PM_{1}"


modelsSaveNameDaily = 

    "/scratch/lhw150030/mintsData/modelsMats/UTDNodes/001e06318cee/daily_Mdl_001e06318cee_pm1_palas.mat"


modelsSaveName = 

    "/scratch/lhw150030/mintsData/modelsMats/UTDNodes/001e06318cee/UTD_Ronn_All_RS_ONN_1_2021_04_04_16_00_46/UTD_Ronn_All_RS_ONN_1_2021_04_04_16_00_46_001e06318cee_pm1_palas.mat"


resultsSaveName = 

    "/scratch/lhw150030/mintsData/modelsMats/UTDNodes/001e06318cee/daily_Mdl_001e06318cee_pm1_palas.csv"

    "Creating Folder @: '/scratch/lhw150030/mintsData/modelsMats/UTDNodes/001e06318cee/UTD_Ronn_All_RS_ONN_1_2021_04_04_16_00_46'"






trainingSaveNameDaily = 

    "/scratch/lhw150030/mintsData/trainingMats/UTDNodes/001e06318cee/UTD_Ronn_All_RS_ONN_1_Daily_001e06318cee_pm1_palas.mat"


trainingSaveName = 

    "/scratch/lhw150030/mintsData/trainingMats/UTDNodes/001e06318cee/UTD_Ronn_All_RS_ONN_1_2021_04_04_16_00_46/UTD_Ronn_All_RS_ONN_1_2021_04_04_16_00_46_001e06318cee_pm1_palas.mat"

    "Creating Folder @: '/scratch/lhw150030/mintsData/trainingMats/UTDNodes/001e06318cee/UTD_Ronn_All_RS_ONN_1_2021_04_04_16_00_46'"



    "Gainin Data set for Node 001e06318cee with target output pm2_5_palas @ 04-Apr-2021 16:04:48"

Going through column 1 and choosing a representative sample. Choosing 750 bins for this column. With 3 members per bin.
Going through column 2 and choosing a representative sample. Choosing 750 bins for this column. With 3 members per bin.
Going through column 3 and choosing a representative sample. Choosing 335 bins for this column. With 3 members per bin.
Going through column 4 and choosing a representative sample. Choosing 76 bins for this column. With 3 members per bin.
Going through column 5 and choosing a representative sample. Choosing 1 bins for this column. With 3 members per bin.
Going through column 6 and choosing a representative sample. Choosing 750 bins for this column. With 3 members per bin.
Going through column 7 and choosing a representative sample. Choosing 750 bins for this column. With 3 members per bin.
Going through column 8 and choosing a representative sample. Choosing 750 bins for this column. With 3 members per bin.
Going through column 9 and choosing a representative sample. Choosing 750 bins for this column. With 3 members per bin.
Going through column 10 and choosing a representative sample. Choosing 750 bins for this column. With 3 members per bin.
Going through column 11 and choosing a representative sample. Choosing 750 bins for this column. With 3 members per bin.
Going through column 12 and choosing a representative sample. Choosing 750 bins for this column. With 3 members per bin.
Going through column 13 and choosing a representative sample. Choosing 750 bins for this column. With 3 members per bin.
Going through column 14 and choosing a representative sample. Choosing 667 bins for this column. With 3 members per bin.
Going through column 15 and choosing a representative sample. Choosing 397 bins for this column. With 3 members per bin.
Going through column 16 and choosing a representative sample. Choosing 321 bins for this column. With 3 members per bin.
Going through column 17 and choosing a representative sample. Choosing 194 bins for this column. With 3 members per bin.
Going through column 18 and choosing a representative sample. Choosing 86 bins for this column. With 3 members per bin.
Going through column 19 and choosing a representative sample. Choosing 36 bins for this column. With 3 members per bin.
Going through column 20 and choosing a representative sample. Choosing 20 bins for this column. With 3 members per bin.
Going through column 21 and choosing a representative sample. Choosing 12 bins for this column. With 3 members per bin.
Going through column 22 and choosing a representative sample. Choosing 9 bins for this column. With 3 members per bin.
Going through column 23 and choosing a representative sample. Choosing 6 bins for this column. With 3 members per bin.
Going through column 24 and choosing a representative sample. Choosing 5 bins for this column. With 3 members per bin.
Going through column 25 and choosing a representative sample. Choosing 4 bins for this column. With 3 members per bin.
Going through column 26 and choosing a representative sample. Choosing 3 bins for this column. With 3 members per bin.
Going through column 27 and choosing a representative sample. Choosing 5 bins for this column. With 3 members per bin.
Going through column 28 and choosing a representative sample. Choosing 247 bins for this column. With 3 members per bin.
Going through column 29 and choosing a representative sample. Choosing 298 bins for this column. With 3 members per bin.
Going through column 30 and choosing a representative sample. Choosing 298 bins for this column. With 3 members per bin.
Going through column 31 and choosing a representative sample. Choosing 228 bins for this column. With 3 members per bin.
Going through column 32 and choosing a representative sample. Choosing 750 bins for this column. With 3 members per bin.
Going through column 33 and choosing a representative sample. Choosing 750 bins for this column. With 3 members per bin.
Going through column 34 and choosing a representative sample. Choosing 750 bins for this column. With 3 members per bin.
Going through column 35 and choosing a representative sample. Choosing 750 bins for this column. With 3 members per bin.
Going through column 36 and choosing a representative sample. Choosing 750 bins for this column. With 3 members per bin.
Going through column 37 and choosing a representative sample. Choosing 185 bins for this column. With 3 members per bin.
Going through column 38 and choosing a representative sample. Choosing 305 bins for this column. With 3 members per bin.
Going through column 39 and choosing a representative sample. Choosing 1500 bins for this column. With 6 members per bin.

ans =

       19538


ans =

        3448

    "Running Regression"

Copying objective function to workers...
Done copying objective function to workers.
|===============================================================================================================|
| Iter | Active  | Eval   | Objective   | Objective   | BestSoFar   | BestSoFar   | hiddenLayerS-|           lr |
|      | workers | result |             | runtime     | (observed)  | (estim.)    | ize          |              |
|===============================================================================================================|
|    1 |      16 | Best   |      28.772 |     0.29247 |      28.772 |      28.772 |           10 |     0.014277 |
|    2 |       2 | Accept |      25.544 |     0.39789 |      10.264 |      66.207 |           42 |     0.092155 |
|    3 |       2 | Accept |      18.491 |     0.59723 |      10.264 |      66.207 |           99 |     0.059844 |
|    4 |       2 | Accept |      194.24 |      0.5107 |      10.264 |      66.207 |           76 |    0.0051873 |
|    5 |       2 | Accept |      40.582 |      0.3796 |      10.264 |      66.207 |           30 |      0.93044 |
|    6 |       2 | Accept |       109.1 |     0.54013 |      10.264 |      66.207 |           94 |      0.99574 |
|    7 |       2 | Accept |      24.052 |     0.47436 |      10.264 |      66.207 |           63 |    0.0016146 |
|    8 |       2 | Accept |      33.618 |     0.49975 |      10.264 |      66.207 |           69 |     0.013242 |
|    9 |       2 | Accept |      44.266 |     0.37963 |      10.264 |      66.207 |           24 |      0.02602 |
|   10 |       2 | Accept |      97.812 |     0.58139 |      10.264 |      66.207 |           96 |     0.061279 |
|   11 |       2 | Accept |      21.486 |     0.55828 |      10.264 |      66.207 |           92 |      0.47209 |
|   12 |       2 | Accept |      103.68 |      0.4444 |      10.264 |      66.207 |           52 |    0.0013044 |
|   13 |       2 | Accept |      97.452 |     0.64577 |      10.264 |      66.207 |           16 |     0.010505 |
|   14 |       2 | Accept |      53.504 |      0.7839 |      10.264 |      66.207 |           65 |     0.028698 |
|   15 |       2 | Accept |      156.46 |     0.84429 |      10.264 |      66.207 |           92 |      0.52495 |
|   16 |       2 | Best   |      10.264 |     0.60492 |      10.264 |      66.207 |            7 |     0.011727 |
|   17 |      16 | Accept |      80.852 |     0.58742 |      10.264 |      67.068 |           59 |     0.007382 |
|   18 |       2 | Accept |      18.752 |     0.18332 |      10.264 |      44.392 |            5 |      0.98129 |
|   19 |       2 | Accept |      130.19 |     0.77829 |      10.264 |      44.392 |           92 |     0.016054 |
|   20 |       2 | Accept |      109.27 |     0.74089 |      10.264 |      44.392 |           90 |     0.082278 |
|===============================================================================================================|
| Iter | Active  | Eval   | Objective   | Objective   | BestSoFar   | BestSoFar   | hiddenLayerS-|           lr |
|      | workers | result |             | runtime     | (observed)  | (estim.)    | ize          |              |
|===============================================================================================================|
|   21 |       2 | Accept |      33.348 |     0.65772 |      10.264 |      44.392 |           48 |     0.094341 |
|   22 |       2 | Accept |      67.014 |     0.55937 |      10.264 |      44.392 |           27 |    0.0012013 |
|   23 |       2 | Accept |      43.516 |     0.48219 |      10.264 |      44.392 |            5 |       0.1221 |
|   24 |       2 | Accept |      14.709 |     0.58276 |      10.264 |      44.392 |           16 |     0.082917 |
|   25 |       2 | Accept |      36.382 |      0.7411 |      10.264 |      44.392 |           58 |    0.0011344 |
|   26 |       2 | Accept |      36.199 |     0.55165 |      10.264 |      44.392 |           17 |      0.91961 |
|   27 |       2 | Accept |      168.08 |     0.74024 |      10.264 |      44.392 |           63 |    0.0011823 |
|   28 |       2 | Accept |      56.555 |     0.60597 |      10.264 |      44.392 |           41 |    0.0059287 |
|   29 |       2 | Accept |      127.13 |     0.77593 |      10.264 |      44.392 |           91 |     0.015659 |
|   30 |       2 | Accept |      53.676 |     0.53045 |      10.264 |      44.392 |           83 |      0.63807 |
|   31 |       2 | Accept |        68.5 |     0.56469 |      10.264 |      44.392 |           83 |     0.067898 |
|   32 |       2 | Accept |      35.609 |     0.28873 |      10.264 |      44.392 |           10 |    0.0034018 |

__________________________________________________________
Optimization completed.
MaxObjectiveEvaluations of 30 reached.
Total function evaluations: 32
Total elapsed time: 6.4516 seconds.
Total objective function evaluation time: 17.9054

Best observed feasible point:
    hiddenLayerSize       lr   
    _______________    ________

           7           0.011727

Observed objective function value = 10.264
Estimated objective function value = 44.7345
Function evaluation time = 0.60492

Best estimated feasible point (according to models):
    hiddenLayerSize       lr   
    _______________    ________

          16           0.082917

Estimated objective function value = 44.3917
Estimated function evaluation time = 0.44295


T =

  1x2 table

    hiddenLayerSize       lr   
    _______________    ________

          16           0.082917

Elapsed time is 57.598401 seconds.



combinedFigDaily = 

    "/scratch/lhw150030/mintsData/visualAnalysis/UTDNodes/001e06318cee/UTD_Ronn_All_RS_ONN_1_Daily_001e06318cee_pm2_5_palas.png"


combinedFigTT = 

    "/scratch/lhw150030/mintsData/visualAnalysis/UTDNodes/001e06318cee/UTD_Ronn_All_RS_ONN_1_2021_04_04_16_00_46/UTD_Ronn_All_RS_ONN_1_2021_04_04_16_00_46_001e06318cee_pm2_5_palas_TT.png"


plot3 = 

  Line with properties:

              Color: [0.9290 0.6940 0.1250]
          LineStyle: '-'
          LineWidth: 0.5000
             Marker: 'none'
         MarkerSize: 6
    MarkerFaceColor: 'none'
              XData: [1x19538 double]
              YData: [1x19538 double]
              ZData: [1x0 double]

  Use GET to show all properties


plot4 = 

  Line (fitted curve) with properties:

              Color: [1 0 0]
          LineStyle: '-'
          LineWidth: 0.5000
             Marker: 'none'
         MarkerSize: 6
    MarkerFaceColor: 'none'
              XData: [1x1001 double]
              YData: [1x1001 double]
              ZData: [1x0 double]

  Use GET to show all properties


plot6 = 

  Line (fitted curve) with properties:

              Color: [1 0 0]
          LineStyle: '-'
          LineWidth: 0.5000
             Marker: 'none'
         MarkerSize: 6
    MarkerFaceColor: 'none'
              XData: [1x1001 double]
              YData: [1x1001 double]
              ZData: [1x0 double]

  Use GET to show all properties


plot3 = 

  Line with properties:

              Color: [0.9290 0.6940 0.1250]
          LineStyle: '-'
          LineWidth: 0.5000
             Marker: 'none'
         MarkerSize: 6
    MarkerFaceColor: 'none'
              XData: [1x19538 double]
              YData: [1x19538 double]
              ZData: [1x0 double]

  Use GET to show all properties


plot4 = 

  Line (fitted curve) with properties:

              Color: [1 0 0]
          LineStyle: '-'
          LineWidth: 0.5000
             Marker: 'none'
         MarkerSize: 6
    MarkerFaceColor: 'none'
              XData: [1x1001 double]
              YData: [1x1001 double]
              ZData: [1x0 double]

  Use GET to show all properties


plot6 = 

  Line (fitted curve) with properties:

              Color: [1 0 0]
          LineStyle: '-'
          LineWidth: 0.5000
             Marker: 'none'
         MarkerSize: 6
    MarkerFaceColor: 'none'
              XData: [1x1001 double]
              YData: [1x1001 double]
              ZData: [1x0 double]

  Use GET to show all properties

    "Saving Model Files for Node: 001e06318cee & target :PM_{2.5}"


modelsSaveNameDaily = 

    "/scratch/lhw150030/mintsData/modelsMats/UTDNodes/001e06318cee/daily_Mdl_001e06318cee_pm2_5_palas.mat"


modelsSaveName = 

    "/scratch/lhw150030/mintsData/modelsMats/UTDNodes/001e06318cee/UTD_Ronn_All_RS_ONN_1_2021_04_04_16_00_46/UTD_Ronn_All_RS_ONN_1_2021_04_04_16_00_46_001e06318cee_pm2_5_palas.mat"


resultsSaveName = 

    "/scratch/lhw150030/mintsData/modelsMats/UTDNodes/001e06318cee/daily_Mdl_001e06318cee_pm2_5_palas.csv"






trainingSaveNameDaily = 

    "/scratch/lhw150030/mintsData/trainingMats/UTDNodes/001e06318cee/UTD_Ronn_All_RS_ONN_1_Daily_001e06318cee_pm2_5_palas.mat"


trainingSaveName = 

    "/scratch/lhw150030/mintsData/trainingMats/UTDNodes/001e06318cee/UTD_Ronn_All_RS_ONN_1_2021_04_04_16_00_46/UTD_Ronn_All_RS_ONN_1_2021_04_04_16_00_46_001e06318cee_pm2_5_palas.mat"



    "Gainin Data set for Node 001e06318cee with target output pm4_palas @ 04-Apr-2021 16:06:46"

Going through column 1 and choosing a representative sample. Choosing 750 bins for this column. With 3 members per bin.
Going through column 2 and choosing a representative sample. Choosing 750 bins for this column. With 3 members per bin.
Going through column 3 and choosing a representative sample. Choosing 335 bins for this column. With 3 members per bin.
Going through column 4 and choosing a representative sample. Choosing 76 bins for this column. With 3 members per bin.
Going through column 5 and choosing a representative sample. Choosing 1 bins for this column. With 3 members per bin.
Going through column 6 and choosing a representative sample. Choosing 750 bins for this column. With 3 members per bin.
Going through column 7 and choosing a representative sample. Choosing 750 bins for this column. With 3 members per bin.
Going through column 8 and choosing a representative sample. Choosing 750 bins for this column. With 3 members per bin.
Going through column 9 and choosing a representative sample. Choosing 750 bins for this column. With 3 members per bin.
Going through column 10 and choosing a representative sample. Choosing 750 bins for this column. With 3 members per bin.
Going through column 11 and choosing a representative sample. Choosing 750 bins for this column. With 3 members per bin.
Going through column 12 and choosing a representative sample. Choosing 750 bins for this column. With 3 members per bin.
Going through column 13 and choosing a representative sample. Choosing 750 bins for this column. With 3 members per bin.
Going through column 14 and choosing a representative sample. Choosing 667 bins for this column. With 3 members per bin.
Going through column 15 and choosing a representative sample. Choosing 397 bins for this column. With 3 members per bin.
Going through column 16 and choosing a representative sample. Choosing 321 bins for this column. With 3 members per bin.
Going through column 17 and choosing a representative sample. Choosing 194 bins for this column. With 3 members per bin.
Going through column 18 and choosing a representative sample. Choosing 86 bins for this column. With 3 members per bin.
Going through column 19 and choosing a representative sample. Choosing 36 bins for this column. With 3 members per bin.
Going through column 20 and choosing a representative sample. Choosing 20 bins for this column. With 3 members per bin.
Going through column 21 and choosing a representative sample. Choosing 12 bins for this column. With 3 members per bin.
Going through column 22 and choosing a representative sample. Choosing 9 bins for this column. With 3 members per bin.
Going through column 23 and choosing a representative sample. Choosing 6 bins for this column. With 3 members per bin.
Going through column 24 and choosing a representative sample. Choosing 5 bins for this column. With 3 members per bin.
Going through column 25 and choosing a representative sample. Choosing 4 bins for this column. With 3 members per bin.
Going through column 26 and choosing a representative sample. Choosing 3 bins for this column. With 3 members per bin.
Going through column 27 and choosing a representative sample. Choosing 5 bins for this column. With 3 members per bin.
Going through column 28 and choosing a representative sample. Choosing 247 bins for this column. With 3 members per bin.
Going through column 29 and choosing a representative sample. Choosing 298 bins for this column. With 3 members per bin.
Going through column 30 and choosing a representative sample. Choosing 298 bins for this column. With 3 members per bin.
Going through column 31 and choosing a representative sample. Choosing 228 bins for this column. With 3 members per bin.
Going through column 32 and choosing a representative sample. Choosing 750 bins for this column. With 3 members per bin.
Going through column 33 and choosing a representative sample. Choosing 750 bins for this column. With 3 members per bin.
Going through column 34 and choosing a representative sample. Choosing 750 bins for this column. With 3 members per bin.
Going through column 35 and choosing a representative sample. Choosing 750 bins for this column. With 3 members per bin.
Going through column 36 and choosing a representative sample. Choosing 750 bins for this column. With 3 members per bin.
Going through column 37 and choosing a representative sample. Choosing 185 bins for this column. With 3 members per bin.
Going through column 38 and choosing a representative sample. Choosing 305 bins for this column. With 3 members per bin.
Going through column 39 and choosing a representative sample. Choosing 1500 bins for this column. With 6 members per bin.

ans =

       18885


ans =

        3333

    "Running Regression"

Copying objective function to workers...
Done copying objective function to workers.
|===============================================================================================================|
| Iter | Active  | Eval   | Objective   | Objective   | BestSoFar   | BestSoFar   | hiddenLayerS-|           lr |
|      | workers | result |             | runtime     | (observed)  | (estim.)    | ize          |              |
|===============================================================================================================|
|    1 |      13 | Best   |        35.3 |      0.2087 |        35.3 |      79.646 |            6 |       0.6361 |
|    2 |      13 | Accept |      59.203 |     0.20716 |        35.3 |      79.646 |            7 |     0.001429 |
|    3 |      13 | Accept |       106.6 |     0.27603 |        35.3 |      79.646 |           19 |     0.010244 |
|    4 |      13 | Accept |      137.92 |     0.25296 |        35.3 |      79.646 |           14 |      0.22817 |
|    5 |       2 | Accept |       184.6 |     0.38971 |      28.864 |      113.21 |           66 |      0.07002 |
|    6 |       2 | Accept |      119.86 |     0.45474 |      28.864 |      113.21 |           79 |    0.0032206 |
|    7 |       2 | Accept |      115.84 |     0.35412 |      28.864 |      113.21 |           58 |      0.56617 |
|    8 |       2 | Accept |       119.9 |     0.43572 |      28.864 |      113.21 |           61 |    0.0053024 |
|    9 |       2 | Accept |      384.93 |      0.4514 |      28.864 |      113.21 |           83 |    0.0019889 |
|   10 |       2 | Accept |       29.34 |     0.35434 |      28.864 |      113.21 |           43 |     0.013241 |
|   11 |       2 | Best   |      28.864 |     0.41309 |      28.864 |      113.21 |           66 |    0.0013359 |
|   12 |       2 | Accept |      93.708 |     0.37951 |      28.864 |      113.21 |           54 |      0.99829 |
|   13 |       2 | Accept |       54.28 |     0.63285 |      28.864 |      113.21 |           64 |     0.081569 |
|   14 |       2 | Accept |      38.382 |     0.59571 |      28.864 |      113.21 |           39 |    0.0081034 |
|   15 |       2 | Accept |      122.22 |       0.519 |      28.864 |      113.21 |           17 |     0.036873 |
|   16 |       2 | Accept |      180.47 |     0.45571 |      28.864 |      113.21 |           58 |     0.013561 |
|   17 |       2 | Accept |      48.101 |     0.14906 |      28.864 |      28.874 |            5 |      0.65932 |
|   18 |       2 | Accept |      56.517 |     0.23465 |      28.864 |      28.874 |           16 |      0.05305 |
|   19 |       2 | Accept |      70.489 |     0.20645 |      28.864 |      28.874 |           11 |      0.58584 |
|   20 |       2 | Accept |      76.139 |     0.27476 |      28.864 |      28.874 |           29 |    0.0048481 |
|===============================================================================================================|
| Iter | Active  | Eval   | Objective   | Objective   | BestSoFar   | BestSoFar   | hiddenLayerS-|           lr |
|      | workers | result |             | runtime     | (observed)  | (estim.)    | ize          |              |
|===============================================================================================================|
|   21 |       2 | Accept |       123.4 |     0.32344 |      28.864 |      28.874 |           31 |      0.99094 |
|   22 |       2 | Accept |      87.064 |     0.27496 |      28.864 |      28.874 |           20 |     0.029024 |
|   23 |       2 | Accept |      132.76 |     0.26767 |      28.864 |      28.874 |           24 |      0.94171 |
|   24 |       2 | Accept |      32.448 |     0.32896 |      28.864 |      28.874 |           32 |     0.004366 |
|   25 |       2 | Accept |      70.364 |      0.1823 |      28.864 |      28.874 |            5 |      0.83463 |
|   26 |       2 | Accept |      260.53 |     0.36461 |      28.864 |      28.874 |           51 |      0.13459 |
|   27 |       2 | Accept |      242.14 |     0.41186 |      28.864 |      28.874 |           76 |     0.036435 |
|   28 |       2 | Accept |       82.37 |     0.42765 |      28.864 |      28.874 |           67 |     0.030529 |
|   29 |       2 | Accept |      66.338 |     0.34325 |      28.864 |      28.874 |           33 |     0.004267 |
|   30 |       2 | Accept |      133.14 |     0.37694 |      28.864 |      28.874 |           37 |      0.04138 |
|   31 |       2 | Accept |       315.5 |     0.36194 |      28.864 |      28.874 |           48 |      0.20153 |

__________________________________________________________
Optimization completed.
MaxObjectiveEvaluations of 30 reached.
Total function evaluations: 31
Total elapsed time: 5.4697 seconds.
Total objective function evaluation time: 10.9093

Best observed feasible point:
    hiddenLayerSize       lr    
    _______________    _________

          66           0.0013359

Observed objective function value = 28.8639
Estimated objective function value = 28.8737
Function evaluation time = 0.41309

Best estimated feasible point (according to models):
    hiddenLayerSize       lr    
    _______________    _________

          66           0.0013359

Estimated objective function value = 28.8737
Estimated function evaluation time = 0.44435


T =

  1x2 table

    hiddenLayerSize       lr    
    _______________    _________

          66           0.0013359

