Running calibration scripts for UTD Node: 14
Running on host: compute-1-3-14

                            < M A T L A B (R) >
                  Copyright 1984-2020 The MathWorks, Inc.
              R2020a Update 1 (9.8.0.1359463) 64-bit (glnxa64)
                               April 9, 2020

 
To get started, type doc.
For product information, visit www.mathworks.com.
 
UTD_Ronn_All_RS_ONN_1_2021_03_21_00_00_45


UTD_Ronn_All_RS_ONN_1_Daily


Optimzed NN All Inputs



globalCSVLabel = 

    "WSPre"



    "---------------------MINTS---------------------"

21-Mar-2021 00:00:46

mintsDefinitions = 

  struct with fields:

                 dataFolder: '/scratch/lhw150030/mintsData'
                poolWorkers: 16
                   timeSpan: 30
                   airmarID: '001e0610c0e4'
              binsPerColumn: 750
               numberPerBin: 3
                     pValid: 0.1500
                    nodeIDs: {1x16 cell}
                inputStack1: {1x9 cell}
          mintsInputsStack1: {1x35 cell}
     mintsInputLabelsStack1: {1x35 cell}
               inputStack20: {1x11 cell}
         mintsInputsStack20: {1x33 cell}
    mintsInputLabelsStack20: {1x33 cell}
         mintsInputsStack21: {1x16 cell}
    mintsInputLabelsStack21: {1x16 cell}
               latestStack1: {'BME280'  'MGS001'  'OPCN2'}
                inputStack2: {1x11 cell}
               latestStack2: {'BME280'  'MGS001'  'OPCN2'  'SCD30'}
          mintsInputsStack2: {1x35 cell}
     mintsInputLabelsStack2: {1x35 cell}
                inputStack3: {1x10 cell}
               latestStack3: {'BME280'  'MGS001'  'OPCN2'  'SCD30'}
          mintsInputsStack3: {1x38 cell}
     mintsInputLabelsStack3: {1x38 cell}
               mintsTargets: {1x10 cell}
          mintsTargetLabels: {1x10 cell}
                      units: {1x10 cell}
                instruments: {1x10 cell}

Starting parallel pool (parpool) using the 'local' profile ...
