Running calibration scripts for UTD Node: 13
Running on host: compute-1-6-23

                            < M A T L A B (R) >
                  Copyright 1984-2020 The MathWorks, Inc.
              R2020a Update 1 (9.8.0.1359463) 64-bit (glnxa64)
                               April 9, 2020

 
To get started, type doc.
For product information, visit www.mathworks.com.
 
UTD_Ronn_All_RS_ONN_1_2021_03_31_12_19_07


UTD_Ronn_All_RS_ONN_1_Daily


Optimzed NN All Inputs



globalCSVLabel = 

    "WSPre"



    "---------------------MINTS---------------------"

31-Mar-2021 12:19:19

mintsDefinitions = 

  struct with fields:

                 dataFolder: '/scratch/lhw150030/mintsData'
                poolWorkers: 16
                   timeSpan: 30
                   airmarID: '001e0610c0e4'
              binsPerColumn: 750
               numberPerBin: 3
                     pValid: 0.1500
                    nodeIDs: {1x16 cell}
                inputStack1: {1x9 cell}
          mintsInputsStack1: {1x35 cell}
     mintsInputLabelsStack1: {1x35 cell}
               inputStack20: {1x11 cell}
         mintsInputsStack20: {1x33 cell}
    mintsInputLabelsStack20: {1x33 cell}
         mintsInputsStack21: {1x16 cell}
    mintsInputLabelsStack21: {1x16 cell}
               latestStack1: {'BME280'  'MGS001'  'OPCN2'}
                inputStack2: {1x11 cell}
               latestStack2: {'BME280'  'MGS001'  'OPCN2'  'SCD30'}
          mintsInputsStack2: {1x35 cell}
     mintsInputLabelsStack2: {1x35 cell}
                inputStack3: {1x10 cell}
               latestStack3: {'BME280'  'MGS001'  'OPCN2'  'SCD30'}
          mintsInputsStack3: {1x38 cell}
     mintsInputLabelsStack3: {1x38 cell}
               mintsTargets: {1x10 cell}
          mintsTargetLabels: {1x10 cell}
                      units: {1x10 cell}
                instruments: {1x10 cell}

Starting parallel pool (parpool) using the 'local' profile ...
Connected to the parallel pool (number of workers: 16).

ans = 

 ProcessPool with properties: 

            Connected: true
           NumWorkers: 16
              Cluster: local
        AttachedFiles: {}
    AutoAddClientPath: true
          IdleTimeout: 30 minutes (30 minutes remaining)
          SpmdEnabled: true


airmarFolder = 

    "/scratch/lhw150030/mintsData/referenceMats/airmar"



    "Data Folder Located @:/scratch/lhw150030/mintsData"

    "Raw Data Located @: /scratch/lhw150030/mintsData"

    "Raw DotMat Data Located @ :/scratch/lhw150030/mintsData/rawMats"

    "UTD Nodes DotMat Data Located @ :/scratch/lhw150030/mintsData/rawMats/UTDNodes"

    "Reference Data Located @: /scratch/lhw150030/mintsData/reference"

    "Reference DotMat Data Located @ :/scratch/lhw150030/mintsData/referenceMats"

    "Palas Raw Data Located @ :/scratch/lhw150030/mintsData/reference/palasStream"

    "Palas DotMat Data Located @ :/scratch/lhw150030/mintsData/referenceMats/palas"

    "Car GPS Files Located @ :/scratch/lhw150030/mintsData/referenceMats/carMintsGPS"

    "Loading Palas Files"

    "Loading GPS Files"

    "Loading Airmar Files"

    "Aligning GPS data with Palas Data"

    "WSTC Palas Data"

    "Palas With Airmar"

    "Analysis"

    "Save merged data for calibration: 001e06305a0a"



    "Creating Training Data Sets for Node: 001e06305a0a"



    "Gainin Data set for Node 001e06305a0a with target output pm1_palas @ 31-Mar-2021 15:09:31"

Going through column 1 and choosing a representative sample. Choosing 750 bins for this column. With 3 members per bin.
Going through column 2 and choosing a representative sample. Choosing 750 bins for this column. With 3 members per bin.
Going through column 3 and choosing a representative sample. Choosing 340 bins for this column. With 3 members per bin.
Going through column 4 and choosing a representative sample. Choosing 77 bins for this column. With 3 members per bin.
Going through column 5 and choosing a representative sample. Choosing 1 bins for this column. With 3 members per bin.
Going through column 6 and choosing a representative sample. Choosing 750 bins for this column. With 3 members per bin.
Going through column 7 and choosing a representative sample. Choosing 750 bins for this column. With 3 members per bin.
Going through column 8 and choosing a representative sample. Choosing 750 bins for this column. With 3 members per bin.
Going through column 9 and choosing a representative sample. Choosing 750 bins for this column. With 3 members per bin.
Going through column 10 and choosing a representative sample. Choosing 750 bins for this column. With 3 members per bin.
Going through column 11 and choosing a representative sample. Choosing 750 bins for this column. With 3 members per bin.
Going through column 12 and choosing a representative sample. Choosing 750 bins for this column. With 3 members per bin.
Going through column 13 and choosing a representative sample. Choosing 750 bins for this column. With 3 members per bin.
Going through column 14 and choosing a representative sample. Choosing 598 bins for this column. With 3 members per bin.
Going through column 15 and choosing a representative sample. Choosing 285 bins for this column. With 3 members per bin.
Going through column 16 and choosing a representative sample. Choosing 177 bins for this column. With 3 members per bin.
Going through column 17 and choosing a representative sample. Choosing 64 bins for this column. With 3 members per bin.
Going through column 18 and choosing a representative sample. Choosing 26 bins for this column. With 3 members per bin.
Going through column 19 and choosing a representative sample. Choosing 11 bins for this column. With 3 members per bin.
Going through column 20 and choosing a representative sample. Choosing 6 bins for this column. With 3 members per bin.
Going through column 21 and choosing a representative sample. Choosing 4 bins for this column. With 3 members per bin.
Going through column 22 and choosing a representative sample. Choosing 3 bins for this column. With 3 members per bin.
Going through column 23 and choosing a representative sample. Choosing 2 bins for this column. With 3 members per bin.
Going through column 24 and choosing a representative sample. Choosing 2 bins for this column. With 3 members per bin.
Going through column 25 and choosing a representative sample. Choosing 2 bins for this column. With 3 members per bin.
Going through column 26 and choosing a representative sample. Choosing 2 bins for this column. With 3 members per bin.
Going through column 27 and choosing a representative sample. Choosing 2 bins for this column. With 3 members per bin.
Going through column 28 and choosing a representative sample. Choosing 183 bins for this column. With 3 members per bin.
Going through column 29 and choosing a representative sample. Choosing 267 bins for this column. With 3 members per bin.
Going through column 30 and choosing a representative sample. Choosing 245 bins for this column. With 3 members per bin.
Going through column 31 and choosing a representative sample. Choosing 137 bins for this column. With 3 members per bin.
Going through column 32 and choosing a representative sample. Choosing 750 bins for this column. With 3 members per bin.
Going through column 33 and choosing a representative sample. Choosing 750 bins for this column. With 3 members per bin.
Going through column 34 and choosing a representative sample. Choosing 750 bins for this column. With 3 members per bin.
Going through column 35 and choosing a representative sample. Choosing 750 bins for this column. With 3 members per bin.
Going through column 36 and choosing a representative sample. Choosing 750 bins for this column. With 3 members per bin.
Going through column 37 and choosing a representative sample. Choosing 156 bins for this column. With 3 members per bin.
Going through column 38 and choosing a representative sample. Choosing 322 bins for this column. With 3 members per bin.
Going through column 39 and choosing a representative sample. Choosing 1500 bins for this column. With 6 members per bin.

ans =

       18333


ans =

        3235

    "Running Regression"

Copying objective function to workers...
Done copying objective function to workers.
|===============================================================================================================|
| Iter | Active  | Eval   | Objective   | Objective   | BestSoFar   | BestSoFar   | hiddenLayerS-|           lr |
|      | workers | result |             | runtime     | (observed)  | (estim.)    | ize          |              |
|===============================================================================================================|
|    1 |       1 | Accept |      15.357 |      886.53 |      13.541 |      25.406 |           86 |     0.018836 |
|    2 |       1 | Accept |      15.574 |      884.25 |      13.541 |      25.406 |           14 |      0.22314 |
|    3 |       1 | Accept |      16.815 |      883.96 |      13.541 |      25.406 |           33 |    0.0033339 |
|    4 |       1 | Accept |      25.397 |      884.51 |      13.541 |      25.406 |           79 |      0.57987 |
|    5 |       1 | Accept |      19.165 |      883.94 |      13.541 |      25.406 |           33 |     0.027946 |
|    6 |       1 | Accept |      45.572 |      883.54 |      13.541 |      25.406 |           77 |     0.030152 |
|    7 |       1 | Accept |      38.432 |      891.05 |      13.541 |      25.406 |           12 |      0.23995 |
|    8 |       1 | Accept |       25.49 |      883.82 |      13.541 |      25.406 |           51 |    0.0026325 |
|    9 |       1 | Accept |      13.815 |      884.13 |      13.541 |      25.406 |           31 |    0.0011699 |
|   10 |       1 | Accept |      53.359 |      883.58 |      13.541 |      25.406 |           76 |    0.0014923 |
|   11 |       1 | Accept |      21.404 |      884.49 |      13.541 |      25.406 |           17 |     0.012124 |
|   12 |       1 | Accept |      44.907 |      884.03 |      13.541 |      25.406 |           96 |      0.14779 |
|   13 |       1 | Accept |      18.586 |      883.97 |      13.541 |      25.406 |            8 |     0.013513 |
|   14 |       1 | Accept |      31.434 |      884.03 |      13.541 |      25.406 |           40 |    0.0055489 |
|   15 |       1 | Accept |       42.47 |      884.37 |      13.541 |      25.406 |           37 |       0.7318 |
|   16 |       1 | Best   |      13.541 |      884.28 |      13.541 |      25.406 |            8 |      0.69862 |
|   17 |      16 | Best   |      8.0649 |      10.997 |      8.0649 |      22.803 |           16 |      0.10562 |
|   18 |       2 | Accept |      10.727 |      11.181 |      8.0649 |      10.337 |           26 |    0.0010017 |
|   19 |       2 | Accept |      89.058 |      11.376 |      8.0649 |      10.337 |           73 |     0.016257 |
|   20 |       2 | Accept |      18.145 |      11.432 |      8.0649 |      10.337 |           96 |      0.47886 |
|===============================================================================================================|
| Iter | Active  | Eval   | Objective   | Objective   | BestSoFar   | BestSoFar   | hiddenLayerS-|           lr |
|      | workers | result |             | runtime     | (observed)  | (estim.)    | ize          |              |
|===============================================================================================================|
|   21 |       2 | Accept |      69.225 |      11.414 |      8.0649 |      10.337 |           89 |     0.051845 |
|   22 |       2 | Accept |      34.838 |      11.187 |      8.0649 |      10.337 |            8 |    0.0012371 |
|   23 |       2 | Accept |      15.516 |      11.298 |      8.0649 |      10.337 |           30 |    0.0049894 |
|   24 |       2 | Accept |      20.209 |      11.407 |      8.0649 |      10.337 |           41 |     0.034636 |
|   25 |       2 | Accept |      93.573 |       11.32 |      8.0649 |      10.337 |           19 |    0.0099547 |
|   26 |       2 | Accept |      140.29 |      11.464 |      8.0649 |      10.337 |           65 |     0.018125 |
|   27 |       2 | Accept |      9.9291 |      11.564 |      8.0649 |      10.337 |           83 |     0.054947 |
|   28 |       2 | Accept |      24.509 |      11.655 |      8.0649 |      10.337 |           75 |    0.0026671 |
|   29 |       2 | Accept |      12.832 |      11.806 |      8.0649 |      10.337 |           97 |    0.0039362 |
|   30 |       2 | Accept |      38.858 |      11.783 |      8.0649 |      10.337 |           71 |    0.0039613 |
|   31 |       2 | Accept |      59.655 |      11.736 |      8.0649 |      10.337 |           49 |     0.023816 |
|   32 |       2 | Accept |      85.628 |        11.9 |      8.0649 |      10.337 |           72 |      0.42445 |

__________________________________________________________
Optimization completed.
MaxObjectiveEvaluations of 30 reached.
Total function evaluations: 32
Total elapsed time: 1167.3678 seconds.
Total objective function evaluation time: 14338.006

Best observed feasible point:
    hiddenLayerSize      lr   
    _______________    _______

          16           0.10562

Observed objective function value = 8.0649
Estimated objective function value = 10.3371
Function evaluation time = 10.9968

Best estimated feasible point (according to models):
    hiddenLayerSize      lr   
    _______________    _______

          16           0.10562

Estimated objective function value = 10.3371
Estimated function evaluation time = 100.7208


T =

  1x2 table

    hiddenLayerSize      lr   
    _______________    _______

          16           0.10562

Elapsed time is 1426.808286 seconds.



combinedFigDaily = 

    "/scratch/lhw150030/mintsData/visualAnalysis/UTDNodes/001e06305a0a/UTD_Ronn_All_RS_ONN_1_Daily_001e06305a0a_pm1_palas.png"

    "Creating Folder @: '/scratch/lhw150030/mintsData/visualAnalysis/UTDNodes/001e06305a0a/UTD_Ronn_All_RS_ONN_1_2021_03_31_12_19_07'"


combinedFigTT = 

    "/scratch/lhw150030/mintsData/visualAnalysis/UTDNodes/001e06305a0a/UTD_Ronn_All_RS_ONN_1_2021_03_31_12_19_07/UTD_Ronn_All_RS_ONN_1_2021_03_31_12_19_07_001e06305a0a_pm1_palas_TT.png"


plot3 = 

  Line with properties:

              Color: [0.9290 0.6940 0.1250]
          LineStyle: '-'
          LineWidth: 0.5000
             Marker: 'none'
         MarkerSize: 6
    MarkerFaceColor: 'none'
              XData: [1x18333 double]
              YData: [1x18333 double]
              ZData: [1x0 double]

  Use GET to show all properties


plot4 = 

  Line (fitted curve) with properties:

              Color: [1 0 0]
          LineStyle: '-'
          LineWidth: 0.5000
             Marker: 'none'
         MarkerSize: 6
    MarkerFaceColor: 'none'
              XData: [1x1001 double]
              YData: [1x1001 double]
              ZData: [1x0 double]

  Use GET to show all properties


plot6 = 

  Line (fitted curve) with properties:

              Color: [1 0 0]
          LineStyle: '-'
          LineWidth: 0.5000
             Marker: 'none'
         MarkerSize: 6
    MarkerFaceColor: 'none'
              XData: [1x1001 double]
              YData: [1x1001 double]
              ZData: [1x0 double]

  Use GET to show all properties


plot3 = 

  Line with properties:

              Color: [0.9290 0.6940 0.1250]
          LineStyle: '-'
          LineWidth: 0.5000
             Marker: 'none'
         MarkerSize: 6
    MarkerFaceColor: 'none'
              XData: [1x18333 double]
              YData: [1x18333 double]
              ZData: [1x0 double]

  Use GET to show all properties


plot4 = 

  Line (fitted curve) with properties:

              Color: [1 0 0]
          LineStyle: '-'
          LineWidth: 0.5000
             Marker: 'none'
         MarkerSize: 6
    MarkerFaceColor: 'none'
              XData: [1x1001 double]
              YData: [1x1001 double]
              ZData: [1x0 double]

  Use GET to show all properties


plot6 = 

  Line (fitted curve) with properties:

              Color: [1 0 0]
          LineStyle: '-'
          LineWidth: 0.5000
             Marker: 'none'
         MarkerSize: 6
    MarkerFaceColor: 'none'
              XData: [1x1001 double]
              YData: [1x1001 double]
              ZData: [1x0 double]

  Use GET to show all properties

    "Saving Model Files for Node: 001e06305a0a & target :PM_{1}"


modelsSaveNameDaily = 

    "/scratch/lhw150030/mintsData/modelsMats/UTDNodes/001e06305a0a/daily_Mdl_001e06305a0a_pm1_palas.mat"


modelsSaveName = 

    "/scratch/lhw150030/mintsData/modelsMats/UTDNodes/001e06305a0a/UTD_Ronn_All_RS_ONN_1_2021_03_31_12_19_07/UTD_Ronn_All_RS_ONN_1_2021_03_31_12_19_07_001e06305a0a_pm1_palas.mat"


resultsSaveName = 

    "/scratch/lhw150030/mintsData/modelsMats/UTDNodes/001e06305a0a/daily_Mdl_001e06305a0a_pm1_palas.csv"

    "Creating Folder @: '/scratch/lhw150030/mintsData/modelsMats/UTDNodes/001e06305a0a/UTD_Ronn_All_RS_ONN_1_2021_03_31_12_19_07'"






trainingSaveNameDaily = 

    "/scratch/lhw150030/mintsData/trainingMats/UTDNodes/001e06305a0a/UTD_Ronn_All_RS_ONN_1_Daily_001e06305a0a_pm1_palas.mat"


trainingSaveName = 

    "/scratch/lhw150030/mintsData/trainingMats/UTDNodes/001e06305a0a/UTD_Ronn_All_RS_ONN_1_2021_03_31_12_19_07/UTD_Ronn_All_RS_ONN_1_2021_03_31_12_19_07_001e06305a0a_pm1_palas.mat"

    "Creating Folder @: '/scratch/lhw150030/mintsData/trainingMats/UTDNodes/001e06305a0a/UTD_Ronn_All_RS_ONN_1_2021_03_31_12_19_07'"



    "Gainin Data set for Node 001e06305a0a with target output pm2_5_palas @ 31-Mar-2021 15:36:06"

Going through column 1 and choosing a representative sample. Choosing 750 bins for this column. With 3 members per bin.
Going through column 2 and choosing a representative sample. Choosing 750 bins for this column. With 3 members per bin.
Going through column 3 and choosing a representative sample. Choosing 340 bins for this column. With 3 members per bin.
Going through column 4 and choosing a representative sample. Choosing 77 bins for this column. With 3 members per bin.
Going through column 5 and choosing a representative sample. Choosing 1 bins for this column. With 3 members per bin.
Going through column 6 and choosing a representative sample. Choosing 750 bins for this column. With 3 members per bin.
Going through column 7 and choosing a representative sample. Choosing 750 bins for this column. With 3 members per bin.
Going through column 8 and choosing a representative sample. Choosing 750 bins for this column. With 3 members per bin.
Going through column 9 and choosing a representative sample. Choosing 750 bins for this column. With 3 members per bin.
Going through column 10 and choosing a representative sample. Choosing 750 bins for this column. With 3 members per bin.
Going through column 11 and choosing a representative sample. Choosing 750 bins for this column. With 3 members per bin.
Going through column 12 and choosing a representative sample. Choosing 750 bins for this column. With 3 members per bin.
Going through column 13 and choosing a representative sample. Choosing 750 bins for this column. With 3 members per bin.
Going through column 14 and choosing a representative sample. Choosing 598 bins for this column. With 3 members per bin.
Going through column 15 and choosing a representative sample. Choosing 285 bins for this column. With 3 members per bin.
Going through column 16 and choosing a representative sample. Choosing 177 bins for this column. With 3 members per bin.
Going through column 17 and choosing a representative sample. Choosing 64 bins for this column. With 3 members per bin.
Going through column 18 and choosing a representative sample. Choosing 26 bins for this column. With 3 members per bin.
Going through column 19 and choosing a representative sample. Choosing 11 bins for this column. With 3 members per bin.
Going through column 20 and choosing a representative sample. Choosing 6 bins for this column. With 3 members per bin.
Going through column 21 and choosing a representative sample. Choosing 4 bins for this column. With 3 members per bin.
Going through column 22 and choosing a representative sample. Choosing 3 bins for this column. With 3 members per bin.
Going through column 23 and choosing a representative sample. Choosing 2 bins for this column. With 3 members per bin.
Going through column 24 and choosing a representative sample. Choosing 2 bins for this column. With 3 members per bin.
Going through column 25 and choosing a representative sample. Choosing 2 bins for this column. With 3 members per bin.
Going through column 26 and choosing a representative sample. Choosing 2 bins for this column. With 3 members per bin.
Going through column 27 and choosing a representative sample. Choosing 2 bins for this column. With 3 members per bin.
Going through column 28 and choosing a representative sample. Choosing 183 bins for this column. With 3 members per bin.
Going through column 29 and choosing a representative sample. Choosing 267 bins for this column. With 3 members per bin.
Going through column 30 and choosing a representative sample. Choosing 245 bins for this column. With 3 members per bin.
Going through column 31 and choosing a representative sample. Choosing 137 bins for this column. With 3 members per bin.
Going through column 32 and choosing a representative sample. Choosing 750 bins for this column. With 3 members per bin.
Going through column 33 and choosing a representative sample. Choosing 750 bins for this column. With 3 members per bin.
Going through column 34 and choosing a representative sample. Choosing 750 bins for this column. With 3 members per bin.
Going through column 35 and choosing a representative sample. Choosing 750 bins for this column. With 3 members per bin.
Going through column 36 and choosing a representative sample. Choosing 750 bins for this column. With 3 members per bin.
Going through column 37 and choosing a representative sample. Choosing 156 bins for this column. With 3 members per bin.
Going through column 38 and choosing a representative sample. Choosing 322 bins for this column. With 3 members per bin.
Going through column 39 and choosing a representative sample. Choosing 1500 bins for this column. With 6 members per bin.

ans =

       18346


ans =

        3238

    "Running Regression"

Copying objective function to workers...
Done copying objective function to workers.
|===============================================================================================================|
| Iter | Active  | Eval   | Objective   | Objective   | BestSoFar   | BestSoFar   | hiddenLayerS-|           lr |
|      | workers | result |             | runtime     | (observed)  | (estim.)    | ize          |              |
|===============================================================================================================|
|    1 |      16 | Best   |      90.817 |      9.8953 |      90.817 |      90.817 |           84 |      0.30326 |
|    2 |       2 | Accept |      84.976 |      10.107 |      14.536 |       57.71 |           45 |     0.021807 |
|    3 |       2 | Accept |      43.426 |      10.141 |      14.536 |       57.71 |            8 |     0.082493 |
|    4 |       2 | Accept |      40.873 |      10.382 |      14.536 |       57.71 |           83 |    0.0024526 |
|    5 |       2 | Accept |      32.659 |      10.462 |      14.536 |       57.71 |           61 |     0.068195 |
|    6 |       2 | Accept |      28.393 |      10.476 |      14.536 |       57.71 |           67 |      0.28671 |
|    7 |       2 | Accept |      83.055 |      10.715 |      14.536 |       57.71 |           91 |      0.15832 |
|    8 |       2 | Accept |      23.127 |      10.644 |      14.536 |       57.71 |           59 |    0.0033495 |
|    9 |       2 | Accept |      123.79 |      10.581 |      14.536 |       57.71 |           41 |    0.0025377 |
|   10 |       2 | Accept |      20.873 |      10.464 |      14.536 |       57.71 |            5 |    0.0023508 |
|   11 |       2 | Accept |      53.428 |      10.686 |      14.536 |       57.71 |           53 |      0.17881 |
|   12 |       2 | Best   |      14.536 |      10.868 |      14.536 |       57.71 |           99 |    0.0012224 |
|   13 |       2 | Accept |      92.163 |      10.804 |      14.536 |       57.71 |           15 |    0.0024251 |
|   14 |       2 | Accept |      20.717 |       10.89 |      14.536 |       57.71 |           49 |      0.87931 |
|   15 |       2 | Accept |      27.939 |      10.889 |      14.536 |       57.71 |           41 |    0.0023688 |
|   16 |       2 | Accept |      142.59 |      10.056 |      14.536 |       57.71 |           80 |    0.0021135 |
|   17 |      16 | Accept |      51.583 |     0.50565 |      14.536 |       57.35 |           39 |    0.0032584 |
|   18 |       2 | Best   |      13.477 |     0.17236 |      13.477 |      55.104 |            5 |       0.9951 |
|   19 |       2 | Accept |      18.446 |     0.26842 |      13.477 |      55.104 |            8 |    0.0028332 |
|   20 |       2 | Accept |      36.066 |     0.46976 |      13.477 |      55.104 |           81 |        0.211 |
|===============================================================================================================|
| Iter | Active  | Eval   | Objective   | Objective   | BestSoFar   | BestSoFar   | hiddenLayerS-|           lr |
|      | workers | result |             | runtime     | (observed)  | (estim.)    | ize          |              |
|===============================================================================================================|
|   21 |       2 | Accept |      18.462 |     0.30286 |      13.477 |      55.104 |           17 |      0.28028 |
|   22 |       2 | Accept |      44.137 |     0.45022 |      13.477 |      55.104 |           62 |    0.0051689 |
|   23 |       2 | Accept |      130.73 |     0.50384 |      13.477 |      55.104 |           96 |       0.1687 |
|   24 |       2 | Accept |      16.548 |     0.44167 |      13.477 |      55.104 |           60 |      0.58028 |
|   25 |       2 | Accept |      173.46 |     0.47842 |      13.477 |      55.104 |           72 |    0.0044563 |
|   26 |       2 | Accept |      85.144 |     0.42064 |      13.477 |      55.104 |           50 |     0.056489 |
|   27 |       2 | Accept |      31.843 |     0.27169 |      13.477 |      55.104 |           10 |      0.74344 |
|   28 |       2 | Accept |      67.716 |     0.45811 |      13.477 |      55.104 |           61 |     0.009484 |
|   29 |       2 | Accept |      36.816 |      0.4355 |      13.477 |      55.104 |           68 |    0.0095923 |
|   30 |       2 | Accept |      26.752 |     0.54046 |      13.477 |      55.104 |           83 |    0.0011431 |
|   31 |       2 | Accept |       74.06 |     0.54084 |      13.477 |      55.104 |           94 |      0.26005 |
|   32 |       2 | Accept |      14.764 |     0.27663 |      13.477 |      55.104 |           14 |    0.0016121 |

__________________________________________________________
Optimization completed.
MaxObjectiveEvaluations of 30 reached.
Total function evaluations: 32
Total elapsed time: 16.1157 seconds.
Total objective function evaluation time: 174.5968

Best observed feasible point:
    hiddenLayerSize      lr  
    _______________    ______

           5           0.9951

Observed objective function value = 13.4775
Estimated objective function value = 55.1044
Function evaluation time = 0.17236

Best estimated feasible point (according to models):
    hiddenLayerSize      lr  
    _______________    ______

           5           0.9951

Estimated objective function value = 55.1044
Estimated function evaluation time = 2.0252


T =

  1x2 table

    hiddenLayerSize      lr  
    _______________    ______

           5           0.9951

Elapsed time is 45.879266 seconds.



combinedFigDaily = 

    "/scratch/lhw150030/mintsData/visualAnalysis/UTDNodes/001e06305a0a/UTD_Ronn_All_RS_ONN_1_Daily_001e06305a0a_pm2_5_palas.png"


combinedFigTT = 

    "/scratch/lhw150030/mintsData/visualAnalysis/UTDNodes/001e06305a0a/UTD_Ronn_All_RS_ONN_1_2021_03_31_12_19_07/UTD_Ronn_All_RS_ONN_1_2021_03_31_12_19_07_001e06305a0a_pm2_5_palas_TT.png"


plot3 = 

  Line with properties:

              Color: [0.9290 0.6940 0.1250]
          LineStyle: '-'
          LineWidth: 0.5000
             Marker: 'none'
         MarkerSize: 6
    MarkerFaceColor: 'none'
              XData: [1x18346 double]
              YData: [1x18346 double]
              ZData: [1x0 double]

  Use GET to show all properties


plot4 = 

  Line (fitted curve) with properties:

              Color: [1 0 0]
          LineStyle: '-'
          LineWidth: 0.5000
             Marker: 'none'
         MarkerSize: 6
    MarkerFaceColor: 'none'
              XData: [1x1001 double]
              YData: [1x1001 double]
              ZData: [1x0 double]

  Use GET to show all properties


plot6 = 

  Line (fitted curve) with properties:

              Color: [1 0 0]
          LineStyle: '-'
          LineWidth: 0.5000
             Marker: 'none'
         MarkerSize: 6
    MarkerFaceColor: 'none'
              XData: [1x1001 double]
              YData: [1x1001 double]
              ZData: [1x0 double]

  Use GET to show all properties


plot3 = 

  Line with properties:

              Color: [0.9290 0.6940 0.1250]
          LineStyle: '-'
          LineWidth: 0.5000
             Marker: 'none'
         MarkerSize: 6
    MarkerFaceColor: 'none'
              XData: [1x18346 double]
              YData: [1x18346 double]
              ZData: [1x0 double]

  Use GET to show all properties


plot4 = 

  Line (fitted curve) with properties:

              Color: [1 0 0]
          LineStyle: '-'
          LineWidth: 0.5000
             Marker: 'none'
         MarkerSize: 6
    MarkerFaceColor: 'none'
              XData: [1x1001 double]
              YData: [1x1001 double]
              ZData: [1x0 double]

  Use GET to show all properties


plot6 = 

  Line (fitted curve) with properties:

              Color: [1 0 0]
          LineStyle: '-'
          LineWidth: 0.5000
             Marker: 'none'
         MarkerSize: 6
    MarkerFaceColor: 'none'
              XData: [1x1001 double]
              YData: [1x1001 double]
              ZData: [1x0 double]

  Use GET to show all properties

    "Saving Model Files for Node: 001e06305a0a & target :PM_{2.5}"


modelsSaveNameDaily = 

    "/scratch/lhw150030/mintsData/modelsMats/UTDNodes/001e06305a0a/daily_Mdl_001e06305a0a_pm2_5_palas.mat"


modelsSaveName = 

    "/scratch/lhw150030/mintsData/modelsMats/UTDNodes/001e06305a0a/UTD_Ronn_All_RS_ONN_1_2021_03_31_12_19_07/UTD_Ronn_All_RS_ONN_1_2021_03_31_12_19_07_001e06305a0a_pm2_5_palas.mat"


resultsSaveName = 

    "/scratch/lhw150030/mintsData/modelsMats/UTDNodes/001e06305a0a/daily_Mdl_001e06305a0a_pm2_5_palas.csv"






trainingSaveNameDaily = 

    "/scratch/lhw150030/mintsData/trainingMats/UTDNodes/001e06305a0a/UTD_Ronn_All_RS_ONN_1_Daily_001e06305a0a_pm2_5_palas.mat"


trainingSaveName = 

    "/scratch/lhw150030/mintsData/trainingMats/UTDNodes/001e06305a0a/UTD_Ronn_All_RS_ONN_1_2021_03_31_12_19_07/UTD_Ronn_All_RS_ONN_1_2021_03_31_12_19_07_001e06305a0a_pm2_5_palas.mat"



    "Gainin Data set for Node 001e06305a0a with target output pm4_palas @ 31-Mar-2021 15:38:05"

Going through column 1 and choosing a representative sample. Choosing 750 bins for this column. With 3 members per bin.
Going through column 2 and choosing a representative sample. Choosing 750 bins for this column. With 3 members per bin.
Going through column 3 and choosing a representative sample. Choosing 340 bins for this column. With 3 members per bin.
Going through column 4 and choosing a representative sample. Choosing 77 bins for this column. With 3 members per bin.
Going through column 5 and choosing a representative sample. Choosing 1 bins for this column. With 3 members per bin.
Going through column 6 and choosing a representative sample. Choosing 750 bins for this column. With 3 members per bin.
Going through column 7 and choosing a representative sample. Choosing 750 bins for this column. With 3 members per bin.
Going through column 8 and choosing a representative sample. Choosing 750 bins for this column. With 3 members per bin.
Going through column 9 and choosing a representative sample. Choosing 750 bins for this column. With 3 members per bin.
Going through column 10 and choosing a representative sample. Choosing 750 bins for this column. With 3 members per bin.
Going through column 11 and choosing a representative sample. Choosing 750 bins for this column. With 3 members per bin.
Going through column 12 and choosing a representative sample. Choosing 750 bins for this column. With 3 members per bin.
Going through column 13 and choosing a representative sample. Choosing 750 bins for this column. With 3 members per bin.
Going through column 14 and choosing a representative sample. Choosing 598 bins for this column. With 3 members per bin.
Going through column 15 and choosing a representative sample. Choosing 285 bins for this column. With 3 members per bin.
Going through column 16 and choosing a representative sample. Choosing 177 bins for this column. With 3 members per bin.
Going through column 17 and choosing a representative sample. Choosing 64 bins for this column. With 3 members per bin.
Going through column 18 and choosing a representative sample. Choosing 26 bins for this column. With 3 members per bin.
Going through column 19 and choosing a representative sample. Choosing 11 bins for this column. With 3 members per bin.
Going through column 20 and choosing a representative sample. Choosing 6 bins for this column. With 3 members per bin.
Going through column 21 and choosing a representative sample. Choosing 4 bins for this column. With 3 members per bin.
Going through column 22 and choosing a representative sample. Choosing 3 bins for this column. With 3 members per bin.
Going through column 23 and choosing a representative sample. Choosing 2 bins for this column. With 3 members per bin.
Going through column 24 and choosing a representative sample. Choosing 2 bins for this column. With 3 members per bin.
Going through column 25 and choosing a representative sample. Choosing 2 bins for this column. With 3 members per bin.
Going through column 26 and choosing a representative sample. Choosing 2 bins for this column. With 3 members per bin.
Going through column 27 and choosing a representative sample. Choosing 2 bins for this column. With 3 members per bin.
Going through column 28 and choosing a representative sample. Choosing 183 bins for this column. With 3 members per bin.
Going through column 29 and choosing a representative sample. Choosing 267 bins for this column. With 3 members per bin.
Going through column 30 and choosing a representative sample. Choosing 245 bins for this column. With 3 members per bin.
Going through column 31 and choosing a representative sample. Choosing 137 bins for this column. With 3 members per bin.
Going through column 32 and choosing a representative sample. Choosing 750 bins for this column. With 3 members per bin.
Going through column 33 and choosing a representative sample. Choosing 750 bins for this column. With 3 members per bin.
Going through column 34 and choosing a representative sample. Choosing 750 bins for this column. With 3 members per bin.
Going through column 35 and choosing a representative sample. Choosing 750 bins for this column. With 3 members per bin.
Going through column 36 and choosing a representative sample. Choosing 750 bins for this column. With 3 members per bin.
Going through column 37 and choosing a representative sample. Choosing 156 bins for this column. With 3 members per bin.
Going through column 38 and choosing a representative sample. Choosing 322 bins for this column. With 3 members per bin.
Going through column 39 and choosing a representative sample. Choosing 1500 bins for this column. With 6 members per bin.

ans =

       17746


ans =

        3132

    "Running Regression"

Copying objective function to workers...
Done copying objective function to workers.
|===============================================================================================================|
| Iter | Active  | Eval   | Objective   | Objective   | BestSoFar   | BestSoFar   | hiddenLayerS-|           lr |
|      | workers | result |             | runtime     | (observed)  | (estim.)    | ize          |              |
|===============================================================================================================|
|    1 |      16 | Best   |      61.743 |     0.33211 |      61.743 |      61.743 |           34 |     0.042926 |
|    2 |       1 | Accept |      140.96 |     0.77198 |      27.786 |      113.78 |           39 |      0.98907 |
|    3 |       1 | Accept |      220.85 |     0.76184 |      27.786 |      113.78 |           70 |     0.067829 |
|    4 |       1 | Accept |      129.53 |     0.90052 |      27.786 |      113.78 |           29 |    0.0017154 |
|    5 |       1 | Accept |      80.908 |     0.88194 |      27.786 |      113.78 |           14 |      0.21945 |
|    6 |       1 | Accept |         118 |     0.69147 |      27.786 |      113.78 |           44 |    0.0026698 |
|    7 |       1 | Accept |      156.18 |      1.2514 |      27.786 |      113.78 |           84 |    0.0028492 |
|    8 |       1 | Accept |      216.38 |      1.0708 |      27.786 |      113.78 |           48 |     0.042462 |
|    9 |       1 | Accept |      28.393 |      1.1952 |      27.786 |      113.78 |           40 |    0.0018134 |
|   10 |       1 | Accept |      120.83 |      1.0967 |      27.786 |      113.78 |           18 |      0.23485 |
|   11 |       1 | Best   |      27.786 |      1.5525 |      27.786 |      113.78 |           52 |      0.61031 |
|   12 |       1 | Accept |      190.12 |      1.4365 |      27.786 |      113.78 |           77 |     0.091908 |
|   13 |       1 | Accept |      70.443 |      1.3027 |      27.786 |      113.78 |           76 |    0.0020311 |
|   14 |       1 | Accept |      82.441 |      1.2435 |      27.786 |      113.78 |           23 |      0.39064 |
|   15 |       1 | Accept |      61.476 |       1.552 |      27.786 |      113.78 |           56 |     0.021174 |
|   16 |       1 | Accept |      115.08 |       1.072 |      27.786 |      113.78 |           65 |       0.1963 |
|   17 |       1 | Accept |      113.11 |     0.38725 |      27.786 |      113.78 |           89 |    0.0019847 |
|   18 |       8 | Accept |       78.79 |     0.18557 |      27.786 |      113.67 |            5 |     0.016504 |
|   19 |       8 | Accept |        69.6 |     0.19146 |      27.786 |      113.67 |           12 |      0.66652 |
|   20 |       8 | Accept |      226.96 |     0.23321 |      27.786 |      113.67 |           21 |      0.14906 |
|===============================================================================================================|
| Iter | Active  | Eval   | Objective   | Objective   | BestSoFar   | BestSoFar   | hiddenLayerS-|           lr |
|      | workers | result |             | runtime     | (observed)  | (estim.)    | ize          |              |
|===============================================================================================================|
|   21 |       8 | Accept |      178.35 |     0.27139 |      27.786 |      113.67 |           30 |     0.032961 |
|   22 |       8 | Accept |      37.262 |     0.29057 |      27.786 |      113.67 |           34 |     0.041434 |
|   23 |       8 | Accept |      53.175 |     0.20552 |      27.786 |      113.67 |            7 |      0.74733 |
|   24 |       8 | Accept |      135.96 |     0.23999 |      27.786 |      113.67 |           23 |    0.0031737 |
|   25 |       8 | Accept |      123.31 |     0.22674 |      27.786 |      113.67 |           20 |     0.050416 |
|   26 |       8 | Accept |      117.91 |     0.36959 |      27.786 |      113.67 |           59 |    0.0052278 |
|   27 |      10 | Accept |      143.37 |     0.48244 |      27.786 |      117.17 |           99 |    0.0030295 |
|   28 |      10 | Accept |      110.41 |     0.42665 |      27.786 |      117.17 |           74 |      0.04478 |
|   29 |      10 | Accept |      85.648 |      0.4852 |      27.786 |      117.17 |           85 |    0.0047968 |
|   30 |      10 | Accept |      48.715 |     0.38256 |      27.786 |      117.17 |           65 |      0.36106 |
|   31 |      10 | Accept |      42.532 |     0.41675 |      27.786 |      117.17 |           73 |     0.020022 |
|   32 |      10 | Accept |      347.92 |     0.47235 |      27.786 |      117.17 |           91 |     0.015447 |
|   33 |      10 | Accept |      132.37 |     0.66553 |      27.786 |      117.17 |           74 |     0.015736 |

__________________________________________________________
Optimization completed.
MaxObjectiveEvaluations of 30 reached.
Total function evaluations: 33
Total elapsed time: 6.8585 seconds.
Total objective function evaluation time: 23.046

Best observed feasible point:
    hiddenLayerSize      lr   
    _______________    _______

          52           0.61031

Observed objective function value = 27.7863
Estimated objective function value = 117.1673
Function evaluation time = 1.5525

Best estimated feasible point (according to models):
    hiddenLayerSize      lr   
    _______________    _______

           7           0.74733

Estimated objective function value = 117.1672
Estimated function evaluation time = 0.39311


T =

  1x2 table

    hiddenLayerSize      lr   
    _______________    _______

           7           0.74733

Elapsed time is 39.539491 seconds.



combinedFigDaily = 

    "/scratch/lhw150030/mintsData/visualAnalysis/UTDNodes/001e06305a0a/UTD_Ronn_All_RS_ONN_1_Daily_001e06305a0a_pm4_palas.png"


combinedFigTT = 

    "/scratch/lhw150030/mintsData/visualAnalysis/UTDNodes/001e06305a0a/UTD_Ronn_All_RS_ONN_1_2021_03_31_12_19_07/UTD_Ronn_All_RS_ONN_1_2021_03_31_12_19_07_001e06305a0a_pm4_palas_TT.png"


plot3 = 

  Line with properties:

              Color: [0.9290 0.6940 0.1250]
          LineStyle: '-'
          LineWidth: 0.5000
             Marker: 'none'
         MarkerSize: 6
    MarkerFaceColor: 'none'
              XData: [1x17746 double]
              YData: [1x17746 double]
              ZData: [1x0 double]

  Use GET to show all properties


plot4 = 

  Line (fitted curve) with properties:

              Color: [1 0 0]
          LineStyle: '-'
          LineWidth: 0.5000
             Marker: 'none'
         MarkerSize: 6
    MarkerFaceColor: 'none'
              XData: [1x1001 double]
              YData: [1x1001 double]
              ZData: [1x0 double]

  Use GET to show all properties


plot6 = 

  Line (fitted curve) with properties:

              Color: [1 0 0]
          LineStyle: '-'
          LineWidth: 0.5000
             Marker: 'none'
         MarkerSize: 6
    MarkerFaceColor: 'none'
              XData: [1x1001 double]
              YData: [1x1001 double]
              ZData: [1x0 double]

  Use GET to show all properties


plot3 = 

  Line with properties:

              Color: [0.9290 0.6940 0.1250]
          LineStyle: '-'
          LineWidth: 0.5000
             Marker: 'none'
         MarkerSize: 6
    MarkerFaceColor: 'none'
              XData: [1x17746 double]
              YData: [1x17746 double]
              ZData: [1x0 double]

  Use GET to show all properties


plot4 = 

  Line (fitted curve) with properties:

              Color: [1 0 0]
          LineStyle: '-'
          LineWidth: 0.5000
             Marker: 'none'
         MarkerSize: 6
    MarkerFaceColor: 'none'
              XData: [1x1001 double]
              YData: [1x1001 double]
              ZData: [1x0 double]

  Use GET to show all properties


plot6 = 

  Line (fitted curve) with properties:

              Color: [1 0 0]
          LineStyle: '-'
          LineWidth: 0.5000
             Marker: 'none'
         MarkerSize: 6
    MarkerFaceColor: 'none'
              XData: [1x1001 double]
              YData: [1x1001 double]
              ZData: [1x0 double]

  Use GET to show all properties

    "Saving Model Files for Node: 001e06305a0a & target :PM_{4}"


modelsSaveNameDaily = 

    "/scratch/lhw150030/mintsData/modelsMats/UTDNodes/001e06305a0a/daily_Mdl_001e06305a0a_pm4_palas.mat"


modelsSaveName = 

    "/scratch/lhw150030/mintsData/modelsMats/UTDNodes/001e06305a0a/UTD_Ronn_All_RS_ONN_1_2021_03_31_12_19_07/UTD_Ronn_All_RS_ONN_1_2021_03_31_12_19_07_001e06305a0a_pm4_palas.mat"


resultsSaveName = 

    "/scratch/lhw150030/mintsData/modelsMats/UTDNodes/001e06305a0a/daily_Mdl_001e06305a0a_pm4_palas.csv"






trainingSaveNameDaily = 

    "/scratch/lhw150030/mintsData/trainingMats/UTDNodes/001e06305a0a/UTD_Ronn_All_RS_ONN_1_Daily_001e06305a0a_pm4_palas.mat"


trainingSaveName = 

    "/scratch/lhw150030/mintsData/trainingMats/UTDNodes/001e06305a0a/UTD_Ronn_All_RS_ONN_1_2021_03_31_12_19_07/UTD_Ronn_All_RS_ONN_1_2021_03_31_12_19_07_001e06305a0a_pm4_palas.mat"



    "Gainin Data set for Node 001e06305a0a with target output pm10_palas @ 31-Mar-2021 15:39:48"

Going through column 1 and choosing a representative sample. Choosing 750 bins for this column. With 3 members per bin.
Going through column 2 and choosing a representative sample. Choosing 750 bins for this column. With 3 members per bin.
Going through column 3 and choosing a representative sample. Choosing 340 bins for this column. With 3 members per bin.
Going through column 4 and choosing a representative sample. Choosing 77 bins for this column. With 3 members per bin.
Going through column 5 and choosing a representative sample. Choosing 1 bins for this column. With 3 members per bin.
Going through column 6 and choosing a representative sample. Choosing 750 bins for this column. With 3 members per bin.
Going through column 7 and choosing a representative sample. Choosing 750 bins for this column. With 3 members per bin.
Going through column 8 and choosing a representative sample. Choosing 750 bins for this column. With 3 members per bin.
Going through column 9 and choosing a representative sample. Choosing 750 bins for this column. With 3 members per bin.
Going through column 10 and choosing a representative sample. Choosing 750 bins for this column. With 3 members per bin.
Going through column 11 and choosing a representative sample. Choosing 750 bins for this column. With 3 members per bin.
Going through column 12 and choosing a representative sample. Choosing 750 bins for this column. With 3 members per bin.
Going through column 13 and choosing a representative sample. Choosing 750 bins for this column. With 3 members per bin.
Going through column 14 and choosing a representative sample. Choosing 598 bins for this column. With 3 members per bin.
Going through column 15 and choosing a representative sample. Choosing 285 bins for this column. With 3 members per bin.
Going through column 16 and choosing a representative sample. Choosing 177 bins for this column. With 3 members per bin.
Going through column 17 and choosing a representative sample. Choosing 64 bins for this column. With 3 members per bin.
Going through column 18 and choosing a representative sample. Choosing 26 bins for this column. With 3 members per bin.
Going through column 19 and choosing a representative sample. Choosing 11 bins for this column. With 3 members per bin.
Going through column 20 and choosing a representative sample. Choosing 6 bins for this column. With 3 members per bin.
Going through column 21 and choosing a representative sample. Choosing 4 bins for this column. With 3 members per bin.
Going through column 22 and choosing a representative sample. Choosing 3 bins for this column. With 3 members per bin.
Going through column 23 and choosing a representative sample. Choosing 2 bins for this column. With 3 members per bin.
Going through column 24 and choosing a representative sample. Choosing 2 bins for this column. With 3 members per bin.
Going through column 25 and choosing a representative sample. Choosing 2 bins for this column. With 3 members per bin.
Going through column 26 and choosing a representative sample. Choosing 2 bins for this column. With 3 members per bin.
Going through column 27 and choosing a representative sample. Choosing 2 bins for this column. With 3 members per bin.
Going through column 28 and choosing a representative sample. Choosing 183 bins for this column. With 3 members per bin.
Going through column 29 and choosing a representative sample. Choosing 267 bins for this column. With 3 members per bin.
Going through column 30 and choosing a representative sample. Choosing 245 bins for this column. With 3 members per bin.
Going through column 31 and choosing a representative sample. Choosing 137 bins for this column. With 3 members per bin.
Going through column 32 and choosing a representative sample. Choosing 750 bins for this column. With 3 members per bin.
Going through column 33 and choosing a representative sample. Choosing 750 bins for this column. With 3 members per bin.
Going through column 34 and choosing a representative sample. Choosing 750 bins for this column. With 3 members per bin.
Going through column 35 and choosing a representative sample. Choosing 750 bins for this column. With 3 members per bin.
Going through column 36 and choosing a representative sample. Choosing 750 bins for this column. With 3 members per bin.
Going through column 37 and choosing a representative sample. Choosing 156 bins for this column. With 3 members per bin.
Going through column 38 and choosing a representative sample. Choosing 322 bins for this column. With 3 members per bin.
Going through column 39 and choosing a representative sample. Choosing 1500 bins for this column. With 6 members per bin.

ans =

       17072


ans =

        3013

    "Running Regression"

Copying objective function to workers...
Done copying objective function to workers.
|===============================================================================================================|
| Iter | Active  | Eval   | Objective   | Objective   | BestSoFar   | BestSoFar   | hiddenLayerS-|           lr |
|      | workers | result |             | runtime     | (observed)  | (estim.)    | ize          |              |
|===============================================================================================================|
|    1 |      16 | Best   |      69.735 |      2.6945 |      69.735 |      69.735 |           43 |      0.68301 |
|    2 |       2 | Accept |      84.314 |      2.4103 |      55.284 |      104.97 |           39 |      0.57183 |
|    3 |       2 | Accept |      55.583 |      2.4351 |      55.284 |      104.97 |            7 |     0.017352 |
|    4 |       2 | Best   |      55.284 |      2.8109 |      55.284 |      104.97 |           96 |      0.30631 |
|    5 |       2 | Accept |      246.69 |      2.8071 |      55.284 |      104.97 |           83 |    0.0026437 |
|    6 |       2 | Accept |      101.42 |      2.7432 |      55.284 |      104.97 |           32 |    0.0013956 |
|    7 |       2 | Accept |      502.06 |      2.8753 |      55.284 |      104.97 |           73 |      0.02531 |
|    8 |       2 | Accept |      372.54 |      2.7047 |      55.284 |      104.97 |           82 |      0.34219 |
|    9 |       2 | Accept |      175.81 |      3.0093 |      55.284 |      104.97 |           92 |     0.014495 |
|   10 |       2 | Accept |      288.54 |      3.0481 |      55.284 |      104.97 |           77 |    0.0037145 |
|   11 |       2 | Accept |      91.302 |      3.0751 |      55.284 |      104.97 |           47 |    0.0052486 |
|   12 |       2 | Accept |      112.95 |      2.4638 |      55.284 |      104.97 |           45 |     0.084383 |
|   13 |       2 | Accept |      152.27 |      2.9433 |      55.284 |      104.97 |           36 |     0.073202 |
|   14 |       2 | Accept |      73.955 |       2.568 |      55.284 |      104.97 |           82 |    0.0012021 |
|   15 |       2 | Accept |       160.4 |       3.242 |      55.284 |      104.97 |           91 |      0.32654 |
|   16 |       2 | Accept |      95.352 |       3.356 |      55.284 |      104.97 |           81 |     0.011511 |
|   17 |      16 | Accept |      66.717 |     0.15034 |      55.284 |      101.93 |           11 |    0.0037561 |
|   18 |       2 | Accept |      109.52 |     0.16483 |      55.284 |      80.553 |            5 |      0.28905 |
|   19 |       2 | Accept |      383.56 |     0.37557 |      55.284 |      80.553 |           77 |    0.0031823 |
|   20 |       2 | Accept |      307.49 |     0.29968 |      55.284 |      80.553 |           36 |    0.0013307 |
|===============================================================================================================|
| Iter | Active  | Eval   | Objective   | Objective   | BestSoFar   | BestSoFar   | hiddenLayerS-|           lr |
|      | workers | result |             | runtime     | (observed)  | (estim.)    | ize          |              |
|===============================================================================================================|
|   21 |       2 | Accept |      55.884 |     0.35043 |      55.284 |      80.553 |           63 |      0.15292 |
|   22 |       2 | Accept |      193.34 |     0.34134 |      55.284 |      80.553 |           63 |    0.0010221 |
|   23 |       2 | Accept |      145.27 |     0.24779 |      55.284 |      80.553 |           23 |      0.41027 |
|   24 |       2 | Accept |      183.24 |     0.17304 |      55.284 |      80.553 |            6 |      0.12026 |
|   25 |       2 | Accept |      214.78 |     0.30531 |      55.284 |      80.553 |           51 |      0.05437 |
|   26 |       2 | Accept |      235.63 |     0.41405 |      55.284 |      80.553 |           92 |     0.010898 |
|   27 |       2 | Accept |      78.381 |     0.34121 |      55.284 |      80.553 |           70 |     0.039087 |
|   28 |       2 | Accept |      202.97 |     0.22412 |      55.284 |      80.553 |           26 |       0.6159 |
|   29 |       2 | Accept |      138.72 |     0.45378 |      55.284 |      80.553 |           94 |      0.77505 |
|   30 |       2 | Accept |      163.55 |     0.37233 |      55.284 |      80.553 |           62 |      0.18066 |
|   31 |       2 | Accept |      213.73 |      0.4549 |      55.284 |      80.553 |           94 |    0.0014069 |
|   32 |       2 | Accept |      84.466 |     0.31683 |      55.284 |      80.553 |           36 |     0.042061 |

__________________________________________________________
Optimization completed.
MaxObjectiveEvaluations of 30 reached.
Total function evaluations: 32
Total elapsed time: 8.0365 seconds.
Total objective function evaluation time: 50.1722

Best observed feasible point:
    hiddenLayerSize      lr   
    _______________    _______

          96           0.30631

Observed objective function value = 55.2839
Estimated objective function value = 80.5533
Function evaluation time = 2.8109

Best estimated feasible point (according to models):
    hiddenLayerSize      lr   
    _______________    _______

          96           0.30631

Estimated objective function value = 80.5533
Estimated function evaluation time = 0.91133


T =

  1x2 table

    hiddenLayerSize      lr   
    _______________    _______

          96           0.30631

Elapsed time is 1471.228502 seconds.



combinedFigDaily = 

    "/scratch/lhw150030/mintsData/visualAnalysis/UTDNodes/001e06305a0a/UTD_Ronn_All_RS_ONN_1_Daily_001e06305a0a_pm10_palas.png"


combinedFigTT = 

    "/scratch/lhw150030/mintsData/visualAnalysis/UTDNodes/001e06305a0a/UTD_Ronn_All_RS_ONN_1_2021_03_31_12_19_07/UTD_Ronn_All_RS_ONN_1_2021_03_31_12_19_07_001e06305a0a_pm10_palas_TT.png"


plot3 = 

  Line with properties:

              Color: [0.9290 0.6940 0.1250]
          LineStyle: '-'
          LineWidth: 0.5000
             Marker: 'none'
         MarkerSize: 6
    MarkerFaceColor: 'none'
              XData: [1x17072 double]
              YData: [1x17072 double]
              ZData: [1x0 double]

  Use GET to show all properties


plot4 = 

  Line (fitted curve) with properties:

              Color: [1 0 0]
          LineStyle: '-'
          LineWidth: 0.5000
             Marker: 'none'
         MarkerSize: 6
    MarkerFaceColor: 'none'
              XData: [1x1001 double]
              YData: [1x1001 double]
              ZData: [1x0 double]

  Use GET to show all properties


plot6 = 

  Line (fitted curve) with properties:

              Color: [1 0 0]
          LineStyle: '-'
          LineWidth: 0.5000
             Marker: 'none'
         MarkerSize: 6
    MarkerFaceColor: 'none'
              XData: [1x1001 double]
              YData: [1x1001 double]
              ZData: [1x0 double]

  Use GET to show all properties


plot3 = 

  Line with properties:

              Color: [0.9290 0.6940 0.1250]
          LineStyle: '-'
          LineWidth: 0.5000
             Marker: 'none'
         MarkerSize: 6
    MarkerFaceColor: 'none'
              XData: [1x17072 double]
              YData: [1x17072 double]
              ZData: [1x0 double]

  Use GET to show all properties


plot4 = 

  Line (fitted curve) with properties:

              Color: [1 0 0]
          LineStyle: '-'
          LineWidth: 0.5000
             Marker: 'none'
         MarkerSize: 6
    MarkerFaceColor: 'none'
              XData: [1x1001 double]
              YData: [1x1001 double]
              ZData: [1x0 double]

  Use GET to show all properties


plot6 = 

  Line (fitted curve) with properties:

              Color: [1 0 0]
          LineStyle: '-'
          LineWidth: 0.5000
             Marker: 'none'
         MarkerSize: 6
    MarkerFaceColor: 'none'
              XData: [1x1001 double]
              YData: [1x1001 double]
              ZData: [1x0 double]

  Use GET to show all properties

    "Saving Model Files for Node: 001e06305a0a & target :PM_{10}"


modelsSaveNameDaily = 

    "/scratch/lhw150030/mintsData/modelsMats/UTDNodes/001e06305a0a/daily_Mdl_001e06305a0a_pm10_palas.mat"


modelsSaveName = 

    "/scratch/lhw150030/mintsData/modelsMats/UTDNodes/001e06305a0a/UTD_Ronn_All_RS_ONN_1_2021_03_31_12_19_07/UTD_Ronn_All_RS_ONN_1_2021_03_31_12_19_07_001e06305a0a_pm10_palas.mat"


resultsSaveName = 

    "/scratch/lhw150030/mintsData/modelsMats/UTDNodes/001e06305a0a/daily_Mdl_001e06305a0a_pm10_palas.csv"






trainingSaveNameDaily = 

    "/scratch/lhw150030/mintsData/trainingMats/UTDNodes/001e06305a0a/UTD_Ronn_All_RS_ONN_1_Daily_001e06305a0a_pm10_palas.mat"


trainingSaveName = 

    "/scratch/lhw150030/mintsData/trainingMats/UTDNodes/001e06305a0a/UTD_Ronn_All_RS_ONN_1_2021_03_31_12_19_07/UTD_Ronn_All_RS_ONN_1_2021_03_31_12_19_07_001e06305a0a_pm10_palas.mat"



    "Gainin Data set for Node 001e06305a0a with target output pmTotal_palas @ 31-Mar-2021 16:05:27"

Going through column 1 and choosing a representative sample. Choosing 750 bins for this column. With 3 members per bin.
Going through column 2 and choosing a representative sample. Choosing 750 bins for this column. With 3 members per bin.
Going through column 3 and choosing a representative sample. Choosing 340 bins for this column. With 3 members per bin.
Going through column 4 and choosing a representative sample. Choosing 77 bins for this column. With 3 members per bin.
Going through column 5 and choosing a representative sample. Choosing 1 bins for this column. With 3 members per bin.
Going through column 6 and choosing a representative sample. Choosing 750 bins for this column. With 3 members per bin.
Going through column 7 and choosing a representative sample. Choosing 750 bins for this column. With 3 members per bin.
Going through column 8 and choosing a representative sample. Choosing 750 bins for this column. With 3 members per bin.
Going through column 9 and choosing a representative sample. Choosing 750 bins for this column. With 3 members per bin.
Going through column 10 and choosing a representative sample. Choosing 750 bins for this column. With 3 members per bin.
Going through column 11 and choosing a representative sample. Choosing 750 bins for this column. With 3 members per bin.
Going through column 12 and choosing a representative sample. Choosing 750 bins for this column. With 3 members per bin.
Going through column 13 and choosing a representative sample. Choosing 750 bins for this column. With 3 members per bin.
Going through column 14 and choosing a representative sample. Choosing 598 bins for this column. With 3 members per bin.
Going through column 15 and choosing a representative sample. Choosing 285 bins for this column. With 3 members per bin.
Going through column 16 and choosing a representative sample. Choosing 177 bins for this column. With 3 members per bin.
Going through column 17 and choosing a representative sample. Choosing 64 bins for this column. With 3 members per bin.
Going through column 18 and choosing a representative sample. Choosing 26 bins for this column. With 3 members per bin.
Going through column 19 and choosing a representative sample. Choosing 11 bins for this column. With 3 members per bin.
Going through column 20 and choosing a representative sample. Choosing 6 bins for this column. With 3 members per bin.
Going through column 21 and choosing a representative sample. Choosing 4 bins for this column. With 3 members per bin.
Going through column 22 and choosing a representative sample. Choosing 3 bins for this column. With 3 members per bin.
Going through column 23 and choosing a representative sample. Choosing 2 bins for this column. With 3 members per bin.
Going through column 24 and choosing a representative sample. Choosing 2 bins for this column. With 3 members per bin.
Going through column 25 and choosing a representative sample. Choosing 2 bins for this column. With 3 members per bin.
Going through column 26 and choosing a representative sample. Choosing 2 bins for this column. With 3 members per bin.
Going through column 27 and choosing a representative sample. Choosing 2 bins for this column. With 3 members per bin.
Going through column 28 and choosing a representative sample. Choosing 183 bins for this column. With 3 members per bin.
Going through column 29 and choosing a representative sample. Choosing 267 bins for this column. With 3 members per bin.
Going through column 30 and choosing a representative sample. Choosing 245 bins for this column. With 3 members per bin.
Going through column 31 and choosing a representative sample. Choosing 137 bins for this column. With 3 members per bin.
Going through column 32 and choosing a representative sample. Choosing 750 bins for this column. With 3 members per bin.
Going through column 33 and choosing a representative sample. Choosing 750 bins for this column. With 3 members per bin.
Going through column 34 and choosing a representative sample. Choosing 750 bins for this column. With 3 members per bin.
Going through column 35 and choosing a representative sample. Choosing 750 bins for this column. With 3 members per bin.
Going through column 36 and choosing a representative sample. Choosing 750 bins for this column. With 3 members per bin.
Going through column 37 and choosing a representative sample. Choosing 156 bins for this column. With 3 members per bin.
Going through column 38 and choosing a representative sample. Choosing 322 bins for this column. With 3 members per bin.
Going through column 39 and choosing a representative sample. Choosing 1500 bins for this column. With 6 members per bin.

ans =

       16895


ans =

        2981

    "Running Regression"

Copying objective function to workers...
The identifier was:
parallel:cluster:CouldNotOpenFileThere was an error! The message was:
Could not open file "/home/lhw150030/.matlab/local_cluster_jobs/R2020a/Job5.in.mat", the error returned was: Unable to read file '/home/lhw150030/.matlab/local_cluster_jobs/R2020a/Job5.in.mat'. No such file or directory..

    "Gainin Data set for Node 001e06305a0a with target output dCn_palas @ 31-Mar-2021 16:06:16"

Going through column 1 and choosing a representative sample. Choosing 750 bins for this column. With 3 members per bin.
Going through column 2 and choosing a representative sample. Choosing 750 bins for this column. With 3 members per bin.
Going through column 3 and choosing a representative sample. Choosing 340 bins for this column. With 3 members per bin.
Going through column 4 and choosing a representative sample. Choosing 77 bins for this column. With 3 members per bin.
Going through column 5 and choosing a representative sample. Choosing 1 bins for this column. With 3 members per bin.
Going through column 6 and choosing a representative sample. Choosing 750 bins for this column. With 3 members per bin.
Going through column 7 and choosing a representative sample. Choosing 750 bins for this column. With 3 members per bin.
Going through column 8 and choosing a representative sample. Choosing 750 bins for this column. With 3 members per bin.
Going through column 9 and choosing a representative sample. Choosing 750 bins for this column. With 3 members per bin.
Going through column 10 and choosing a representative sample. Choosing 750 bins for this column. With 3 members per bin.
Going through column 11 and choosing a representative sample. Choosing 750 bins for this column. With 3 members per bin.
Going through column 12 and choosing a representative sample. Choosing 750 bins for this column. With 3 members per bin.
Going through column 13 and choosing a representative sample. Choosing 750 bins for this column. With 3 members per bin.
Going through column 14 and choosing a representative sample. Choosing 598 bins for this column. With 3 members per bin.
Going through column 15 and choosing a representative sample. Choosing 285 bins for this column. With 3 members per bin.
Going through column 16 and choosing a representative sample. Choosing 177 bins for this column. With 3 members per bin.
Going through column 17 and choosing a representative sample. Choosing 64 bins for this column. With 3 members per bin.
Going through column 18 and choosing a representative sample. Choosing 26 bins for this column. With 3 members per bin.
Going through column 19 and choosing a representative sample. Choosing 11 bins for this column. With 3 members per bin.
Going through column 20 and choosing a representative sample. Choosing 6 bins for this column. With 3 members per bin.
Going through column 21 and choosing a representative sample. Choosing 4 bins for this column. With 3 members per bin.
Going through column 22 and choosing a representative sample. Choosing 3 bins for this column. With 3 members per bin.
Going through column 23 and choosing a representative sample. Choosing 2 bins for this column. With 3 members per bin.
Going through column 24 and choosing a representative sample. Choosing 2 bins for this column. With 3 members per bin.
Going through column 25 and choosing a representative sample. Choosing 2 bins for this column. With 3 members per bin.
Going through column 26 and choosing a representative sample. Choosing 2 bins for this column. With 3 members per bin.
Going through column 27 and choosing a representative sample. Choosing 2 bins for this column. With 3 members per bin.
Going through column 28 and choosing a representative sample. Choosing 183 bins for this column. With 3 members per bin.
Going through column 29 and choosing a representative sample. Choosing 267 bins for this column. With 3 members per bin.
Going through column 30 and choosing a representative sample. Choosing 245 bins for this column. With 3 members per bin.
Going through column 31 and choosing a representative sample. Choosing 137 bins for this column. With 3 members per bin.
Going through column 32 and choosing a representative sample. Choosing 750 bins for this column. With 3 members per bin.
Going through column 33 and choosing a representative sample. Choosing 750 bins for this column. With 3 members per bin.
Going through column 34 and choosing a representative sample. Choosing 750 bins for this column. With 3 members per bin.
Going through column 35 and choosing a representative sample. Choosing 750 bins for this column. With 3 members per bin.
Going through column 36 and choosing a representative sample. Choosing 750 bins for this column. With 3 members per bin.
Going through column 37 and choosing a representative sample. Choosing 156 bins for this column. With 3 members per bin.
Going through column 38 and choosing a representative sample. Choosing 322 bins for this column. With 3 members per bin.
Going through column 39 and choosing a representative sample. Choosing 1500 bins for this column. With 6 members per bin.

ans =

       19121


ans =

        3374

    "Running Regression"

Copying objective function to workers...
The identifier was:
parallel:cluster:CouldNotOpenFileThere was an error! The message was:
Could not open file "/home/lhw150030/.matlab/local_cluster_jobs/R2020a/Job5.in.mat", the error returned was: Unable to read file '/home/lhw150030/.matlab/local_cluster_jobs/R2020a/Job5.in.mat'. No such file or directory..

    "Gainin Data set for Node 001e06305a0a with target output temperatureAirmar @ 31-Mar-2021 16:07:00"

Going through column 1 and choosing a representative sample. Choosing 750 bins for this column. With 3 members per bin.
Going through column 2 and choosing a representative sample. Choosing 750 bins for this column. With 3 members per bin.
Going through column 3 and choosing a representative sample. Choosing 340 bins for this column. With 3 members per bin.
Going through column 4 and choosing a representative sample. Choosing 77 bins for this column. With 3 members per bin.
Going through column 5 and choosing a representative sample. Choosing 1 bins for this column. With 3 members per bin.
Going through column 6 and choosing a representative sample. Choosing 750 bins for this column. With 3 members per bin.
Going through column 7 and choosing a representative sample. Choosing 750 bins for this column. With 3 members per bin.
Going through column 8 and choosing a representative sample. Choosing 750 bins for this column. With 3 members per bin.
Going through column 9 and choosing a representative sample. Choosing 750 bins for this column. With 3 members per bin.
Going through column 10 and choosing a representative sample. Choosing 750 bins for this column. With 3 members per bin.
Going through column 11 and choosing a representative sample. Choosing 750 bins for this column. With 3 members per bin.
Going through column 12 and choosing a representative sample. Choosing 750 bins for this column. With 3 members per bin.
Going through column 13 and choosing a representative sample. Choosing 750 bins for this column. With 3 members per bin.
Going through column 14 and choosing a representative sample. Choosing 598 bins for this column. With 3 members per bin.
Going through column 15 and choosing a representative sample. Choosing 285 bins for this column. With 3 members per bin.
Going through column 16 and choosing a representative sample. Choosing 177 bins for this column. With 3 members per bin.
Going through column 17 and choosing a representative sample. Choosing 64 bins for this column. With 3 members per bin.
Going through column 18 and choosing a representative sample. Choosing 26 bins for this column. With 3 members per bin.
Going through column 19 and choosing a representative sample. Choosing 11 bins for this column. With 3 members per bin.
Going through column 20 and choosing a representative sample. Choosing 6 bins for this column. With 3 members per bin.
Going through column 21 and choosing a representative sample. Choosing 4 bins for this column. With 3 members per bin.
Going through column 22 and choosing a representative sample. Choosing 3 bins for this column. With 3 members per bin.
Going through column 23 and choosing a representative sample. Choosing 2 bins for this column. With 3 members per bin.
Going through column 24 and choosing a representative sample. Choosing 2 bins for this column. With 3 members per bin.
Going through column 25 and choosing a representative sample. Choosing 2 bins for this column. With 3 members per bin.
Going through column 26 and choosing a representative sample. Choosing 2 bins for this column. With 3 members per bin.
Going through column 27 and choosing a representative sample. Choosing 2 bins for this column. With 3 members per bin.
Going through column 28 and choosing a representative sample. Choosing 183 bins for this column. With 3 members per bin.
Going through column 29 and choosing a representative sample. Choosing 267 bins for this column. With 3 members per bin.
Going through column 30 and choosing a representative sample. Choosing 245 bins for this column. With 3 members per bin.
Going through column 31 and choosing a representative sample. Choosing 137 bins for this column. With 3 members per bin.
Going through column 32 and choosing a representative sample. Choosing 750 bins for this column. With 3 members per bin.
Going through column 33 and choosing a representative sample. Choosing 750 bins for this column. With 3 members per bin.
Going through column 34 and choosing a representative sample. Choosing 750 bins for this column. With 3 members per bin.
Going through column 35 and choosing a representative sample. Choosing 750 bins for this column. With 3 members per bin.
Going through column 36 and choosing a representative sample. Choosing 750 bins for this column. With 3 members per bin.
Going through column 37 and choosing a representative sample. Choosing 156 bins for this column. With 3 members per bin.
Going through column 38 and choosing a representative sample. Choosing 322 bins for this column. With 3 members per bin.
Going through column 39 and choosing a representative sample. Choosing 1500 bins for this column. With 6 members per bin.

ans =

       20925


ans =

        3693

    "Running Regression"

Copying objective function to workers...
The identifier was:
parallel:cluster:CouldNotOpenFileThere was an error! The message was:
Could not open file "/home/lhw150030/.matlab/local_cluster_jobs/R2020a/Job5.in.mat", the error returned was: Unable to read file '/home/lhw150030/.matlab/local_cluster_jobs/R2020a/Job5.in.mat'. No such file or directory..

    "Gainin Data set for Node 001e06305a0a with target output humidityAirmar @ 31-Mar-2021 16:07:43"

Going through column 1 and choosing a representative sample. Choosing 750 bins for this column. With 3 members per bin.
Going through column 2 and choosing a representative sample. Choosing 750 bins for this column. With 3 members per bin.
Going through column 3 and choosing a representative sample. Choosing 340 bins for this column. With 3 members per bin.
Going through column 4 and choosing a representative sample. Choosing 77 bins for this column. With 3 members per bin.
Going through column 5 and choosing a representative sample. Choosing 1 bins for this column. With 3 members per bin.
Going through column 6 and choosing a representative sample. Choosing 750 bins for this column. With 3 members per bin.
Going through column 7 and choosing a representative sample. Choosing 750 bins for this column. With 3 members per bin.
Going through column 8 and choosing a representative sample. Choosing 750 bins for this column. With 3 members per bin.
Going through column 9 and choosing a representative sample. Choosing 750 bins for this column. With 3 members per bin.
Going through column 10 and choosing a representative sample. Choosing 750 bins for this column. With 3 members per bin.
Going through column 11 and choosing a representative sample. Choosing 750 bins for this column. With 3 members per bin.
Going through column 12 and choosing a representative sample. Choosing 750 bins for this column. With 3 members per bin.
Going through column 13 and choosing a representative sample. Choosing 750 bins for this column. With 3 members per bin.
Going through column 14 and choosing a representative sample. Choosing 598 bins for this column. With 3 members per bin.
Going through column 15 and choosing a representative sample. Choosing 285 bins for this column. With 3 members per bin.
Going through column 16 and choosing a representative sample. Choosing 177 bins for this column. With 3 members per bin.
Going through column 17 and choosing a representative sample. Choosing 64 bins for this column. With 3 members per bin.
Going through column 18 and choosing a representative sample. Choosing 26 bins for this column. With 3 members per bin.
Going through column 19 and choosing a representative sample. Choosing 11 bins for this column. With 3 members per bin.
Going through column 20 and choosing a representative sample. Choosing 6 bins for this column. With 3 members per bin.
Going through column 21 and choosing a representative sample. Choosing 4 bins for this column. With 3 members per bin.
Going through column 22 and choosing a representative sample. Choosing 3 bins for this column. With 3 members per bin.
Going through column 23 and choosing a representative sample. Choosing 2 bins for this column. With 3 members per bin.
Going through column 24 and choosing a representative sample. Choosing 2 bins for this column. With 3 members per bin.
Going through column 25 and choosing a representative sample. Choosing 2 bins for this column. With 3 members per bin.
Going through column 26 and choosing a representative sample. Choosing 2 bins for this column. With 3 members per bin.
Going through column 27 and choosing a representative sample. Choosing 2 bins for this column. With 3 members per bin.
Going through column 28 and choosing a representative sample. Choosing 183 bins for this column. With 3 members per bin.
Going through column 29 and choosing a representative sample. Choosing 267 bins for this column. With 3 members per bin.
Going through column 30 and choosing a representative sample. Choosing 245 bins for this column. With 3 members per bin.
Going through column 31 and choosing a representative sample. Choosing 137 bins for this column. With 3 members per bin.
Going through column 32 and choosing a representative sample. Choosing 750 bins for this column. With 3 members per bin.
Going through column 33 and choosing a representative sample. Choosing 750 bins for this column. With 3 members per bin.
Going through column 34 and choosing a representative sample. Choosing 750 bins for this column. With 3 members per bin.
Going through column 35 and choosing a representative sample. Choosing 750 bins for this column. With 3 members per bin.
Going through column 36 and choosing a representative sample. Choosing 750 bins for this column. With 3 members per bin.
Going through column 37 and choosing a representative sample. Choosing 156 bins for this column. With 3 members per bin.
Going through column 38 and choosing a representative sample. Choosing 322 bins for this column. With 3 members per bin.
Going through column 39 and choosing a representative sample. Choosing 1500 bins for this column. With 6 members per bin.

ans =

       21095


ans =

        3723

    "Running Regression"

Copying objective function to workers...
The identifier was:
parallel:cluster:CouldNotOpenFileThere was an error! The message was:
Could not open file "/home/lhw150030/.matlab/local_cluster_jobs/R2020a/Job5.in.mat", the error returned was: Unable to read file '/home/lhw150030/.matlab/local_cluster_jobs/R2020a/Job5.in.mat'. No such file or directory..

    "Gainin Data set for Node 001e06305a0a with target output dewPointAirmar @ 31-Mar-2021 16:08:28"

Going through column 1 and choosing a representative sample. Choosing 750 bins for this column. With 3 members per bin.
Going through column 2 and choosing a representative sample. Choosing 750 bins for this column. With 3 members per bin.
Going through column 3 and choosing a representative sample. Choosing 340 bins for this column. With 3 members per bin.
Going through column 4 and choosing a representative sample. Choosing 77 bins for this column. With 3 members per bin.
Going through column 5 and choosing a representative sample. Choosing 1 bins for this column. With 3 members per bin.
Going through column 6 and choosing a representative sample. Choosing 750 bins for this column. With 3 members per bin.
Going through column 7 and choosing a representative sample. Choosing 750 bins for this column. With 3 members per bin.
Going through column 8 and choosing a representative sample. Choosing 750 bins for this column. With 3 members per bin.
Going through column 9 and choosing a representative sample. Choosing 750 bins for this column. With 3 members per bin.
Going through column 10 and choosing a representative sample. Choosing 750 bins for this column. With 3 members per bin.
Going through column 11 and choosing a representative sample. Choosing 750 bins for this column. With 3 members per bin.
Going through column 12 and choosing a representative sample. Choosing 750 bins for this column. With 3 members per bin.
Going through column 13 and choosing a representative sample. Choosing 750 bins for this column. With 3 members per bin.
Going through column 14 and choosing a representative sample. Choosing 598 bins for this column. With 3 members per bin.
Going through column 15 and choosing a representative sample. Choosing 285 bins for this column. With 3 members per bin.
Going through column 16 and choosing a representative sample. Choosing 177 bins for this column. With 3 members per bin.
Going through column 17 and choosing a representative sample. Choosing 64 bins for this column. With 3 members per bin.
Going through column 18 and choosing a representative sample. Choosing 26 bins for this column. With 3 members per bin.
Going through column 19 and choosing a representative sample. Choosing 11 bins for this column. With 3 members per bin.
Going through column 20 and choosing a representative sample. Choosing 6 bins for this column. With 3 members per bin.
Going through column 21 and choosing a representative sample. Choosing 4 bins for this column. With 3 members per bin.
Going through column 22 and choosing a representative sample. Choosing 3 bins for this column. With 3 members per bin.
Going through column 23 and choosing a representative sample. Choosing 2 bins for this column. With 3 members per bin.
Going through column 24 and choosing a representative sample. Choosing 2 bins for this column. With 3 members per bin.
Going through column 25 and choosing a representative sample. Choosing 2 bins for this column. With 3 members per bin.
Going through column 26 and choosing a representative sample. Choosing 2 bins for this column. With 3 members per bin.
Going through column 27 and choosing a representative sample. Choosing 2 bins for this column. With 3 members per bin.
Going through column 28 and choosing a representative sample. Choosing 183 bins for this column. With 3 members per bin.
Going through column 29 and choosing a representative sample. Choosing 267 bins for this column. With 3 members per bin.
Going through column 30 and choosing a representative sample. Choosing 245 bins for this column. With 3 members per bin.
Going through column 31 and choosing a representative sample. Choosing 137 bins for this column. With 3 members per bin.
Going through column 32 and choosing a representative sample. Choosing 750 bins for this column. With 3 members per bin.
Going through column 33 and choosing a representative sample. Choosing 750 bins for this column. With 3 members per bin.
Going through column 34 and choosing a representative sample. Choosing 750 bins for this column. With 3 members per bin.
Going through column 35 and choosing a representative sample. Choosing 750 bins for this column. With 3 members per bin.
Going through column 36 and choosing a representative sample. Choosing 750 bins for this column. With 3 members per bin.
Going through column 37 and choosing a representative sample. Choosing 156 bins for this column. With 3 members per bin.
Going through column 38 and choosing a representative sample. Choosing 322 bins for this column. With 3 members per bin.
Going through column 39 and choosing a representative sample. Choosing 1500 bins for this column. With 6 members per bin.

ans =

       20924


ans =

        3692

    "Running Regression"

Copying objective function to workers...
The identifier was:
parallel:cluster:CouldNotOpenFileThere was an error! The message was:
Could not open file "/home/lhw150030/.matlab/local_cluster_jobs/R2020a/Job5.in.mat", the error returned was: Unable to read file '/home/lhw150030/.matlab/local_cluster_jobs/R2020a/Job5.in.mat'. No such file or directory..

    "Gainin Data set for Node 001e06305a0a with target output pressureAirmar @ 31-Mar-2021 16:09:13"

Going through column 1 and choosing a representative sample. Choosing 750 bins for this column. With 3 members per bin.
Going through column 2 and choosing a representative sample. Choosing 750 bins for this column. With 3 members per bin.
Going through column 3 and choosing a representative sample. Choosing 340 bins for this column. With 3 members per bin.
Going through column 4 and choosing a representative sample. Choosing 77 bins for this column. With 3 members per bin.
Going through column 5 and choosing a representative sample. Choosing 1 bins for this column. With 3 members per bin.
Going through column 6 and choosing a representative sample. Choosing 750 bins for this column. With 3 members per bin.
Going through column 7 and choosing a representative sample. Choosing 750 bins for this column. With 3 members per bin.
Going through column 8 and choosing a representative sample. Choosing 750 bins for this column. With 3 members per bin.
Going through column 9 and choosing a representative sample. Choosing 750 bins for this column. With 3 members per bin.
Going through column 10 and choosing a representative sample. Choosing 750 bins for this column. With 3 members per bin.
Going through column 11 and choosing a representative sample. Choosing 750 bins for this column. With 3 members per bin.
Going through column 12 and choosing a representative sample. Choosing 750 bins for this column. With 3 members per bin.
Going through column 13 and choosing a representative sample. Choosing 750 bins for this column. With 3 members per bin.
Going through column 14 and choosing a representative sample. Choosing 598 bins for this column. With 3 members per bin.
Going through column 15 and choosing a representative sample. Choosing 285 bins for this column. With 3 members per bin.
Going through column 16 and choosing a representative sample. Choosing 177 bins for this column. With 3 members per bin.
Going through column 17 and choosing a representative sample. Choosing 64 bins for this column. With 3 members per bin.
Going through column 18 and choosing a representative sample. Choosing 26 bins for this column. With 3 members per bin.
Going through column 19 and choosing a representative sample. Choosing 11 bins for this column. With 3 members per bin.
Going through column 20 and choosing a representative sample. Choosing 6 bins for this column. With 3 members per bin.
Going through column 21 and choosing a representative sample. Choosing 4 bins for this column. With 3 members per bin.
Going through column 22 and choosing a representative sample. Choosing 3 bins for this column. With 3 members per bin.
Going through column 23 and choosing a representative sample. Choosing 2 bins for this column. With 3 members per bin.
Going through column 24 and choosing a representative sample. Choosing 2 bins for this column. With 3 members per bin.
Going through column 25 and choosing a representative sample. Choosing 2 bins for this column. With 3 members per bin.
Going through column 26 and choosing a representative sample. Choosing 2 bins for this column. With 3 members per bin.
Going through column 27 and choosing a representative sample. Choosing 2 bins for this column. With 3 members per bin.
Going through column 28 and choosing a representative sample. Choosing 183 bins for this column. With 3 members per bin.
Going through column 29 and choosing a representative sample. Choosing 267 bins for this column. With 3 members per bin.
Going through column 30 and choosing a representative sample. Choosing 245 bins for this column. With 3 members per bin.
Going through column 31 and choosing a representative sample. Choosing 137 bins for this column. With 3 members per bin.
Going through column 32 and choosing a representative sample. Choosing 750 bins for this column. With 3 members per bin.
Going through column 33 and choosing a representative sample. Choosing 750 bins for this column. With 3 members per bin.
Going through column 34 and choosing a representative sample. Choosing 750 bins for this column. With 3 members per bin.
Going through column 35 and choosing a representative sample. Choosing 750 bins for this column. With 3 members per bin.
Going through column 36 and choosing a representative sample. Choosing 750 bins for this column. With 3 members per bin.
Going through column 37 and choosing a representative sample. Choosing 156 bins for this column. With 3 members per bin.
Going through column 38 and choosing a representative sample. Choosing 322 bins for this column. With 3 members per bin.
Going through column 39 and choosing a representative sample. Choosing 1500 bins for this column. With 6 members per bin.

ans =

       20671


ans =

        3648

    "Running Regression"

Copying objective function to workers...
The identifier was:
parallel:cluster:CouldNotOpenFileThere was an error! The message was:
Could not open file "/home/lhw150030/.matlab/local_cluster_jobs/R2020a/Job5.in.mat", the error returned was: Unable to read file '/home/lhw150030/.matlab/local_cluster_jobs/R2020a/Job5.in.mat'. No such file or directory..

