Running calibration scripts for UTD Node: 2
Running on host: compute-1-1-2

                            < M A T L A B (R) >
                  Copyright 1984-2020 The MathWorks, Inc.
              R2020a Update 1 (9.8.0.1359463) 64-bit (glnxa64)
                               April 9, 2020

 
To get started, type doc.
For product information, visit www.mathworks.com.
 
UTD_Ronn_All_RS_ONN_1_2021_04_04_16_00_46


UTD_Ronn_All_RS_ONN_1_Daily


Optimzed NN All Inputs



globalCSVLabel = 

    "WSPre"



    "---------------------MINTS---------------------"

04-Apr-2021 16:00:46

mintsDefinitions = 

  struct with fields:

                 dataFolder: '/scratch/lhw150030/mintsData'
                poolWorkers: 16
                   timeSpan: 30
                   airmarID: '001e0610c0e4'
              binsPerColumn: 750
               numberPerBin: 3
                     pValid: 0.1500
                    nodeIDs: {1x16 cell}
                inputStack1: {1x9 cell}
          mintsInputsStack1: {1x35 cell}
     mintsInputLabelsStack1: {1x35 cell}
               inputStack20: {1x11 cell}
         mintsInputsStack20: {1x33 cell}
    mintsInputLabelsStack20: {1x33 cell}
         mintsInputsStack21: {1x16 cell}
    mintsInputLabelsStack21: {1x16 cell}
               latestStack1: {'BME280'  'MGS001'  'OPCN2'}
                inputStack2: {1x11 cell}
               latestStack2: {'BME280'  'MGS001'  'OPCN2'  'SCD30'}
          mintsInputsStack2: {1x35 cell}
     mintsInputLabelsStack2: {1x35 cell}
                inputStack3: {1x10 cell}
               latestStack3: {'BME280'  'MGS001'  'OPCN2'  'SCD30'}
          mintsInputsStack3: {1x38 cell}
     mintsInputLabelsStack3: {1x38 cell}
               mintsTargets: {1x10 cell}
          mintsTargetLabels: {1x10 cell}
                      units: {1x10 cell}
                instruments: {1x10 cell}

Starting parallel pool (parpool) using the 'local' profile ...
Connected to the parallel pool (number of workers: 16).

ans = 

 ProcessPool with properties: 

            Connected: true
           NumWorkers: 16
              Cluster: local
        AttachedFiles: {}
    AutoAddClientPath: true
          IdleTimeout: 30 minutes (30 minutes remaining)
          SpmdEnabled: true


airmarFolder = 

    "/scratch/lhw150030/mintsData/referenceMats/airmar"



    "Data Folder Located @:/scratch/lhw150030/mintsData"

    "Raw Data Located @: /scratch/lhw150030/mintsData"

    "Raw DotMat Data Located @ :/scratch/lhw150030/mintsData/rawMats"

    "UTD Nodes DotMat Data Located @ :/scratch/lhw150030/mintsData/rawMats/UTDNodes"

    "Reference Data Located @: /scratch/lhw150030/mintsData/reference"

    "Reference DotMat Data Located @ :/scratch/lhw150030/mintsData/referenceMats"

    "Palas Raw Data Located @ :/scratch/lhw150030/mintsData/reference/palasStream"

    "Palas DotMat Data Located @ :/scratch/lhw150030/mintsData/referenceMats/palas"

    "Car GPS Files Located @ :/scratch/lhw150030/mintsData/referenceMats/carMintsGPS"

    "Loading Palas Files"

    "Loading GPS Files"

    "Loading Airmar Files"

    "Aligning GPS data with Palas Data"

    "WSTC Palas Data"

    "Palas With Airmar"

    "Analysis"

    "Save merged data for calibration: 001e06323a12"



    "Creating Training Data Sets for Node: 001e06323a12"



    "Gainin Data set for Node 001e06323a12 with target output pm1_palas @ 04-Apr-2021 16:01:26"

Going through column 1 and choosing a representative sample. Choosing 750 bins for this column. With 3 members per bin.
Going through column 2 and choosing a representative sample. Choosing 750 bins for this column. With 3 members per bin.
Going through column 3 and choosing a representative sample. Choosing 338 bins for this column. With 3 members per bin.
Going through column 4 and choosing a representative sample. Choosing 78 bins for this column. With 3 members per bin.
Going through column 5 and choosing a representative sample. Choosing 1 bins for this column. With 3 members per bin.
Going through column 6 and choosing a representative sample. Choosing 750 bins for this column. With 3 members per bin.
Going through column 7 and choosing a representative sample. Choosing 750 bins for this column. With 3 members per bin.
Going through column 8 and choosing a representative sample. Choosing 750 bins for this column. With 3 members per bin.
Going through column 9 and choosing a representative sample. Choosing 750 bins for this column. With 3 members per bin.
Going through column 10 and choosing a representative sample. Choosing 750 bins for this column. With 3 members per bin.
Going through column 11 and choosing a representative sample. Choosing 750 bins for this column. With 3 members per bin.
Going through column 12 and choosing a representative sample. Choosing 750 bins for this column. With 3 members per bin.
Going through column 13 and choosing a representative sample. Choosing 750 bins for this column. With 3 members per bin.
Going through column 14 and choosing a representative sample. Choosing 750 bins for this column. With 3 members per bin.
Going through column 15 and choosing a representative sample. Choosing 120 bins for this column. With 3 members per bin.
Going through column 16 and choosing a representative sample. Choosing 72 bins for this column. With 3 members per bin.
Going through column 17 and choosing a representative sample. Choosing 24 bins for this column. With 3 members per bin.
Going through column 18 and choosing a representative sample. Choosing 12 bins for this column. With 3 members per bin.
Going through column 19 and choosing a representative sample. Choosing 7 bins for this column. With 3 members per bin.
Going through column 20 and choosing a representative sample. Choosing 5 bins for this column. With 3 members per bin.
Going through column 21 and choosing a representative sample. Choosing 2 bins for this column. With 3 members per bin.
Going through column 22 and choosing a representative sample. Choosing 2 bins for this column. With 3 members per bin.
Going through column 23 and choosing a representative sample. Choosing 2 bins for this column. With 3 members per bin.
Going through column 24 and choosing a representative sample. Choosing 2 bins for this column. With 3 members per bin.
Going through column 25 and choosing a representative sample. Choosing 2 bins for this column. With 3 members per bin.
Going through column 26 and choosing a representative sample. Choosing 2 bins for this column. With 3 members per bin.
Going through column 27 and choosing a representative sample. Choosing 2 bins for this column. With 3 members per bin.
Going through column 28 and choosing a representative sample. Choosing 405 bins for this column. With 3 members per bin.
Going through column 29 and choosing a representative sample. Choosing 253 bins for this column. With 3 members per bin.
Going through column 30 and choosing a representative sample. Choosing 184 bins for this column. With 3 members per bin.
Going through column 31 and choosing a representative sample. Choosing 65 bins for this column. With 3 members per bin.
Going through column 32 and choosing a representative sample. Choosing 750 bins for this column. With 3 members per bin.
Going through column 33 and choosing a representative sample. Choosing 750 bins for this column. With 3 members per bin.
Going through column 34 and choosing a representative sample. Choosing 750 bins for this column. With 3 members per bin.
Going through column 35 and choosing a representative sample. Choosing 750 bins for this column. With 3 members per bin.
Going through column 36 and choosing a representative sample. Choosing 1500 bins for this column. With 6 members per bin.

ans =

       17039


ans =

        3007

    "Running Regression"

Copying objective function to workers...
Done copying objective function to workers.
|===============================================================================================================|
| Iter | Active  | Eval   | Objective   | Objective   | BestSoFar   | BestSoFar   | hiddenLayerS-|           lr |
|      | workers | result |             | runtime     | (observed)  | (estim.)    | ize          |              |
|===============================================================================================================|
|    1 |       1 | Best   |      6.8516 |      3.2774 |      6.8516 |       6.858 |            8 |      0.32532 |
|    2 |       1 | Accept |      31.484 |      3.2667 |      6.8516 |       6.858 |           17 |    0.0012008 |
|    3 |       1 | Accept |      14.993 |      3.2931 |      6.8516 |       6.858 |           52 |      0.36564 |
|    4 |       1 | Accept |      53.224 |      3.2996 |      6.8516 |       6.858 |           61 |     0.097263 |
|    5 |       1 | Accept |      36.815 |      3.3415 |      6.8516 |       6.858 |           65 |    0.0010366 |
|    6 |       1 | Accept |      90.666 |      3.5258 |      6.8516 |       6.858 |           92 |      0.48793 |
|    7 |       1 | Accept |      7.2847 |      3.1866 |      6.8516 |       6.858 |            7 |      0.35834 |
|    8 |       1 | Accept |      11.035 |       3.177 |      6.8516 |       6.858 |           16 |    0.0046836 |
|    9 |       1 | Accept |      57.757 |      3.2948 |      6.8516 |       6.858 |           84 |    0.0013695 |
|   10 |       1 | Accept |      36.434 |      3.3785 |      6.8516 |       6.858 |           83 |     0.061572 |
|   11 |       1 | Accept |       11.47 |      3.1599 |      6.8516 |       6.858 |           13 |      0.14794 |
|   12 |       1 | Accept |       62.84 |      3.4844 |      6.8516 |       6.858 |           82 |    0.0020256 |
|   13 |       1 | Accept |      25.768 |      3.1079 |      6.8516 |       6.858 |           10 |      0.55105 |
|   14 |       1 | Accept |      68.326 |      3.2205 |      6.8516 |       6.858 |           60 |       0.2259 |
|   15 |       1 | Accept |       37.36 |      3.1907 |      6.8516 |       6.858 |           37 |      0.11967 |
|   16 |       1 | Accept |      59.406 |      3.1675 |      6.8516 |       6.858 |           32 |      0.29409 |
|   17 |       1 | Accept |      7.9044 |     0.62097 |      6.5571 |      17.608 |            8 |      0.10831 |
|   18 |       1 | Accept |      15.623 |     0.62251 |      6.5571 |      17.608 |           18 |      0.17645 |
|   19 |       1 | Accept |       51.12 |      0.6008 |      6.5571 |      17.608 |           24 |     0.060328 |
|   20 |       1 | Accept |      17.444 |     0.53752 |      6.5571 |      17.608 |            9 |     0.051869 |
|===============================================================================================================|
| Iter | Active  | Eval   | Objective   | Objective   | BestSoFar   | BestSoFar   | hiddenLayerS-|           lr |
|      | workers | result |             | runtime     | (observed)  | (estim.)    | ize          |              |
|===============================================================================================================|
|   21 |       1 | Accept |      71.373 |     0.70273 |      6.5571 |      17.608 |           54 |     0.085203 |
|   22 |       1 | Accept |      13.358 |     0.72658 |      6.5571 |      17.608 |           60 |      0.39803 |
|   23 |       1 | Accept |      12.717 |     0.75408 |      6.5571 |      17.608 |           72 |    0.0010022 |
|   24 |       1 | Accept |      65.375 |     0.71262 |      6.5571 |      17.608 |           64 |    0.0010935 |
|   25 |       1 | Accept |       27.56 |      0.7187 |      6.5571 |      17.608 |           40 |     0.011549 |
|   26 |       1 | Accept |      42.498 |     0.70289 |      6.5571 |      17.608 |           39 |     0.041661 |
|   27 |       1 | Best   |      6.5571 |     0.58033 |      6.5571 |      17.608 |            9 |    0.0045319 |
|   28 |       1 | Accept |      72.279 |      0.7841 |      6.5571 |      17.608 |           68 |    0.0018185 |
|   29 |       1 | Accept |      32.009 |     0.74358 |      6.5571 |      17.608 |           75 |      0.13859 |
|   30 |       1 | Accept |      43.798 |     0.78808 |      6.5571 |      17.608 |           82 |     0.077926 |
|   31 |       1 | Accept |      90.097 |     0.77584 |      6.5571 |      17.608 |           77 |     0.027686 |
|   32 |       1 | Accept |      51.719 |     0.70889 |      6.5571 |      17.608 |           53 |      0.18715 |

__________________________________________________________
Optimization completed.
MaxObjectiveEvaluations of 30 reached.
Total function evaluations: 32
Total elapsed time: 15.0447 seconds.
Total objective function evaluation time: 63.4522

Best observed feasible point:
    hiddenLayerSize       lr    
    _______________    _________

           9           0.0045319

Observed objective function value = 6.5571
Estimated objective function value = 18.5393
Function evaluation time = 0.58033

Best estimated feasible point (according to models):
    hiddenLayerSize      lr   
    _______________    _______

           7           0.35834

Estimated objective function value = 17.6078
Estimated function evaluation time = 1.7489


T =

  1x2 table

    hiddenLayerSize      lr   
    _______________    _______

           7           0.35834

Elapsed time is 35.763260 seconds.



combinedFigDaily = 

    "/scratch/lhw150030/mintsData/visualAnalysis/UTDNodes/001e06323a12/UTD_Ronn_All_RS_ONN_1_Daily_001e06323a12_pm1_palas.png"

    "Creating Folder @: '/scratch/lhw150030/mintsData/visualAnalysis/UTDNodes/001e06323a12/UTD_Ronn_All_RS_ONN_1_2021_04_04_16_00_46'"


combinedFigTT = 

    "/scratch/lhw150030/mintsData/visualAnalysis/UTDNodes/001e06323a12/UTD_Ronn_All_RS_ONN_1_2021_04_04_16_00_46/UTD_Ronn_All_RS_ONN_1_2021_04_04_16_00_46_001e06323a12_pm1_palas_TT.png"


plot3 = 

  Line with properties:

              Color: [0.9290 0.6940 0.1250]
          LineStyle: '-'
          LineWidth: 0.5000
             Marker: 'none'
         MarkerSize: 6
    MarkerFaceColor: 'none'
              XData: [1x17039 double]
              YData: [1x17039 double]
              ZData: [1x0 double]

  Use GET to show all properties


plot4 = 

  Line (fitted curve) with properties:

              Color: [1 0 0]
          LineStyle: '-'
          LineWidth: 0.5000
             Marker: 'none'
         MarkerSize: 6
    MarkerFaceColor: 'none'
              XData: [1x1001 double]
              YData: [1x1001 double]
              ZData: [1x0 double]

  Use GET to show all properties


plot6 = 

  Line (fitted curve) with properties:

              Color: [1 0 0]
          LineStyle: '-'
          LineWidth: 0.5000
             Marker: 'none'
         MarkerSize: 6
    MarkerFaceColor: 'none'
              XData: [1x1001 double]
              YData: [1x1001 double]
              ZData: [1x0 double]

  Use GET to show all properties


plot3 = 

  Line with properties:

              Color: [0.9290 0.6940 0.1250]
          LineStyle: '-'
          LineWidth: 0.5000
             Marker: 'none'
         MarkerSize: 6
    MarkerFaceColor: 'none'
              XData: [1x17039 double]
              YData: [1x17039 double]
              ZData: [1x0 double]

  Use GET to show all properties


plot4 = 

  Line (fitted curve) with properties:

              Color: [1 0 0]
          LineStyle: '-'
          LineWidth: 0.5000
             Marker: 'none'
         MarkerSize: 6
    MarkerFaceColor: 'none'
              XData: [1x1001 double]
              YData: [1x1001 double]
              ZData: [1x0 double]

  Use GET to show all properties


plot6 = 

  Line (fitted curve) with properties:

              Color: [1 0 0]
          LineStyle: '-'
          LineWidth: 0.5000
             Marker: 'none'
         MarkerSize: 6
    MarkerFaceColor: 'none'
              XData: [1x1001 double]
              YData: [1x1001 double]
              ZData: [1x0 double]

  Use GET to show all properties

    "Saving Model Files for Node: 001e06323a12 & target :PM_{1}"


modelsSaveNameDaily = 

    "/scratch/lhw150030/mintsData/modelsMats/UTDNodes/001e06323a12/daily_Mdl_001e06323a12_pm1_palas.mat"


modelsSaveName = 

    "/scratch/lhw150030/mintsData/modelsMats/UTDNodes/001e06323a12/UTD_Ronn_All_RS_ONN_1_2021_04_04_16_00_46/UTD_Ronn_All_RS_ONN_1_2021_04_04_16_00_46_001e06323a12_pm1_palas.mat"


resultsSaveName = 

    "/scratch/lhw150030/mintsData/modelsMats/UTDNodes/001e06323a12/daily_Mdl_001e06323a12_pm1_palas.csv"

    "Creating Folder @: '/scratch/lhw150030/mintsData/modelsMats/UTDNodes/001e06323a12/UTD_Ronn_All_RS_ONN_1_2021_04_04_16_00_46'"






trainingSaveNameDaily = 

    "/scratch/lhw150030/mintsData/trainingMats/UTDNodes/001e06323a12/UTD_Ronn_All_RS_ONN_1_Daily_001e06323a12_pm1_palas.mat"


trainingSaveName = 

    "/scratch/lhw150030/mintsData/trainingMats/UTDNodes/001e06323a12/UTD_Ronn_All_RS_ONN_1_2021_04_04_16_00_46/UTD_Ronn_All_RS_ONN_1_2021_04_04_16_00_46_001e06323a12_pm1_palas.mat"

    "Creating Folder @: '/scratch/lhw150030/mintsData/trainingMats/UTDNodes/001e06323a12/UTD_Ronn_All_RS_ONN_1_2021_04_04_16_00_46'"



    "Gainin Data set for Node 001e06323a12 with target output pm2_5_palas @ 04-Apr-2021 16:02:53"

Going through column 1 and choosing a representative sample. Choosing 750 bins for this column. With 3 members per bin.
Going through column 2 and choosing a representative sample. Choosing 750 bins for this column. With 3 members per bin.
Going through column 3 and choosing a representative sample. Choosing 338 bins for this column. With 3 members per bin.
Going through column 4 and choosing a representative sample. Choosing 78 bins for this column. With 3 members per bin.
Going through column 5 and choosing a representative sample. Choosing 1 bins for this column. With 3 members per bin.
Going through column 6 and choosing a representative sample. Choosing 750 bins for this column. With 3 members per bin.
Going through column 7 and choosing a representative sample. Choosing 750 bins for this column. With 3 members per bin.
Going through column 8 and choosing a representative sample. Choosing 750 bins for this column. With 3 members per bin.
Going through column 9 and choosing a representative sample. Choosing 750 bins for this column. With 3 members per bin.
Going through column 10 and choosing a representative sample. Choosing 750 bins for this column. With 3 members per bin.
Going through column 11 and choosing a representative sample. Choosing 750 bins for this column. With 3 members per bin.
Going through column 12 and choosing a representative sample. Choosing 750 bins for this column. With 3 members per bin.
Going through column 13 and choosing a representative sample. Choosing 750 bins for this column. With 3 members per bin.
Going through column 14 and choosing a representative sample. Choosing 750 bins for this column. With 3 members per bin.
Going through column 15 and choosing a representative sample. Choosing 120 bins for this column. With 3 members per bin.
Going through column 16 and choosing a representative sample. Choosing 72 bins for this column. With 3 members per bin.
Going through column 17 and choosing a representative sample. Choosing 24 bins for this column. With 3 members per bin.
Going through column 18 and choosing a representative sample. Choosing 12 bins for this column. With 3 members per bin.
Going through column 19 and choosing a representative sample. Choosing 7 bins for this column. With 3 members per bin.
Going through column 20 and choosing a representative sample. Choosing 5 bins for this column. With 3 members per bin.
Going through column 21 and choosing a representative sample. Choosing 2 bins for this column. With 3 members per bin.
Going through column 22 and choosing a representative sample. Choosing 2 bins for this column. With 3 members per bin.
Going through column 23 and choosing a representative sample. Choosing 2 bins for this column. With 3 members per bin.
Going through column 24 and choosing a representative sample. Choosing 2 bins for this column. With 3 members per bin.
Going through column 25 and choosing a representative sample. Choosing 2 bins for this column. With 3 members per bin.
Going through column 26 and choosing a representative sample. Choosing 2 bins for this column. With 3 members per bin.
Going through column 27 and choosing a representative sample. Choosing 2 bins for this column. With 3 members per bin.
Going through column 28 and choosing a representative sample. Choosing 405 bins for this column. With 3 members per bin.
Going through column 29 and choosing a representative sample. Choosing 253 bins for this column. With 3 members per bin.
Going through column 30 and choosing a representative sample. Choosing 184 bins for this column. With 3 members per bin.
Going through column 31 and choosing a representative sample. Choosing 65 bins for this column. With 3 members per bin.
Going through column 32 and choosing a representative sample. Choosing 750 bins for this column. With 3 members per bin.
Going through column 33 and choosing a representative sample. Choosing 750 bins for this column. With 3 members per bin.
Going through column 34 and choosing a representative sample. Choosing 750 bins for this column. With 3 members per bin.
Going through column 35 and choosing a representative sample. Choosing 750 bins for this column. With 3 members per bin.
Going through column 36 and choosing a representative sample. Choosing 1500 bins for this column. With 6 members per bin.

ans =

       16017


ans =

        2826

    "Running Regression"

Copying objective function to workers...
Done copying objective function to workers.
|===============================================================================================================|
| Iter | Active  | Eval   | Objective   | Objective   | BestSoFar   | BestSoFar   | hiddenLayerS-|           lr |
|      | workers | result |             | runtime     | (observed)  | (estim.)    | ize          |              |
|===============================================================================================================|
|    1 |       3 | Accept |      9.7261 |     0.55386 |      9.6354 |      18.288 |            5 |       0.2174 |
|    2 |       3 | Accept |      68.266 |     0.63203 |      9.6354 |      18.288 |           37 |      0.47431 |
|    3 |       3 | Accept |      11.894 |     0.65334 |      9.6354 |      18.288 |           21 |    0.0048158 |
|    4 |       3 | Accept |      80.944 |     0.66325 |      9.6354 |      18.288 |           33 |    0.0056648 |
|    5 |       3 | Accept |      66.274 |     0.74493 |      9.6354 |      18.288 |           37 |     0.001933 |
|    6 |       3 | Accept |      50.134 |      0.6888 |      9.6354 |      18.288 |           47 |      0.87806 |
|    7 |       3 | Accept |      100.47 |     0.79614 |      9.6354 |      18.288 |           88 |      0.16385 |
|    8 |       3 | Accept |      27.032 |     0.76471 |      9.6354 |      18.288 |           85 |    0.0045294 |
|    9 |       3 | Accept |      81.594 |     0.79033 |      9.6354 |      18.288 |           98 |      0.37751 |
|   10 |       3 | Best   |      9.6354 |      0.6587 |      9.6354 |      18.288 |            8 |     0.012136 |
|   11 |       3 | Accept |      59.259 |     0.73808 |      9.6354 |      18.288 |           64 |     0.045493 |
|   12 |       3 | Accept |      37.638 |     0.83451 |      9.6354 |      18.288 |           89 |    0.0081768 |
|   13 |       3 | Accept |      46.291 |     0.75662 |      9.6354 |      18.288 |           85 |      0.27049 |
|   14 |       3 | Accept |      93.602 |     0.70345 |      9.6354 |      18.288 |           51 |    0.0050262 |
|   15 |      15 | Accept |      84.565 |      0.8476 |      9.6354 |      26.633 |           81 |    0.0013095 |
|   16 |      15 | Accept |      23.894 |     0.79942 |      9.6354 |      26.633 |           80 |    0.0044896 |
|   17 |       2 | Accept |      61.802 |     0.26715 |      9.6354 |      30.639 |            9 |     0.025549 |
|   18 |       2 | Accept |      16.008 |     0.37242 |      9.6354 |      30.639 |           51 |     0.010919 |
|   19 |       2 | Accept |      52.137 |     0.30054 |      9.6354 |      30.639 |           27 |     0.045055 |
|   20 |       2 | Accept |      30.788 |     0.38277 |      9.6354 |      30.639 |           60 |     0.077646 |
|===============================================================================================================|
| Iter | Active  | Eval   | Objective   | Objective   | BestSoFar   | BestSoFar   | hiddenLayerS-|           lr |
|      | workers | result |             | runtime     | (observed)  | (estim.)    | ize          |              |
|===============================================================================================================|
|   21 |       2 | Accept |      24.487 |     0.32334 |      9.6354 |      30.639 |           37 |      0.17026 |
|   22 |       2 | Accept |      82.585 |      0.3967 |      9.6354 |      30.639 |           34 |     0.040237 |
|   23 |       2 | Accept |       54.65 |     0.47172 |      9.6354 |      30.639 |           93 |      0.17235 |
|   24 |       2 | Accept |      171.94 |     0.49496 |      9.6354 |      30.639 |           87 |     0.047531 |
|   25 |       2 | Accept |      35.313 |     0.44266 |      9.6354 |      30.639 |           82 |    0.0089433 |
|   26 |       2 | Accept |      103.96 |     0.36679 |      9.6354 |      30.639 |           45 |     0.038667 |
|   27 |       2 | Accept |      20.801 |     0.33422 |      9.6354 |      30.639 |           13 |      0.26653 |
|   28 |       2 | Accept |      35.782 |      0.4868 |      9.6354 |      30.639 |           94 |     0.010848 |
|   29 |       2 | Accept |      15.176 |     0.35686 |      9.6354 |      30.639 |           46 |     0.010682 |
|   30 |       2 | Accept |      29.276 |     0.43033 |      9.6354 |      30.639 |           61 |      0.22138 |

__________________________________________________________
Optimization completed.
MaxObjectiveEvaluations of 30 reached.
Total function evaluations: 30
Total elapsed time: 5.7321 seconds.
Total objective function evaluation time: 17.053

Best observed feasible point:
    hiddenLayerSize       lr   
    _______________    ________

           8           0.012136

Observed objective function value = 9.6354
Estimated objective function value = 32.628
Function evaluation time = 0.6587

Best estimated feasible point (according to models):
    hiddenLayerSize       lr   
    _______________    ________

          51           0.010919

Estimated objective function value = 30.6391
Estimated function evaluation time = 0.47732


T =

  1x2 table

    hiddenLayerSize       lr   
    _______________    ________

          51           0.010919

Elapsed time is 209.477591 seconds.



combinedFigDaily = 

    "/scratch/lhw150030/mintsData/visualAnalysis/UTDNodes/001e06323a12/UTD_Ronn_All_RS_ONN_1_Daily_001e06323a12_pm2_5_palas.png"


combinedFigTT = 

    "/scratch/lhw150030/mintsData/visualAnalysis/UTDNodes/001e06323a12/UTD_Ronn_All_RS_ONN_1_2021_04_04_16_00_46/UTD_Ronn_All_RS_ONN_1_2021_04_04_16_00_46_001e06323a12_pm2_5_palas_TT.png"


plot3 = 

  Line with properties:

              Color: [0.9290 0.6940 0.1250]
          LineStyle: '-'
          LineWidth: 0.5000
             Marker: 'none'
         MarkerSize: 6
    MarkerFaceColor: 'none'
              XData: [1x16017 double]
              YData: [1x16017 double]
              ZData: [1x0 double]

  Use GET to show all properties


plot4 = 

  Line (fitted curve) with properties:

              Color: [1 0 0]
          LineStyle: '-'
          LineWidth: 0.5000
             Marker: 'none'
         MarkerSize: 6
    MarkerFaceColor: 'none'
              XData: [1x1001 double]
              YData: [1x1001 double]
              ZData: [1x0 double]

  Use GET to show all properties


plot6 = 

  Line (fitted curve) with properties:

              Color: [1 0 0]
          LineStyle: '-'
          LineWidth: 0.5000
             Marker: 'none'
         MarkerSize: 6
    MarkerFaceColor: 'none'
              XData: [1x1001 double]
              YData: [1x1001 double]
              ZData: [1x0 double]

  Use GET to show all properties


plot3 = 

  Line with properties:

              Color: [0.9290 0.6940 0.1250]
          LineStyle: '-'
          LineWidth: 0.5000
             Marker: 'none'
         MarkerSize: 6
    MarkerFaceColor: 'none'
              XData: [1x16017 double]
              YData: [1x16017 double]
              ZData: [1x0 double]

  Use GET to show all properties


plot4 = 

  Line (fitted curve) with properties:

              Color: [1 0 0]
          LineStyle: '-'
          LineWidth: 0.5000
             Marker: 'none'
         MarkerSize: 6
    MarkerFaceColor: 'none'
              XData: [1x1001 double]
              YData: [1x1001 double]
              ZData: [1x0 double]

  Use GET to show all properties


plot6 = 

  Line (fitted curve) with properties:

              Color: [1 0 0]
          LineStyle: '-'
          LineWidth: 0.5000
             Marker: 'none'
         MarkerSize: 6
    MarkerFaceColor: 'none'
              XData: [1x1001 double]
              YData: [1x1001 double]
              ZData: [1x0 double]

  Use GET to show all properties

    "Saving Model Files for Node: 001e06323a12 & target :PM_{2.5}"


modelsSaveNameDaily = 

    "/scratch/lhw150030/mintsData/modelsMats/UTDNodes/001e06323a12/daily_Mdl_001e06323a12_pm2_5_palas.mat"


modelsSaveName = 

    "/scratch/lhw150030/mintsData/modelsMats/UTDNodes/001e06323a12/UTD_Ronn_All_RS_ONN_1_2021_04_04_16_00_46/UTD_Ronn_All_RS_ONN_1_2021_04_04_16_00_46_001e06323a12_pm2_5_palas.mat"


resultsSaveName = 

    "/scratch/lhw150030/mintsData/modelsMats/UTDNodes/001e06323a12/daily_Mdl_001e06323a12_pm2_5_palas.csv"






trainingSaveNameDaily = 

    "/scratch/lhw150030/mintsData/trainingMats/UTDNodes/001e06323a12/UTD_Ronn_All_RS_ONN_1_Daily_001e06323a12_pm2_5_palas.mat"


trainingSaveName = 

    "/scratch/lhw150030/mintsData/trainingMats/UTDNodes/001e06323a12/UTD_Ronn_All_RS_ONN_1_2021_04_04_16_00_46/UTD_Ronn_All_RS_ONN_1_2021_04_04_16_00_46_001e06323a12_pm2_5_palas.mat"



    "Gainin Data set for Node 001e06323a12 with target output pm4_palas @ 04-Apr-2021 16:07:12"

Going through column 1 and choosing a representative sample. Choosing 750 bins for this column. With 3 members per bin.
Going through column 2 and choosing a representative sample. Choosing 750 bins for this column. With 3 members per bin.
Going through column 3 and choosing a representative sample. Choosing 338 bins for this column. With 3 members per bin.
Going through column 4 and choosing a representative sample. Choosing 78 bins for this column. With 3 members per bin.
Going through column 5 and choosing a representative sample. Choosing 1 bins for this column. With 3 members per bin.
Going through column 6 and choosing a representative sample. Choosing 750 bins for this column. With 3 members per bin.
Going through column 7 and choosing a representative sample. Choosing 750 bins for this column. With 3 members per bin.
Going through column 8 and choosing a representative sample. Choosing 750 bins for this column. With 3 members per bin.
Going through column 9 and choosing a representative sample. Choosing 750 bins for this column. With 3 members per bin.
Going through column 10 and choosing a representative sample. Choosing 750 bins for this column. With 3 members per bin.
Going through column 11 and choosing a representative sample. Choosing 750 bins for this column. With 3 members per bin.
Going through column 12 and choosing a representative sample. Choosing 750 bins for this column. With 3 members per bin.
Going through column 13 and choosing a representative sample. Choosing 750 bins for this column. With 3 members per bin.
Going through column 14 and choosing a representative sample. Choosing 750 bins for this column. With 3 members per bin.
Going through column 15 and choosing a representative sample. Choosing 120 bins for this column. With 3 members per bin.
Going through column 16 and choosing a representative sample. Choosing 72 bins for this column. With 3 members per bin.
Going through column 17 and choosing a representative sample. Choosing 24 bins for this column. With 3 members per bin.
Going through column 18 and choosing a representative sample. Choosing 12 bins for this column. With 3 members per bin.
Going through column 19 and choosing a representative sample. Choosing 7 bins for this column. With 3 members per bin.
Going through column 20 and choosing a representative sample. Choosing 5 bins for this column. With 3 members per bin.
Going through column 21 and choosing a representative sample. Choosing 2 bins for this column. With 3 members per bin.
Going through column 22 and choosing a representative sample. Choosing 2 bins for this column. With 3 members per bin.
Going through column 23 and choosing a representative sample. Choosing 2 bins for this column. With 3 members per bin.
Going through column 24 and choosing a representative sample. Choosing 2 bins for this column. With 3 members per bin.
Going through column 25 and choosing a representative sample. Choosing 2 bins for this column. With 3 members per bin.
Going through column 26 and choosing a representative sample. Choosing 2 bins for this column. With 3 members per bin.
Going through column 27 and choosing a representative sample. Choosing 2 bins for this column. With 3 members per bin.
Going through column 28 and choosing a representative sample. Choosing 405 bins for this column. With 3 members per bin.
Going through column 29 and choosing a representative sample. Choosing 253 bins for this column. With 3 members per bin.
Going through column 30 and choosing a representative sample. Choosing 184 bins for this column. With 3 members per bin.
Going through column 31 and choosing a representative sample. Choosing 65 bins for this column. With 3 members per bin.
Going through column 32 and choosing a representative sample. Choosing 750 bins for this column. With 3 members per bin.
Going through column 33 and choosing a representative sample. Choosing 750 bins for this column. With 3 members per bin.
Going through column 34 and choosing a representative sample. Choosing 750 bins for this column. With 3 members per bin.
Going through column 35 and choosing a representative sample. Choosing 750 bins for this column. With 3 members per bin.
Going through column 36 and choosing a representative sample. Choosing 1500 bins for this column. With 6 members per bin.

ans =

       16752


ans =

        2956

    "Running Regression"

Copying objective function to workers...
Done copying objective function to workers.
|===============================================================================================================|
| Iter | Active  | Eval   | Objective   | Objective   | BestSoFar   | BestSoFar   | hiddenLayerS-|           lr |
|      | workers | result |             | runtime     | (observed)  | (estim.)    | ize          |              |
|===============================================================================================================|
|    1 |      15 | Best   |      75.744 |     0.37785 |      75.744 |      79.791 |           75 |      0.33486 |
|    2 |      15 | Accept |      137.64 |     0.30897 |      75.744 |      79.791 |           30 |      0.32554 |
|    3 |       2 | Accept |      178.25 |     0.72218 |      27.399 |      80.717 |           87 |     0.015576 |
|    4 |       2 | Accept |      29.174 |     0.51407 |      27.399 |      80.717 |            9 |    0.0023256 |
|    5 |       2 | Accept |      42.358 |     0.65823 |      27.399 |      80.717 |           55 |    0.0010245 |
|    6 |       2 | Accept |      44.623 |     0.76409 |      27.399 |      80.717 |           87 |     0.032268 |
|    7 |       2 | Accept |      117.49 |     0.63579 |      27.399 |      80.717 |           49 |       0.1306 |
|    8 |       2 | Accept |      109.46 |     0.66434 |      27.399 |      80.717 |           76 |      0.25416 |
|    9 |       2 | Accept |      32.817 |     0.61381 |      27.399 |      80.717 |           59 |    0.0012968 |
|   10 |       2 | Accept |      68.208 |     0.54921 |      27.399 |      80.717 |           32 |     0.073213 |
|   11 |       2 | Accept |      42.209 |     0.57944 |      27.399 |      80.717 |           32 |     0.049556 |
|   12 |       2 | Accept |      227.15 |     0.68187 |      27.399 |      80.717 |           75 |     0.015339 |
|   13 |       2 | Accept |      35.067 |     0.71202 |      27.399 |      80.717 |           85 |     0.022292 |
|   14 |       2 | Accept |      47.409 |     0.45284 |      27.399 |      80.717 |            5 |        0.315 |
|   15 |       2 | Accept |      76.492 |      0.6704 |      27.399 |      80.717 |           73 |      0.57205 |
|   16 |       2 | Best   |      27.399 |     0.41171 |      27.399 |      80.717 |           51 |    0.0054349 |
|   17 |      16 | Accept |       62.01 |     0.32139 |      27.399 |      79.617 |           76 |      0.97812 |
|   18 |       2 | Accept |      55.452 |     0.47735 |      16.001 |      78.218 |          100 |      0.31645 |
|   19 |       2 | Accept |      153.16 |     0.34247 |      16.001 |      78.218 |           48 |     0.075328 |
|   20 |       2 | Accept |      66.704 |     0.35899 |      16.001 |      78.218 |           54 |     0.010072 |
|===============================================================================================================|
| Iter | Active  | Eval   | Objective   | Objective   | BestSoFar   | BestSoFar   | hiddenLayerS-|           lr |
|      | workers | result |             | runtime     | (observed)  | (estim.)    | ize          |              |
|===============================================================================================================|
|   21 |       2 | Accept |      97.565 |     0.25907 |      16.001 |      78.218 |           12 |    0.0013448 |
|   22 |       2 | Accept |      52.588 |     0.40281 |      16.001 |      78.218 |           72 |     0.010516 |
|   23 |       2 | Best   |      16.001 |      0.2678 |      16.001 |      78.218 |           13 |      0.34766 |
|   24 |       2 | Accept |      33.041 |     0.28193 |      16.001 |      78.218 |           16 |      0.32453 |
|   25 |       2 | Accept |      17.375 |     0.35048 |      16.001 |      78.218 |           27 |       0.1036 |
|   26 |       2 | Accept |      33.081 |     0.33923 |      16.001 |      78.218 |           41 |       0.1781 |
|   27 |       2 | Accept |      140.99 |     0.26926 |      16.001 |      78.218 |           29 |    0.0025401 |
|   28 |       2 | Accept |      230.02 |     0.40608 |      16.001 |      78.218 |           72 |       0.1474 |
|   29 |       2 | Accept |      62.326 |     0.34392 |      16.001 |      78.218 |           62 |       0.9246 |
|   30 |       2 | Accept |      24.821 |     0.35146 |      16.001 |      78.218 |           37 |     0.018071 |
|   31 |       2 | Accept |      136.78 |     0.28703 |      16.001 |      78.218 |           33 |     0.069349 |
|   32 |       2 | Accept |      29.583 |     0.48963 |      16.001 |      78.218 |            9 |    0.0019504 |

__________________________________________________________
Optimization completed.
MaxObjectiveEvaluations of 30 reached.
Total function evaluations: 32
Total elapsed time: 5.8236 seconds.
Total objective function evaluation time: 14.8657

Best observed feasible point:
    hiddenLayerSize      lr   
    _______________    _______

          13           0.34766

Observed objective function value = 16.0012
Estimated objective function value = 78.2181
Function evaluation time = 0.2678

Best estimated feasible point (according to models):
    hiddenLayerSize     lr  
    _______________    _____

           5           0.315

Estimated objective function value = 78.2181
Estimated function evaluation time = 0.37744


T =

  1x2 table

    hiddenLayerSize     lr  
    _______________    _____

           5           0.315

Elapsed time is 18.206540 seconds.



combinedFigDaily = 

    "/scratch/lhw150030/mintsData/visualAnalysis/UTDNodes/001e06323a12/UTD_Ronn_All_RS_ONN_1_Daily_001e06323a12_pm4_palas.png"


combinedFigTT = 

    "/scratch/lhw150030/mintsData/visualAnalysis/UTDNodes/001e06323a12/UTD_Ronn_All_RS_ONN_1_2021_04_04_16_00_46/UTD_Ronn_All_RS_ONN_1_2021_04_04_16_00_46_001e06323a12_pm4_palas_TT.png"


plot3 = 

  Line with properties:

              Color: [0.9290 0.6940 0.1250]
          LineStyle: '-'
          LineWidth: 0.5000
             Marker: 'none'
         MarkerSize: 6
    MarkerFaceColor: 'none'
              XData: [1x16752 double]
              YData: [1x16752 double]
              ZData: [1x0 double]

  Use GET to show all properties


plot4 = 

  Line (fitted curve) with properties:

              Color: [1 0 0]
          LineStyle: '-'
          LineWidth: 0.5000
             Marker: 'none'
         MarkerSize: 6
    MarkerFaceColor: 'none'
              XData: [1x1001 double]
              YData: [1x1001 double]
              ZData: [1x0 double]

  Use GET to show all properties


plot6 = 

  Line (fitted curve) with properties:

              Color: [1 0 0]
          LineStyle: '-'
          LineWidth: 0.5000
             Marker: 'none'
         MarkerSize: 6
    MarkerFaceColor: 'none'
              XData: [1x1001 double]
              YData: [1x1001 double]
              ZData: [1x0 double]

  Use GET to show all properties


plot3 = 

  Line with properties:

              Color: [0.9290 0.6940 0.1250]
          LineStyle: '-'
          LineWidth: 0.5000
             Marker: 'none'
         MarkerSize: 6
    MarkerFaceColor: 'none'
              XData: [1x16752 double]
              YData: [1x16752 double]
              ZData: [1x0 double]

  Use GET to show all properties


plot4 = 

  Line (fitted curve) with properties:

              Color: [1 0 0]
          LineStyle: '-'
          LineWidth: 0.5000
             Marker: 'none'
         MarkerSize: 6
    MarkerFaceColor: 'none'
              XData: [1x1001 double]
              YData: [1x1001 double]
              ZData: [1x0 double]

  Use GET to show all properties


plot6 = 

  Line (fitted curve) with properties:

              Color: [1 0 0]
          LineStyle: '-'
          LineWidth: 0.5000
             Marker: 'none'
         MarkerSize: 6
    MarkerFaceColor: 'none'
              XData: [1x1001 double]
              YData: [1x1001 double]
              ZData: [1x0 double]

  Use GET to show all properties

    "Saving Model Files for Node: 001e06323a12 & target :PM_{4}"


modelsSaveNameDaily = 

    "/scratch/lhw150030/mintsData/modelsMats/UTDNodes/001e06323a12/daily_Mdl_001e06323a12_pm4_palas.mat"


modelsSaveName = 

    "/scratch/lhw150030/mintsData/modelsMats/UTDNodes/001e06323a12/UTD_Ronn_All_RS_ONN_1_2021_04_04_16_00_46/UTD_Ronn_All_RS_ONN_1_2021_04_04_16_00_46_001e06323a12_pm4_palas.mat"


resultsSaveName = 

    "/scratch/lhw150030/mintsData/modelsMats/UTDNodes/001e06323a12/daily_Mdl_001e06323a12_pm4_palas.csv"






trainingSaveNameDaily = 

    "/scratch/lhw150030/mintsData/trainingMats/UTDNodes/001e06323a12/UTD_Ronn_All_RS_ONN_1_Daily_001e06323a12_pm4_palas.mat"


trainingSaveName = 

    "/scratch/lhw150030/mintsData/trainingMats/UTDNodes/001e06323a12/UTD_Ronn_All_RS_ONN_1_2021_04_04_16_00_46/UTD_Ronn_All_RS_ONN_1_2021_04_04_16_00_46_001e06323a12_pm4_palas.mat"



    "Gainin Data set for Node 001e06323a12 with target output pm10_palas @ 04-Apr-2021 16:08:19"

Going through column 1 and choosing a representative sample. Choosing 750 bins for this column. With 3 members per bin.
Going through column 2 and choosing a representative sample. Choosing 750 bins for this column. With 3 members per bin.
Going through column 3 and choosing a representative sample. Choosing 338 bins for this column. With 3 members per bin.
Going through column 4 and choosing a representative sample. Choosing 78 bins for this column. With 3 members per bin.
Going through column 5 and choosing a representative sample. Choosing 1 bins for this column. With 3 members per bin.
Going through column 6 and choosing a representative sample. Choosing 750 bins for this column. With 3 members per bin.
Going through column 7 and choosing a representative sample. Choosing 750 bins for this column. With 3 members per bin.
Going through column 8 and choosing a representative sample. Choosing 750 bins for this column. With 3 members per bin.
Going through column 9 and choosing a representative sample. Choosing 750 bins for this column. With 3 members per bin.
Going through column 10 and choosing a representative sample. Choosing 750 bins for this column. With 3 members per bin.
Going through column 11 and choosing a representative sample. Choosing 750 bins for this column. With 3 members per bin.
Going through column 12 and choosing a representative sample. Choosing 750 bins for this column. With 3 members per bin.
Going through column 13 and choosing a representative sample. Choosing 750 bins for this column. With 3 members per bin.
Going through column 14 and choosing a representative sample. Choosing 750 bins for this column. With 3 members per bin.
Going through column 15 and choosing a representative sample. Choosing 120 bins for this column. With 3 members per bin.
Going through column 16 and choosing a representative sample. Choosing 72 bins for this column. With 3 members per bin.
Going through column 17 and choosing a representative sample. Choosing 24 bins for this column. With 3 members per bin.
Going through column 18 and choosing a representative sample. Choosing 12 bins for this column. With 3 members per bin.
Going through column 19 and choosing a representative sample. Choosing 7 bins for this column. With 3 members per bin.
Going through column 20 and choosing a representative sample. Choosing 5 bins for this column. With 3 members per bin.
Going through column 21 and choosing a representative sample. Choosing 2 bins for this column. With 3 members per bin.
Going through column 22 and choosing a representative sample. Choosing 2 bins for this column. With 3 members per bin.
Going through column 23 and choosing a representative sample. Choosing 2 bins for this column. With 3 members per bin.
Going through column 24 and choosing a representative sample. Choosing 2 bins for this column. With 3 members per bin.
Going through column 25 and choosing a representative sample. Choosing 2 bins for this column. With 3 members per bin.
Going through column 26 and choosing a representative sample. Choosing 2 bins for this column. With 3 members per bin.
Going through column 27 and choosing a representative sample. Choosing 2 bins for this column. With 3 members per bin.
Going through column 28 and choosing a representative sample. Choosing 405 bins for this column. With 3 members per bin.
Going through column 29 and choosing a representative sample. Choosing 253 bins for this column. With 3 members per bin.
Going through column 30 and choosing a representative sample. Choosing 184 bins for this column. With 3 members per bin.
Going through column 31 and choosing a representative sample. Choosing 65 bins for this column. With 3 members per bin.
Going through column 32 and choosing a representative sample. Choosing 750 bins for this column. With 3 members per bin.
Going through column 33 and choosing a representative sample. Choosing 750 bins for this column. With 3 members per bin.
Going through column 34 and choosing a representative sample. Choosing 750 bins for this column. With 3 members per bin.
Going through column 35 and choosing a representative sample. Choosing 750 bins for this column. With 3 members per bin.
Going through column 36 and choosing a representative sample. Choosing 1500 bins for this column. With 6 members per bin.

ans =

       15402


ans =

        2718

    "Running Regression"

Copying objective function to workers...
Done copying objective function to workers.
|===============================================================================================================|
| Iter | Active  | Eval   | Objective   | Objective   | BestSoFar   | BestSoFar   | hiddenLayerS-|           lr |
|      | workers | result |             | runtime     | (observed)  | (estim.)    | ize          |              |
|===============================================================================================================|
|    1 |       3 | Accept |      171.31 |      0.2319 |      53.087 |      56.796 |           30 |    0.0028864 |
|    2 |       3 | Accept |      228.21 |     0.30427 |      53.087 |      56.796 |           20 |    0.0018033 |
|    3 |       3 | Accept |       86.43 |     0.32269 |      53.087 |      56.796 |           31 |       0.2372 |
|    4 |       3 | Accept |      172.68 |     0.33191 |      53.087 |      56.796 |           67 |     0.011606 |
|    5 |       3 | Accept |      199.19 |     0.39389 |      53.087 |      56.796 |           86 |      0.14553 |
|    6 |       3 | Accept |         311 |     0.35727 |      53.087 |      56.796 |           53 |    0.0029446 |
|    7 |       3 | Accept |      247.33 |     0.35025 |      53.087 |      56.796 |           48 |     0.015445 |
|    8 |       3 | Accept |      60.235 |     0.40606 |      53.087 |      56.796 |           78 |     0.008115 |
|    9 |       3 | Best   |      53.087 |     0.29384 |      53.087 |      56.796 |           39 |      0.13442 |
|   10 |       3 | Accept |      128.92 |     0.29033 |      53.087 |      56.796 |           38 |      0.60602 |
|   11 |       3 | Accept |      63.734 |     0.29029 |      53.087 |      56.796 |           30 |       0.2107 |
|   12 |       3 | Accept |       164.9 |     0.30995 |      53.087 |      56.796 |           45 |    0.0097032 |
|   13 |       3 | Accept |      99.025 |      0.2672 |      53.087 |      56.796 |           15 |     0.025781 |
|   14 |       3 | Accept |      76.479 |     0.27935 |      53.087 |      56.796 |           25 |     0.024512 |
|   15 |      15 | Accept |      112.13 |      0.4795 |      52.258 |      53.021 |           91 |    0.0028224 |
|   16 |      15 | Best   |      52.258 |     0.52146 |      52.258 |      53.021 |           43 |     0.035297 |
|   17 |       2 | Accept |      70.433 |     0.25381 |      25.201 |      128.03 |           36 |     0.046435 |
|   18 |       2 | Accept |      282.54 |     0.38053 |      25.201 |      128.03 |           87 |      0.20111 |
|   19 |       2 | Accept |      78.375 |     0.27801 |      25.201 |      128.03 |           43 |    0.0013192 |
|   20 |       2 | Accept |      98.291 |     0.26766 |      25.201 |      128.03 |           40 |      0.11389 |
|===============================================================================================================|
| Iter | Active  | Eval   | Objective   | Objective   | BestSoFar   | BestSoFar   | hiddenLayerS-|           lr |
|      | workers | result |             | runtime     | (observed)  | (estim.)    | ize          |              |
|===============================================================================================================|
|   21 |       2 | Accept |      259.45 |     0.25249 |      25.201 |      128.03 |           27 |    0.0043736 |
|   22 |       2 | Accept |      229.71 |     0.34636 |      25.201 |      128.03 |           76 |      0.14425 |
|   23 |       2 | Accept |      94.229 |     0.37956 |      25.201 |      128.03 |           84 |      0.12478 |
|   24 |       2 | Accept |      293.48 |     0.30905 |      25.201 |      128.03 |           58 |      0.17334 |
|   25 |       2 | Best   |      25.201 |     0.18644 |      25.201 |      128.03 |           13 |    0.0013991 |
|   26 |       2 | Accept |      71.244 |      0.2406 |      25.201 |      128.03 |           26 |     0.029211 |
|   27 |       2 | Accept |      353.66 |     0.35818 |      25.201 |      128.03 |           71 |    0.0012158 |
|   28 |       2 | Accept |      439.74 |     0.36574 |      25.201 |      128.03 |           78 |     0.018404 |
|   29 |       2 | Accept |      285.14 |     0.27714 |      25.201 |      128.03 |           45 |      0.41341 |
|   30 |       2 | Accept |      324.68 |     0.38292 |      25.201 |      128.03 |           88 |     0.047652 |

__________________________________________________________
Optimization completed.
MaxObjectiveEvaluations of 30 reached.
Total function evaluations: 30
Total elapsed time: 4.4152 seconds.
Total objective function evaluation time: 9.7086

Best observed feasible point:
    hiddenLayerSize       lr    
    _______________    _________

          13           0.0013991

Observed objective function value = 25.2006
Estimated objective function value = 136.0176
Function evaluation time = 0.18644

Best estimated feasible point (according to models):
    hiddenLayerSize      lr  
    _______________    ______

          31           0.2372

Estimated objective function value = 128.0266
Estimated function evaluation time = 0.27878


T =

  1x2 table

    hiddenLayerSize      lr  
    _______________    ______

          31           0.2372

Elapsed time is 110.505832 seconds.



combinedFigDaily = 

    "/scratch/lhw150030/mintsData/visualAnalysis/UTDNodes/001e06323a12/UTD_Ronn_All_RS_ONN_1_Daily_001e06323a12_pm10_palas.png"


combinedFigTT = 

    "/scratch/lhw150030/mintsData/visualAnalysis/UTDNodes/001e06323a12/UTD_Ronn_All_RS_ONN_1_2021_04_04_16_00_46/UTD_Ronn_All_RS_ONN_1_2021_04_04_16_00_46_001e06323a12_pm10_palas_TT.png"


plot3 = 

  Line with properties:

              Color: [0.9290 0.6940 0.1250]
          LineStyle: '-'
          LineWidth: 0.5000
             Marker: 'none'
         MarkerSize: 6
    MarkerFaceColor: 'none'
              XData: [1x15402 double]
              YData: [1x15402 double]
              ZData: [1x0 double]

  Use GET to show all properties


plot4 = 

  Line (fitted curve) with properties:

              Color: [1 0 0]
          LineStyle: '-'
          LineWidth: 0.5000
             Marker: 'none'
         MarkerSize: 6
    MarkerFaceColor: 'none'
              XData: [1x1001 double]
              YData: [1x1001 double]
              ZData: [1x0 double]

  Use GET to show all properties


plot6 = 

  Line (fitted curve) with properties:

              Color: [1 0 0]
          LineStyle: '-'
          LineWidth: 0.5000
             Marker: 'none'
         MarkerSize: 6
    MarkerFaceColor: 'none'
              XData: [1x1001 double]
              YData: [1x1001 double]
              ZData: [1x0 double]

  Use GET to show all properties


plot3 = 

  Line with properties:

              Color: [0.9290 0.6940 0.1250]
          LineStyle: '-'
          LineWidth: 0.5000
             Marker: 'none'
         MarkerSize: 6
    MarkerFaceColor: 'none'
              XData: [1x15402 double]
              YData: [1x15402 double]
              ZData: [1x0 double]

  Use GET to show all properties


plot4 = 

  Line (fitted curve) with properties:

              Color: [1 0 0]
          LineStyle: '-'
          LineWidth: 0.5000
             Marker: 'none'
         MarkerSize: 6
    MarkerFaceColor: 'none'
              XData: [1x1001 double]
              YData: [1x1001 double]
              ZData: [1x0 double]

  Use GET to show all properties


plot6 = 

  Line (fitted curve) with properties:

              Color: [1 0 0]
          LineStyle: '-'
          LineWidth: 0.5000
             Marker: 'none'
         MarkerSize: 6
    MarkerFaceColor: 'none'
              XData: [1x1001 double]
              YData: [1x1001 double]
              ZData: [1x0 double]

  Use GET to show all properties

    "Saving Model Files for Node: 001e06323a12 & target :PM_{10}"


modelsSaveNameDaily = 

    "/scratch/lhw150030/mintsData/modelsMats/UTDNodes/001e06323a12/daily_Mdl_001e06323a12_pm10_palas.mat"


modelsSaveName = 

    "/scratch/lhw150030/mintsData/modelsMats/UTDNodes/001e06323a12/UTD_Ronn_All_RS_ONN_1_2021_04_04_16_00_46/UTD_Ronn_All_RS_ONN_1_2021_04_04_16_00_46_001e06323a12_pm10_palas.mat"


resultsSaveName = 

    "/scratch/lhw150030/mintsData/modelsMats/UTDNodes/001e06323a12/daily_Mdl_001e06323a12_pm10_palas.csv"






trainingSaveNameDaily = 

    "/scratch/lhw150030/mintsData/trainingMats/UTDNodes/001e06323a12/UTD_Ronn_All_RS_ONN_1_Daily_001e06323a12_pm10_palas.mat"


trainingSaveName = 

    "/scratch/lhw150030/mintsData/trainingMats/UTDNodes/001e06323a12/UTD_Ronn_All_RS_ONN_1_2021_04_04_16_00_46/UTD_Ronn_All_RS_ONN_1_2021_04_04_16_00_46_001e06323a12_pm10_palas.mat"



    "Gainin Data set for Node 001e06323a12 with target output pmTotal_palas @ 04-Apr-2021 16:10:56"

Going through column 1 and choosing a representative sample. Choosing 750 bins for this column. With 3 members per bin.
Going through column 2 and choosing a representative sample. Choosing 750 bins for this column. With 3 members per bin.
Going through column 3 and choosing a representative sample. Choosing 338 bins for this column. With 3 members per bin.
Going through column 4 and choosing a representative sample. Choosing 78 bins for this column. With 3 members per bin.
Going through column 5 and choosing a representative sample. Choosing 1 bins for this column. With 3 members per bin.
Going through column 6 and choosing a representative sample. Choosing 750 bins for this column. With 3 members per bin.
Going through column 7 and choosing a representative sample. Choosing 750 bins for this column. With 3 members per bin.
Going through column 8 and choosing a representative sample. Choosing 750 bins for this column. With 3 members per bin.
Going through column 9 and choosing a representative sample. Choosing 750 bins for this column. With 3 members per bin.
Going through column 10 and choosing a representative sample. Choosing 750 bins for this column. With 3 members per bin.
Going through column 11 and choosing a representative sample. Choosing 750 bins for this column. With 3 members per bin.
Going through column 12 and choosing a representative sample. Choosing 750 bins for this column. With 3 members per bin.
Going through column 13 and choosing a representative sample. Choosing 750 bins for this column. With 3 members per bin.
Going through column 14 and choosing a representative sample. Choosing 750 bins for this column. With 3 members per bin.
Going through column 15 and choosing a representative sample. Choosing 120 bins for this column. With 3 members per bin.
Going through column 16 and choosing a representative sample. Choosing 72 bins for this column. With 3 members per bin.
Going through column 17 and choosing a representative sample. Choosing 24 bins for this column. With 3 members per bin.
Going through column 18 and choosing a representative sample. Choosing 12 bins for this column. With 3 members per bin.
Going through column 19 and choosing a representative sample. Choosing 7 bins for this column. With 3 members per bin.
Going through column 20 and choosing a representative sample. Choosing 5 bins for this column. With 3 members per bin.
Going through column 21 and choosing a representative sample. Choosing 2 bins for this column. With 3 members per bin.
Going through column 22 and choosing a representative sample. Choosing 2 bins for this column. With 3 members per bin.
Going through column 23 and choosing a representative sample. Choosing 2 bins for this column. With 3 members per bin.
Going through column 24 and choosing a representative sample. Choosing 2 bins for this column. With 3 members per bin.
Going through column 25 and choosing a representative sample. Choosing 2 bins for this column. With 3 members per bin.
Going through column 26 and choosing a representative sample. Choosing 2 bins for this column. With 3 members per bin.
Going through column 27 and choosing a representative sample. Choosing 2 bins for this column. With 3 members per bin.
Going through column 28 and choosing a representative sample. Choosing 405 bins for this column. With 3 members per bin.
Going through column 29 and choosing a representative sample. Choosing 253 bins for this column. With 3 members per bin.
Going through column 30 and choosing a representative sample. Choosing 184 bins for this column. With 3 members per bin.
Going through column 31 and choosing a representative sample. Choosing 65 bins for this column. With 3 members per bin.
Going through column 32 and choosing a representative sample. Choosing 750 bins for this column. With 3 members per bin.
Going through column 33 and choosing a representative sample. Choosing 750 bins for this column. With 3 members per bin.
Going through column 34 and choosing a representative sample. Choosing 750 bins for this column. With 3 members per bin.
Going through column 35 and choosing a representative sample. Choosing 750 bins for this column. With 3 members per bin.
Going through column 36 and choosing a representative sample. Choosing 1500 bins for this column. With 6 members per bin.

ans =

       14794


ans =

        2611

    "Running Regression"

Copying objective function to workers...
Done copying objective function to workers.
|===============================================================================================================|
| Iter | Active  | Eval   | Objective   | Objective   | BestSoFar   | BestSoFar   | hiddenLayerS-|           lr |
|      | workers | result |             | runtime     | (observed)  | (estim.)    | ize          |              |
|===============================================================================================================|
|    1 |       2 | Accept |        76.9 |     0.20641 |      70.589 |      149.95 |           16 |      0.38049 |
|    2 |       2 | Accept |      266.73 |     0.24276 |      70.589 |      149.95 |           35 |     0.003287 |
|    3 |       2 | Accept |      205.51 |     0.22317 |      70.589 |      149.95 |           30 |     0.052842 |
|    4 |       2 | Best   |      70.589 |     0.17031 |      70.589 |      149.95 |            8 |     0.001116 |
|    5 |       2 | Accept |      108.18 |     0.30901 |      70.589 |      149.95 |           63 |    0.0010736 |
|    6 |       2 | Accept |      834.78 |     0.34313 |      70.589 |      149.95 |           77 |       0.1071 |
|    7 |       2 | Accept |      332.26 |     0.35869 |      70.589 |      149.95 |           84 |     0.016281 |
|    8 |       2 | Accept |         397 |     0.32932 |      70.589 |      149.95 |           60 |    0.0010469 |
|    9 |       2 | Accept |       721.9 |     0.31884 |      70.589 |      149.95 |           69 |     0.019894 |
|   10 |       2 | Accept |      370.22 |     0.39233 |      70.589 |      149.95 |           97 |    0.0019068 |
|   11 |       2 | Accept |      540.21 |     0.31176 |      70.589 |      149.95 |           66 |    0.0012315 |
|   12 |       2 | Accept |      215.45 |     0.26939 |      70.589 |      149.95 |           38 |    0.0023915 |
|   13 |       2 | Accept |      194.34 |     0.39708 |      70.589 |      149.95 |           96 |     0.087158 |
|   14 |       2 | Accept |      79.925 |     0.26757 |      70.589 |      149.95 |           43 |    0.0073583 |
|   15 |       2 | Accept |      350.82 |     0.29705 |      70.589 |      149.95 |           41 |      0.28327 |
|   16 |      14 | Accept |      228.86 |     0.39123 |      39.344 |      245.27 |           97 |    0.0074798 |
|   17 |      14 | Accept |      566.15 |     0.16523 |      39.344 |      245.27 |           12 |    0.0055823 |
|   18 |      14 | Best   |      39.344 |     0.16164 |      39.344 |      245.27 |           10 |      0.10959 |
|   19 |       2 | Accept |      416.76 |      0.3511 |      39.344 |      255.08 |           92 |    0.0034746 |
|   20 |       2 | Accept |       215.4 |     0.30867 |      39.344 |      255.08 |           65 |      0.11329 |
|===============================================================================================================|
| Iter | Active  | Eval   | Objective   | Objective   | BestSoFar   | BestSoFar   | hiddenLayerS-|           lr |
|      | workers | result |             | runtime     | (observed)  | (estim.)    | ize          |              |
|===============================================================================================================|
|   21 |       2 | Accept |      268.79 |     0.31897 |      39.344 |      255.08 |           80 |     0.064495 |
|   22 |       2 | Accept |      393.28 |     0.34494 |      39.344 |      255.08 |           72 |    0.0048331 |
|   23 |       2 | Accept |      582.37 |     0.38257 |      39.344 |      255.08 |           99 |     0.010836 |
|   24 |       2 | Accept |      359.96 |      0.3887 |      39.344 |      255.08 |           91 |      0.27809 |
|   25 |       2 | Accept |      475.49 |     0.23477 |      39.344 |      255.08 |           34 |    0.0062279 |
|   26 |       2 | Accept |      522.06 |     0.31855 |      39.344 |      255.08 |           70 |     0.016964 |
|   27 |       2 | Accept |      464.79 |     0.31993 |      39.344 |      255.08 |           74 |      0.76745 |
|   28 |       2 | Accept |      379.71 |     0.22208 |      39.344 |      255.08 |           32 |      0.65969 |
|   29 |       2 | Accept |      294.55 |       0.381 |      39.344 |      255.08 |           88 |     0.042691 |
|   30 |       2 | Accept |      139.68 |     0.25896 |      39.344 |      255.08 |           41 |    0.0057402 |
|   31 |       2 | Accept |      122.36 |     0.20632 |      39.344 |      255.08 |           20 |      0.26035 |

__________________________________________________________
Optimization completed.
MaxObjectiveEvaluations of 30 reached.
Total function evaluations: 31
Total elapsed time: 3.8962 seconds.
Total objective function evaluation time: 9.1915

Best observed feasible point:
    hiddenLayerSize      lr   
    _______________    _______

          10           0.10959

Observed objective function value = 39.3435
Estimated objective function value = 256.1135
Function evaluation time = 0.16164

Best estimated feasible point (according to models):
    hiddenLayerSize       lr    
    _______________    _________

          12           0.0055823

Estimated objective function value = 255.0834
Estimated function evaluation time = 0.17653


T =

  1x2 table

    hiddenLayerSize       lr    
    _______________    _________

          12           0.0055823

Elapsed time is 29.162610 seconds.



combinedFigDaily = 

    "/scratch/lhw150030/mintsData/visualAnalysis/UTDNodes/001e06323a12/UTD_Ronn_All_RS_ONN_1_Daily_001e06323a12_pmTotal_palas.png"


combinedFigTT = 

    "/scratch/lhw150030/mintsData/visualAnalysis/UTDNodes/001e06323a12/UTD_Ronn_All_RS_ONN_1_2021_04_04_16_00_46/UTD_Ronn_All_RS_ONN_1_2021_04_04_16_00_46_001e06323a12_pmTotal_palas_TT.png"


plot3 = 

  Line with properties:

              Color: [0.9290 0.6940 0.1250]
          LineStyle: '-'
          LineWidth: 0.5000
             Marker: 'none'
         MarkerSize: 6
    MarkerFaceColor: 'none'
              XData: [1x14794 double]
              YData: [1x14794 double]
              ZData: [1x0 double]

  Use GET to show all properties


plot4 = 

  Line (fitted curve) with properties:

              Color: [1 0 0]
          LineStyle: '-'
          LineWidth: 0.5000
             Marker: 'none'
         MarkerSize: 6
    MarkerFaceColor: 'none'
              XData: [1x1001 double]
              YData: [1x1001 double]
              ZData: [1x0 double]

  Use GET to show all properties


plot6 = 

  Line (fitted curve) with properties:

              Color: [1 0 0]
          LineStyle: '-'
          LineWidth: 0.5000
             Marker: 'none'
         MarkerSize: 6
    MarkerFaceColor: 'none'
              XData: [1x1001 double]
              YData: [1x1001 double]
              ZData: [1x0 double]

  Use GET to show all properties


plot3 = 

  Line with properties:

              Color: [0.9290 0.6940 0.1250]
          LineStyle: '-'
          LineWidth: 0.5000
             Marker: 'none'
         MarkerSize: 6
    MarkerFaceColor: 'none'
              XData: [1x14794 double]
              YData: [1x14794 double]
              ZData: [1x0 double]

  Use GET to show all properties


plot4 = 

  Line (fitted curve) with properties:

              Color: [1 0 0]
          LineStyle: '-'
          LineWidth: 0.5000
             Marker: 'none'
         MarkerSize: 6
    MarkerFaceColor: 'none'
              XData: [1x1001 double]
              YData: [1x1001 double]
              ZData: [1x0 double]

  Use GET to show all properties


plot6 = 

  Line (fitted curve) with properties:

              Color: [1 0 0]
          LineStyle: '-'
          LineWidth: 0.5000
             Marker: 'none'
         MarkerSize: 6
    MarkerFaceColor: 'none'
              XData: [1x1001 double]
              YData: [1x1001 double]
              ZData: [1x0 double]

  Use GET to show all properties

    "Saving Model Files for Node: 001e06323a12 & target :PM_{Total}"


modelsSaveNameDaily = 

    "/scratch/lhw150030/mintsData/modelsMats/UTDNodes/001e06323a12/daily_Mdl_001e06323a12_pmTotal_palas.mat"


modelsSaveName = 

    "/scratch/lhw150030/mintsData/modelsMats/UTDNodes/001e06323a12/UTD_Ronn_All_RS_ONN_1_2021_04_04_16_00_46/UTD_Ronn_All_RS_ONN_1_2021_04_04_16_00_46_001e06323a12_pmTotal_palas.mat"


resultsSaveName = 

    "/scratch/lhw150030/mintsData/modelsMats/UTDNodes/001e06323a12/daily_Mdl_001e06323a12_pmTotal_palas.csv"






trainingSaveNameDaily = 

    "/scratch/lhw150030/mintsData/trainingMats/UTDNodes/001e06323a12/UTD_Ronn_All_RS_ONN_1_Daily_001e06323a12_pmTotal_palas.mat"


trainingSaveName = 

    "/scratch/lhw150030/mintsData/trainingMats/UTDNodes/001e06323a12/UTD_Ronn_All_RS_ONN_1_2021_04_04_16_00_46/UTD_Ronn_All_RS_ONN_1_2021_04_04_16_00_46_001e06323a12_pmTotal_palas.mat"



    "Gainin Data set for Node 001e06323a12 with target output dCn_palas @ 04-Apr-2021 16:12:13"

Going through column 1 and choosing a representative sample. Choosing 750 bins for this column. With 3 members per bin.
Going through column 2 and choosing a representative sample. Choosing 750 bins for this column. With 3 members per bin.
Going through column 3 and choosing a representative sample. Choosing 338 bins for this column. With 3 members per bin.
Going through column 4 and choosing a representative sample. Choosing 78 bins for this column. With 3 members per bin.
Going through column 5 and choosing a representative sample. Choosing 1 bins for this column. With 3 members per bin.
Going through column 6 and choosing a representative sample. Choosing 750 bins for this column. With 3 members per bin.
Going through column 7 and choosing a representative sample. Choosing 750 bins for this column. With 3 members per bin.
Going through column 8 and choosing a representative sample. Choosing 750 bins for this column. With 3 members per bin.
Going through column 9 and choosing a representative sample. Choosing 750 bins for this column. With 3 members per bin.
Going through column 10 and choosing a representative sample. Choosing 750 bins for this column. With 3 members per bin.
Going through column 11 and choosing a representative sample. Choosing 750 bins for this column. With 3 members per bin.
Going through column 12 and choosing a representative sample. Choosing 750 bins for this column. With 3 members per bin.
Going through column 13 and choosing a representative sample. Choosing 750 bins for this column. With 3 members per bin.
Going through column 14 and choosing a representative sample. Choosing 750 bins for this column. With 3 members per bin.
Going through column 15 and choosing a representative sample. Choosing 120 bins for this column. With 3 members per bin.
Going through column 16 and choosing a representative sample. Choosing 72 bins for this column. With 3 members per bin.
Going through column 17 and choosing a representative sample. Choosing 24 bins for this column. With 3 members per bin.
Going through column 18 and choosing a representative sample. Choosing 12 bins for this column. With 3 members per bin.
Going through column 19 and choosing a representative sample. Choosing 7 bins for this column. With 3 members per bin.
Going through column 20 and choosing a representative sample. Choosing 5 bins for this column. With 3 members per bin.
Going through column 21 and choosing a representative sample. Choosing 2 bins for this column. With 3 members per bin.
Going through column 22 and choosing a representative sample. Choosing 2 bins for this column. With 3 members per bin.
Going through column 23 and choosing a representative sample. Choosing 2 bins for this column. With 3 members per bin.
Going through column 24 and choosing a representative sample. Choosing 2 bins for this column. With 3 members per bin.
Going through column 25 and choosing a representative sample. Choosing 2 bins for this column. With 3 members per bin.
Going through column 26 and choosing a representative sample. Choosing 2 bins for this column. With 3 members per bin.
Going through column 27 and choosing a representative sample. Choosing 2 bins for this column. With 3 members per bin.
Going through column 28 and choosing a representative sample. Choosing 405 bins for this column. With 3 members per bin.
Going through column 29 and choosing a representative sample. Choosing 253 bins for this column. With 3 members per bin.
Going through column 30 and choosing a representative sample. Choosing 184 bins for this column. With 3 members per bin.
Going through column 31 and choosing a representative sample. Choosing 65 bins for this column. With 3 members per bin.
Going through column 32 and choosing a representative sample. Choosing 750 bins for this column. With 3 members per bin.
Going through column 33 and choosing a representative sample. Choosing 750 bins for this column. With 3 members per bin.
Going through column 34 and choosing a representative sample. Choosing 750 bins for this column. With 3 members per bin.
Going through column 35 and choosing a representative sample. Choosing 750 bins for this column. With 3 members per bin.
Going through column 36 and choosing a representative sample. Choosing 1500 bins for this column. With 6 members per bin.

ans =

       12439


ans =

        2195

    "Running Regression"

Copying objective function to workers...
Done copying objective function to workers.
|===============================================================================================================|
| Iter | Active  | Eval   | Objective   | Objective   | BestSoFar   | BestSoFar   | hiddenLayerS-|           lr |
|      | workers | result |             | runtime     | (observed)  | (estim.)    | ize          |              |
|===============================================================================================================|
|    1 |      13 | Accept |      4034.4 |     0.18896 |      3738.5 |        3739 |           14 |      0.15089 |
|    2 |      13 | Best   |      3738.5 |      0.1588 |      3738.5 |        3739 |            6 |     0.072471 |
|    3 |      13 | Accept |       12117 |      0.1879 |      3738.5 |        3739 |           16 |    0.0026135 |
|    4 |      13 | Accept |       18556 |     0.19718 |      3738.5 |        3739 |           20 |      0.79028 |
|    5 |       2 | Accept |       12278 |     0.38669 |      3738.5 |      3741.6 |           98 |      0.93442 |
|    6 |       2 | Accept |      4364.8 |     0.35353 |      3738.5 |      3741.6 |           97 |    0.0029464 |
|    7 |       2 | Accept |       15549 |      0.3417 |      3738.5 |      3741.6 |           77 |     0.053528 |
|    8 |       2 | Accept |       48546 |     0.33433 |      3738.5 |      3741.6 |           94 |     0.048497 |
|    9 |       2 | Accept |       18520 |     0.33023 |      3738.5 |      3741.6 |           91 |      0.24992 |
|   10 |       2 | Accept |       16149 |     0.31338 |      3738.5 |      3741.6 |           79 |     0.012294 |
|   11 |       2 | Accept |      4691.8 |     0.37314 |      3738.5 |      3741.6 |           77 |      0.19044 |
|   12 |       2 | Accept |       18872 |     0.26734 |      3738.5 |      3741.6 |           56 |      0.35203 |
|   13 |       2 | Accept |       25311 |     0.26134 |      3738.5 |      3741.6 |           38 |      0.90879 |
|   14 |       2 | Accept |       16970 |     0.35007 |      3738.5 |      3741.6 |           76 |    0.0012509 |
|   15 |       2 | Accept |       27606 |     0.34255 |      3738.5 |      3741.6 |           63 |     0.001602 |
|   16 |       2 | Accept |       32008 |     0.34067 |      3738.5 |      3741.6 |           64 |      0.75431 |
|   17 |      16 | Accept |       16160 |     0.30671 |      3738.5 |       17381 |          100 |       0.1035 |
|   18 |       2 | Accept |      7013.5 |     0.16491 |      985.26 |       11777 |           10 |      0.10319 |
|   19 |       2 | Accept |        6271 |     0.25071 |      985.26 |       11777 |           33 |    0.0018724 |
|   20 |       2 | Best   |      985.26 |     0.15079 |      985.26 |       11777 |            5 |      0.16756 |
|===============================================================================================================|
| Iter | Active  | Eval   | Objective   | Objective   | BestSoFar   | BestSoFar   | hiddenLayerS-|           lr |
|      | workers | result |             | runtime     | (observed)  | (estim.)    | ize          |              |
|===============================================================================================================|
|   21 |       2 | Accept |      7913.3 |     0.36868 |      985.26 |       11777 |           94 |     0.015093 |
|   22 |       2 | Accept |       13269 |     0.23869 |      985.26 |       11777 |           51 |      0.26467 |
|   23 |       2 | Accept |      7911.2 |     0.27206 |      985.26 |       11777 |           49 |      0.14093 |
|   24 |       2 | Accept |       31684 |     0.33901 |      985.26 |       11777 |           97 |      0.57128 |
|   25 |       2 | Accept |       11666 |     0.31564 |      985.26 |       11777 |           85 |     0.091192 |
|   26 |       2 | Accept |       12934 |     0.23307 |      985.26 |       11777 |           40 |     0.051777 |
|   27 |       2 | Accept |        9004 |     0.25254 |      985.26 |       11777 |           40 |    0.0077685 |
|   28 |       2 | Accept |       37588 |     0.38205 |      985.26 |       11777 |           97 |    0.0019328 |
|   29 |       2 | Accept |      9560.3 |     0.30105 |      985.26 |       11777 |           68 |     0.061646 |
|   30 |       2 | Accept |       12283 |     0.19461 |      985.26 |       11777 |           26 |    0.0019132 |
|   31 |       2 | Accept |       11800 |     0.21653 |      985.26 |       11777 |           14 |    0.0018236 |
|   32 |       2 | Accept |       11778 |     0.20066 |      985.26 |       11777 |           32 |      0.18538 |

__________________________________________________________
Optimization completed.
MaxObjectiveEvaluations of 30 reached.
Total function evaluations: 32
Total elapsed time: 5.917 seconds.
Total objective function evaluation time: 8.9155

Best observed feasible point:
    hiddenLayerSize      lr   
    _______________    _______

           5           0.16756

Observed objective function value = 985.2613
Estimated objective function value = 11533.1142
Function evaluation time = 0.15079

Best estimated feasible point (according to models):
    hiddenLayerSize      lr   
    _______________    _______

          14           0.15089

Estimated objective function value = 11776.7414
Estimated function evaluation time = 0.17476


T =

  1x2 table

    hiddenLayerSize      lr   
    _______________    _______

          14           0.15089

